========================================
[START] Full query pipeline
Mode: all
Base: D:\Files\demo\capaStudy
Time: 2026-03-10 13:43:20
Log:  D:\Files\demo\capaStudy\logs\full_pipeline_260310134320.log
========================================

[1/4] Run MSC full query...
Using service rules workbook: D:\Files\demo\capaStudy\MSC FETCH\msc_service_start_end_filled.xlsx
Services to process: ['GRIFFIN', 'CONDOR', 'SILK', 'LION', 'SWAN', 'ALBATROS', 'PANTHER', 'LYNX', 'TIGER', 'DRAGON', 'JADE', 'BRITANNIA', 'PHOENIX']
FromDate: 2026-03-10
Target service: GRIFFIN
Retained voyages: 7
Retained port calls: 33
Target service: CONDOR
Retained voyages: 8
Retained port calls: 71
Target service: SILK
Retained voyages: 8
Retained port calls: 75
Target service: LION
Retained voyages: 11
Retained port calls: 138
Target service: SWAN
Retained voyages: 9
Retained port calls: 98
Target service: ALBATROS
Retained voyages: 12
Retained port calls: 132
Target service: PANTHER
Retained voyages: 9
Retained port calls: 97
Target service: LYNX
Retained voyages: 9
Retained port calls: 114
Target service: TIGER
Retained voyages: 10
Retained port calls: 117
Target service: DRAGON
Retained voyages: 9
Retained port calls: 81
Target service: JADE
Retained voyages: 10
Retained port calls: 130
Target service: BRITANNIA
Retained voyages: 8
Retained port calls: 149
Target service: PHOENIX
Retained voyages: 4
Retained port calls: 36
Batch detail tables saved: D:\Files\demo\capaStudy\MSC FETCH\msc_query\MSC_FETCH_BATCH_DETAIL_260310134542.xlsx

[2/4] Run MSK full query...
Ports to process: ['Shanghai', 'Yantian', 'Tanjung Pelepas', 'Rotterdam', 'Hamburg', 'Antwerp', 'Ningbo', 'Port Tangier', 'Wilhelmshaven', 'Bremerhaven', 'London Gateway', 'Aarhus', 'Gothenburg', 'Qingdao', 'Valencia', 'Barcelona', 'La Spezia', 'Genoa', 'Vado', 'Algeciras', 'Koper', 'Rijeka', 'Gwangyang', 'Port Said', 'Xingang', 'Busan', 'Port Tangier Mediterranee', 'Port Said East', 'Jeddah']
Allowed services: ['AE1', 'AE11', 'AE12', 'AE15', 'AE19', 'AE2', 'AE3', 'AE5']
fromDate: 2026-03-10
toDate: 2026-04-21
Querying Shanghai (2IW9P6J7XAW72)
Port Shanghai: queried voyages=33, queried port calls=33, retained voyages=33, retained port calls=33
Querying Yantian (0L3DBFFJ3KZ9A)
Port Yantian: queried voyages=19, queried port calls=19, retained voyages=40, retained port calls=52
Querying Tanjung Pelepas (2DTLIHUG9YN7S)
Port Tanjung Pelepas: queried voyages=43, queried port calls=43, retained voyages=51, retained port calls=95
Querying Rotterdam (1JUKNJGWHQBNJ)
Port Rotterdam: queried voyages=25, queried port calls=25, retained voyages=73, retained port calls=120
Querying Hamburg (03KFCBH0IX2TA)
Port Hamburg: queried voyages=12, queried port calls=12, retained voyages=73, retained port calls=132
Querying Antwerp (0ZBIURQPE236H)
Port Antwerp: queried voyages=0, queried port calls=0, retained voyages=73, retained port calls=132
Querying Ningbo (104T898SJZ6GU)
Port Ningbo: queried voyages=27, queried port calls=27, retained voyages=76, retained port calls=159
Querying Port Tangier (0C29F4LWXIITO)
Port Port Tangier: queried voyages=13, queried port calls=17, retained voyages=80, retained port calls=176
Querying Wilhelmshaven (1ZPUMHQGZ3KOU)
Port Wilhelmshaven: queried voyages=6, queried port calls=6, retained voyages=80, retained port calls=182
Querying Bremerhaven (3EX4F5S3MB4OU)
Port Bremerhaven: queried voyages=11, queried port calls=11, retained voyages=80, retained port calls=193
Querying London Gateway (T4HWDGEKCG3L1)
Port London Gateway: queried voyages=18, queried port calls=18, retained voyages=81, retained port calls=211
Querying Aarhus (2RX5LS7KU273Y)
Port Aarhus: queried voyages=6, queried port calls=6, retained voyages=81, retained port calls=217
Querying Gothenburg (148LVMHYNW4N3)
Port Gothenburg: queried voyages=6, queried port calls=6, retained voyages=81, retained port calls=223
Querying Qingdao (1YCLYW8V7RZB2)
Port Qingdao: queried voyages=16, queried port calls=16, retained voyages=84, retained port calls=239
Querying Valencia (12LNX9VI6SCYH)
Port Valencia: queried voyages=7, queried port calls=7, retained voyages=85, retained port calls=246
Querying Barcelona (1FQMCYMU9XLZ2)
Port Barcelona: queried voyages=6, queried port calls=6, retained voyages=85, retained port calls=252
Querying La Spezia (2743COUCZS8SF)
Port La Spezia: queried voyages=6, queried port calls=6, retained voyages=85, retained port calls=258
Querying Genoa (0KSZPEKFXG8ZJ)
Port Genoa: queried voyages=6, queried port calls=6, retained voyages=86, retained port calls=264
Querying Vado (2R3AZ1DW4RJB3)
Port Vado: queried voyages=0, queried port calls=0, retained voyages=86, retained port calls=264
Querying Algeciras (05R47F3DBN69Q)
Port Algeciras: queried voyages=5, queried port calls=6, retained voyages=86, retained port calls=270
Querying Koper (2XELE43QKIMIN)
Port Koper: queried voyages=5, queried port calls=5, retained voyages=91, retained port calls=275
Querying Rijeka (3RIJXP3USK909)
Port Rijeka: queried voyages=5, queried port calls=5, retained voyages=91, retained port calls=280
Querying Gwangyang (2XE1KEFDLC8E7)
Port Gwangyang: queried voyages=7, queried port calls=7, retained voyages=91, retained port calls=287
Querying Port Said (Q65JHSTNKPAER)
Port Port Said: queried voyages=0, queried port calls=0, retained voyages=91, retained port calls=287
Querying Xingang (0C7LP1SK8P5TU)
Port Xingang: queried voyages=0, queried port calls=0, retained voyages=91, retained port calls=287
Querying Busan (2XOHKM8FX8VI7)
Port Busan: queried voyages=4, queried port calls=4, retained voyages=91, retained port calls=291
Querying Port Tangier Mediterranee (0C29F4LWXIITO)
Port Port Tangier Mediterranee: queried voyages=13, queried port calls=17, retained voyages=91, retained port calls=308
Querying Port Said East (3I6W2NB2MQV7I)
Port Port Said East: queried voyages=9, queried port calls=9, retained voyages=96, retained port calls=317
Querying Jeddah (0NJO1NEUBFC7W)
Port Jeddah: queried voyages=0, queried port calls=0, retained voyages=96, retained port calls=317
Retained voyages: 96
Retained port calls: 317
Batch detail tables saved: D:\Files\demo\capaStudy\MSK FETCH\msk_query\MSK_FETCH_BATCH_DETAIL_260310134646.xlsx

[3/4] Run CSL full query...
Services to process: ['AEU1', 'AEU2', 'AEU3', 'AEU5', 'AEU6', 'AEU7', 'AEU9', 'AEM1', 'AEM2', 'AEM3', 'AEM6']
Target service: AEU1
Query AEU1 / Qingdao
Result AEU1 / Qingdao: voyages=13, port calls=137
Query AEU1 / Qingdao
Result AEU1 / Qingdao: voyages=5, port calls=51
Query AEU1 / Shanghai
Result AEU1 / Shanghai: voyages=8, port calls=85
Query AEU1 / Ningbo
Result AEU1 / Ningbo: voyages=7, port calls=76
[ERROR] 'gbk' codec can't encode character '\ufffd' in position 0: illegal multibyte sequence
Log: D:\Files\demo\capaStudy\logs\full_pipeline_260310134320.log
