========================================
[START] Full query pipeline
Mode: merge
Base: D:\Files\demo\capaStudy
Time: 2026-03-10 14:45:57
Log:  D:\Files\demo\capaStudy\logs\full_pipeline_260310144557.log
========================================

[1-3/4] Fetch steps skipped for --only-merge.

[4/4] Merge latest outputs...
Vessel DB check: 8 missing vessel names. Querying APIs...
[1/8] COSCO SHIPPING ARIES -> IMO=9783497 MMSI=477148800 TEU=19273 status=ok
[2/8] CSCL MARS -> IMO=9467287 MMSI=477424600 TEU=14074 status=ok
[3/8] MSC DENISSE X -> IMO=9219795 MMSI=636022656 TEU=9578 status=ok
[4/8] MSC IVANA -> IMO=9398371 MMSI=370930000 TEU=11668 status=ok
[5/8] MSC JASMINE X -> IMO=9214903 MMSI=636022655 TEU=9578 status=ok
[6/8] MSC MUMBAI VIII -> IMO=9294991 MMSI=212746000 TEU=8814 status=ok
[7/8] MSC VANDYA -> IMO=9484467 MMSI=373005000 TEU=13050 status=ok
[8/8] XIN NAN TONG -> IMO=9262132 MMSI=413063000 TEU=4051 status=ok
Vessel DB updated: 327 rows in vessels sheet.
Vessel DB debug file: D:\Files\demo\capaStudy\vessels\vessels_update_debug_260310144610.xlsx
Unresolved new vessels this round: 0
Selected source files:
- CSL: D:\Files\demo\capaStudy\CSL FETCH\csl_query\CSL_FETCH_BATCH_DETAIL_260310143652.xlsx
- MSC: D:\Files\demo\capaStudy\MSC FETCH\msc_query\MSC_FETCH_BATCH_DETAIL_260310142118.xlsx
- MSK: D:\Files\demo\capaStudy\MSK FETCH\msk_query\MSK_FETCH_BATCH_DETAIL_260310142211.xlsx
Merged voyages: 360
Merged port calls: 3223
Merged output: D:\Files\demo\capaStudy\data\merged\ALL_CARRIERS_MERGED_260310144611.xlsx
Update current: D:\Files\demo\capaStudy\data\state\ALL_CARRIERS_CURRENT.xlsx
Update history: D:\Files\demo\capaStudy\data\state\ALL_CARRIERS_HISTORY.xlsx
Snapshot output: D:\Files\demo\capaStudy\data\state\ALL_CARRIERS_SNAPSHOT_260310144612.xlsx
Changes output: D:\Files\demo\capaStudy\data\state\ALL_CARRIERS_CHANGES_260310144612.xlsx

========================================
[DONE] Full query pipeline finished.
Time: 2026-03-10 14:47:01
========================================
