[group 2 6/1900] CMA CGM MUNDRA -> code=NBA IMO=9766666 TEU=None status=detail_no_teu
[group 2 10/1900] CMA CGM NACALA -> code=A2R IMO=9550307 TEU=None status=detail_no_teu
[group 2 11/1900] CMA CGM NANTONG -> code=BBE IMO=9349629 TEU=None status=detail_no_teu
[group 2 20/1900] CMA CGM NINGBO -> code=SMW IMO=9295218 TEU=7471 status=ok
[group 2 25/1900] CMA CGM OSMIUM -> code=DIF IMO=9996757 TEU=None status=detail_no_teu
[group 2 27/1900] CMA CGM OUVEA -> code=DBL IMO=9938406 TEU=None status=detail_no_teu
[group 2 28/1900] CMA CGM PALMYRE -> code=DES IMO=9977737 TEU=None status=detail_no_teu
[group 2 30/1900] CMA CGM PASSION -> code=D42 IMO=9951563 TEU=7307 status=ok
[group 2 37/1900] CMA CGM PLATINUM -> code=DEP IMO=9996707 TEU=None status=detail_no_teu
[group 2 40/1900] CMA CGM POINTE PERCEE -> code=DBY IMO=9975258 TEU=None status=detail_no_teu
[group 2 45/1900] CMA CGM PRIDE -> code=MHT IMO=9924429 TEU=None status=detail_no_teu
[group 2 50/1900] CMA CGM RIGOLETTO -> code=Q3B IMO=9299654 TEU=None status=detail_no_teu
[group 2 51/1900] CMA CGM RIMBAUD -> code=MUU IMO=9635640 TEU=None status=detail_no_teu
[group 2 53/1900] CMA CGM RUNDALE -> code=UX2 IMO=9961300 TEU=None status=detail_no_teu
[group 2 59/1900] CMA CGM SEMARANG -> code=NHA IMO=9377133 TEU=None status=detail_no_teu
[group 2 60/1900] CMA CGM SHANGHAI -> code=MIW IMO=9295220 TEU=7471 status=ok
[group 2 70/1900] CMA CGM TANGER -> code=CA7 IMO=9259836 TEU=1118 status=ok
[group 2 73/1900] CMA CGM TEMA -> code=R71 IMO=9999999 TEU=None status=detail_no_teu
[group 2 77/1900] CMA CGM THORIUM -> code=DI7 IMO=9996745 TEU=None status=detail_no_teu
[group 2 80/1900] CMA CGM TIVOLI -> code=UN7 IMO=9961312 TEU=2126 status=ok
[group 2 88/1900] CMA CGM UTRILLO -> code=R4E IMO=9192430 TEU=None status=detail_no_teu
[group 2 89/1900] CMA CGM VALENCIA -> code=RD0 IMO=9322358 TEU=None status=detail_no_teu
[group 2 90/1900] CMA CGM VASCO DE GAMA -> code=Q2X IMO=9706889 TEU=17859 status=ok
[group 2 100/1900] CMA CGM WAGNER -> code=RF6 IMO=9999996 TEU=5600 status=ok
[group 2 105/1900] CMA CGM ZANZIBAR -> code=DEI IMO=9367827 TEU=None status=detail_no_teu
[group 2 107/1900] CMC DIAMOND -> code=AD8 IMO=99999996 TEU=None status=detail_no_teu
[group 2 110/1900] CNC JAWA -> code=MWG IMO=9963748 TEU=None status=detail_no_teu
[group 2 115/1900] CNC PANTHER -> code=MOM IMO=9945344 TEU=None status=detail_no_teu
[group 2 117/1900] CNC PUMA -> code=BGA IMO=9936202 TEU=None status=detail_no_teu
[group 2 119/1900] CNC SERVAL -> code=NY3 IMO=9784647 TEU=None status=detail_no_teu
[group 2 120/1900] CNC SULAWESI -> code=MXE IMO=9963736 TEU=1781 status=ok
[group 2 121/1900] COLUMBIA -> code=QHO IMO=111111111 TEU=None status=detail_no_teu
[group 2 123/1900] COLUMBUS VICTORIA -> code=SPB IMO=7800150 TEU=None status=detail_no_teu
[group 2 124/1900] COMANDATE -> code=SQL IMO=11201120 TEU=None status=detail_no_teu
[group 2 125/1900] COMMODORE -> code=CRE IMO=9702027 TEU=None status=detail_no_teu
[group 2 130/1900] CONFIDENCE -> code=DH1 IMO=9865879 TEU=1091 status=ok
[group 2 131/1900] CONGER -> code=UAC IMO=9122227 TEU=None status=detail_no_teu
[group 2 133/1900] CONMAR GULF -> code=UDN IMO=9341 TEU=None status=detail_no_teu
[group 2 136/1900] CONSTANTINO P -> code=A8M IMO=9999996 TEU=None status=detail_no_teu
[group 2 140/1900] CONTAINERSHIPS BOREALIS -> code=OZ2 IMO=9866249 TEU=None status=detail_no_teu
[group 2 142/1900] CONTAINERSHIPS NORD (NFS) -> code=PX2 IMO=9813994 TEU=None status=detail_no_teu
[group 2 144/1900] CONTAINERSHIPS STELLAR -> code=HUU IMO=9866251 TEU=None status=detail_no_teu
[group 2 149/1900] CONTI ASIA -> code=AP8 IMO=99999996 TEU=None status=detail_no_teu
[group 2 150/1900] CONTI BARCELONA -> code=AH4 IMO=33332 TEU=None status=detail_no_teu
[group 2 152/1900] CONTI BRISBANE -> code=RUZ IMO=9128192 TEU=None status=detail_no_teu
[group 2 160/1900] CONTI GERMANY -> code=AJB IMO=99999996 TEU=None status=detail_no_teu
[group 2 166/1900] CONTI MALAGA -> code=SMY IMO=9154218 TEU=None status=detail_no_teu
[group 2 167/1900] CONTI SALOME -> code=AKH IMO=99999996 TEU=None status=detail_no_teu
[group 2 168/1900] CONTI SYDNEY -> code=AN4 IMO=99999996 TEU=None status=detail_no_teu
[group 2 169/1900] CONTI TIANJIN -> code=QDP IMO=9199991 TEU=None status=detail_no_teu
[group 2 170/1900] CONTSHIP ACE -> code=US4 IMO=9348637 TEU=1267 status=ok
[group 2 173/1900] CONTSHIP CUB -> code=UH6 IMO=9683477 TEU=None status=detail_no_teu
[group 2 174/1900] CONTSHIP CUP -> code=None IMO=None TEU=None status=search_no_match
[group 2 179/1900] CONTSHIP FUN -> code=FUN IMO=9308613 TEU=None status=detail_no_teu
[group 2 180/1900] CONTSHIP GEM -> code=RXX IMO=9491599 TEU=997 status=ok
[group 2 186/1900] CONTSHIP KEY -> code=CTK IMO=9338278 TEU=None status=detail_no_teu
[group 2 190/1900] CONTSHIP ONO -> code=AZI IMO=9324978 TEU=1118 status=ok
[group 2 191/1900] CONTSHIP PAX -> code=P80 IMO=9435521 TEU=None status=detail_no_teu
[group 2 200/1900] CONTSHIP UNO -> code=A7N IMO=9379026 TEU=None status=detail_no_teu
[group 2 206/1900] CORAL -> code=AAU IMO=99999996 TEU=None status=detail_no_teu
[group 2 207/1900] CORAL STAR -> code=A9V IMO=9999996 TEU=None status=detail_no_teu
[group 2 210/1900] CORNELIUS A -> code=PH0 IMO=8912455 TEU=None status=detail_no_teu
[group 2 211/1900] CORNELIUS MAERSK -> code=NTR IMO=9198587 TEU=None status=detail_no_teu
[group 2 214/1900] CORVETTE -> code=RPB IMO=9430870 TEU=None status=detail_no_teu
[group 2 215/1900] COSCO AAA -> code=CZ1 IMO=333333 TEU=None status=detail_no_teu
[group 2 220/1900] COSCO AQABA -> code=CFJ IMO=9518359 TEU=4253 status=ok
[group 2 230/1900] COSCO CAPE TOWN -> code=T07 IMO=99999996 TEU=None status=detail_no_teu
[group 2 240/1900] COSCO FORTUNE -> code=TAR IMO=9472127 TEU=13133 status=ok
[group 2 250/1900] COSCO HOPE -> code=TAQ IMO=9472165 TEU=13133 status=ok
[group 2 260/1900] COSCO MALAYSIA -> code=T95 IMO=9448774 TEU=8501 status=ok
[group 2 263/1900] COSCO NO1 -> code=TTT IMO=1234567 TEU=None status=detail_no_teu
[group 2 270/1900] COSCO PRIDE -> code=TAH IMO=9472153 TEU=13133 status=ok
[group 2 280/1900] COSCO SHIPPING ALPS -> code=CJC IMO=9757864 TEU=14566 status=ok
[group 2 288/1900] COSCO SHIPPING CHANG SHENG -> code=D3B IMO=9928918 TEU=None status=detail_no_teu
[group 2 290/1900] COSCO SHIPPING DANUBE -> code=CHA IMO=9731913 TEU=9092 status=ok
[group 2 292/1900] COSCO SHIPPING FAN RONG -> code=D44 IMO=9928906 TEU=None status=detail_no_teu
[group 2 296/1900] COSCO SHIPPING FOUNTAIN -> code=D70 IMO=9928891 TEU=None status=detail_no_teu
[group 2 298/1900] COSCO SHIPPING GLORY -> code=M69 IMO=9881641 TEU=None status=detail_no_teu
[group 2 299/1900] COSCO SHIPPING GRACE -> code=M67 IMO=9928865 TEU=None status=detail_no_teu
[group 2 300/1900] COSCO SHIPPING HARMONY -> code=MFJ IMO=9881665 TEU=None status=detail_no_teu
[group 2 303/1900] COSCO SHIPPING JI XIANG -> code=DCP IMO=1051109 TEU=None status=detail_no_teu
[group 2 309/1900] COSCO SHIPPING PENG BO -> code=D24 IMO=9928920 TEU=None status=detail_no_teu
[group 2 310/1900] COSCO SHIPPING PENG CHENG -> code=M83 IMO=9872195 TEU=None status=detail_no_teu
[group 2 317/1900] COSCO SHIPPING SINCERE -> code=DA8 IMO=9928877 TEU=None status=detail_no_teu
[group 2 319/1900] COSCO SHIPPING TENG DA -> code=DAW IMO=9928932 TEU=None status=detail_no_teu
[group 2 320/1900] COSCO SHIPPING THAMES -> code=CHC IMO=9731937 TEU=9092 status=ok
[group 2 322/1900] COSCO SHIPPING VISION -> code=MGG IMO=9881677 TEU=None status=detail_no_teu
[group 2 327/1900] COSCO SHIPPING ZHUO YUE -> code=M84 IMO=9872157 TEU=None status=detail_no_teu
[group 2 330/1900] COSCO SYDNEY -> code=T27 IMO=9305001 TEU=2702 status=ok
[group 2 340/1900] COSCO YANTIAN -> code=T38 IMO=9999556 TEU=9469 status=ok
[group 2 343/1900] COURIER -> code=AU3 IMO=99999996 TEU=None status=detail_no_teu
[group 2 350/1900] CPO HAMBURG -> code=NFR IMO=9450375 TEU=9012 status=ok
[group 2 353/1900] CRESCO -> code=QYU IMO=9122033 TEU=None status=detail_no_teu
[group 2 357/1900] CRT -> code=CRT IMO=1111 TEU=None status=detail_no_teu
[group 2 359/1900] CS GITTE -> code=ASF IMO=9999997 TEU=None status=detail_no_teu
[group 2 360/1900] CS HELENA -> code=AGZ IMO=8511433 TEU=918 status=ok
[group 2 361/1900] CS SETUBAL -> code=UCU IMO=9157131 TEU=None status=detail_no_teu
[group 2 363/1900] CS TINA -> code=QDC IMO=111111111 TEU=None status=detail_no_teu
[group 2 366/1900] CSAV LANALHUE -> code=QCP IMO=9999996 TEU=None status=detail_no_teu
[group 2 367/1900] CSAV LAUCA -> code=QL8 IMO=99999996 TEU=None status=detail_no_teu
[group 2 370/1900] CSAV RAHUE -> code=RUE IMO=999996 TEU=None status=detail_no_teu
[group 2 380/1900] CSCL LE HAVRE -> code=QYA IMO=9999996 TEU=9572 status=ok
[group 2 390/1900] CSCL SOUTH CHINA SEA -> code=HCN IMO=9645920 TEU=10036 status=ok
[group 2 395/1900] CSCL TIANJIN -> code=SXW IMO=9999999 TEU=None status=detail_no_teu
[group 2 400/1900] CSCL YELLOW SEA -> code=HCY IMO=9645906 TEU=10036 status=ok
[group 2 402/1900] CSF 2301 -> code=AS4 IMO=99999996 TEU=None status=detail_no_teu
[group 2 403/1900] CSF 2302 -> code=AV8 IMO=99999996 TEU=None status=detail_no_teu
[group 2 404/1900] CSF 2501 -> code=AQ8 IMO=99999996 TEU=None status=detail_no_teu
[group 2 405/1900] CSF 2701 -> code=AKN IMO=99999996 TEU=None status=detail_no_teu
[group 2 410/1900] CSPC ARIES -> code=DDE IMO=1051862 TEU=None status=detail_no_teu
[group 2 411/1900] CSPC CRYSTAL -> code=DE7 IMO=1048334 TEU=None status=detail_no_teu
[group 2 412/1900] CSPC HORIZON -> code=DCR IMO=1034383 TEU=None status=detail_no_teu
[group 2 413/1900] CSPC JADE -> code=DFW IMO=1048346 TEU=None status=detail_no_teu
[group 2 414/1900] CSPC JUPITER -> code=DGQ IMO=1053327 TEU=None status=detail_no_teu
[group 2 416/1900] CSPC LIBRA -> code=DHV IMO=1051989 TEU=None status=detail_no_teu
[group 2 417/1900] CSPC MARS -> code=DHX IMO=1053315 TEU=None status=detail_no_teu
[group 2 418/1900] CSPC MERCURY -> code=DE4 IMO=1053298 TEU=None status=detail_no_teu
[group 2 419/1900] CSPC NEPTUNE -> code=DHB IMO=1053339 TEU=None status=detail_no_teu
[group 2 420/1900] CSPC PEARL -> code=DE5 IMO=1048360 TEU=None status=detail_no_teu
[group 2 421/1900] CSPC RUBY -> code=DFD IMO=1048372 TEU=None status=detail_no_teu
[group 2 422/1900] CSPC SAPPHIRE -> code=DFY IMO=1048384 TEU=None status=detail_no_teu
[group 2 423/1900] CSPC SCORPIO -> code=DHY IMO=1051991 TEU=None status=detail_no_teu
[group 2 424/1900] CSPC SKYLINE -> code=DFJ IMO=1034395 TEU=None status=detail_no_teu
[group 2 425/1900] CSPC TAURUS -> code=DF8 IMO=1051927 TEU=None status=detail_no_teu
[group 2 426/1900] CSPC VENUS -> code=DFU IMO=1053303 TEU=None status=detail_no_teu
[group 2 427/1900] CSPC VIRGO -> code=DGM IMO=1051977 TEU=None status=detail_no_teu
[group 2 430/1900] CT ENDEAVOR -> code=U01 IMO=9312195 TEU=750 status=ok
[group 2 432/1900] CTP BRAVO -> code=AEN IMO=99999996 TEU=None status=detail_no_teu
[group 2 433/1900] CTP DELTA -> code=AUA IMO=9999997 TEU=None status=detail_no_teu
[group 2 434/1900] CTP EAGLE -> code=ATX IMO=99999996 TEU=None status=detail_no_teu
[group 2 437/1900] CTP HONOUR -> code=AUL IMO=9150925 TEU=None status=detail_no_teu
[group 2 438/1900] CTP INNOVATION -> code=IVT IMO=999999997 TEU=None status=detail_no_teu
[group 2 440/1900] CTP MAKASSAR -> code=A88 IMO=9181742 TEU=1064 status=ok
[group 2 442/1900] CUL HOCHIMINH -> code=MUY IMO=9964601 TEU=None status=detail_no_teu
[group 2 450/1900] CUL YANGPU -> code=MEV IMO=9935959 TEU=1930 status=ok
[group 2 454/1900] DA BAO -> code=ANP IMO=9444974 TEU=None status=detail_no_teu
[group 2 460/1900] DA CHENG 05 -> code=OGF IMO=9999996 TEU=1 status=ok
[group 2 462/1900] DA CHENG 07 -> code=OV2 IMO=9999996 TEU=None status=detail_no_teu
[group 2 464/1900] DA CHENG 13 -> code=XDX IMO=9999996 TEU=None status=detail_no_teu
[group 2 466/1900] DA CHENG 168 -> code=W3E IMO=20160125 TEU=None status=detail_no_teu
[group 2 467/1900] DA CHENG 6 -> code=XCG IMO=9999996 TEU=None status=detail_no_teu
[group 2 468/1900] DA DE -> code=DEY IMO=9608403 TEU=None status=detail_no_teu
[group 2 470/1900] DA DE 777 -> code=LIX IMO=9999996 TEU=None status=detail_no_teu
[group 2 471/1900] DA DE 8698 -> code=LQ8 IMO=9999996 TEU=None status=detail_no_teu
[group 2 473/1900] DA DE 8888 -> code=LJ4 IMO=9999996 TEU=None status=detail_no_teu
[group 2 474/1900] DA FENG 3022 -> code=ODC IMO=9999996 TEU=None status=detail_no_teu
[group 2 475/1900] DA FENG 3023 -> code=ODB IMO=9999996 TEU=None status=detail_no_teu
[group 2 477/1900] DA FENG 3026 -> code=OI5 IMO=9999996 TEU=None status=detail_no_teu
[group 2 478/1900] DA FENG 3028 -> code=OKH IMO=9999996 TEU=None status=detail_no_teu
[group 2 479/1900] DA FENG 3029 -> code=ODV IMO=9999996 TEU=None status=detail_no_teu
[group 2 480/1900] DA FENG 3031 -> code=OJ4 IMO=9999996 TEU=1 status=ok
[group 2 481/1900] DA FENG 3032 -> code=OJ5 IMO=9999996 TEU=None status=detail_no_teu
[group 2 486/1900] DA FU 6818 -> code=OZF IMO=9999996 TEU=None status=detail_no_teu
[group 2 490/1900] DA HONG 99 -> code=LSC IMO=9999996 TEU=None status=detail_no_teu
[group 2 491/1900] DA JI -> code=AEZ IMO=999999996 TEU=None status=detail_no_teu
[group 2 493/1900] DA SHENG -> code=AEH IMO=99999996 TEU=None status=detail_no_teu
[group 2 494/1900] DA TONG 1 -> code=XSO IMO=9999996 TEU=None status=detail_no_teu
[group 2 495/1900] DA TONG 11 -> code=WN2 IMO=9999996 TEU=None status=detail_no_teu
[group 2 496/1900] DA TONG 13 -> code=ZQG IMO=99999996 TEU=None status=detail_no_teu
[group 2 498/1900] DA TONG 5 -> code=ZFH IMO=99999996 TEU=None status=detail_no_teu
[group 2 499/1900] DA TONG 9 -> code=ZHZ IMO=99999996 TEU=None status=detail_no_teu
[group 2 500/1900] DA XIN -> code=DFE IMO=9608427 TEU=1035 status=ok
[group 2 501/1900] DA XIN 18 -> code=NNJ IMO=4924542 TEU=None status=detail_no_teu
[group 2 502/1900] DA XIN 26 -> code=VEW IMO=9999996 TEU=None status=detail_no_teu
[group 2 503/1900] DA XIN 67 -> code=DD7 IMO=9999996 TEU=None status=detail_no_teu
[group 2 506/1900] DA XIN 9 HAO -> code=YWB IMO=99999996 TEU=None status=detail_no_teu
[group 2 508/1900] DA XIN HUA QUANZHOU -> code=RZV IMO=99999996 TEU=None status=detail_no_teu
[group 2 509/1900] DA YANG 02 -> code=ZPV IMO=99999996 TEU=None status=detail_no_teu
[group 2 510/1900] DA YANG 08 -> code=XXO IMO=9999996 TEU=None status=detail_no_teu
[group 2 511/1900] DA YANG 1001 -> code=ZDY IMO=99999996 TEU=None status=detail_no_teu
[group 2 512/1900] DA YANG 1002 -> code=ZEE IMO=99999996 TEU=None status=detail_no_teu
[group 2 513/1900] DA YU RONG YAO -> code=NIE IMO=4047128 TEU=None status=detail_no_teu
[group 2 514/1900] DA YU XIA -> code=DYX IMO=9451317 TEU=None status=detail_no_teu
[group 2 515/1900] DA YU YANG SHAN -> code=NCM IMO=413557440 TEU=None status=detail_no_teu
[group 2 516/1900] DA YUN 1 -> code=N9F IMO=99999999 TEU=None status=detail_no_teu
[group 2 517/1900] DA ZI YUN -> code=DAZ IMO=9451305 TEU=None status=detail_no_teu
[group 2 518/1900] DAFA -> code=AN2 IMO=99999996 TEU=None status=detail_no_teu
[group 2 520/1900] DAGANGJI001 -> code=2CU IMO=9999996 TEU=None status=detail_no_teu
[group 2 521/1900] DAGANGJI002 -> code=3CX IMO=9999996 TEU=None status=detail_no_teu
[group 2 522/1900] DAGANGJI003 -> code=2CO IMO=9999996 TEU=None status=detail_no_teu
[group 2 523/1900] DAGNAGJI005 -> code=2CP IMO=9999996 TEU=None status=detail_no_teu
[group 2 525/1900] DAJINXIANG -> code=RN3 IMO=979780978 TEU=None status=detail_no_teu
[group 2 527/1900] DALIAN -> code=A20 IMO=939126 TEU=None status=detail_no_teu
[group 2 528/1900] DALYA H -> code=PZ9 IMO=9139127 TEU=None status=detail_no_teu
[group 2 530/1900] DAN JIANG -> code=RP1 IMO=9345001 TEU=554 status=ok
[group 2 532/1900] DANTE -> code=PF2 IMO=9341108 TEU=None status=detail_no_teu
[group 2 535/1900] DANUM 112 -> code=BBC IMO=9553608 TEU=None status=detail_no_teu
[group 2 536/1900] DANUM 115 -> code=BCD IMO=9553610 TEU=None status=detail_no_teu
[group 2 539/1900] DANUM 172 -> code=BA9 IMO=9999996 TEU=None status=detail_no_teu
[group 2 540/1900] DANUM 173 -> code=BC4 IMO=9406271 TEU=None status=detail_no_teu
[group 2 542/1900] DANUM 178 -> code=BG3 IMO=8357203 TEU=None status=detail_no_teu
[group 2 544/1900] DANUM 18 -> code=BBL IMO=9243291 TEU=None status=detail_no_teu
[group 2 545/1900] DANUM 3 -> code=BBM IMO=9188843 TEU=None status=detail_no_teu
[group 2 546/1900] DANUM 5 -> code=BC5 IMO=7305518 TEU=None status=detail_no_teu
[group 2 547/1900] DANUM 9 -> code=BC2 IMO=9333199 TEU=None status=detail_no_teu
[group 2 550/1900] DATONGJIANG021 -> code=YBA IMO=99999996 TEU=None status=detail_no_teu
[group 2 551/1900] DATONGJIANG022 -> code=YBE IMO=99999996 TEU=None status=detail_no_teu
[group 2 552/1900] DAWEI -> code=AEK IMO=99999996 TEU=None status=detail_no_teu
[group 2 553/1900] DAWEI STAR -> code=A6G IMO=9999996 TEU=None status=detail_no_teu
[group 2 554/1900] DAXIN 2 -> code=YVV IMO=9999996 TEU=None status=detail_no_teu
[group 2 555/1900] DAXIN 66 -> code=YSC IMO=99999996 TEU=None status=detail_no_teu
[group 2 556/1900] DAXIN1 -> code=VZE IMO=999999 TEU=None status=detail_no_teu
[group 2 557/1900] DAXIN16 -> code=VQ2 IMO=99999996 TEU=None status=detail_no_teu
[group 2 559/1900] DAXIN6 -> code=VAQ IMO=9999996 TEU=None status=detail_no_teu
[group 2 560/1900] DAXIN68 -> code=VS0 IMO=9999996 TEU=None status=detail_no_teu
[group 2 561/1900] DAXIN69 -> code=VFA IMO=99999996 TEU=None status=detail_no_teu
[group 2 562/1900] DAXIN7 -> code=VFL IMO=99999996 TEU=None status=detail_no_teu
[group 2 563/1900] DAXING19 -> code=VKT IMO=4758678 TEU=None status=detail_no_teu
[group 2 564/1900] DAXING8 -> code=VKS IMO=6866969 TEU=None status=detail_no_teu
[group 2 565/1900] DAYA MAJU -> code=S5S IMO=9448449 TEU=None status=detail_no_teu
[group 2 566/1900] DAYANG806 -> code=YG5 IMO=9999996 TEU=None status=detail_no_teu
[group 2 567/1900] DAYE18 -> code=VE9 IMO=9999996 TEU=None status=detail_no_teu
[group 2 568/1900] DAYE19 -> code=2EE IMO=9999996 TEU=None status=detail_no_teu
[group 2 569/1900] DAYE8 -> code=VW0 IMO=99999996 TEU=None status=detail_no_teu
[group 2 570/1900] DAYE999 -> code=VGT IMO=9999996 TEU=None status=detail_no_teu
[group 2 571/1900] DAYEXIANGYUN -> code=2UG IMO=9999996 TEU=None status=detail_no_teu
[group 2 573/1900] DE HE 13 -> code=ZUV IMO=99999996 TEU=None status=detail_no_teu
[group 2 574/1900] DE HE 18 -> code=ZTV IMO=99999996 TEU=None status=detail_no_teu
[group 2 575/1900] DE HE 23 -> code=XO7 IMO=99999996 TEU=None status=detail_no_teu
[group 2 576/1900] DE HE 28 -> code=ZUH IMO=99999996 TEU=None status=detail_no_teu
[group 2 577/1900] DE JIN 5 -> code=NNE IMO=9999996 TEU=None status=detail_no_teu
[group 2 578/1900] DE JIN 8 -> code=VHT IMO=99999996 TEU=None status=detail_no_teu
[group 2 580/1900] DE QI 6 -> code=RXL IMO=99999996 TEU=None status=detail_no_teu
[group 2 581/1900] DE SHAN -> code=XN4 IMO=99999996 TEU=None status=detail_no_teu
[group 2 582/1900] DE SHENG 6 -> code=F14 IMO=9999996 TEU=None status=detail_no_teu
[group 2 583/1900] DE SHENG 9 -> code=F62 IMO=9999996 TEU=None status=detail_no_teu
[group 2 588/1900] DE YI -> code=ZKP IMO=99999996 TEU=None status=detail_no_teu
[group 2 589/1900] DE YI 8 -> code=ZKW IMO=99999996 TEU=None status=detail_no_teu
[group 2 590/1900] DE YING 2 -> code=NGX IMO=9999996 TEU=None status=detail_no_teu
[group 2 592/1900] DEFENG208 -> code=2ZN IMO=9999996 TEU=None status=detail_no_teu
[group 2 594/1900] DEJA BHUM -> code=ABT IMO=9999996 TEU=None status=detail_no_teu
[group 2 595/1900] DEJIN7 -> code=1AE IMO=9999996 TEU=None status=detail_no_teu
[group 2 596/1900] DEJING5 -> code=2QX IMO=9999996 TEU=None status=detail_no_teu
[group 2 600/1900] DELMAS SEYCHELLES -> code=ABL IMO=99999996 TEU=None status=detail_no_teu
[group 2 601/1900] DELMAS SWALA -> code=PJ5 IMO=9072094 TEU=None status=detail_no_teu
[group 2 607/1900] DELTA NORTH -> code=UBK IMO=9141106 TEU=None status=detail_no_teu
[group 2 608/1900] DELUXE -> code=ZW9 IMO=99999996 TEU=None status=detail_no_teu
[group 2 609/1900] DEMETER -> code=PO7 IMO=9298636 TEU=None status=detail_no_teu
[group 2 610/1900] DENHAM -> code=AE7 IMO=99999996 TEU=None status=detail_no_teu
[group 2 611/1900] DEPE -> code=UBA IMO=9186405 TEU=None status=detail_no_teu
[group 2 612/1900] DERAJAT -> code=BEX IMO=9499773 TEU=None status=detail_no_teu
[group 2 614/1900] DESTINY CLASSIC -> code=AEG IMO=99999996 TEU=None status=detail_no_teu
[group 2 615/1900] DESTINY NO 8 -> code=ACL IMO=99999996 TEU=None status=detail_no_teu
[group 2 616/1900] DESTINY PRIDE -> code=AEO IMO=99999996 TEU=None status=detail_no_teu
[group 2 618/1900] DETTE G -> code=UDI IMO=9122241 TEU=None status=detail_no_teu
[group 2 619/1900] DEVON TRADER -> code=DVT IMO=9217022 TEU=None status=detail_no_teu
[group 2 620/1900] DI HAO 2 -> code=MVN IMO=9999996 TEU=None status=detail_no_teu
[group 2 621/1900] DI HAO 21 -> code=MRG IMO=9999996 TEU=None status=detail_no_teu
[group 2 624/1900] DIANA J -> code=DNJ IMO=9344239 TEU=None status=detail_no_teu
[group 2 625/1900] DIANE A -> code=PF8 IMO=9385532 TEU=None status=detail_no_teu
[group 2 627/1900] DIHAO1008 -> code=YLL IMO=99999996 TEU=None status=detail_no_teu
[group 2 629/1900] DIHAO1028 -> code=VK0 IMO=99999996 TEU=None status=detail_no_teu
[group 2 630/1900] DIHAO1038 -> code=VK3 IMO=9999996 TEU=None status=detail_no_teu
[group 2 639/1900] DIHAO958 -> code=YCC IMO=99999996 TEU=None status=detail_no_teu
[group 2 640/1900] DIHAO968 -> code=YMK IMO=99999996 TEU=165 status=ok
[group 2 643/1900] DIMITRA II -> code=SRH IMO=8100051 TEU=None status=detail_no_teu
[group 2 648/1900] DINDAJI96 -> code=N9Z IMO=75674776 TEU=None status=detail_no_teu
[group 2 650/1900] DING SHENG 7 -> code=FBE IMO=9999996 TEU=500 status=ok
[group 2 655/1900] DINGDA JI 78 -> code=2P9 IMO=9999996 TEU=None status=detail_no_teu
[group 2 656/1900] DINGDAJI01 -> code=N4G IMO=78986786 TEU=None status=detail_no_teu
[group 2 657/1900] DINGDAJI02 -> code=N5G IMO=5465757 TEU=None status=detail_no_teu
[group 2 658/1900] DINGDAJI03 -> code=N9N IMO=46475676 TEU=None status=detail_no_teu
[group 2 659/1900] DINGDAJI66 -> code=2D5 IMO=9999996 TEU=None status=detail_no_teu
[group 2 660/1900] DINGDAJI68 -> code=N6Z IMO=7546864477 TEU=None status=detail_no_teu
[group 2 661/1900] DINGDAJI85 -> code=N8P IMO=87788868 TEU=None status=detail_no_teu
[group 2 662/1900] DINGDAJI88 -> code=N8Z IMO=566447747 TEU=None status=detail_no_teu
[group 2 663/1900] DINGDAJI91 -> code=N8V IMO=647677747 TEU=None status=detail_no_teu
[group 2 664/1900] DINGDAJI96 -> code=2EV IMO=9999996 TEU=None status=detail_no_teu
[group 2 665/1900] DINGDAJI98 -> code=N5Z IMO=None TEU=None status=detail_no_teu
[group 2 666/1900] DINGDAJI99 -> code=N1P IMO=85657856 TEU=None status=detail_no_teu
[group 2 670/1900] DJANET -> code=DJA IMO=9845063 TEU=None status=detail_no_teu
[group 2 671/1900] DMR NO.1 -> code=DR1 IMO=9999996 TEU=None status=detail_no_teu
[group 2 672/1900] DMR NO.2 -> code=DR2 IMO=9999996 TEU=None status=detail_no_teu
[group 2 673/1900] DMR NO.4 -> code=DR4 IMO=9999996 TEU=None status=detail_no_teu
[group 2 674/1900] DMR NO.5 -> code=DR5 IMO=99999997 TEU=None status=detail_no_teu
[group 2 675/1900] DMR NUMBER THERR -> code=DR3 IMO=9999996 TEU=None status=detail_no_teu
[group 2 680/1900] DONG CHANG -> code=ZFU IMO=99999996 TEU=None status=detail_no_teu
[group 2 685/1900] DONG DA 6688 -> code=LR9 IMO=9999996 TEU=None status=detail_no_teu
[group 2 687/1900] DONG FANG 223 -> code=WS5 IMO=99999996 TEU=None status=detail_no_teu
[group 2 688/1900] DONG FANG 226 -> code=WBO IMO=99999996 TEU=None status=detail_no_teu
[group 2 690/1900] DONG FANG FU -> code=R5F IMO=9162423 TEU=None status=detail_no_teu
[group 2 692/1900] DONG FANG JI -> code=N1K IMO=999999 TEU=None status=detail_no_teu
[group 2 695/1900] DONG FANG XIANG -> code=NVP IMO=8956995 TEU=None status=detail_no_teu
[group 2 697/1900] DONG FANG YONG HENG -> code=SLB IMO=None TEU=None status=detail_no_teu
[group 2 698/1900] DONG FANG YUAN YUAN -> code=F6H IMO=9999996 TEU=None status=detail_no_teu
[group 2 700/1900] DONG GUAN 1 HAO -> code=WBK IMO=99999996 TEU=120 status=ok
[group 2 706/1900] DONG JIANG -> code=AYX IMO=99999996 TEU=None status=detail_no_teu
[group 2 709/1900] DONG NAN HANG 1 -> code=XHO IMO=90405000039 TEU=None status=detail_no_teu
[group 2 710/1900] DONG OU 1 -> code=F4E IMO=9999996 TEU=None status=detail_no_teu
[group 2 711/1900] DONG PENG 1 -> code=XG1 IMO=99999999 TEU=None status=detail_no_teu
[group 2 713/1900] DONG PENG 6 -> code=R8T IMO=858588 TEU=None status=detail_no_teu
[group 2 719/1900] DONG SHAN -> code=Y53 IMO=99999996 TEU=None status=detail_no_teu
[group 2 720/1900] DONG SHAN 6 HAO -> code=F20 IMO=9999996 TEU=None status=detail_no_teu
[group 2 721/1900] DONG SHAN 666 -> code=N49 IMO=9786887 TEU=None status=detail_no_teu
[group 2 724/1900] DONG SHUN 13 -> code=O29 IMO=9999996 TEU=None status=detail_no_teu
[group 2 725/1900] DONG SHUN 391 -> code=LRX IMO=9999996 TEU=None status=detail_no_teu
[group 2 726/1900] DONG SHUN 65 -> code=OBH IMO=9999996 TEU=None status=detail_no_teu
[group 2 727/1900] DONG SHUN 668 -> code=LIP IMO=9999996 TEU=None status=detail_no_teu
[group 2 729/1900] DONG SHUN 89 -> code=OXE IMO=9999996 TEU=None status=detail_no_teu
[group 2 730/1900] DONG SHUN 968 -> code=LNB IMO=9999996 TEU=None status=detail_no_teu
[group 2 733/1900] DONG YI -> code=Z19 IMO=99999996 TEU=None status=detail_no_teu
[group 2 734/1900] DONG YU 333 -> code=LO3 IMO=9999996 TEU=None status=detail_no_teu
[group 2 736/1900] DONG YUN 027 -> code=ZRY IMO=9999996 TEU=None status=detail_no_teu
[group 2 737/1900] DONG YUN 029 -> code=ZSN IMO=99999996 TEU=None status=detail_no_teu
[group 2 740/1900] DONG YUN 038 -> code=ZLD IMO=99999996 TEU=None status=detail_no_teu
[group 2 741/1900] DONG YUN 039 -> code=XS9 IMO=99999996 TEU=None status=detail_no_teu
[group 2 742/1900] DONG YUN 066 -> code=WNC IMO=9999996 TEU=None status=detail_no_teu
[group 2 743/1900] DONG YUN 082 -> code=ZED IMO=99999996 TEU=None status=detail_no_teu
[group 2 744/1900] DONG YUN 088 -> code=XHV IMO=99999996 TEU=None status=detail_no_teu
[group 2 745/1900] DONG YUN 099 -> code=XPV IMO=9999996 TEU=None status=detail_no_teu
[group 2 747/1900] DONG YUN 128 -> code=WLC IMO=99999996 TEU=None status=detail_no_teu
[group 2 748/1900] DONG YUN 129 -> code=WKZ IMO=99999996 TEU=None status=detail_no_teu
[group 2 749/1900] DONG YUN 133 -> code=LDE IMO=9999996 TEU=None status=detail_no_teu
[group 2 750/1900] DONG YUN 138 -> code=WZV IMO=20150923 TEU=None status=detail_no_teu
[group 2 751/1900] DONG YUN 2288 -> code=LCE IMO=1 TEU=None status=detail_no_teu
[group 2 752/1900] DONG YUN 238 -> code=WLX IMO=99999996 TEU=None status=detail_no_teu
[group 2 754/1900] DONG YUN 338 -> code=LUH IMO=9999996 TEU=None status=detail_no_teu
[group 2 755/1900] DONG YUN 339 -> code=WNI IMO=99999996 TEU=None status=detail_no_teu
[group 2 757/1900] DONG YUN 399 -> code=WUG IMO=99999996 TEU=None status=detail_no_teu
[group 2 758/1900] DONG YUN 438 -> code=XML IMO=9999996 TEU=None status=detail_no_teu
[group 2 759/1900] DONG YUN 555 -> code=ZGO IMO=99999996 TEU=None status=detail_no_teu
[group 2 760/1900] DONG YUN 556 -> code=ZAM IMO=99999996 TEU=96 status=ok
[group 2 761/1900] DONG YUN 678 -> code=WOT IMO=None TEU=None status=detail_no_teu
[group 2 762/1900] DONG YUN 708 -> code=ZAE IMO=99999996 TEU=None status=detail_no_teu
[group 2 763/1900] DONG YUN 777 -> code=W7P IMO=20160413 TEU=None status=detail_no_teu
[group 2 764/1900] DONG YUN 7788 -> code=Z5L IMO=None TEU=None status=detail_no_teu
[group 2 765/1900] DONG YUN 808 -> code=ZHB IMO=99999996 TEU=None status=detail_no_teu
[group 2 766/1900] DONG YUN 809 -> code=ZCC IMO=None TEU=None status=detail_no_teu
[group 2 767/1900] DONG YUN 838 -> code=WC5 IMO=99999996 TEU=None status=detail_no_teu
[group 2 768/1900] DONG YUN 869 -> code=WP8 IMO=99999996 TEU=None status=detail_no_teu
[group 2 769/1900] DONG YUN 88 -> code=L33 IMO=1 TEU=None status=detail_no_teu
[group 2 770/1900] DONG YUN 88888 -> code=OBZ IMO=9999996 TEU=1 status=ok
[group 2 771/1900] DONG YUN 889 -> code=XGF IMO=9999996 TEU=None status=detail_no_teu
[group 2 772/1900] DONG YUN 906 -> code=ZY9 IMO=99999996 TEU=None status=detail_no_teu
[group 2 773/1900] DONG YUN 918 -> code=WKU IMO=None TEU=None status=detail_no_teu
[group 2 774/1900] DONG YUN 9268 -> code=OQ3 IMO=9999996 TEU=None status=detail_no_teu
[group 2 775/1900] DONG YUN 928 -> code=ZLK IMO=99999996 TEU=None status=detail_no_teu
[group 2 776/1900] DONG YUN 988 -> code=XMH IMO=20150143 TEU=None status=detail_no_teu
[group 2 777/1900] DONG YUN 998 -> code=XHX IMO=99999996 TEU=None status=detail_no_teu
[group 2 778/1900] DONG ZHOU 1 HAO -> code=YM6 IMO=99999996 TEU=None status=detail_no_teu
[group 2 780/1900] DONGCHENGMAO -> code=TNH IMO=9609709 TEU=865 status=ok
[group 2 781/1900] DONGHANHEXIE -> code=VZ6 IMO=123456789 TEU=None status=detail_no_teu
[group 2 782/1900] DONGHANHUANQIU698 -> code=VYT IMO=99999996 TEU=None status=detail_no_teu
[group 2 785/1900] DONGJIN HOPE -> code=SZJ IMO=8827624 TEU=None status=detail_no_teu
[group 2 787/1900] DONGPENG66 -> code=N20 IMO=655464989 TEU=None status=detail_no_teu
[group 2 789/1900] DONGTANG1 -> code=VT3 IMO=99999996 TEU=None status=detail_no_teu
[group 2 790/1900] DONGTANG19 -> code=VR4 IMO=99999996 TEU=None status=detail_no_teu
[group 2 791/1900] DONGTANG2 -> code=VW1 IMO=99999996 TEU=None status=detail_no_teu
[group 2 792/1900] DONGTANG3 -> code=VT5 IMO=99999996 TEU=None status=detail_no_teu
[group 2 793/1900] DONGTANG6 -> code=VYN IMO=99999996 TEU=None status=detail_no_teu
[group 2 794/1900] DONGTANG8 -> code=RVL IMO=9999996 TEU=None status=detail_no_teu
[group 2 795/1900] DONGTANG96 -> code=VS6 IMO=99999996 TEU=None status=detail_no_teu
[group 2 796/1900] DONGTANG99 -> code=VYB IMO=99999996 TEU=None status=detail_no_teu
[group 2 797/1900] DONGTANG999 -> code=VYA IMO=99999997 TEU=None status=detail_no_teu
[group 2 798/1900] DONGTANGFAZHAN -> code=1A5 IMO=99999996 TEU=None status=detail_no_teu
[group 2 799/1900] DONGTANGTIANYI -> code=VP1 IMO=88888888888 TEU=None status=detail_no_teu
[group 2 800/1900] DONGYUE118 -> code=RZQ IMO=None TEU=None status=detail_no_teu
[group 2 801/1900] DONGYUN 333 -> code=XOU IMO=100808000722 TEU=None status=detail_no_teu
[group 2 802/1900] DONGZHOU09 -> code=YP3 IMO=99999996 TEU=None status=detail_no_teu
[group 2 803/1900] DOOWOO FAMILY -> code=Q3R IMO=9014121 TEU=None status=detail_no_teu
[group 2 804/1900] DORIAN -> code=ABV IMO=99999996 TEU=None status=detail_no_teu
[group 2 805/1900] DOUALA EXPRESS -> code=MAL IMO=9403463 TEU=None status=detail_no_teu
[group 2 806/1900] DP GENOA -> code=ALV IMO=99999996 TEU=None status=detail_no_teu
[group 2 809/1900] DREAM -> code=DRE IMO=9322578 TEU=None status=detail_no_teu
[group 2 810/1900] DS ABILITY -> code=DSA IMO=None TEU=None status=detail_no_teu
[group 2 812/1900] DSAD -> code=TU7 IMO=78456 TEU=None status=detail_no_teu
[group 2 814/1900] DUAN CHENG 1 HAO -> code=LJT IMO=9999996 TEU=None status=detail_no_teu
[group 2 815/1900] DUAN CHENG 2 HAO -> code=LJU IMO=9999996 TEU=None status=detail_no_teu
[group 2 816/1900] DUAN CHENG 3 HAO -> code=LJV IMO=9999996 TEU=None status=detail_no_teu
[group 2 817/1900] DUAN CHENG 8 HAO -> code=LKU IMO=9999996 TEU=None status=detail_no_teu
[group 2 819/1900] DUBAI AMBITION -> code=ACN IMO=99999996 TEU=None status=detail_no_teu
[group 2 820/1900] DUBAI DIAMOND -> code=AHM IMO=8702800 TEU=578 status=ok
[group 2 822/1900] DUBAI TRADER -> code=RB6 IMO=9999999 TEU=None status=detail_no_teu
[group 2 823/1900] DUBAI WORLD -> code=ABC IMO=99999996 TEU=None status=detail_no_teu
[group 2 826/1900] DUC PHONG 01 -> code=BHQ IMO=9999996 TEU=None status=detail_no_teu
[group 2 830/1900] DUMMY D -> code=UGD IMO=1597537 TEU=1000 status=ok
[group 2 835/1900] DUMMY XCT FANGCHENG -> code=OYK IMO=9999996 TEU=None status=detail_no_teu
[group 2 838/1900] E R DURBAN -> code=AYJ IMO=99999996 TEU=None status=detail_no_teu
[group 2 839/1900] E R HOBART -> code=AD0 IMO=99999996 TEU=None status=detail_no_teu
[group 2 840/1900] E R STRALSUND -> code=AR1 IMO=99999996 TEU=None status=detail_no_teu
[group 2 841/1900] E R SYDNEY -> code=A6D IMO=9999996 TEU=None status=detail_no_teu
[group 2 842/1900] E R TURKU -> code=AXZ IMO=9999996 TEU=None status=detail_no_teu
[group 2 843/1900] E.R. AMSTERDAM -> code=S6M IMO=9213571 TEU=None status=detail_no_teu
[group 2 846/1900] E.R. FRANCE -> code=S2M IMO=9214226 TEU=None status=detail_no_teu
[group 2 850/1900] E.R. PUSAN -> code=PQ6 IMO=9211169 TEU=None status=detail_no_teu
[group 2 853/1900] E.R. TOKYO -> code=QUX IMO=9999996 TEU=None status=detail_no_teu
[group 2 854/1900] E.R. YOKOHAMA -> code=NSF IMO=9285665 TEU=None status=detail_no_teu
[group 2 855/1900] E.R.KINGSTON -> code=QGR IMO=999999 TEU=None status=detail_no_teu
[group 2 856/1900] E.R.SEOUL -> code=PW4 IMO=9208021 TEU=None status=detail_no_teu
[group 2 860/1900] EA CETUS -> code=TPH IMO=9967495 TEU=7092 status=ok
[group 2 870/1900] EAGLE PIONEER -> code=ADR IMO=99999996 TEU=None status=detail_no_teu
[group 2 873/1900] EAGLE PROGRESS -> code=AEM IMO=99999996 TEU=None status=detail_no_teu
[group 2 875/1900] EAGLES UNION -> code=NUX IMO=9193513 TEU=None status=detail_no_teu
[group 2 878/1900] EASLINE KWANGYANG -> code=S91 IMO=9226827 TEU=None status=detail_no_teu
[group 2 880/1900] EASLINE SHANGHAI -> code=QDH IMO=8910079 TEU=1012 status=ok
[group 2 882/1900] EASTERN EXPRESS -> code=R8Q IMO=9299331 TEU=None status=detail_no_teu
[group 2 883/1900] EAX SANCTITY -> code=AP0 IMO=99999996 TEU=None status=detail_no_teu
[group 2 884/1900] ECD -> code=ECD IMO=99999996 TEU=None status=detail_no_teu
[group 2 885/1900] ECE -> code=ECE IMO=8911413 TEU=None status=detail_no_teu
[group 2 886/1900] ECO BORA -> code=EB0 IMO=1020629 TEU=None status=detail_no_teu
[group 2 887/1900] ECO KHAMSIN -> code=EKS IMO=1020631 TEU=None status=detail_no_teu
[group 2 890/1900] ECO OSTRO -> code=UU4 IMO=9959565 TEU=None status=detail_no_teu
[group 2 891/1900] ECO PONENTE -> code=ECP IMO=9985966 TEU=None status=detail_no_teu
[group 2 892/1900] EDEN MAS -> code=BKC IMO=1094852 TEU=None status=detail_no_teu
[group 2 894/1900] EE ENDEAVOUR -> code=UG7 IMO=9191113 TEU=None status=detail_no_teu
[group 2 895/1900] EEEEEEE -> code=5SI IMO=1111111 TEU=None status=detail_no_teu
[group 2 900/1900] EF OLIVIA -> code=EFO IMO=9252735 TEU=None status=detail_no_teu
[group 2 902/1900] EGY FUTURE -> code=UL9 IMO=9127538 TEU=None status=detail_no_teu
[group 2 904/1900] EIBE OLDENDORFF -> code=ABW IMO=99999996 TEU=None status=detail_no_teu
[group 2 906/1900] EJINGMENHUO8588 -> code=2HY IMO=9999996 TEU=None status=detail_no_teu
[group 2 907/1900] EJINGMENHUO8688 -> code=2VI IMO=9999996 TEU=None status=detail_no_teu
[group 2 908/1900] EJINGMENHUO8699 -> code=20R IMO=9999996 TEU=None status=detail_no_teu
[group 2 909/1900] EJINGMENHUO8988 -> code=2SQ IMO=9999996 TEU=None status=detail_no_teu
[group 2 910/1900] EL FLACO -> code=AMZ IMO=99999996 TEU=None status=detail_no_teu
[group 2 911/1900] EL TEMERARIO -> code=AFA IMO=99999996 TEU=None status=detail_no_teu
[group 2 913/1900] ELATION -> code=UBV IMO=9083902 TEU=None status=detail_no_teu
[group 2 914/1900] ELB WOLF -> code=ELB IMO=9185401 TEU=None status=detail_no_teu
[group 2 916/1900] ELBBLUE (NFS) -> code=EB9 IMO=9504051 TEU=None status=detail_no_teu
[group 2 917/1900] ELBCARRIER -> code=UL7 IMO=9388510 TEU=None status=detail_no_teu
[group 2 920/1900] ELBELLA -> code=UI2 IMO=9312640 TEU=1740 status=ok
[group 2 921/1900] ELBFEEDER -> code=U95 IMO=9388522 TEU=None status=detail_no_teu
[group 2 923/1900] ELBSAILOR (NFS) -> code=PV3 IMO=9448694 TEU=None status=detail_no_teu
[group 2 928/1900] ELBSTRAND -> code=PV5 IMO=9242560 TEU=None status=detail_no_teu
[group 2 930/1900] ELBSUMMER (NFS) -> code=PS3 IMO=9429195 TEU=730 status=ok
[group 2 933/1900] ELBTOWER -> code=UU7 IMO=9968918 TEU=None status=detail_no_teu
[group 2 934/1900] ELBTRADER -> code=UR2 IMO=9388534 TEU=None status=detail_no_teu
[group 2 938/1900] ELECTRON -> code=UAG IMO=9186390 TEU=None status=detail_no_teu
[group 2 939/1900] ELENA -> code=AEX IMO=9999996 TEU=None status=detail_no_teu
[group 2 940/1900] ELI A.. -> code=TBK IMO=9326977 TEU=866 status=ok
[group 2 941/1900] ELISA B -> code=UAW IMO=7718632 TEU=None status=detail_no_teu
[group 2 943/1900] ELISABETH -> code=U51 IMO=9219862 TEU=None status=detail_no_teu
[group 2 945/1900] ELISE -> code=N9W IMO=9999996 TEU=None status=detail_no_teu
[group 2 946/1900] ELIZABETH -> code=PB6 IMO=9246346 TEU=None status=detail_no_teu
[group 2 948/1900] ELREEDY STAR -> code=PX4 IMO=9161182 TEU=None status=detail_no_teu
[group 2 949/1900] ELUSIVE -> code=U83 IMO=999999996 TEU=None status=detail_no_teu
[group 2 950/1900] ELYSSA -> code=PA7 IMO=9208007 TEU=None status=detail_no_teu
[group 2 957/1900] EMILY C -> code=AES IMO=99999996 TEU=None status=detail_no_teu
[group 2 960/1900] EMMA -> code=U56 IMO=8509014 TEU=None status=detail_no_teu
[group 2 963/1900] EMONA -> code=PP9 IMO=9188934 TEU=None status=detail_no_teu
[group 2 964/1900] EMOTION -> code=U52 IMO=9359258 TEU=None status=detail_no_teu
[group 2 965/1900] EMPIRE -> code=UCD IMO=9387425 TEU=None status=detail_no_teu
[group 2 970/1900] EMS BRIDGE -> code=S34 IMO=99999996 TEU=None status=detail_no_teu
[group 2 971/1900] EMSTAL -> code=UAE IMO=9073086 TEU=None status=detail_no_teu
[group 2 973/1900] EN CHENG -> code=RRF IMO=879668986 TEU=None status=detail_no_teu
[group 2 975/1900] EN HONG -> code=ZCU IMO=99999996 TEU=None status=detail_no_teu
[group 2 977/1900] EN JI 3 -> code=MJZ IMO=9999996 TEU=None status=detail_no_teu
[group 2 978/1900] EN KAI -> code=RQ3 IMO=99999996 TEU=None status=detail_no_teu
[group 2 979/1900] EN PENG -> code=ZMG IMO=99999996 TEU=None status=detail_no_teu
[group 2 980/1900] EN YUAN -> code=ZBU IMO=99999996 TEU=88 status=ok
[group 2 981/1900] EN YUN -> code=XWS IMO=9999996 TEU=None status=detail_no_teu
[group 2 982/1900] ENCOUNTER -> code=UF1 IMO=9255775 TEU=None status=detail_no_teu
[group 2 983/1900] ENDURANCE -> code=PI5 IMO=9312200 TEU=None status=detail_no_teu
[group 2 984/1900] ENFORCER -> code=U47 IMO=9255737 TEU=None status=detail_no_teu
[group 2 985/1900] ENGIADINA -> code=R72 IMO=9999999 TEU=None status=detail_no_teu
[group 2 986/1900] ENSEMBLE -> code=UCI IMO=9312212 TEU=None status=detail_no_teu
[group 2 989/1900] EQIANGJIANGHUO 0158 -> code=YJD IMO=99999996 TEU=None status=detail_no_teu
[group 2 990/1900] ER HELGOLAND -> code=ERH IMO=9239898 TEU=None status=detail_no_teu
[group 2 991/1900] ER LONDON -> code=N7L IMO=9214202 TEU=None status=detail_no_teu
[group 2 994/1900] ERAWAN BRIDGE -> code=AD3 IMO=99999996 TEU=None status=detail_no_teu
[group 2 995/1900] ERKAN K -> code=UJ2 IMO=None TEU=None status=detail_no_teu
[group 2 996/1900] ESCADA -> code=BTD IMO=9255531 TEU=None status=detail_no_teu
[group 2 1000/1900] ESL KABIR -> code=R2R IMO=9535175 TEU=5605 status=ok
[group 2 1007/1900] ESM CREMONA -> code=A5C IMO=9999996 TEU=None status=detail_no_teu
[group 2 1010/1900] ESPOIR -> code=PJ7 IMO=9491472 TEU=1436 status=ok
[group 2 1016/1900] EU ALLOWANCES -> code=EUA IMO=9999996 TEU=None status=detail_no_teu
[group 2 1017/1900] EURO DISCOVERY -> code=UD3 IMO=360996 TEU=None status=detail_no_teu
[group 2 1018/1900] EURO SNOW -> code=UCF IMO=966667 TEU=None status=detail_no_teu
[group 2 1019/1900] EURO SQUALL -> code=UCQ IMO=9244192 TEU=None status=detail_no_teu
[group 2 1020/1900] EURO STAR -> code=SUL IMO=9997788 TEU=672 status=ok
[group 2 1023/1900] EVER -> code=EFL IMO=3 TEU=None status=detail_no_teu
[group 2 1025/1900] EVER AEON -> code=D61 IMO=9943279 TEU=None status=detail_no_teu
[group 2 1030/1900] EVER BASIS -> code=N4U IMO=9786968 TEU=2881 status=ok
[group 2 1037/1900] EVER BLISS -> code=NPS IMO=9786932 TEU=None status=detail_no_teu
[group 2 1040/1900] EVER BRAVE -> code=NFB IMO=9784130 TEU=2910 status=ok
[group 2 1050/1900] EVER CHANT -> code=NYA IMO=9869980 TEU=1809 status=ok
[group 2 1054/1900] EVER CHEER -> code=NXL IMO=9870006 TEU=None status=detail_no_teu
[group 2 1055/1900] EVER CLEAR -> code=MTM IMO=9890874 TEU=None status=detail_no_teu
[group 2 1058/1900] EVER CONCISE -> code=MJJ IMO=9913822 TEU=None status=detail_no_teu
[group 2 1060/1900] EVER CONSIST -> code=D8C IMO=9919450 TEU=1984 status=ok
[group 2 1062/1900] EVER COPE -> code=NUJ IMO=9875068 TEU=None status=detail_no_teu
[group 2 1065/1900] EVER CREATE -> code=S73 IMO=9904508 TEU=None status=detail_no_teu
[group 2 1070/1900] EVER DEVELOP -> code=RR2 IMO=9142174 TEU=4211 status=ok
[group 2 1080/1900] EVER ENVOY111 -> code=QLM IMO=9999999 TEU=None status=detail_no_teu
[group 2 1086/1900] EVER FAR -> code=NXO IMO=9850862 TEU=None status=detail_no_teu
[group 2 1087/1900] EVER FASHION -> code=NZR IMO=9850836 TEU=None status=detail_no_teu
[group 2 1090/1900] EVER FEAT -> code=SA3 IMO=9850898 TEU=None status=detail_no_teu
[group 2 1091/1900] EVER FINE -> code=NZE IMO=9850812 TEU=None status=detail_no_teu
[group 2 1094/1900] EVER FOND -> code=M55 IMO=9850848 TEU=None status=detail_no_teu
[group 2 1100/1900] EVER FRONT -> code=NTH IMO=9850549 TEU=None status=detail_no_teu
[group 2 1104/1900] EVER GALLANT -> code=S90 IMO=8706105 TEU=None status=detail_no_teu
[group 2 1110/1900] EVER GLEAMY -> code=SOT IMO=8314512 TEU=2728 status=ok
[group 2 1112/1900] EVER GLOWING -> code=SB8 IMO=8706129 TEU=None status=detail_no_teu
[group 2 1118/1900] EVER HARVEST 118 -> code=X2K IMO=9999996 TEU=None status=detail_no_teu
[group 2 1120/1900] EVER LAMBENT -> code=QV5 IMO=9595436 TEU=8452 status=ok
[group 2 1130/1900] EVER LIBERAL -> code=QQJ IMO=9604160 TEU=8452 status=ok
[group 2 1140/1900] EVER LOYAL -> code=QVS IMO=9604158 TEU=8452 status=ok
[group 2 1146/1900] EVER MACRO -> code=DC5 IMO=9935351 TEU=None status=detail_no_teu
[group 2 1147/1900] EVER MAGI -> code=MVJ IMO=9935222 TEU=None status=detail_no_teu
[group 2 1148/1900] EVER MAGIC -> code=DCM IMO=9935363 TEU=None status=detail_no_teu
[group 2 1149/1900] EVER MAGNA -> code=DEV IMO=9935399 TEU=None status=detail_no_teu
[group 2 1150/1900] EVER MAGUS -> code=D3E IMO=9935375 TEU=None status=detail_no_teu
[group 2 1152/1900] EVER MAST -> code=MYI IMO=9935246 TEU=None status=detail_no_teu
[group 2 1153/1900] EVER MATCH -> code=D7E IMO=9935387 TEU=None status=detail_no_teu
[group 2 1155/1900] EVER MEMO -> code=D72 IMO=9935272 TEU=None status=detail_no_teu
[group 2 1157/1900] EVER META -> code=D1F IMO=9935428 TEU=None status=detail_no_teu
[group 2 1158/1900] EVER MILD -> code=DA7 IMO=9935284 TEU=None status=detail_no_teu
[group 2 1159/1900] EVER MODE -> code=DAL IMO=9935296 TEU=None status=detail_no_teu
[group 2 1160/1900] EVER MODEL -> code=DFZ IMO=9935430 TEU=None status=detail_no_teu
[group 2 1161/1900] EVER MOST -> code=DAK IMO=9935337 TEU=None status=detail_no_teu
[group 2 1170/1900] EVER ORIENT -> code=M36 IMO=9872377 TEU=2634 status=ok
[group 2 1175/1900] EVER POWER -> code=RQ7 IMO=9249221 TEU=None status=detail_no_teu
[group 2 1176/1900] EVER PRIDE -> code=RS3 IMO=9249233 TEU=None status=detail_no_teu
[group 2 1177/1900] EVER PRIMA -> code=PRV IMO=907268 TEU=None status=detail_no_teu
[group 2 1180/1900] EVER REACH -> code=SW9 IMO=9088122 TEU=4229 status=ok
[group 2 1190/1900] EVER SMART -> code=QL3 IMO=9300403 TEU=7024 status=ok
[group 2 1200/1900] EVER UNIQUE -> code=SER IMO=9116606 TEU=5364 status=ok
[group 2 1210/1900] EVER VIBE -> code=DGP IMO=9951032 TEU=None status=detail_no_teu
[group 2 1219/1900] EVIDENCE -> code=US8 IMO=9999996 TEU=None status=detail_no_teu
[group 2 1220/1900] EXPANSA (NFS) -> code=EXP IMO=9429262 TEU=120 status=ok
[group 2 1226/1900] EYANGGUANGHUO66 -> code=2HW IMO=9999996 TEU=None status=detail_no_teu
[group 2 1227/1900] EYANGGUANGHUO77 -> code=2HX IMO=9999996 TEU=None status=detail_no_teu
[group 2 1228/1900] EYANGGUANGHUO88 -> code=21A IMO=9999996 TEU=None status=detail_no_teu
[group 2 1229/1900] EYANGGUANGHUO99 -> code=21B IMO=9999996 TEU=None status=detail_no_teu
[group 2 1230/1900] EYRENE -> code=RL5 IMO=9070644 TEU=None status=detail_no_teu
[group 2 1233/1900] FAIR WIND 38 -> code=XJ7 IMO=99999996 TEU=None status=detail_no_teu
[group 2 1240/1900] FAN YA GUANG ZHOU -> code=CPD IMO=9302580 TEU=5048 status=ok
[group 2 1244/1900] FAN YA TAI CANG -> code=VXA IMO=99999996 TEU=None status=detail_no_teu
[group 2 1246/1900] FAN YA YANG SHAN -> code=VXB IMO=99999996 TEU=None status=detail_no_teu
[group 2 1248/1900] FAN YUN 117 -> code=ZXU IMO=99999996 TEU=None status=detail_no_teu
[group 2 1249/1900] FAN YUN 122 -> code=XOJ IMO=9999996 TEU=None status=detail_no_teu
[group 2 1250/1900] FAN YUN 123 -> code=W10 IMO=9999996 TEU=None status=detail_no_teu
[group 2 1251/1900] FAN YUN 126 -> code=XB6 IMO=99999996 TEU=None status=detail_no_teu
[group 2 1252/1900] FAN YUN 128 -> code=WXU IMO=20150518 TEU=None status=detail_no_teu
[group 2 1255/1900] FAN YUN 198 -> code=LFL IMO=9999996 TEU=None status=detail_no_teu
[group 2 1256/1900] FANCOURT CONTOR -> code=FKR IMO=None TEU=None status=detail_no_teu
[group 2 1257/1900] FANCOURT KONTOR -> code=FAK IMO=9929999 TEU=None status=detail_no_teu
[group 2 1259/1900] FANG GANG 1002 -> code=ZFS IMO=99999996 TEU=None status=detail_no_teu
[group 2 1260/1900] FANG GANG 3 -> code=ZAL IMO=99999996 TEU=32 status=ok
[group 2 1261/1900] FANG GANG 401 -> code=Z26 IMO=99999996 TEU=None status=detail_no_teu
[group 2 1262/1900] FANG GANG 501 -> code=Z27 IMO=99999996 TEU=None status=detail_no_teu
[group 2 1264/1900] FANG HUA MING LUN -> code=D66 IMO=9999996 TEU=None status=detail_no_teu
[group 2 1267/1900] FANG ZHOU 12 -> code=WJ3 IMO=3468440 TEU=None status=detail_no_teu
[group 2 1269/1900] FANG ZHOU 17 -> code=QZV IMO=9548976 TEU=None status=detail_no_teu
[group 2 1270/1900] FANG ZHOU 18 -> code=WX5 IMO=9999996 TEU=160 status=ok
[group 2 1273/1900] FANG ZHOU 21 -> code=F0P IMO=9999996 TEU=None status=detail_no_teu
[group 2 1274/1900] FANG ZHOU 23 -> code=LRH IMO=9999996 TEU=None status=detail_no_teu
[group 2 1275/1900] FANG ZHOU 25 -> code=LYT IMO=9999996 TEU=None status=detail_no_teu
[group 2 1276/1900] FANG ZHOU 27 -> code=LXR IMO=9999996 TEU=None status=detail_no_teu
[group 2 1277/1900] FANG ZHOU 29 -> code=NAK IMO=99999999 TEU=None status=detail_no_teu
[group 2 1278/1900] FANG ZHOU 3 -> code=XZY IMO=99999996 TEU=None status=detail_no_teu
[group 2 1280/1900] FANG ZHOU 33 -> code=LE8 IMO=9999996 TEU=None status=detail_no_teu
[group 2 1281/1900] FANG ZHOU 35 -> code=V3V IMO=9999996 TEU=None status=detail_no_teu
[group 2 1282/1900] FANG ZHOU 5 -> code=W01 IMO=5304550111 TEU=None status=detail_no_teu
[group 2 1283/1900] FANG ZHOU 7 -> code=F5H IMO=5100278 TEU=None status=detail_no_teu
[group 2 1284/1900] FANG ZHOU 88 -> code=LQO IMO=9999996 TEU=None status=detail_no_teu
[group 2 1285/1900] FAR COLOMBO -> code=ATR IMO=99999996 TEU=None status=detail_no_teu
[group 2 1289/1900] FARUK KAAN -> code=PH7 IMO=9165865 TEU=None status=detail_no_teu
[group 2 1290/1900] FAZAH-1 -> code=F8Z IMO=9331593 TEU=599 status=ok
[group 2 1291/1900] FEDERAL -> code=QTQ IMO=9065625 TEU=None status=detail_no_teu
[group 2 1292/1900] FEI DA HONG YUN -> code=ONA IMO=9999996 TEU=None status=detail_no_teu
[group 2 1295/1900] FEI HONG 6 -> code=LCW IMO=9999996 TEU=None status=detail_no_teu
[group 2 1296/1900] FEI HONG DA 17 -> code=MRN IMO=9999996 TEU=None status=detail_no_teu
[group 2 1298/1900] FEI XIONG 1 -> code=YPL IMO=99999996 TEU=None status=detail_no_teu
[group 2 1299/1900] FEI XIONG 2 -> code=YV7 IMO=99999996 TEU=None status=detail_no_teu
[group 2 1300/1900] FEI XIONG 3 -> code=YCN IMO=99999996 TEU=None status=detail_no_teu
[group 2 1301/1900] FEI XIONG JI 7 -> code=YDO IMO=99999996 TEU=None status=detail_no_teu
[group 2 1303/1900] FEIAN -> code=VXL IMO=999999 TEU=None status=detail_no_teu
[group 2 1304/1900] FEILIDA1 -> code=2U4 IMO=9999996 TEU=None status=detail_no_teu
[group 2 1305/1900] FEILIDA2 -> code=2DO IMO=9999996 TEU=None status=detail_no_teu
[group 2 1307/1900] FEIYANG127 -> code=V6H IMO=9999996 TEU=None status=detail_no_teu
[group 2 1308/1900] FEIYANG19 -> code=V3L IMO=9999996 TEU=None status=detail_no_teu
[group 2 1310/1900] FELIXSTOWE BRIDGE -> code=QG4 IMO=9290402 TEU=5047 status=ok
[group 2 1313/1900] FENG DA 007 -> code=B38 IMO=9999996 TEU=None status=detail_no_teu
[group 2 1314/1900] FENG DA 138 -> code=LXU IMO=9999996 TEU=None status=detail_no_teu
[group 2 1315/1900] FENG DA 1818 -> code=XSB IMO=99999996 TEU=None status=detail_no_teu
[group 2 1316/1900] FENG DA 203 -> code=Z28 IMO=99999996 TEU=None status=detail_no_teu
[group 2 1317/1900] FENG DA 205 -> code=ZLT IMO=99999996 TEU=None status=detail_no_teu
[group 2 1318/1900] FENG DA 208 -> code=Z29 IMO=99999996 TEU=None status=detail_no_teu
[group 2 1319/1900] FENG DA 209 -> code=ZIZ IMO=99999996 TEU=None status=detail_no_teu
[group 2 1320/1900] FENG DA 213 -> code=WRP IMO=9999996 TEU=200 status=ok
[group 2 1321/1900] FENG DA 222 -> code=ZZK IMO=9999996 TEU=None status=detail_no_teu
[group 2 1322/1900] FENG DA 223 -> code=W5N IMO=9999996 TEU=None status=detail_no_teu
[group 2 1323/1900] FENG DA 238 -> code=Z30 IMO=9999996 TEU=None status=detail_no_teu
[group 2 1324/1900] FENG DA 268 -> code=XCB IMO=9999996 TEU=None status=detail_no_teu
[group 2 1326/1900] FENG DA 3 HAO -> code=XFH IMO=99999996 TEU=None status=detail_no_teu
[group 2 1327/1900] FENG DA 313 -> code=W8R IMO=9999996 TEU=None status=detail_no_teu
[group 2 1329/1900] FENG DA 333 -> code=ZU4 IMO=9999996 TEU=None status=detail_no_teu
[group 2 1330/1900] FENG DA 368 -> code=XCJ IMO=9999996 TEU=None status=detail_no_teu
[group 2 1331/1900] FENG DA 398 -> code=WA8 IMO=9999996 TEU=None status=detail_no_teu
[group 2 1332/1900] FENG DA 555 -> code=XC6 IMO=9999996 TEU=None status=detail_no_teu
[group 2 1333/1900] FENG DA 558 -> code=LEL IMO=9999996 TEU=None status=detail_no_teu
[group 2 1334/1900] FENG DA 666 -> code=ZTQ IMO=99999996 TEU=None status=detail_no_teu
[group 2 1335/1900] FENG DA 688 -> code=LUR IMO=9999996 TEU=None status=detail_no_teu
[group 2 1336/1900] FENG DA 8 -> code=X2B IMO=9999996 TEU=None status=detail_no_teu
[group 2 1337/1900] FENG DA 868 -> code=WGK IMO=99999996 TEU=None status=detail_no_teu
[group 2 1338/1900] FENG DA 88 -> code=ZRO IMO=9999996 TEU=None status=detail_no_teu
[group 2 1339/1900] FENG DA 998 -> code=Z1S IMO=1 TEU=None status=detail_no_teu
[group 2 1340/1900] FENG DA 999 -> code=WUQ IMO=None TEU=None status=error
[group 2 1341/1900] FENG DA YI HAO -> code=None IMO=None TEU=None status=error
[group 2 1342/1900] FENG FA 01 -> code=None IMO=None TEU=None status=error
[group 2 1343/1900] FENG FA 18 -> code=None IMO=None TEU=None status=error
[group 2 1344/1900] FENG FA 228 -> code=None IMO=None TEU=None status=error
[group 2 1345/1900] FENG FA 268 -> code=None IMO=None TEU=None status=error
[group 2 1346/1900] FENG FA 388 -> code=None IMO=None TEU=None status=error
[group 2 1347/1900] FENG FA 506 -> code=None IMO=None TEU=None status=error
[group 2 1348/1900] FENG FA 509 -> code=None IMO=None TEU=None status=error
[group 2 1349/1900] FENG GUAN 1 -> code=None IMO=None TEU=None status=error
[group 2 1350/1900] FENG GUAN 2 -> code=None IMO=None TEU=None status=error
[group 2 1351/1900] FENG HAI 98 -> code=None IMO=None TEU=None status=error
[group 2 1352/1900] FENG HUANG HUA -> code=None IMO=None TEU=None status=error
[group 2 1353/1900] FENG KAI YUE XING 168 -> code=None IMO=None TEU=None status=error
[group 2 1354/1900] FENG KAI YUE XING 668 -> code=None IMO=None TEU=None status=error
[group 2 1355/1900] FENG NIAN 1 -> code=None IMO=None TEU=None status=error
[group 2 1356/1900] FENG NIAN 10 -> code=None IMO=None TEU=None status=error
[group 2 1357/1900] FENG NIAN 188 -> code=None IMO=None TEU=None status=error
[group 2 1358/1900] FENG NIAN 258 -> code=None IMO=None TEU=None status=error
[group 2 1359/1900] FENG NIAN 26 -> code=None IMO=None TEU=None status=error
[group 2 1360/1900] FENG NIAN 288 -> code=None IMO=None TEU=None status=error
[group 2 1361/1900] FENG NIAN 3 -> code=None IMO=None TEU=None status=error
[group 2 1362/1900] FENG NIAN 361 -> code=None IMO=None TEU=None status=error
[group 2 1363/1900] FENG NIAN 362 -> code=None IMO=None TEU=None status=error
[group 2 1364/1900] FENG NIAN 5 -> code=None IMO=None TEU=None status=error
[group 2 1365/1900] FENG NIAN 528 -> code=None IMO=None TEU=None status=error
[group 2 1366/1900] FENG NIAN 558 -> code=None IMO=None TEU=None status=error
[group 2 1367/1900] FENG NIAN 588 -> code=None IMO=None TEU=None status=error
[group 2 1368/1900] FENG NIAN 598 -> code=None IMO=None TEU=None status=error
[group 2 1369/1900] FENG NIAN 618 -> code=None IMO=None TEU=None status=error
[group 2 1370/1900] FENG NIAN 8 -> code=None IMO=None TEU=None status=error
[group 2 1371/1900] FENG NIAN 88 -> code=None IMO=None TEU=None status=error
[group 2 1372/1900] FENG NIAN 95 -> code=None IMO=None TEU=None status=error
[group 2 1373/1900] FENG NIAN 96 -> code=None IMO=None TEU=None status=error
[group 2 1374/1900] FENG NIAN 98 -> code=None IMO=None TEU=None status=error
[group 2 1375/1900] FENG NIAN 99 -> code=None IMO=None TEU=None status=error
[group 2 1376/1900] FENG SHUN 0188 -> code=None IMO=None TEU=None status=error
[group 2 1377/1900] FENG SHUN 108 -> code=None IMO=None TEU=None status=error
[group 2 1378/1900] FENG SHUN 1203 -> code=None IMO=None TEU=None status=error
[group 2 1379/1900] FENG SHUN 1203 (OLD2) -> code=None IMO=None TEU=None status=error
[group 2 1380/1900] FENG SHUN 1208 -> code=None IMO=None TEU=None status=error
[group 2 1381/1900] FENG SHUN 1301 -> code=None IMO=None TEU=None status=error
[group 2 1382/1900] FENG SHUN 1318 -> code=None IMO=None TEU=None status=error
[group 2 1383/1900] FENG SHUN 1508 -> code=None IMO=None TEU=None status=error
[group 2 1384/1900] FENG SHUN 1601 -> code=None IMO=None TEU=None status=error
[group 2 1385/1900] FENG SHUN 1602 -> code=None IMO=None TEU=None status=error
[group 2 1386/1900] FENG SHUN 1603 -> code=None IMO=None TEU=None status=error
[group 2 1387/1900] FENG SHUN 1608 -> code=None IMO=None TEU=None status=error
[group 2 1388/1900] FENG SHUN 1688 -> code=None IMO=None TEU=None status=error
[group 2 1389/1900] FENG SHUN 1689 -> code=None IMO=None TEU=None status=error
[group 2 1390/1900] FENG SHUN 18 -> code=None IMO=None TEU=None status=error
[group 2 1391/1900] FENG SHUN 208 -> code=None IMO=None TEU=None status=error
[group 2 1392/1900] FENG SHUN 3108 -> code=None IMO=None TEU=None status=error
[group 2 1393/1900] FENG SHUN 3308 -> code=None IMO=None TEU=None status=error
[group 2 1394/1900] FENG SHUN 3333 -> code=None IMO=None TEU=None status=error
[group 2 1395/1900] FENG SHUN 608 -> code=None IMO=None TEU=None status=error
[group 2 1396/1900] FENG SHUN 68 -> code=None IMO=None TEU=None status=error
[group 2 1397/1900] FENG SHUN 8 -> code=None IMO=None TEU=None status=error
[group 2 1398/1900] FENG SHUN 8 HAO -> code=None IMO=None TEU=None status=error
[group 2 1399/1900] FENG SHUN 88 -> code=None IMO=None TEU=None status=error
[group 2 1400/1900] FENG SHUN 999 -> code=None IMO=None TEU=None status=error
[group 2 1401/1900] FENG SHUN PENG DA -> code=None IMO=None TEU=None status=error
[group 2 1402/1900] FENG SHUN1 HAO -> code=None IMO=None TEU=None status=error
[group 2 1403/1900] FENG SHUN23 -> code=None IMO=None TEU=None status=error
[group 2 1404/1900] FENG XIN DA 2 -> code=None IMO=None TEU=None status=error
[group 2 1405/1900] FENG XIN DA 6 -> code=None IMO=None TEU=None status=error
[group 2 1406/1900] FENG XIN DA 8 -> code=None IMO=None TEU=None status=error
[group 2 1407/1900] FENG XIN DA 9 -> code=None IMO=None TEU=None status=error
[group 2 1408/1900] FENG XINDA1 -> code=None IMO=None TEU=None status=error
[group 2 1409/1900] FENG YUAN 005 -> code=None IMO=None TEU=None status=error
[group 2 1410/1900] FENG YUAN 008 -> code=None IMO=None TEU=None status=error
[group 2 1411/1900] FENG YUAN 086 -> code=None IMO=None TEU=None status=error
[group 2 1412/1900] FENG YUAN 088 -> code=None IMO=None TEU=None status=error
[group 2 1413/1900] FENG YUAN 3088 -> code=None IMO=None TEU=None status=error
[group 2 1414/1900] FENG YUAN 3333 -> code=None IMO=None TEU=None status=error
[group 2 1415/1900] FENG YUAN 6098 -> code=None IMO=None TEU=None status=error
[group 2 1416/1900] FENG YUAN 6189 -> code=None IMO=None TEU=None status=error
[group 2 1417/1900] FENG YUAN 653 -> code=None IMO=None TEU=None status=error
[group 2 1418/1900] FENG YUAN 668 -> code=None IMO=None TEU=None status=error
[group 2 1419/1900] FENG YUAN 7838 -> code=None IMO=None TEU=None status=error
[group 2 1420/1900] FENG YUAN 813 -> code=None IMO=None TEU=None status=error
[group 2 1421/1900] FENG YUAN 866 -> code=None IMO=None TEU=None status=error
[group 2 1422/1900] FENG YUAN 889 -> code=None IMO=None TEU=None status=error
[group 2 1423/1900] FENG YUAN 968 -> code=None IMO=None TEU=None status=error
[group 2 1424/1900] FENG YUN 333 -> code=None IMO=None TEU=None status=error
[group 2 1425/1900] FENG ZE YUAN -> code=None IMO=None TEU=None status=error
[group 2 1426/1900] FENGDA1HAO -> code=None IMO=None TEU=None status=error
[group 2 1427/1900] FENGSHUN 66 -> code=None IMO=None TEU=None status=error
[group 2 1428/1900] FENGSHUN 69 -> code=None IMO=None TEU=None status=error
[group 2 1429/1900] FENGSHUN199 -> code=None IMO=None TEU=None status=error
[group 2 1430/1900] FENGSHUN699 -> code=None IMO=None TEU=None status=error
[group 2 1431/1900] FENGSHUN89 -> code=None IMO=None TEU=None status=error
[group 2 1432/1900] FENGSHUNXIANGHE -> code=None IMO=None TEU=None status=error
[group 2 1433/1900] FENGXINDA27 -> code=None IMO=None TEU=None status=error
[group 2 1434/1900] FENGYE26 -> code=None IMO=None TEU=None status=error
[group 2 1435/1900] FENGYE28 -> code=None IMO=None TEU=None status=error
[group 2 1436/1900] FENGYUAN8998 -> code=None IMO=None TEU=None status=error
[group 2 1437/1900] FENGYUNHE -> code=None IMO=None TEU=None status=error
[group 2 1438/1900] FENJA -> code=None IMO=None TEU=None status=error
[group 2 1439/1900] FENJA.. -> code=None IMO=None TEU=None status=error
[group 2 1440/1900] FENYANGYIHAO -> code=None IMO=None TEU=None status=error
[group 2 1441/1900] FESCO ALTAY -> code=None IMO=None TEU=None status=error
[group 2 1442/1900] FESCO ARGUN -> code=None IMO=None TEU=None status=error
[group 2 1443/1900] FESCO ASKOLD -> code=None IMO=None TEU=None status=error
[group 2 1444/1900] FESCO DALNEGORSK -> code=None IMO=None TEU=None status=error
[group 2 1445/1900] FESCO TRADER -> code=None IMO=None TEU=None status=error
[group 2 1446/1900] FIDUCIA -> code=None IMO=None TEU=None status=error
[group 2 1447/1900] FILIA T -> code=None IMO=None TEU=None status=error
[group 2 1448/1900] FILIPPA -> code=None IMO=None TEU=None status=error
[group 2 1449/1900] FIONA -> code=None IMO=None TEU=None status=error
[group 2 1450/1900] FIRGO 1 -> code=None IMO=None TEU=None status=error
[group 2 1451/1900] FLAMENGO -> code=None IMO=None TEU=None status=error
[group 2 1452/1900] FLEUR N.. -> code=None IMO=None TEU=None status=error
[group 2 1453/1900] FLEVODIJK -> code=None IMO=None TEU=None status=error
[group 2 1454/1900] FLINTERCOAST -> code=None IMO=None TEU=None status=error
[group 2 1455/1900] FLOATA NO.1 -> code=None IMO=None TEU=None status=error
[group 2 1456/1900] FLOATA NO.92 -> code=None IMO=None TEU=None status=error
[group 2 1457/1900] FLORENTIA -> code=None IMO=None TEU=None status=error
[group 2 1458/1900] FLORES STRAIT -> code=None IMO=None TEU=None status=error
[group 2 1459/1900] FO HANG 1001 -> code=None IMO=None TEU=None status=error
[group 2 1460/1900] FO HANG 1002 -> code=None IMO=None TEU=None status=error
[group 2 1461/1900] FO HANG 1003 -> code=None IMO=None TEU=None status=error
[group 2 1462/1900] FO HANG 1004 -> code=None IMO=None TEU=None status=error
[group 2 1463/1900] FO HANG 13 HAO -> code=None IMO=None TEU=None status=error
[group 2 1464/1900] FO HANG 2008 -> code=None IMO=None TEU=None status=error
[group 2 1465/1900] FO HANG 528 -> code=None IMO=None TEU=None status=error
[group 2 1466/1900] FO HANG 838 -> code=None IMO=None TEU=None status=error
[group 2 1467/1900] FO HANG 868 -> code=None IMO=None TEU=None status=error
[group 2 1468/1900] FO HANG 898 -> code=None IMO=None TEU=None status=error
[group 2 1469/1900] FO HANG 903 -> code=None IMO=None TEU=None status=error
[group 2 1470/1900] FO HANG 906 -> code=None IMO=None TEU=None status=error
[group 2 1471/1900] FO HANG 908 -> code=None IMO=None TEU=None status=error
[group 2 1472/1900] FO HANG 923 -> code=None IMO=None TEU=None status=error
[group 2 1473/1900] FO HANG 926 -> code=None IMO=None TEU=None status=error
[group 2 1474/1900] FO HANG 928 -> code=None IMO=None TEU=None status=error
[group 2 1475/1900] FO HANG 930 -> code=None IMO=None TEU=None status=error
[group 2 1476/1900] FO HANG 932 -> code=None IMO=None TEU=None status=error
[group 2 1477/1900] FO HANG 933 -> code=None IMO=None TEU=None status=error
[group 2 1478/1900] FO SHAN 1 HAO -> code=None IMO=None TEU=None status=error
[group 2 1479/1900] FO SHAN 10 HAO -> code=None IMO=None TEU=None status=error
[group 2 1480/1900] FO SHAN 11 HAO -> code=None IMO=None TEU=None status=error
[group 2 1481/1900] FO SHAN 12 HAO -> code=None IMO=None TEU=None status=error
[group 2 1482/1900] FO SHAN 13 HAO -> code=None IMO=None TEU=None status=error
[group 2 1483/1900] FO SHAN 5 HAO -> code=None IMO=None TEU=None status=error
[group 2 1484/1900] FO SHAN 6 HAO -> code=None IMO=None TEU=None status=error
[group 2 1485/1900] FO SHAN 7 HAO -> code=None IMO=None TEU=None status=error
[group 2 1486/1900] FO SHAN 8 HAO -> code=None IMO=None TEU=None status=error
[group 2 1487/1900] FO SHAN 9 HAO -> code=None IMO=None TEU=None status=error
[group 2 1488/1900] FOLEGANDROS -> code=None IMO=None TEU=None status=error
[group 2 1489/1900] FOLK JAZAN -> code=None IMO=None TEU=None status=error
[group 2 1490/1900] FORMOSA CONTAINER NO.4 -> code=None IMO=None TEU=None status=error
[group 2 1491/1900] FORTUNE -> code=None IMO=None TEU=None status=error
[group 2 1492/1900] FORTUNE FREIGHTER -> code=None IMO=None TEU=None status=error
[group 2 1493/1900] FORTUNE NAVIGATOR -> code=None IMO=None TEU=None status=error
[group 2 1494/1900] FORTUNIA -> code=None IMO=None TEU=None status=error
[group 2 1495/1900] FOULK -> code=None IMO=None TEU=None status=error
[group 2 1496/1900] FOUMA -> code=None IMO=None TEU=None status=error
[group 2 1497/1900] FOWAIRET -> code=None IMO=None TEU=None status=error
[group 2 1498/1900] FRANCE -> code=None IMO=None TEU=None status=error
[group 2 1499/1900] FRANCISCA SCHULTE -> code=None IMO=None TEU=None status=error
[group 2 1500/1900] FRANCONIA -> code=None IMO=None TEU=None status=error
[group 2 1501/1900] FRANCOP -> code=None IMO=None TEU=None status=error
[group 2 1502/1900] FRANKLIN STRAIT -> code=None IMO=None TEU=None status=error
[group 2 1503/1900] FRED -> code=None IMO=None TEU=None status=error
[group 2 1504/1900] FREDERIK -> code=None IMO=None TEU=None status=error
[group 2 1505/1900] FREYA -> code=None IMO=None TEU=None status=error
[group 2 1506/1900] FREYJA W -> code=None IMO=None TEU=None status=error
[group 2 1507/1900] FRIDA SCHULTE -> code=None IMO=None TEU=None status=error
[group 2 1508/1900] FRIGGE W -> code=None IMO=None TEU=None status=error
[group 2 1509/1900] FRISIA ALSTER -> code=None IMO=None TEU=None status=error
[group 2 1510/1900] FRISIA GOTEBORG -> code=None IMO=None TEU=None status=error
[group 2 1511/1900] FRISIA HELSINKI -> code=None IMO=None TEU=None status=error
[group 2 1512/1900] FRISIA ILLER -> code=None IMO=None TEU=None status=error
[group 2 1513/1900] FRISIA KIEL -> code=None IMO=None TEU=None status=error
[group 2 1514/1900] FRISIA NUERNBERG -> code=None IMO=None TEU=None status=error
[group 2 1515/1900] FRISIAN PIONEER -> code=None IMO=None TEU=None status=error
[group 2 1516/1900] FSL BUSAN -> code=None IMO=None TEU=None status=error
[group 2 1517/1900] FSL KELANG -> code=None IMO=None TEU=None status=error
[group 2 1518/1900] FSL SANTOS -> code=None IMO=None TEU=None status=error
[group 2 1519/1900] FSL SINGAPORE -> code=None IMO=None TEU=None status=error
[group 2 1520/1900] FU AN 0005 -> code=None IMO=None TEU=None status=error
[group 2 1521/1900] FU AN 0068 -> code=None IMO=None TEU=None status=error
[group 2 1522/1900] FU AN 228 -> code=None IMO=None TEU=None status=error
[group 2 1523/1900] FU AN 268 -> code=None IMO=None TEU=None status=error
[group 2 1524/1900] FU AN 283 -> code=None IMO=None TEU=None status=error
[group 2 1525/1900] FU AN 383 -> code=None IMO=None TEU=None status=error
[group 2 1526/1900] FU AN 398 -> code=None IMO=None TEU=None status=error
[group 2 1527/1900] FU AN 399 -> code=None IMO=None TEU=None status=error
[group 2 1528/1900] FU AN 666 -> code=None IMO=None TEU=None status=error
[group 2 1529/1900] FU AN 688 -> code=None IMO=None TEU=None status=error
[group 2 1530/1900] FU AN 8 -> code=None IMO=None TEU=None status=error
[group 2 1531/1900] FU AN 837 -> code=None IMO=None TEU=None status=error
[group 2 1532/1900] FU AN 866 -> code=None IMO=None TEU=None status=error
[group 2 1533/1900] FU AN 918 -> code=None IMO=None TEU=None status=error
[group 2 1534/1900] FU AN 928 -> code=None IMO=None TEU=None status=error
[group 2 1535/1900] FU AN 998 -> code=None IMO=None TEU=None status=error
[group 2 1536/1900] FU DE 2688 -> code=None IMO=None TEU=None status=error
[group 2 1537/1900] FU DE 5789 -> code=None IMO=None TEU=None status=error
[group 2 1538/1900] FU DE 6189 -> code=None IMO=None TEU=None status=error
[group 2 1539/1900] FU DE 6689 -> code=None IMO=None TEU=None status=error
[group 2 1540/1900] FU FENG -> code=None IMO=None TEU=None status=error
[group 2 1541/1900] FU FENG SHAN -> code=None IMO=None TEU=None status=error
[group 2 1542/1900] FU HANG 2358 -> code=None IMO=None TEU=None status=error
[group 2 1543/1900] FU HANG 663 -> code=None IMO=None TEU=None status=error
[group 2 1544/1900] FU HANG 8868 -> code=None IMO=None TEU=None status=error
[group 2 1545/1900] FU HENG -> code=None IMO=None TEU=None status=error
[group 2 1546/1900] FU JUN HENG TONG -> code=None IMO=None TEU=None status=error
[group 2 1547/1900] FU JUN RONG XING -> code=None IMO=None TEU=None status=error
[group 2 1548/1900] FU KANG 1 -> code=None IMO=None TEU=None status=error
[group 2 1549/1900] FU LI 222 -> code=None IMO=None TEU=None status=error
[group 2 1550/1900] FU LI 288 -> code=None IMO=None TEU=None status=error
[group 2 1551/1900] FU LI 298 -> code=None IMO=None TEU=None status=error
[group 2 1552/1900] FU LI 306 -> code=None IMO=None TEU=None status=error
[group 2 1553/1900] FU LI 308 -> code=None IMO=None TEU=None status=error
[group 2 1554/1900] FU LI 318 -> code=None IMO=None TEU=None status=error
[group 2 1555/1900] FU LI 328 -> code=None IMO=None TEU=None status=error
[group 2 1556/1900] FU LI 329 -> code=None IMO=None TEU=None status=error
[group 2 1557/1900] FU LI 358 -> code=None IMO=None TEU=None status=error
[group 2 1558/1900] FU LI 368 -> code=None IMO=None TEU=None status=error
[group 2 1559/1900] FU LI 388 -> code=None IMO=None TEU=None status=error
[group 2 1560/1900] FU LI 398 -> code=None IMO=None TEU=None status=error
[group 2 1561/1900] FU LI 518 -> code=None IMO=None TEU=None status=error
[group 2 1562/1900] FU LI 538 -> code=None IMO=None TEU=None status=error
[group 2 1563/1900] FU LI 558 -> code=None IMO=None TEU=None status=error
[group 2 1564/1900] FU LI 568 -> code=None IMO=None TEU=None status=error
[group 2 1565/1900] FU LI 588 -> code=None IMO=None TEU=None status=error
[group 2 1566/1900] FU LI 598 -> code=None IMO=None TEU=None status=error
[group 2 1567/1900] FU LI 628 -> code=None IMO=None TEU=None status=error
[group 2 1568/1900] FU LI 698 -> code=None IMO=None TEU=None status=error
[group 2 1569/1900] FU LI 828 -> code=None IMO=None TEU=None status=error
[group 2 1570/1900] FU LI 838 -> code=None IMO=None TEU=None status=error
[group 2 1571/1900] FU LI 868 -> code=None IMO=None TEU=None status=error
[group 2 1572/1900] FU LI 888 -> code=None IMO=None TEU=None status=error
[group 2 1573/1900] FU LI 89 -> code=None IMO=None TEU=None status=error
[group 2 1574/1900] FU LI 898 -> code=None IMO=None TEU=None status=error
[group 2 1575/1900] FU LI 968 -> code=None IMO=None TEU=None status=error
[group 2 1576/1900] FU LI 98 -> code=None IMO=None TEU=None status=error
[group 2 1577/1900] FU LI 99 -> code=None IMO=None TEU=None status=error
[group 2 1578/1900] FU RONG SONG -> code=None IMO=None TEU=None status=error
[group 2 1579/1900] FU RUN 666 -> code=None IMO=None TEU=None status=error
[group 2 1580/1900] FU SHENG 19 -> code=None IMO=None TEU=None status=error
[group 2 1581/1900] FU SHUN 6818 -> code=None IMO=None TEU=None status=error
[group 2 1582/1900] FU SHUN 8298 -> code=None IMO=None TEU=None status=error
[group 2 1583/1900] FU SHUN 855 -> code=None IMO=None TEU=None status=error
[group 2 1584/1900] FU TAI -> code=None IMO=None TEU=None status=error
[group 2 1585/1900] FU XIN 9 -> code=None IMO=None TEU=None status=error
[group 2 1586/1900] FU XIN LAN HAI -> code=None IMO=None TEU=None status=error
[group 2 1587/1900] FU XING DA 1 -> code=None IMO=None TEU=None status=error
[group 2 1588/1900] FU XING DA 2 -> code=None IMO=None TEU=None status=error
[group 2 1589/1900] FU XING DA 68 -> code=None IMO=None TEU=None status=error
[group 2 1590/1900] FU XING DA 8 -> code=None IMO=None TEU=None status=error
[group 2 1591/1900] FU XING DA 9 -> code=None IMO=None TEU=None status=error
[group 2 1592/1900] FU YE 688 -> code=None IMO=None TEU=None status=error
[group 2 1593/1900] FU YU LUN -> code=None IMO=None TEU=None status=error
[group 2 1594/1900] FU YUE 006 -> code=None IMO=None TEU=None status=error
[group 2 1595/1900] FU YUE 058 -> code=None IMO=None TEU=None status=error
[group 2 1596/1900] FU YUE 1 HAO -> code=None IMO=None TEU=None status=error
[group 2 1597/1900] FU YUE 108 -> code=None IMO=None TEU=None status=error
[group 2 1598/1900] FU YUE 118 -> code=None IMO=None TEU=None status=error
[group 2 1599/1900] FU YUE 128 -> code=None IMO=None TEU=None status=error
[group 2 1600/1900] FU YUE 228 -> code=None IMO=None TEU=None status=error
[group 2 1601/1900] FU YUE 268 -> code=None IMO=None TEU=None status=error
[group 2 1602/1900] FU YUE 333 -> code=None IMO=None TEU=None status=error
[group 2 1603/1900] FU YUE 388 -> code=None IMO=None TEU=None status=error
[group 2 1604/1900] FU YUE 398 -> code=None IMO=None TEU=None status=error
[group 2 1605/1900] FU YUE 399 -> code=None IMO=None TEU=None status=error
[group 2 1606/1900] FU YUE 618 -> code=None IMO=None TEU=None status=error
[group 2 1607/1900] FU YUE 666 -> code=None IMO=None TEU=None status=error
[group 2 1608/1900] FU YUE 668 -> code=None IMO=None TEU=None status=error
[group 2 1609/1900] FU YUE 688 -> code=None IMO=None TEU=None status=error
[group 2 1610/1900] FU YUE 888 -> code=None IMO=None TEU=None status=error
[group 2 1611/1900] FU YUE 999 -> code=None IMO=None TEU=None status=error
[group 2 1612/1900] FUFA666 -> code=None IMO=None TEU=None status=error
[group 2 1613/1900] FUFA999 -> code=None IMO=None TEU=None status=error
[group 2 1614/1900] FUGANG801 -> code=None IMO=None TEU=None status=error
[group 2 1615/1900] FUGANG802 -> code=None IMO=None TEU=None status=error
[group 2 1616/1900] FUGANG803 -> code=None IMO=None TEU=None status=error
[group 2 1617/1900] FUGANG805 -> code=None IMO=None TEU=None status=error
[group 2 1618/1900] FUGANG806 -> code=None IMO=None TEU=None status=error
[group 2 1619/1900] FUGANG807 -> code=None IMO=None TEU=None status=error
[group 2 1620/1900] FUGANG808 -> code=None IMO=None TEU=None status=error
[group 2 1621/1900] FUGANG809 -> code=None IMO=None TEU=None status=error
[group 2 1622/1900] FUGANG810 -> code=None IMO=None TEU=None status=error
[group 2 1623/1900] FUGANG811 -> code=None IMO=None TEU=None status=error
[group 2 1624/1900] FUGANG812 -> code=None IMO=None TEU=None status=error
[group 2 1625/1900] FUGANG813 -> code=None IMO=None TEU=None status=error
[group 2 1626/1900] FUGANG815 -> code=None IMO=None TEU=None status=error
[group 2 1627/1900] FUGANG816 -> code=None IMO=None TEU=None status=error
[group 2 1628/1900] FUGANG818 -> code=None IMO=None TEU=None status=error
