[group 19 1/878] XINYANGSHAN1 -> code=YTG IMO=9999996 TEU=None status=detail_no_teu
[group 19 2/878] XINYIYANG7 -> code=2I6 IMO=9999996 TEU=None status=detail_no_teu
[group 19 3/878] XINYU9999 -> code=2BF IMO=9999996 TEU=None status=detail_no_teu
[group 19 5/878] XINYUANHE8 -> code=VI1 IMO=9999996 TEU=None status=detail_no_teu
[group 19 6/878] XINYUANHE9 -> code=2U6 IMO=9999996 TEU=None status=detail_no_teu
[group 19 7/878] XINYUANJI008 -> code=2WC IMO=9999996 TEU=None status=detail_no_teu
[group 19 8/878] XINYUANYONGYI -> code=2UH IMO=9999996 TEU=None status=detail_no_teu
[group 19 9/878] XINZHONGHENG18 -> code=V6D IMO=9999996 TEU=None status=detail_no_teu
[group 19 10/878] XINZHOUFAZHAN -> code=VV8 IMO=9999996 TEU=None status=detail_no_teu
[group 19 11/878] XIN\xa0CHANG\xa0FENG\xa0007 -> code=D4I IMO=9999996 TEU=None status=detail_no_teu
[group 19 12/878] XIN\xa0OU -> code=DFP IMO=9999996 TEU=None status=detail_no_teu
[group 19 13/878] XIOAHANGJI008 -> code=VMV IMO=6864488 TEU=None status=detail_no_teu
[group 19 18/878] XO LUCKY -> code=BFM IMO=9905679 TEU=None status=detail_no_teu
[group 19 19/878] XPRES MAKALU -> code=AFT IMO=99999996 TEU=None status=detail_no_teu
[group 19 20/878] XPRES RESOLVE -> code=AFQ IMO=99999996 TEU=None status=detail_no_teu
[group 19 21/878] XPRESS EUPHRATES -> code=EPH IMO=9311737 TEU=None status=detail_no_teu
[group 19 24/878] XPRESS MONTEBIANCO -> code=UG3 IMO=9276341 TEU=None status=detail_no_teu
[group 19 26/878] XPRESS SINGAPORE -> code=AA6 IMO=99999996 TEU=None status=detail_no_teu
[group 19 27/878] XU CHEN -> code=D17 IMO=9999996 TEU=None status=detail_no_teu
[group 19 28/878] XU TONG JI 10 -> code=YLQ IMO=99999996 TEU=None status=detail_no_teu
[group 19 29/878] XU TONG JI 9 -> code=YGI IMO=99999996 TEU=None status=detail_no_teu
[group 19 30/878] XUAN TENG JI YUN -> code=BJK IMO=1023164 TEU=None status=detail_no_teu
[group 19 31/878] XUAN TENG RUN HE -> code=MLO IMO=9999996 TEU=None status=detail_no_teu
[group 19 32/878] XUAN TENG YU SHUN -> code=2N6 IMO=9999996 TEU=None status=detail_no_teu
[group 19 33/878] XUAN YANG -> code=YPF IMO=99999996 TEU=None status=detail_no_teu
[group 19 36/878] XUANHAOJIYUN -> code=2EZ IMO=9999996 TEU=None status=detail_no_teu
[group 19 37/878] XUANHAOYOUYI -> code=2XL IMO=9999996 TEU=None status=detail_no_teu
[group 19 39/878] XUDONGFANG06 -> code=VFW IMO=9988866 TEU=None status=detail_no_teu
[group 19 40/878] XUE YOU YANG SHAN -> code=F5F IMO=4135577 TEU=816 status=ok
[group 19 42/878] XURI518 -> code=VTZ IMO=999999 TEU=None status=detail_no_teu
[group 19 43/878] XURICHENGUANG -> code=2Y9 IMO=9999996 TEU=None status=detail_no_teu
[group 19 44/878] XUSHUNJI7 -> code=VTA IMO=999999 TEU=None status=detail_no_teu
[group 19 45/878] XUSHUNJI8 -> code=VY8 IMO=999999 TEU=None status=detail_no_teu
[group 19 46/878] XUTONGJI 6 -> code=YL9 IMO=9999996 TEU=None status=detail_no_teu
[group 19 47/878] XUTONGJI 8 -> code=YM0 IMO=9999996 TEU=None status=detail_no_teu
[group 19 48/878] XUTONGJI111 -> code=YHP IMO=99999996 TEU=None status=detail_no_teu
[group 19 49/878] XUTONGJI18 -> code=YIU IMO=9999996 TEU=None status=detail_no_teu
[group 19 50/878] XUTONGJI28 -> code=VLD IMO=8686678 TEU=None status=detail_no_teu
[group 19 51/878] XUTONGJI66 -> code=VIY IMO=8969997 TEU=None status=detail_no_teu
[group 19 52/878] XUTRA BHUM -> code=AIH IMO=9308675 TEU=None status=detail_no_teu
[group 19 53/878] XX -> code=CLD IMO=566432000 TEU=None status=detail_no_teu
[group 19 56/878] XXXX SCHULTE -> code=Q45 IMO=9330537 TEU=None status=detail_no_teu
[group 19 57/878] XXXXX -> code=UR5 IMO=9999997 TEU=None status=detail_no_teu
[group 19 60/878] XXXXXXX1 -> code=RPV IMO=9999996 TEU=None status=detail_no_teu
[group 19 61/878] XXXXXXXX -> code=AU0 IMO=99999996 TEU=None status=detail_no_teu
[group 19 63/878] XXXXXXXXXXX -> code=RYH IMO=9999999 TEU=None status=detail_no_teu
[group 19 64/878] XXXXXXXXXXXXXXXXX -> code=AWU IMO=99999996 TEU=None status=detail_no_teu
[group 19 65/878] XXXXXXXXXXXXXXXXXXXXXX -> code=AZT IMO=9999996 TEU=None status=detail_no_teu
[group 19 66/878] XXYJ.0318 -> code=YP8 IMO=99999996 TEU=None status=detail_no_teu
[group 19 70/878] YA NUO 6610 -> code=L24 IMO=1 TEU=None status=detail_no_teu
[group 19 71/878] YA NUO 6616 -> code=Z5A IMO=1 TEU=None status=detail_no_teu
[group 19 72/878] YA NUO 988 -> code=W1H IMO=20151029 TEU=None status=detail_no_teu
[group 19 73/878] YAKOOT -> code=UJ4 IMO=9143790 TEU=None status=detail_no_teu
[group 19 74/878] YALIANJI001 -> code=2IZ IMO=9999996 TEU=None status=detail_no_teu
[group 19 75/878] YALIANJI006 -> code=2YH IMO=9999996 TEU=None status=detail_no_teu
[group 19 76/878] YAMUNA -> code=A2L IMO=999999996 TEU=None status=detail_no_teu
[group 19 78/878] YAN JIANG 1 HAO -> code=L85 IMO=1 TEU=None status=detail_no_teu
[group 19 80/878] YAN ZHAN 222 -> code=DIY IMO=9999996 TEU=3004 status=ok
[group 19 85/878] YAN ZHAN 37 -> code=FAB IMO=9999996 TEU=None status=detail_no_teu
[group 19 86/878] YAN ZHAN 6 -> code=S6W IMO=999696969 TEU=None status=detail_no_teu
[group 19 89/878] YAN ZHAN 82 -> code=VWT IMO=9999996 TEU=None status=detail_no_teu
[group 19 90/878] YAN ZHAN 92 -> code=D93 IMO=9999996 TEU=1976 status=ok
[group 19 92/878] YANG GUANG -> code=A5R IMO=9399117 TEU=None status=detail_no_teu
[group 19 93/878] YANG JI LUN 5 HAO -> code=YW2 IMO=9999999 TEU=None status=detail_no_teu
[group 19 95/878] YANG SHAN JI 01 -> code=DBZ IMO=9999996 TEU=None status=detail_no_teu
[group 19 97/878] YANG XIAN 9 -> code=YFY IMO=99999996 TEU=None status=detail_no_teu
[group 19 98/878] YANG XIAN CHANG FA -> code=YJ2 IMO=9999996 TEU=None status=detail_no_teu
[group 19 100/878] YANGHAIJI666 -> code=2L1 IMO=9999996 TEU=None status=detail_no_teu
[group 19 101/878] YANGJI 16 -> code=RLD IMO=9999996 TEU=None status=detail_no_teu
[group 19 102/878] YANGJI2 -> code=RLH IMO=9999996 TEU=None status=detail_no_teu
[group 19 103/878] YANGJI26HAO -> code=YLA IMO=99999996 TEU=None status=detail_no_teu
[group 19 104/878] YANGJILUN16 -> code=YHH IMO=9999996 TEU=None status=detail_no_teu
[group 19 106/878] YANGTZE RIVER -> code=GTZ IMO=9330862 TEU=None status=detail_no_teu
[group 19 107/878] YANGTZE STAR -> code=SUE IMO=9999996 TEU=None status=detail_no_teu
[group 19 108/878] YANGXIANFENFA -> code=YD1 IMO=9999996 TEU=None status=detail_no_teu
[group 19 109/878] YANHUANENGJI6666 -> code=VPA IMO=9999996 TEU=None status=detail_no_teu
[group 19 110/878] YANTIAN -> code=NSW IMO=9305594 TEU=9469 status=ok
[group 19 113/878] YANTIAN TO ZHANJIANG -> code=LRR IMO=9999996 TEU=None status=detail_no_teu
[group 19 115/878] YAO WAH 2 -> code=ZLL IMO=9999996 TEU=None status=detail_no_teu
[group 19 117/878] YAXING 6 -> code=YES IMO=None TEU=None status=detail_no_teu
[group 19 118/878] YAXING6HAO -> code=YS5 IMO=9999996 TEU=None status=detail_no_teu
[group 19 119/878] YC BARRIER -> code=NCI IMO=9151917 TEU=None status=detail_no_teu
[group 19 120/878] YE DA 12 -> code=NGQ IMO=413496170 TEU=None status=detail_no_teu
[group 19 121/878] YE DA 6 -> code=L87 IMO=1 TEU=None status=detail_no_teu
[group 19 124/878] YE SHAN 3 -> code=ZKD IMO=99999996 TEU=None status=detail_no_teu
[group 19 125/878] YE SHAN 5 -> code=XP7 IMO=99999996 TEU=None status=detail_no_teu
[group 19 126/878] YEDA 11 -> code=NCV IMO=412477080 TEU=None status=detail_no_teu
[group 19 127/878] YEDA 58 -> code=NCT IMO=413489010 TEU=None status=detail_no_teu
[group 19 129/878] YEM NUMBER ONE -> code=ZM1 IMO=9999996 TEU=None status=detail_no_teu
[group 19 130/878] YEM NUMBER TWO -> code=ZM2 IMO=9999996 TEU=None status=detail_no_teu
[group 19 131/878] YEOSU VOYAGER -> code=DAC IMO=9963138 TEU=None status=detail_no_teu
[group 19 133/878] YI CHENG 1 -> code=QUF IMO=99999996 TEU=None status=detail_no_teu
[group 19 138/878] YI FAN FENG SHUN 298 -> code=L93 IMO=1 TEU=None status=detail_no_teu
[group 19 139/878] YI FAN FENG SHUN 688 -> code=Z2N IMO=1 TEU=None status=detail_no_teu
[group 19 140/878] YI FENG -> code=SMM IMO=6325146 TEU=357 status=ok
[group 19 141/878] YI FENG 06 -> code=LNF IMO=9999996 TEU=None status=detail_no_teu
[group 19 142/878] YI FENG 09 -> code=LPG IMO=9999996 TEU=None status=detail_no_teu
[group 19 143/878] YI FENG 128 -> code=O26 IMO=9999996 TEU=None status=detail_no_teu
[group 19 144/878] YI FENG 178 -> code=OHE IMO=9999996 TEU=None status=detail_no_teu
[group 19 146/878] YI FENG 222 -> code=LUQ IMO=9999996 TEU=None status=detail_no_teu
[group 19 147/878] YI FENG 638 -> code=OAY IMO=9999996 TEU=None status=detail_no_teu
[group 19 150/878] YI FENG 888 -> code=LUK IMO=9999996 TEU=None status=detail_no_teu
[group 19 154/878] YI HANG 118 -> code=LTA IMO=9999996 TEU=None status=detail_no_teu
[group 19 155/878] YI HANG 12 -> code=OSA IMO=9999996 TEU=None status=detail_no_teu
[group 19 157/878] YI HANG 168 -> code=LVN IMO=9999996 TEU=None status=detail_no_teu
[group 19 158/878] YI HANG 318 -> code=Z8P IMO=20170918 TEU=None status=detail_no_teu
[group 19 159/878] YI HANG 328 -> code=Z8R IMO=9999996 TEU=None status=detail_no_teu
[group 19 160/878] YI HANG 338 -> code=B61 IMO=9999996 TEU=None status=detail_no_teu
[group 19 161/878] YI HANG 388 -> code=LZ1 IMO=9999996 TEU=None status=detail_no_teu
[group 19 162/878] YI HANG 618 -> code=B21 IMO=9999996 TEU=None status=detail_no_teu
[group 19 163/878] YI HANG 628 -> code=L18 IMO=1 TEU=None status=detail_no_teu
[group 19 164/878] YI HANG 638 -> code=B13 IMO=20171229 TEU=None status=detail_no_teu
[group 19 165/878] YI HANG 663 -> code=WYX IMO=20150803000 TEU=None status=detail_no_teu
[group 19 166/878] YI HANG 668 -> code=B19 IMO=9999996 TEU=None status=detail_no_teu
[group 19 167/878] YI HANG 688 -> code=B51 IMO=9999996 TEU=None status=detail_no_teu
[group 19 169/878] YI SHUN 6289 -> code=LP6 IMO=9999996 TEU=None status=detail_no_teu
[group 19 170/878] YI YANG 605 -> code=LPA IMO=9999996 TEU=None status=detail_no_teu
[group 19 171/878] YI YANG 606 -> code=LMF IMO=9999996 TEU=None status=detail_no_teu
[group 19 173/878] YI YUN -> code=QFG IMO=58585756757 TEU=None status=detail_no_teu
[group 19 174/878] YICHANGGUOYU01 -> code=YL2 IMO=99999996 TEU=None status=detail_no_teu
[group 19 175/878] YICHANGGUOYU03 -> code=YAE IMO=99999996 TEU=None status=detail_no_teu
[group 19 176/878] YICHANGGUOYU05 -> code=YGK IMO=99999996 TEU=None status=detail_no_teu
[group 19 177/878] YICHANGGUOYU07 -> code=YEN IMO=99999996 TEU=None status=detail_no_teu
[group 19 179/878] YIGANGJI002 -> code=V5R IMO=9999996 TEU=None status=detail_no_teu
[group 19 180/878] YIGANGJI003 -> code=2A5 IMO=9999996 TEU=None status=detail_no_teu
[group 19 181/878] YIGANGJI005 -> code=2L0 IMO=9999996 TEU=None status=detail_no_teu
[group 19 182/878] YIGANGJI008 -> code=2CQ IMO=9999996 TEU=None status=detail_no_teu
[group 19 183/878] YIGANGJI009 -> code=2KB IMO=9999996 TEU=None status=detail_no_teu
[group 19 184/878] YIGANGJI016 -> code=2DP IMO=9999996 TEU=None status=detail_no_teu
[group 19 185/878] YIGITCAN A -> code=PH2 IMO=92380 TEU=None status=detail_no_teu
[group 19 186/878] YIHANGLANTIAN01 -> code=21F IMO=9999996 TEU=None status=detail_no_teu
[group 19 187/878] YIHANGLANTIAN02 -> code=21G IMO=9999996 TEU=None status=detail_no_teu
[group 19 188/878] YIKUNHECHUANG -> code=2CV IMO=9999996 TEU=None status=detail_no_teu
[group 19 189/878] YIN HANG 168 -> code=LGL IMO=9999996 TEU=None status=detail_no_teu
[group 19 190/878] YIN HE -> code=CKG IMO=99999996 TEU=1328 status=ok
[group 19 191/878] YIN LING -> code=ZGQ IMO=99999996 TEU=None status=detail_no_teu
[group 19 192/878] YIN SHENG 3 -> code=WRT IMO=9999996 TEU=None status=detail_no_teu
[group 19 193/878] YING CHUN HUA -> code=LF5 IMO=9999996 TEU=None status=detail_no_teu
[group 19 194/878] YING DE 1 HAO -> code=W0Y IMO=20160725 TEU=None status=detail_no_teu
[group 19 195/878] YING GAO 311 -> code=XRN IMO=9999996 TEU=None status=detail_no_teu
[group 19 196/878] YING GAO 312 -> code=XRO IMO=5200550183 TEU=None status=detail_no_teu
[group 19 200/878] YING HAI 77 -> code=FAM IMO=9999996 TEU=686 status=ok
[group 19 201/878] YING HAI 8 -> code=F30 IMO=1111222 TEU=None status=detail_no_teu
[group 19 202/878] YING HAI CHANG -> code=QX4 IMO=868559568 TEU=None status=detail_no_teu
[group 19 203/878] YING HAO 87 -> code=ZBR IMO=99999996 TEU=None status=detail_no_teu
[group 19 204/878] YING SHAN -> code=Y07 IMO=99999996 TEU=None status=detail_no_teu
[group 19 205/878] YING TAI 919 -> code=OV6 IMO=9999996 TEU=None status=detail_no_teu
[group 19 206/878] YING WEI 18 -> code=X22 IMO=99999996 TEU=None status=detail_no_teu
[group 19 207/878] YING WEI 26 -> code=WF2 IMO=9999996 TEU=None status=detail_no_teu
[group 19 208/878] YING WEI 28 -> code=X32 IMO=9999996 TEU=None status=detail_no_teu
[group 19 209/878] YING WEI 6 -> code=ZKR IMO=99999996 TEU=None status=detail_no_teu
[group 19 210/878] YING XIANG 009 -> code=MWB IMO=9999996 TEU=738 status=ok
[group 19 211/878] YINGHAI28 -> code=F7H IMO=8989480 TEU=None status=detail_no_teu
[group 19 212/878] YINGHEJINXIU -> code=2RD IMO=9999996 TEU=None status=detail_no_teu
[group 19 213/878] YINGHEXINXIU -> code=2MT IMO=9999996 TEU=None status=detail_no_teu
[group 19 214/878] YINGHEZHIXING -> code=2PC IMO=9999996 TEU=None status=detail_no_teu
[group 19 220/878] YM CAPACITY -> code=NWF IMO=9864540 TEU=2940 status=ok
[group 19 230/878] YM COSMOS -> code=SKO IMO=9198288 TEU=5551 status=ok
[group 19 232/878] YM CREDIBILITY -> code=NTI IMO=9864564 TEU=None status=detail_no_teu
[group 19 234/878] YM DUBAI -> code=SYF IMO=9999996 TEU=None status=detail_no_teu
[group 19 240/878] YM ETERNITY -> code=RXT IMO=9353292 TEU=4218 status=ok
[group 19 250/878] YM GREEN -> code=SKJ IMO=9224491 TEU=5551 status=ok
[group 19 260/878] YM IDEALS -> code=SRP IMO=9319129 TEU=1805 status=ok
[group 19 268/878] YM INSTRUCTION -> code=A2Z IMO=9331086 TEU=None status=detail_no_teu
[group 19 270/878] YM INTERACTION -> code=R62 IMO=9333993 TEU=1805 status=ok
[group 19 280/878] YM MERSIN -> code=RFO IMO=9999999 TEU=None status=detail_no_teu
[group 19 290/878] YM MUTUALITY -> code=RTW IMO=9455870 TEU=6589 status=ok
[group 19 300/878] YM PLUM -> code=SKI IMO=9198264 TEU=5551 status=ok
[group 19 310/878] YM SUCCESS -> code=SFP IMO=9294800 TEU=5551 status=ok
[group 19 311/878] YM SUN -> code=SUD IMO=7810870 TEU=None status=detail_no_teu
[group 19 320/878] YM UNIFORM -> code=RDV IMO=9337482 TEU=8236 status=ok
[group 19 330/878] YM WINDOW -> code=S5D IMO=9708435 TEU=14198 status=ok
[group 19 340/878] YONG DING HE -> code=CMJ IMO=9122631 TEU=764 status=ok
[group 19 342/878] YONG FENG 3 -> code=YW5 IMO=99999996 TEU=None status=detail_no_teu
[group 19 343/878] YONG HAI 66 -> code=WR9 IMO=100111000311 TEU=None status=detail_no_teu
[group 19 344/878] YONG HANG 198 -> code=WOH IMO=99999996 TEU=None status=detail_no_teu
[group 19 345/878] YONG HANG 38 -> code=ZJ4 IMO=99999996 TEU=None status=detail_no_teu
[group 19 346/878] YONG HANG 8 -> code=ZWJ IMO=9999996 TEU=None status=detail_no_teu
[group 19 348/878] YONG JIA 238 -> code=LOD IMO=9999996 TEU=None status=detail_no_teu
[group 19 349/878] YONG JIN -> code=ZDB IMO=99999996 TEU=None status=detail_no_teu
[group 19 350/878] YONG PING -> code=ZU1 IMO=99999996 TEU=None status=detail_no_teu
[group 19 352/878] YONG SHI FENG 33 -> code=RCK IMO=9789707 TEU=None status=detail_no_teu
[group 19 353/878] YONG SHI FENG 66 -> code=B34 IMO=9999996 TEU=None status=detail_no_teu
[group 19 357/878] YONG SHUN 6698 -> code=LB6 IMO=1 TEU=None status=detail_no_teu
[group 19 358/878] YONG SHUN 8 -> code=ZJ5 IMO=99999996 TEU=None status=detail_no_teu
[group 19 359/878] YONG SHUN 8398 -> code=LIF IMO=9999996 TEU=None status=detail_no_teu
[group 19 360/878] YONG SHUN 8858 -> code=LA2 IMO=1 TEU=None status=detail_no_teu
[group 19 361/878] YONG SHUN 8889 -> code=L45 IMO=1 TEU=None status=detail_no_teu
[group 19 362/878] YONG SHUN 8898 -> code=L46 IMO=1 TEU=None status=detail_no_teu
[group 19 363/878] YONG SHUN 9668 -> code=LID IMO=9999996 TEU=None status=detail_no_teu
[group 19 364/878] YONG TAI JI 288 -> code=MCI IMO=9999996 TEU=None status=detail_no_teu
[group 19 365/878] YONG TAI NO.1 -> code=YE5 IMO=9999996 TEU=None status=detail_no_teu
[group 19 367/878] YONG XIN 101 -> code=F5G IMO=9521497 TEU=None status=detail_no_teu
[group 19 369/878] YONG XIN 158 -> code=F4D IMO=9999996 TEU=None status=detail_no_teu
[group 19 370/878] YONG XIN 17 -> code=VSB IMO=4132687 TEU=1330 status=ok
[group 19 374/878] YONG XIN 3308 -> code=LOV IMO=9999996 TEU=None status=detail_no_teu
[group 19 377/878] YONG XIN 9608 -> code=LB1 IMO=1 TEU=None status=detail_no_teu
[group 19 378/878] YONG XING -> code=ACD IMO=99999996 TEU=None status=detail_no_teu
[group 19 379/878] YONG XING15 -> code=QB6 IMO=99999996 TEU=None status=detail_no_teu
[group 19 380/878] YONG YU 10 -> code=YL6 IMO=9999996 TEU=None status=detail_no_teu
[group 19 382/878] YONG YU 8 -> code=SLG IMO=9999996 TEU=None status=detail_no_teu
[group 19 384/878] YONG ZHENG 2 HAO -> code=Y2Y IMO=9999996 TEU=None status=detail_no_teu
[group 19 386/878] YONGCHANGHAO -> code=YQ9 IMO=99999996 TEU=None status=detail_no_teu
[group 19 387/878] YONGHENGSHUNDA -> code=Y1S IMO=99999996 TEU=None status=detail_no_teu
[group 19 388/878] YONGLIAN -> code=Q1X IMO=6274 TEU=None status=detail_no_teu
[group 19 390/878] YONGSHENG118 -> code=YQC IMO=9999996 TEU=325 status=ok
[group 19 391/878] YONGSHENG66 -> code=RMI IMO=9999996 TEU=None status=detail_no_teu
[group 19 394/878] YONGSHUNHANG -> code=2AY IMO=9999996 TEU=None status=detail_no_teu
[group 19 395/878] YONGSHUNHE -> code=VZT IMO=999999 TEU=None status=detail_no_teu
[group 19 396/878] YONGSHUNXIANG -> code=VVL IMO=9999996 TEU=None status=detail_no_teu
[group 19 397/878] YONGSHUNXIN -> code=VM1 IMO=9999996 TEU=None status=detail_no_teu
[group 19 398/878] YONGTAI108 -> code=V30 IMO=9999996 TEU=None status=detail_no_teu
[group 19 399/878] YONGTAIJI206 -> code=V7U IMO=9999996 TEU=None status=detail_no_teu
[group 19 400/878] YONGTAIJI226 -> code=2J2 IMO=9999996 TEU=None status=detail_no_teu
[group 19 401/878] YONGTAIJI66 -> code=VOL IMO=9999996 TEU=None status=detail_no_teu
[group 19 402/878] YONGTAIJI666 -> code=VNK IMO=1543145 TEU=None status=detail_no_teu
[group 19 403/878] YONGTAIJI8 -> code=Y2S IMO=9999996 TEU=None status=detail_no_teu
[group 19 404/878] YONGTONGHAO -> code=YX3 IMO=99999996 TEU=None status=detail_no_teu
[group 19 405/878] YONGWANG -> code=ABI IMO=99999996 TEU=None status=detail_no_teu
[group 19 406/878] YONGXIN29 -> code=VZA IMO=9999996 TEU=None status=detail_no_teu
[group 19 407/878] YONGXINCHANGSHENG -> code=VOH IMO=9999996 TEU=None status=detail_no_teu
[group 19 408/878] YONGXING99 -> code=2GR IMO=9999996 TEU=None status=detail_no_teu
[group 19 409/878] YONGXINGDA69 -> code=2PS IMO=9999996 TEU=None status=detail_no_teu
[group 19 410/878] YONGYI 2 -> code=Y4A IMO=99999996 TEU=172 status=ok
[group 19 411/878] YONGYI1HAO -> code=Y5S IMO=9999996 TEU=None status=detail_no_teu
[group 19 412/878] YONGYI7HAO -> code=Y5T IMO=9999996 TEU=None status=detail_no_teu
[group 19 413/878] YONGYISHUNXIANG -> code=2QH IMO=9999996 TEU=None status=detail_no_teu
[group 19 414/878] YONGYU 016 -> code=RBR IMO=9999996 TEU=None status=detail_no_teu
[group 19 415/878] YONGYU 018 -> code=YFV IMO=99999996 TEU=None status=detail_no_teu
[group 19 416/878] YONGYU06 -> code=YNR IMO=99999996 TEU=None status=detail_no_teu
[group 19 417/878] YONGYU16 -> code=VSH IMO=9999996 TEU=None status=detail_no_teu
[group 19 418/878] YONGYUE 8 -> code=ACM IMO=9999996 TEU=None status=detail_no_teu
[group 19 420/878] YONGYUE11 -> code=NVO IMO=8657899 TEU=None status=detail_no_teu
[group 19 421/878] YONGYUQIANG -> code=YLY IMO=99999996 TEU=None status=detail_no_teu
[group 19 422/878] YONGZHENG6 -> code=YBJ IMO=9999996 TEU=None status=detail_no_teu
[group 19 423/878] YONGZHENG8 -> code=YIP IMO=99999996 TEU=None status=detail_no_teu
[group 19 424/878] YORK -> code=NOH IMO=9196838 TEU=None status=detail_no_teu
[group 19 425/878] YOSSA BHUM -> code=W3G IMO=201601270000 TEU=None status=detail_no_teu
[group 19 427/878] YOU YI 18 -> code=ZJ6 IMO=99999996 TEU=None status=detail_no_teu
[group 19 430/878] YOUSHUN698 -> code=2TO IMO=9999996 TEU=None status=detail_no_teu
[group 19 431/878] YOUSHUNJI008 -> code=2JR IMO=9999996 TEU=None status=detail_no_teu
[group 19 432/878] YOUSHUNJI6 -> code=2AT IMO=9999996 TEU=None status=detail_no_teu
[group 19 433/878] YOUSHUNJI66 -> code=VNF IMO=1344551 TEU=None status=detail_no_teu
[group 19 434/878] YOUSHUNJI8 -> code=2RI IMO=9999996 TEU=None status=detail_no_teu
[group 19 435/878] YOUSHUNJI98 -> code=VOZ IMO=9999996 TEU=None status=detail_no_teu
[group 19 436/878] YOUYUAN6666 -> code=YJI IMO=99999996 TEU=None status=detail_no_teu
[group 19 440/878] YU FU 666 -> code=VJJ IMO=9999996 TEU=150 status=ok
[group 19 441/878] YU GANG JI 19 -> code=VPX IMO=9999996 TEU=None status=detail_no_teu
[group 19 443/878] YU HANG GUO YUN -> code=VX9 IMO=99999996 TEU=None status=detail_no_teu
[group 19 444/878] YU HANG JI 1008 -> code=V4E IMO=9999996 TEU=None status=detail_no_teu
[group 19 446/878] YU HUI -> code=ZWM IMO=99999996 TEU=None status=detail_no_teu
[group 19 448/878] YU MING -> code=ZZA IMO=99999996 TEU=None status=detail_no_teu
[group 19 450/878] YU TANG CHUN -> code=LK0 IMO=9999996 TEU=None status=detail_no_teu
[group 19 451/878] YU TONG -> code=Y50 IMO=99999996 TEU=None status=detail_no_teu
[group 19 453/878] YU ZHENG 1 -> code=DGA IMO=1089429 TEU=None status=detail_no_teu
[group 19 459/878] YUAN DA FAN RONG -> code=F74 IMO=9999996 TEU=None status=detail_no_teu
[group 19 460/878] YUAN DA JIN XIU -> code=F8N IMO=9019996 TEU=300 status=ok
[group 19 461/878] YUAN DA PENG CHENG -> code=2NI IMO=9999996 TEU=None status=detail_no_teu
[group 19 462/878] YUAN DA WEI LAI -> code=F9Y IMO=9999996 TEU=None status=detail_no_teu
[group 19 463/878] YUAN HAI 6 HAO -> code=MNW IMO=9999996 TEU=None status=detail_no_teu
[group 19 465/878] YUAN HANG JI XIANG -> code=MWM IMO=9999996 TEU=None status=detail_no_teu
[group 19 467/878] YUAN HENG 09 -> code=WCM IMO=99999996 TEU=None status=detail_no_teu
[group 19 468/878] YUAN HENG 1 -> code=XRH IMO=9999996 TEU=None status=detail_no_teu
[group 19 469/878] YUAN HENG 188 -> code=LH1 IMO=9999996 TEU=None status=detail_no_teu
[group 19 470/878] YUAN HENG 2 -> code=W77 IMO=90110000072 TEU=None status=detail_no_teu
[group 19 471/878] YUAN HENG 318 -> code=X1S IMO=20170209 TEU=None status=detail_no_teu
[group 19 472/878] YUAN HENG 8108 -> code=XM7 IMO=99999996 TEU=None status=detail_no_teu
[group 19 473/878] YUAN HENG 8308 -> code=XS0 IMO=99999996 TEU=None status=detail_no_teu
[group 19 474/878] YUAN JIANG 101 -> code=Y51 IMO=99999996 TEU=None status=detail_no_teu
[group 19 475/878] YUAN JIANG 102 -> code=Y43 IMO=99999996 TEU=None status=detail_no_teu
[group 19 476/878] YUAN JIANG 103 -> code=Y44 IMO=99999996 TEU=None status=detail_no_teu
[group 19 477/878] YUAN JIANG CHENG -> code=Y45 IMO=99999996 TEU=None status=detail_no_teu
[group 19 479/878] YUAN SHUN 96 -> code=VJR IMO=1232142 TEU=None status=detail_no_teu
[group 19 480/878] YUAN SHUN ZHUO YUE -> code=DDY IMO=9999996 TEU=None status=detail_no_teu
[group 19 481/878] YUAN TAI 168 -> code=YV6 IMO=99999996 TEU=None status=detail_no_teu
[group 19 483/878] YUAN XIANG 188 -> code=LGV IMO=9999996 TEU=None status=detail_no_teu
[group 19 484/878] YUAN XIANG 66 -> code=N2R IMO=9999996 TEU=None status=detail_no_teu
[group 19 485/878] YUAN XIANG FA ZHAN -> code=BHS IMO=1053028 TEU=None status=detail_no_teu
[group 19 486/878] YUAN YANG JI 02 -> code=YPN IMO=9999996 TEU=None status=detail_no_teu
[group 19 487/878] YUANDAHEXIE -> code=F84 IMO=9999996 TEU=None status=detail_no_teu
[group 19 488/878] YUANDASHIDAI -> code=F6Z IMO=9999978 TEU=None status=detail_no_teu
[group 19 489/878] YUANDAXIANFENG -> code=F6I IMO=9999996 TEU=None status=detail_no_teu
[group 19 490/878] YUANDAZHIHUI -> code=RPG IMO=987976 TEU=None status=detail_no_teu
[group 19 491/878] YUANDAZHONGCHENG -> code=RQV IMO=98765676 TEU=None status=detail_no_teu
[group 19 492/878] YUANDONG901 -> code=YDE IMO=99999996 TEU=None status=detail_no_teu
[group 19 493/878] YUANDONG902 -> code=YDF IMO=99999996 TEU=None status=detail_no_teu
[group 19 494/878] YUANDONG907 -> code=YR0 IMO=99999996 TEU=None status=detail_no_teu
[group 19 495/878] YUANDONG908 -> code=YR1 IMO=99999996 TEU=None status=detail_no_teu
[group 19 496/878] YUANFENG11 -> code=SVU IMO=799967 TEU=None status=detail_no_teu
[group 19 498/878] YUANHAI NO.1 -> code=YGH IMO=9999996 TEU=None status=detail_no_teu
[group 19 499/878] YUANHAI NO.3 -> code=V1M IMO=9999996 TEU=None status=detail_no_teu
[group 19 500/878] YUANHAI NO.6 -> code=Y2F IMO=99999996 TEU=None status=detail_no_teu
[group 19 501/878] YUANHAI NO.8 -> code=Y2C IMO=99999996 TEU=None status=detail_no_teu
[group 19 502/878] YUANHAI NO.9 -> code=Y2X IMO=99999996 TEU=None status=detail_no_teu
[group 19 503/878] YUANHAI1HAO -> code=Y8W IMO=9999996 TEU=None status=detail_no_teu
[group 19 504/878] YUANHAIYANGSHAN -> code=VAD IMO=456789 TEU=None status=detail_no_teu
[group 19 505/878] YUANHANGSHUNDA -> code=2QV IMO=9999996 TEU=None status=detail_no_teu
[group 19 506/878] YUANHUAI1 -> code=1AZ IMO=88888889 TEU=None status=detail_no_teu
[group 19 507/878] YUANHUAI6 -> code=QJC IMO=64747848 TEU=None status=detail_no_teu
[group 19 508/878] YUANQUANJI99999 -> code=1ZQ IMO=1214532 TEU=None status=detail_no_teu
[group 19 509/878] YUANQUANZHIXING -> code=2C8 IMO=9999996 TEU=None status=detail_no_teu
[group 19 510/878] YUANSHENG6 -> code=YW8 IMO=99999996 TEU=280 status=ok
[group 19 512/878] YUANSHENG8 -> code=RV6 IMO=879870798 TEU=None status=detail_no_teu
[group 19 513/878] YUANSHUN1 -> code=SXK IMO=659086 TEU=None status=detail_no_teu
[group 19 514/878] YUANSHUN1518 -> code=VC3 IMO=9999996 TEU=None status=detail_no_teu
[group 19 515/878] YUANSHUN1618 -> code=V7V IMO=9999996 TEU=None status=detail_no_teu
[group 19 516/878] YUANSHUN189 -> code=VZW IMO=5236589 TEU=None status=detail_no_teu
[group 19 517/878] YUANSHUN19 -> code=VPY IMO=9999996 TEU=None status=detail_no_teu
[group 19 518/878] YUANSHUN2166 -> code=2VE IMO=9999996 TEU=None status=detail_no_teu
[group 19 519/878] YUANSHUN2177 -> code=2TW IMO=9999996 TEU=None status=detail_no_teu
[group 19 520/878] YUANSHUN28 -> code=VWQ IMO=9999996 TEU=None status=detail_no_teu
[group 19 521/878] YUANSHUN5 -> code=V8Z IMO=9999996 TEU=None status=detail_no_teu
[group 19 522/878] YUANSHUN5168 -> code=2Y8 IMO=9999996 TEU=None status=detail_no_teu
[group 19 523/878] YUANSHUN5688 -> code=V4B IMO=9999654 TEU=None status=detail_no_teu
[group 19 524/878] YUANSHUN5698 -> code=V5V IMO=9999996 TEU=None status=detail_no_teu
[group 19 525/878] YUANSHUN5998 -> code=2S4 IMO=9999996 TEU=None status=detail_no_teu
[group 19 526/878] YUANSHUN6666 -> code=V2U IMO=9999996 TEU=None status=detail_no_teu
[group 19 527/878] YUANSHUN6789 -> code=2JI IMO=9999996 TEU=None status=detail_no_teu
[group 19 528/878] YUANSHUN69 -> code=V8S IMO=9999996 TEU=None status=detail_no_teu
[group 19 529/878] YUANSHUN6988 -> code=2XA IMO=9999996 TEU=None status=detail_no_teu
[group 19 530/878] YUANSHUN89 -> code=1X9 IMO=9999996 TEU=None status=detail_no_teu
[group 19 531/878] YUANSHUN9188 -> code=V5L IMO=9999996 TEU=None status=detail_no_teu
[group 19 532/878] YUANSHUN98 -> code=VNA IMO=1432154 TEU=None status=detail_no_teu
[group 19 533/878] YUANSHUN99 -> code=VJQ IMO=1321232 TEU=None status=detail_no_teu
[group 19 534/878] YUANSHUN9999 -> code=V6B IMO=9999996 TEU=None status=detail_no_teu
[group 19 535/878] YUANSHUNHUIHUANG -> code=V4F IMO=9999996 TEU=None status=detail_no_teu
[group 19 536/878] YUANSHUNJI668 -> code=V5Q IMO=9999996 TEU=None status=detail_no_teu
[group 19 537/878] YUANTIANJIYUN -> code=2HE IMO=9999996 TEU=None status=detail_no_teu
[group 19 538/878] YUANYANG008 -> code=2XR IMO=9999996 TEU=None status=detail_no_teu
[group 19 539/878] YUANYANG805 -> code=YJ8 IMO=99999996 TEU=None status=detail_no_teu
[group 19 540/878] YUANYANGJI1 -> code=YUH IMO=99999996 TEU=255 status=ok
[group 19 541/878] YUANYANGJI6 -> code=YSM IMO=9999996 TEU=None status=detail_no_teu
[group 19 542/878] YUANZHEN1 -> code=YTT IMO=9999996 TEU=None status=detail_no_teu
[group 19 543/878] YUANZHITONGDA -> code=2WL IMO=9999996 TEU=None status=detail_no_teu
[group 19 544/878] YUAN\xa0SHUN\xa05988 -> code=DHE IMO=9999996 TEU=None status=detail_no_teu
[group 19 545/878] YUCHANGSHENGJI06 -> code=YIJ IMO=99999996 TEU=None status=detail_no_teu
[group 19 546/878] YUCHANGTAI1299 -> code=VSD IMO=9999996 TEU=None status=detail_no_teu
[group 19 547/878] YUCHANGTAI1678 -> code=VAA IMO=999999 TEU=None status=detail_no_teu
[group 19 548/878] YUCHANGTAIJI0168 -> code=2R4 IMO=9999996 TEU=None status=detail_no_teu
[group 19 549/878] YUCHANGTAIJI0785 -> code=2FD IMO=9999996 TEU=None status=detail_no_teu
[group 19 550/878] YUCHANGTAIJI5 -> code=2KC IMO=9999996 TEU=None status=detail_no_teu
[group 19 551/878] YUCHANGTAIJI5678 -> code=2RV IMO=9999996 TEU=None status=detail_no_teu
[group 19 552/878] YUCHANGTAIJI618 -> code=2ZD IMO=9999996 TEU=None status=detail_no_teu
[group 19 553/878] YUCHANGTAIJI85 -> code=VSN IMO=9999996 TEU=None status=detail_no_teu
[group 19 554/878] YUCHENG168 -> code=2VT IMO=9999996 TEU=None status=detail_no_teu
[group 19 555/878] YUCHENGTAIJI0785 -> code=2Y7 IMO=9999996 TEU=None status=detail_no_teu
[group 19 556/878] YUDACHENGJI0096 -> code=2NC IMO=9999996 TEU=None status=detail_no_teu
[group 19 557/878] YUDACHENGJI0098 -> code=2OU IMO=9999996 TEU=None status=detail_no_teu
[group 19 558/878] YUDACHENGJI0168 -> code=2N3 IMO=9999996 TEU=None status=detail_no_teu
[group 19 559/878] YUDACHENGJI188 -> code=2Y2 IMO=9999996 TEU=None status=detail_no_teu
[group 19 560/878] YUDACHENGJI66 -> code=2YV IMO=9999996 TEU=None status=detail_no_teu
[group 19 561/878] YUDACHENGJI666 -> code=2PB IMO=9999996 TEU=None status=detail_no_teu
[group 19 562/878] YUDACHENGJI8818 -> code=2QN IMO=9999996 TEU=None status=detail_no_teu
[group 19 563/878] YUDACHENGJI888 -> code=2PW IMO=9999996 TEU=None status=detail_no_teu
[group 19 564/878] YUDACHENGJI8899 -> code=2U5 IMO=9999996 TEU=None status=detail_no_teu
[group 19 565/878] YUDACHENGJI99 -> code=2EC IMO=9999996 TEU=None status=detail_no_teu
[group 19 566/878] YUDAO806 -> code=Y16 IMO=99999996 TEU=None status=detail_no_teu
[group 19 567/878] YUDAO808 -> code=Y17 IMO=99999996 TEU=None status=detail_no_teu
[group 19 568/878] YUDAO809 -> code=Y76 IMO=99999996 TEU=None status=detail_no_teu
[group 19 569/878] YUDONG801 -> code=VWY IMO=9999996 TEU=None status=detail_no_teu
[group 19 570/878] YUDONG809 -> code=YQD IMO=99999996 TEU=353 status=ok
[group 19 571/878] YUDONG899 -> code=YLH IMO=99999996 TEU=None status=detail_no_teu
[group 19 572/878] YUE AN YUN 01 -> code=ZGR IMO=99999996 TEU=None status=detail_no_teu
[group 19 573/878] YUE AN YUN 02 -> code=ZHF IMO=99999996 TEU=None status=detail_no_teu
[group 19 574/878] YUE AN YUN 05 -> code=X93 IMO=9999996 TEU=None status=detail_no_teu
[group 19 575/878] YUE AN YUN 06 -> code=W12 IMO=99999996 TEU=None status=detail_no_teu
[group 19 576/878] YUE AN YUN 07 -> code=ZZB IMO=9999996 TEU=None status=detail_no_teu
[group 19 577/878] YUE AN YUN 08 -> code=XPU IMO=99999996 TEU=None status=detail_no_teu
[group 19 578/878] YUE AN YUN 09 -> code=W71 IMO=9999996 TEU=None status=detail_no_teu
[group 19 580/878] YUE AN YUN 11 -> code=WHL IMO=99999996 TEU=None status=detail_no_teu
[group 19 583/878] YUE AN YUN 33 -> code=XCK IMO=9999996 TEU=None status=detail_no_teu
[group 19 584/878] YUE CHAO 1 -> code=ZQN IMO=99999996 TEU=None status=detail_no_teu
[group 19 586/878] YUE DING HU HUO 3328 -> code=L53 IMO=864523 TEU=None status=detail_no_teu
[group 19 587/878] YUE DONG YUN 036 -> code=XPX IMO=9999996 TEU=None status=detail_no_teu
[group 19 588/878] YUE DU CHENG HUO 2022 -> code=Z2S IMO=1 TEU=None status=detail_no_teu
[group 19 589/878] YUE DU CHENG HUO 2038 -> code=LEP IMO=9999996 TEU=None status=detail_no_teu
[group 19 590/878] YUE DU CHENG HUO 2066 -> code=W8L IMO=20160430 TEU=None status=detail_no_teu
[group 19 591/878] YUE DU CHENG HUO 2078 -> code=Z3Y IMO=1 TEU=None status=detail_no_teu
[group 19 593/878] YUE DU CHENG HUO 2129 -> code=Z9U IMO=1 TEU=None status=detail_no_teu
[group 19 594/878] YUE DU CHENG HUO 2189 -> code=WYJ IMO=20150623 TEU=None status=detail_no_teu
[group 19 595/878] YUE DU CHENG HUO 2199 -> code=Z2K IMO=1 TEU=None status=detail_no_teu
[group 19 596/878] YUE DU CHENG HUO 2233 -> code=W0T IMO=20160719 TEU=None status=detail_no_teu
[group 19 597/878] YUE DU CHENG HUO 2289 -> code=W5T IMO=20160317 TEU=None status=detail_no_teu
[group 19 599/878] YUE DU CHENG HUO 2688 -> code=Z1F IMO=None TEU=None status=detail_no_teu
[group 19 600/878] YUE DU CHENG HUO 2788 -> code=Z3E IMO=1 TEU=None status=detail_no_teu
[group 19 601/878] YUE DU CHENG HUO 2828 -> code=L74 IMO=1 TEU=None status=detail_no_teu
[group 19 602/878] YUE DU CHENG HUO 9055 -> code=Z1W IMO=1 TEU=None status=detail_no_teu
[group 19 604/878] YUE DU CHENG HUO 9668 -> code=Z6E IMO=1 TEU=None status=detail_no_teu
[group 19 605/878] YUE DU CHENG HUO 9988 -> code=Z1I IMO=1 TEU=None status=detail_no_teu
[group 19 606/878] YUE FENG 25 -> code=ZTG IMO=99999996 TEU=None status=detail_no_teu
[group 19 607/878] YUE FENG 38 -> code=XKN IMO=99999996 TEU=None status=detail_no_teu
[group 19 610/878] YUE FENG 903 -> code=ZEM IMO=99999996 TEU=60 status=ok
[group 19 612/878] YUE FENG SHUN 0818 -> code=XLR IMO=99999996 TEU=None status=detail_no_teu
[group 19 613/878] YUE FENG SHUN 0828 -> code=XYV IMO=99999996 TEU=None status=detail_no_teu
[group 19 614/878] YUE FU LONG 08 -> code=W8V IMO=9999996 TEU=None status=detail_no_teu
[group 19 615/878] YUE FU LONG 168 -> code=W0C IMO=9999996 TEU=None status=detail_no_teu
[group 19 616/878] YUE FU LONG 188 -> code=X4A IMO=9999996 TEU=None status=detail_no_teu
[group 19 617/878] YUE FU LONG 198 -> code=Z7X IMO=9999996 TEU=None status=detail_no_teu
[group 19 618/878] YUE FU LONG 2018 -> code=B47 IMO=9999996 TEU=None status=detail_no_teu
[group 19 619/878] YUE FU LONG 2019 -> code=LI3 IMO=9999996 TEU=None status=detail_no_teu
[group 19 620/878] YUE FU LONG 218 -> code=WM9 IMO=9999996 TEU=None status=detail_no_teu
[group 19 621/878] YUE FU LONG 238 -> code=XQI IMO=99999996 TEU=None status=detail_no_teu
[group 19 623/878] YUE FU LONG 28 -> code=LGA IMO=9999996 TEU=None status=detail_no_teu
[group 19 624/878] YUE FU LONG 288 -> code=W30 IMO=9999996 TEU=None status=detail_no_teu
[group 19 625/878] YUE FU LONG 298 -> code=XWY IMO=9999996 TEU=None status=detail_no_teu
[group 19 626/878] YUE FU LONG 318 -> code=XYU IMO=9999996 TEU=None status=detail_no_teu
[group 19 627/878] YUE FU LONG 368 -> code=W1T IMO=20151109 TEU=None status=detail_no_teu
[group 19 628/878] YUE FU LONG 558 -> code=W9J IMO=20160519 TEU=None status=detail_no_teu
[group 19 629/878] YUE FU LONG 828 -> code=LLB IMO=9999996 TEU=None status=detail_no_teu
[group 19 630/878] YUE FU LONG 88 -> code=L96 IMO=1 TEU=None status=detail_no_teu
[group 19 631/878] YUE GANG 017 -> code=S8V IMO=20093398822 TEU=None status=detail_no_teu
[group 19 632/878] YUE GANG 018 -> code=N34 IMO=None TEU=None status=detail_no_teu
[group 19 634/878] YUE GANG 689 -> code=ZUO IMO=99999996 TEU=None status=detail_no_teu
[group 19 636/878] YUE GANG 9 HAO -> code=ZTX IMO=99999996 TEU=None status=detail_no_teu
[group 19 637/878] YUE GANG 906 -> code=ZUN IMO=99999996 TEU=None status=detail_no_teu
[group 19 638/878] YUE GUANG HUO 0491 -> code=XHK IMO=99999996 TEU=None status=detail_no_teu
[group 19 639/878] YUE GUANG ZHOU HUO 0395 -> code=XHB IMO=99999996 TEU=None status=detail_no_teu
[group 19 640/878] YUE GUANG ZHOU HUO 0461 -> code=XKX IMO=9999996 TEU=None status=detail_no_teu
[group 19 641/878] YUE GUANG ZHOU HUO 0802 -> code=LG9 IMO=9999996 TEU=None status=detail_no_teu
[group 19 642/878] YUE GUANG ZHOU HUO 0810 -> code=LEU IMO=9999996 TEU=None status=detail_no_teu
[group 19 643/878] YUE GUANG ZHOU HUO 0863 -> code=LHF IMO=9999996 TEU=None status=detail_no_teu
[group 19 644/878] YUE GUANG ZHOU HUO 0918 -> code=W79 IMO=9999996 TEU=None status=detail_no_teu
[group 19 645/878] YUE GUANG ZHOU HUO 1286 -> code=LH3 IMO=9999996 TEU=None status=detail_no_teu
[group 19 646/878] YUE GUANG ZHUO HUO 1286 -> code=B49 IMO=20180717 TEU=None status=detail_no_teu
[group 19 647/878] YUE HAI 1001 -> code=ZFP IMO=200002000251 TEU=None status=detail_no_teu
[group 19 649/878] YUE HAI 1083 -> code=ZRZ IMO=99999996 TEU=None status=detail_no_teu
[group 19 650/878] YUE HAI 1086 -> code=ZTE IMO=99999996 TEU=None status=detail_no_teu
[group 19 651/878] YUE HAI 1088 -> code=ZMX IMO=99999996 TEU=None status=detail_no_teu
[group 19 652/878] YUE HAI 168 -> code=Z2W IMO=1 TEU=None status=detail_no_teu
[group 19 653/878] YUE HAI 198 -> code=1HY IMO=20161230 TEU=None status=detail_no_teu
[group 19 654/878] YUE HAI 211 -> code=ZNQ IMO=99999996 TEU=None status=detail_no_teu
[group 19 656/878] YUE HAI 236 -> code=X1Q IMO=20161230 TEU=None status=detail_no_teu
[group 19 657/878] YUE HAI 238 -> code=ZOS IMO=99999996 TEU=None status=detail_no_teu
[group 19 658/878] YUE HAI 251 -> code=ZK4 IMO=99999996 TEU=None status=detail_no_teu
[group 19 659/878] YUE HAI 252 -> code=ZIC IMO=99999996 TEU=None status=detail_no_teu
[group 19 660/878] YUE HAI 253 -> code=ZAK IMO=99999996 TEU=None status=detail_no_teu
[group 19 661/878] YUE HAI 268 -> code=X48 IMO=9999996 TEU=None status=detail_no_teu
[group 19 663/878] YUE HAI 328 -> code=X16 IMO=99999996 TEU=None status=detail_no_teu
[group 19 664/878] YUE HAI 334 -> code=ZCW IMO=99999996 TEU=None status=detail_no_teu
[group 19 665/878] YUE HAI 335 -> code=ZGI IMO=9999996 TEU=None status=detail_no_teu
[group 19 666/878] YUE HAI 336 -> code=ZAG IMO=9999996 TEU=None status=detail_no_teu
[group 19 667/878] YUE HAI 337 -> code=XEJ IMO=9999996 TEU=None status=detail_no_teu
[group 19 668/878] YUE HAI 338 -> code=ZAQ IMO=99999996 TEU=None status=detail_no_teu
[group 19 669/878] YUE HAI 340 -> code=ZK6 IMO=99999996 TEU=None status=detail_no_teu
[group 19 670/878] YUE HAI 343 -> code=ZK8 IMO=9999996 TEU=None status=detail_no_teu
[group 19 671/878] YUE HAI 344 -> code=ZY1 IMO=9999996 TEU=None status=detail_no_teu
[group 19 672/878] YUE HAI 345 -> code=ZIE IMO=9999996 TEU=None status=detail_no_teu
[group 19 674/878] YUE HAI 347 -> code=XAY IMO=99999996 TEU=None status=detail_no_teu
[group 19 675/878] YUE HAI 388 -> code=ZEJ IMO=9999996 TEU=None status=detail_no_teu
[group 19 676/878] YUE HAI 392 -> code=ZL0 IMO=99999996 TEU=None status=detail_no_teu
[group 19 678/878] YUE HAI 396 -> code=ZPP IMO=99999996 TEU=None status=detail_no_teu
[group 19 679/878] YUE HAI 397 -> code=ZID IMO=9999996 TEU=None status=detail_no_teu
[group 19 680/878] YUE HAI 398 -> code=ZEB IMO=9999996 TEU=None status=detail_no_teu
[group 19 681/878] YUE HAI 420 -> code=XH0 IMO=99999996 TEU=None status=detail_no_teu
[group 19 682/878] YUE HAI 432 -> code=ZAR IMO=99999996 TEU=None status=detail_no_teu
[group 19 683/878] YUE HAI 433 -> code=ZCD IMO=99999996 TEU=None status=detail_no_teu
[group 19 684/878] YUE HAI 508 -> code=X77 IMO=9999996 TEU=None status=detail_no_teu
[group 19 686/878] YUE HAI 520 -> code=ZL4 IMO=99999996 TEU=None status=detail_no_teu
[group 19 689/878] YUE HAI 523 -> code=ZEQ IMO=9999996 TEU=None status=detail_no_teu
[group 19 690/878] YUE HAI 525 -> code=ZL6 IMO=9999996 TEU=36 status=ok
[group 19 691/878] YUE HAI 526 -> code=WW0 IMO=9999996 TEU=None status=detail_no_teu
[group 19 692/878] YUE HAI 529 -> code=XK5 IMO=9999996 TEU=None status=detail_no_teu
[group 19 693/878] YUE HAI 530 -> code=XK9 IMO=99999996 TEU=None status=detail_no_teu
[group 19 694/878] YUE HAI 550 -> code=XA7 IMO=99999996 TEU=None status=detail_no_teu
[group 19 695/878] YUE HAI 551 -> code=ZAW IMO=99999996 TEU=None status=detail_no_teu
[group 19 696/878] YUE HAI 553 -> code=ZYH IMO=99999996 TEU=None status=detail_no_teu
[group 19 697/878] YUE HAI 555 -> code=XM0 IMO=99999996 TEU=None status=detail_no_teu
[group 19 698/878] YUE HAI 596 -> code=ZEO IMO=9999996 TEU=None status=detail_no_teu
[group 19 699/878] YUE HAI 603 -> code=ZJG IMO=99999996 TEU=None status=detail_no_teu
[group 19 700/878] YUE HAI 604 -> code=ZKI IMO=99999996 TEU=36 status=ok
[group 19 701/878] YUE HAI 613 -> code=ZJK IMO=99999996 TEU=None status=detail_no_teu
[group 19 702/878] YUE HAI 618 -> code=ZDC IMO=99999996 TEU=None status=detail_no_teu
[group 19 704/878] YUE HAI 638 -> code=X54 IMO=9999996 TEU=None status=detail_no_teu
[group 19 705/878] YUE HAI 701 -> code=ZXX IMO=9999996 TEU=None status=detail_no_teu
[group 19 706/878] YUE HAI 702 -> code=XP9 IMO=9999996 TEU=None status=detail_no_teu
[group 19 709/878] YUE HAI 733 -> code=ZBO IMO=9999996 TEU=None status=detail_no_teu
[group 19 710/878] YUE HAI 801 -> code=XNM IMO=99999996 TEU=None status=detail_no_teu
[group 19 711/878] YUE HAI 802 -> code=XMC IMO=99999996 TEU=None status=detail_no_teu
[group 19 712/878] YUE HAI 803 -> code=XPL IMO=9999996 TEU=None status=detail_no_teu
[group 19 714/878] YUE HAI 828 -> code=XMW IMO=99999996 TEU=None status=detail_no_teu
[group 19 715/878] YUE HAI 832 -> code=ZZM IMO=9999996 TEU=None status=detail_no_teu
[group 19 716/878] YUE HAI 833 -> code=XIS IMO=9999996 TEU=None status=detail_no_teu
[group 19 717/878] YUE HAI 836 -> code=ZTM IMO=99999996 TEU=None status=detail_no_teu
[group 19 719/878] YUE HAI 923 -> code=ZDR IMO=9999996 TEU=None status=detail_no_teu
[group 19 720/878] YUE HAI 932 -> code=XEU IMO=99999996 TEU=None status=detail_no_teu
[group 19 721/878] YUE HAI 981 -> code=XPP IMO=9999996 TEU=None status=detail_no_teu
[group 19 722/878] YUE HANG 05 -> code=LY6 IMO=9999996 TEU=None status=detail_no_teu
[group 19 723/878] YUE HANG 07 -> code=ORW IMO=9999996 TEU=None status=detail_no_teu
[group 19 724/878] YUE HANG 09 -> code=O84 IMO=9999996 TEU=None status=detail_no_teu
[group 19 728/878] YUE HANG 19 -> code=ZX2 IMO=99999996 TEU=None status=detail_no_teu
[group 19 729/878] YUE HANG 218 -> code=OBF IMO=9999996 TEU=None status=detail_no_teu
[group 19 730/878] YUE HANG 22 -> code=OUE IMO=9999996 TEU=200 status=ok
[group 19 731/878] YUE HANG 28 -> code=OSB IMO=9999996 TEU=None status=detail_no_teu
[group 19 732/878] YUE HANG 3 -> code=ZGC IMO=99999996 TEU=None status=detail_no_teu
[group 19 734/878] YUE HANG 328 -> code=OMR IMO=9999996 TEU=None status=detail_no_teu
[group 19 736/878] YUE HANG 5 -> code=ZDF IMO=99999996 TEU=None status=detail_no_teu
[group 19 739/878] YUE HANG BAI FU -> code=F8I IMO=9110996 TEU=None status=detail_no_teu
[group 19 740/878] YUE HE -> code=CBB IMO=9120750 TEU=5446 status=ok
[group 19 741/878] YUE HONG 007 -> code=B66 IMO=9999996 TEU=None status=detail_no_teu
[group 19 743/878] YUE HONG JI 228 -> code=XB7 IMO=9999996 TEU=None status=detail_no_teu
[group 19 744/878] YUE HONG JI 338 -> code=ZPO IMO=99999996 TEU=None status=detail_no_teu
[group 19 745/878] YUE HONG JI 368 -> code=ZDD IMO=99999996 TEU=None status=detail_no_teu
[group 19 746/878] YUE HONG JI 369 -> code=X97 IMO=9999996 TEU=None status=detail_no_teu
[group 19 747/878] YUE HONG JI 399 -> code=ZTI IMO=9999996 TEU=None status=detail_no_teu
[group 19 748/878] YUE HONG JI 666 -> code=WMQ IMO=99999996 TEU=None status=detail_no_teu
[group 19 749/878] YUE HONG JI 882 -> code=ZSG IMO=99999996 TEU=None status=detail_no_teu
[group 19 750/878] YUE HONG JI 918 -> code=B24 IMO=9999996 TEU=None status=detail_no_teu
[group 19 751/878] YUE HUA XUN 18 HAO -> code=W9I IMO=9999996 TEU=None status=detail_no_teu
[group 19 752/878] YUE HUA XUN 28 HAO -> code=W9M IMO=9999996 TEU=None status=detail_no_teu
[group 19 753/878] YUE HUA XUN 38 HAO -> code=Z5H IMO=9999996 TEU=None status=detail_no_teu
[group 19 754/878] YUE HUA XUN 5 HAO -> code=XT7 IMO=9999996 TEU=None status=detail_no_teu
[group 19 755/878] YUE HUA XUN 6 HAO -> code=ZQC IMO=9999996 TEU=None status=detail_no_teu
[group 19 756/878] YUE HUA XUN 8 HAO -> code=XKW IMO=9999996 TEU=None status=detail_no_teu
[group 19 757/878] YUE HUA XUN 9 HAO -> code=XGW IMO=9999996 TEU=None status=detail_no_teu
[group 19 758/878] YUE HUI HAI 1003 -> code=WO2 IMO=99999996 TEU=None status=detail_no_teu
[group 19 759/878] YUE HUI HAI 1009 -> code=ZSU IMO=99999996 TEU=None status=detail_no_teu
[group 19 760/878] YUE HUI HAI 1013 -> code=ZRD IMO=99999996 TEU=None status=detail_no_teu
[group 19 761/878] YUE HUI HAI 118 -> code=X92 IMO=9999996 TEU=None status=detail_no_teu
[group 19 762/878] YUE HUI HAI 502 -> code=ZTH IMO=99999998 TEU=None status=detail_no_teu
[group 19 763/878] YUE HUI HAI 506 -> code=ZXA IMO=99999996 TEU=None status=detail_no_teu
[group 19 764/878] YUE HUI HAI 516 -> code=ZDS IMO=99999996 TEU=None status=detail_no_teu
[group 19 765/878] YUE JIANG 1 -> code=Z3M IMO=1 TEU=None status=detail_no_teu
[group 19 768/878] YUE JIANG 168 -> code=LXB IMO=9999996 TEU=None status=detail_no_teu
[group 19 769/878] YUE JIANG 188 -> code=OAA IMO=9999996 TEU=None status=detail_no_teu
[group 19 770/878] YUE JIANG 22 -> code=LZ3 IMO=9999996 TEU=None status=detail_no_teu
[group 19 773/878] YUE JIANG 435 -> code=ZN1 IMO=99999996 TEU=None status=detail_no_teu
[group 19 774/878] YUE JIANG 5 -> code=LDK IMO=9999996 TEU=None status=detail_no_teu
[group 19 775/878] YUE JIANG 518 -> code=LWC IMO=9999996 TEU=None status=detail_no_teu
[group 19 779/878] YUE JIANG 558 -> code=LVZ IMO=9999996 TEU=None status=detail_no_teu
[group 19 780/878] YUE JIANG 561 -> code=ZN7 IMO=99999996 TEU=16 status=ok
[group 19 789/878] YUE JIANG 898 -> code=OFJ IMO=9999996 TEU=None status=detail_no_teu
[group 19 790/878] YUE JIANG 98 -> code=OB8 IMO=9999996 TEU=None status=detail_no_teu
[group 19 791/878] YUE JIANG NAN 18 -> code=W5I IMO=20160310 TEU=None status=detail_no_teu
[group 19 792/878] YUE JIANG NAN 8 -> code=W5H IMO=20160310 TEU=None status=detail_no_teu
[group 19 793/878] YUE JIN 909 -> code=XEO IMO=99999996 TEU=None status=detail_no_teu
[group 19 794/878] YUE JIN 988 -> code=XQP IMO=99999996 TEU=None status=detail_no_teu
[group 19 796/878] YUE JIN LUN 368 -> code=XA0 IMO=9999996 TEU=None status=detail_no_teu
[group 19 798/878] YUE JIN LUN 838 -> code=XAJ IMO=9999996 TEU=None status=detail_no_teu
[group 19 799/878] YUE JIN LUN 898 -> code=B23 IMO=2018020501 TEU=None status=detail_no_teu
[group 19 800/878] YUE JIN LUN 908 -> code=WZW IMO=20150923 TEU=None status=detail_no_teu
[group 19 801/878] YUE JIN LUN 928 -> code=XO8 IMO=9999996 TEU=None status=detail_no_teu
[group 19 802/878] YUE JIN LUN 938 -> code=LE2 IMO=9999996 TEU=None status=detail_no_teu
[group 19 803/878] YUE JIN LUN 968 -> code=WSI IMO=99999996 TEU=None status=detail_no_teu
[group 19 804/878] YUE JIN LUN 988 -> code=XOQ IMO=9999996 TEU=None status=detail_no_teu
[group 19 805/878] YUE JIN LUN 998 -> code=LE7 IMO=9999996 TEU=None status=detail_no_teu
[group 19 806/878] YUE LAN HAI 618 -> code=WVB IMO=99999996 TEU=None status=detail_no_teu
[group 19 807/878] YUE LAN HAI 628 -> code=WUR IMO=99999996 TEU=None status=detail_no_teu
[group 19 808/878] YUE LAN HAI 688 -> code=LG3 IMO=9999996 TEU=None status=detail_no_teu
[group 19 810/878] YUE LUN JI 268 -> code=ZO3 IMO=99999996 TEU=None status=detail_no_teu
[group 19 811/878] YUE LUN JI 368 -> code=ZNA IMO=99999996 TEU=None status=detail_no_teu
[group 19 812/878] YUE LUN JI 388 -> code=ZO4 IMO=99999996 TEU=None status=detail_no_teu
[group 19 813/878] YUE PAN WAI 138 -> code=ZAX IMO=99999996 TEU=None status=detail_no_teu
[group 19 814/878] YUE PAN WAI 33 -> code=ZBP IMO=99999996 TEU=None status=detail_no_teu
[group 19 815/878] YUE PING 028 -> code=ODU IMO=9999996 TEU=None status=detail_no_teu
[group 19 816/878] YUE PING 18 -> code=O32 IMO=9999996 TEU=None status=detail_no_teu
[group 19 817/878] YUE PING 26 -> code=OSI IMO=9999996 TEU=None status=detail_no_teu
[group 19 818/878] YUE PING 333 -> code=LZH IMO=9999996 TEU=None status=detail_no_teu
[group 19 819/878] YUE PING 398 -> code=OAE IMO=9999996 TEU=None status=detail_no_teu
[group 19 820/878] YUE PING 66 -> code=OXQ IMO=9999996 TEU=None status=detail_no_teu
[group 19 821/878] YUE PING 68 -> code=OMZ IMO=9999996 TEU=None status=detail_no_teu
[group 19 822/878] YUE PING 8 -> code=MXA IMO=9999958 TEU=None status=detail_no_teu
[group 19 824/878] YUE SHAO GUAN HUO 3206 -> code=LNQ IMO=9999996 TEU=None status=detail_no_teu
[group 19 825/878] YUE SHUN DE BO -> code=CRB IMO=99999996 TEU=None status=detail_no_teu
[group 19 826/878] YUE SHUN HANG 998 -> code=WP4 IMO=99999996 TEU=None status=detail_no_teu
[group 19 829/878] YUE TONG YUN 148 -> code=ZOV IMO=99999996 TEU=None status=detail_no_teu
[group 19 830/878] YUE TONG ZHU JIANG 001 -> code=OZB IMO=9999996 TEU=None status=detail_no_teu
[group 19 831/878] YUE WAN TONG 189 -> code=XVH IMO=9999996 TEU=None status=detail_no_teu
[group 19 834/878] YUE WAN TONG 358 -> code=WWH IMO=9999996 TEU=None status=detail_no_teu
[group 19 835/878] YUE WAN TONG 368 -> code=WWR IMO=9999996 TEU=None status=detail_no_teu
[group 19 836/878] YUE WAN TONG 608 -> code=O54 IMO=9999996 TEU=None status=detail_no_teu
[group 19 837/878] YUE WAN TONG 618 -> code=LNC IMO=9999996 TEU=None status=detail_no_teu
[group 19 838/878] YUE WAN TONG 628 -> code=OA5 IMO=9999996 TEU=None status=detail_no_teu
[group 19 839/878] YUE WAN TONG 639 -> code=WUA IMO=99999996 TEU=None status=detail_no_teu
[group 19 840/878] YUE WAN TONG 899 -> code=W92 IMO=9999996 TEU=None status=detail_no_teu
[group 19 841/878] YUE XIANG 2 -> code=LXC IMO=9999996 TEU=None status=detail_no_teu
[group 19 842/878] YUE XIANG 3 -> code=O14 IMO=9999996 TEU=None status=detail_no_teu
[group 19 843/878] YUE XIANG 36 -> code=O21 IMO=9999996 TEU=None status=detail_no_teu
[group 19 844/878] YUE XIANG 38 -> code=O76 IMO=9999996 TEU=None status=detail_no_teu
[group 19 845/878] YUE XIANG 5 -> code=OXH IMO=9999996 TEU=None status=detail_no_teu
[group 19 846/878] YUE XIANG 6 -> code=LY9 IMO=9999996 TEU=None status=detail_no_teu
[group 19 847/878] YUE XIANG 8 -> code=LUI IMO=9999996 TEU=None status=detail_no_teu
[group 19 848/878] YUE XIANG 9 -> code=LUV IMO=9999996 TEU=None status=detail_no_teu
[group 19 849/878] YUE XIN 68 -> code=XLH IMO=9999996 TEU=None status=detail_no_teu
[group 19 850/878] YUE XIN 78 -> code=XYM IMO=99999996 TEU=None status=detail_no_teu
[group 19 851/878] YUE XIN 8 -> code=XDV IMO=99999996 TEU=None status=detail_no_teu
[group 19 853/878] YUE XIN HE 168 -> code=XXS IMO=9999996 TEU=None status=detail_no_teu
[group 19 854/878] YUE XUN 628 -> code=WYY IMO=201508050000 TEU=None status=detail_no_teu
[group 19 855/878] YUE YANG 1 HAO -> code=WSM IMO=9999996 TEU=None status=detail_no_teu
[group 19 856/878] YUE YANG 138 -> code=LNG IMO=9999996 TEU=None status=detail_no_teu
[group 19 857/878] YUE YANG 18 -> code=X2O IMO=9999996 TEU=None status=detail_no_teu
[group 19 858/878] YUE YANG 198 -> code=LFU IMO=9999996 TEU=None status=detail_no_teu
[group 19 859/878] YUE YANG 2 -> code=ZO6 IMO=99999996 TEU=None status=detail_no_teu
[group 19 860/878] YUE YANG 218 -> code=W8P IMO=9999996 TEU=None status=detail_no_teu
[group 19 861/878] YUE YANG 222 -> code=X1R IMO=20161230 TEU=None status=detail_no_teu
[group 19 862/878] YUE YANG 228 -> code=W8Q IMO=20160504 TEU=None status=detail_no_teu
[group 19 863/878] YUE YANG 28 -> code=X2H IMO=20170329 TEU=None status=detail_no_teu
[group 19 865/878] YUE YANG 5 HAO -> code=XN5 IMO=9999996 TEU=None status=detail_no_teu
[group 19 866/878] YUE YANG 8 HAO -> code=ZXQ IMO=9999996 TEU=None status=detail_no_teu
[group 19 867/878] YUE YANG 805 -> code=LWX IMO=9999996 TEU=None status=detail_no_teu
[group 19 868/878] YUE YANG HAI -> code=XG4 IMO=9999996 TEU=None status=detail_no_teu
[group 19 870/878] YUE YOU LIAN 33 -> code=WDH IMO=99999996 TEU=1 status=ok
[group 19 871/878] YUE YOU LIAN 6 -> code=ZPU IMO=9999996 TEU=None status=detail_no_teu
[group 19 873/878] YUE YUN 268 -> code=LQR IMO=9999996 TEU=None status=detail_no_teu
[group 19 877/878] YUE ZHAO QING HUO 9018 -> code=XLU IMO=20150077 TEU=None status=detail_no_teu
[group 19 878/878] YUE ZHU 1 HAO -> code=ZO7 IMO=99999996 TEU=None status=detail_no_teu
group 19: saved xlsx -> D:\Files\demo\capaStudy\vessels\csl_group_results\csl_group_19_result_260312003347.xlsx
group 19: saved json -> D:\Files\demo\capaStudy\vessels\csl_group_results\csl_group_19_result_260312003347.json
