[group 14 2/878] QINGDAO TASHKENT NUMBER 1 -> code=GD1 IMO=9999996 TEU=None status=detail_no_teu
[group 14 3/878] QINGDAO TASHKENT NUMBER 2 -> code=GD2 IMO=9999996 TEU=None status=detail_no_teu
[group 14 4/878] QINGDAO TASHKENT NUMBER 3 -> code=GD3 IMO=9999996 TEU=None status=detail_no_teu
[group 14 5/878] QINGDAO TASHKENT RAIL NUMBER 4 -> code=GD4 IMO=9999996 TEU=None status=detail_no_teu
[group 14 6/878] QINGDAO TASHKENT RAIL NUMBER 5 -> code=GD5 IMO=9999996 TEU=None status=detail_no_teu
[group 14 7/878] QINGDAO TASHKENT RAIL NUMBER 6 -> code=GD6 IMO=9999996 TEU=None status=detail_no_teu
[group 14 9/878] QINGZHOU TASHKENT EXTRA 2 -> code=KB2 IMO=9999996 TEU=None status=detail_no_teu
[group 14 10/878] QINGZHOU TASHKENT NUMBER 2 -> code=GU2 IMO=9999996 TEU=None status=detail_no_teu
[group 14 11/878] QINGZHOU TASHKENT NUMBER 3 -> code=GU3 IMO=9999996 TEU=None status=detail_no_teu
[group 14 12/878] QINGZHOU TASHKENT RAIL NUMBER -> code=GU1 IMO=9999996 TEU=None status=detail_no_teu
[group 14 13/878] QINGZHOUTASHKENT EXTRA 1 -> code=KB1 IMO=9999996 TEU=None status=detail_no_teu
[group 14 14/878] QINGZHOUXING -> code=20B IMO=9999996 TEU=None status=detail_no_teu
[group 14 19/878] QIU YUN -> code=2IU IMO=9999996 TEU=None status=detail_no_teu
[group 14 20/878] QIYUNHE -> code=CKQ IMO=9228760 TEU=1432 status=ok
[group 14 21/878] QIZHAN -> code=RQU IMO=8973496 TEU=None status=detail_no_teu
[group 14 24/878] QUAN JIN 313 -> code=ZDI IMO=99999996 TEU=None status=detail_no_teu
[group 14 25/878] QUAN TONG 2 HAO -> code=XHG IMO=99999996 TEU=None status=detail_no_teu
[group 14 26/878] QUAN XING 96 -> code=ZMP IMO=9999996 TEU=None status=detail_no_teu
[group 14 28/878] QUEEN B III -> code=UK5 IMO=9333369 TEU=None status=detail_no_teu
[group 14 30/878] QUEEN OF LUCK -> code=A7H IMO=9088512 TEU=1684 status=ok
[group 14 31/878] QUEZON BRIDGE -> code=ARS IMO=9515618 TEU=None status=detail_no_teu
[group 14 32/878] R. PARTNER -> code=U79 IMO=9057161 TEU=None status=detail_no_teu
[group 14 34/878] RAFFLESIA -> code=Q92 IMO=9999996 TEU=None status=detail_no_teu
[group 14 35/878] RAGNA -> code=UBM IMO=9173329 TEU=None status=detail_no_teu
[group 14 36/878] RAINBOW BRIDGE -> code=S21 IMO=8512401 TEU=None status=detail_no_teu
[group 14 37/878] RAINER D -> code=UP9 IMO=9162679 TEU=None status=detail_no_teu
[group 14 38/878] RAJIV GANDHI -> code=KV1 IMO=9045558 TEU=None status=detail_no_teu
[group 14 40/878] RANGER -> code=PG8 IMO=9322542 TEU=None status=detail_no_teu
[group 14 42/878] RANT KENCANA -> code=AP7 IMO=99999996 TEU=None status=detail_no_teu
[group 14 47/878] RBD DALMATIA -> code=UBW IMO=9339076 TEU=None status=detail_no_teu
[group 14 50/878] RDO ENDEAVOUR -> code=STA IMO=9302102 TEU=5642 status=ok
[group 14 54/878] RED SPIRIT -> code=UR6 IMO=9135846 TEU=None status=detail_no_teu
[group 14 55/878] REECON WOLF -> code=A4P IMO=9999996 TEU=None status=detail_no_teu
[group 14 56/878] REESTBORG -> code=APQ IMO=99999996 TEU=None status=detail_no_teu
[group 14 59/878] REINHARD SCHEPERS -> code=A6O IMO=9999996 TEU=None status=detail_no_teu
[group 14 60/878] RELIANCE -> code=SQH IMO=9214927 TEU=855 status=ok
[group 14 70/878] REN JIAN 26 -> code=SZ1 IMO=4143650 TEU=4395 status=ok
[group 14 80/878] REN JIAN HAI SHUN -> code=QE6 IMO=4137056 TEU=2444 status=ok
[group 14 90/878] REN JIAN TANG SHAN -> code=QDJ IMO=4137043 TEU=2444 status=ok
[group 14 95/878] REN TAI 888 -> code=XVA IMO=99999996 TEU=None status=detail_no_teu
[group 14 97/878] RENHEHANGYUN -> code=V5E IMO=9999996 TEU=None status=detail_no_teu
[group 14 98/878] RENHEJIYUN -> code=1A9 IMO=99999996 TEU=None status=detail_no_teu
[group 14 99/878] RENHEJIYUN 8 -> code=2A2 IMO=99999996 TEU=None status=detail_no_teu
[group 14 100/878] RENHEJIYUN268 -> code=2IV IMO=9999996 TEU=None status=detail_no_teu
[group 14 101/878] RENHEJIYUN6 -> code=2A3 IMO=99999996 TEU=None status=detail_no_teu
[group 14 103/878] RENHEJIYUN68 -> code=2B6 IMO=9999996 TEU=None status=detail_no_teu
[group 14 104/878] RENJIAN 1 -> code=QWG IMO=9999991 TEU=None status=detail_no_teu
[group 14 108/878] RESOURCEFUL2 -> code=AVM IMO=99999996 TEU=None status=detail_no_teu
[group 14 110/878] REUNION -> code=ACZ IMO=99999996 TEU=None status=detail_no_teu
[group 14 111/878] REVERENCE -> code=ADW IMO=9250933 TEU=None status=detail_no_teu
[group 14 113/878] RGM PANEL 1 -> code=AQ1 IMO=99999996 TEU=None status=detail_no_teu
[group 14 115/878] RHEINTAL -> code=U76 IMO=211454200 TEU=None status=detail_no_teu
[group 14 116/878] RHINE MAERSK -> code=P3M IMO=9456991 TEU=None status=detail_no_teu
[group 14 119/878] RHL CONSCIENTIA -> code=Q7W IMO=9539664 TEU=None status=detail_no_teu
[group 14 120/878] RHL FELICITAS -> code=QL1 IMO=9426790 TEU=5089 status=ok
[group 14 121/878] RHL FIDELITAS -> code=QPT IMO=9999996 TEU=None status=detail_no_teu
[group 14 124/878] RI GANG ZHENG HE -> code=RDR IMO=9807807 TEU=None status=detail_no_teu
[group 14 130/878] RIJEKA EXPRESS II -> code=TT2 IMO=4290824 TEU=76 status=ok
[group 14 140/878] RIJNBORG. -> code=TP5 IMO=9355811 TEU=None status=detail_no_teu
[group 14 143/878] RIO BRANCO -> code=AAR IMO=99999996 TEU=None status=detail_no_teu
[group 14 144/878] RIO BRAVO -> code=PT4 IMO=9348091 TEU=None status=detail_no_teu
[group 14 146/878] RIO CARDIFF -> code=AXR IMO=99999996 TEU=None status=detail_no_teu
[group 14 150/878] RIO GRANDE EXPRESS -> code=MZG IMO=9301823 TEU=6000 status=ok
[group 14 151/878] RIO LAWRENCE -> code=W37 IMO=99999996 TEU=None status=detail_no_teu
[group 14 152/878] RIO MADEIRA -> code=NWC IMO=9348106 TEU=None status=detail_no_teu
[group 14 153/878] RIO NEGRO -> code=NMW IMO=9357975 TEU=None status=detail_no_teu
[group 14 154/878] RIO PARA -> code=P53 IMO=9262015 TEU=None status=detail_no_teu
[group 14 155/878] RIO RUBIO -> code=AY3 IMO=99999996 TEU=None status=detail_no_teu
[group 14 156/878] RITA -> code=987 IMO=9301988 TEU=None status=detail_no_teu
[group 14 159/878] RIVER DRAGON -> code=BGF IMO=9999996 TEU=None status=detail_no_teu
[group 14 160/878] RIVER ELEGANCE -> code=CDA IMO=9072147 TEU=4196 status=ok
[group 14 161/878] RIVER MAS -> code=AEW IMO=99999996 TEU=None status=detail_no_teu
[group 14 164/878] RJ999 -> code=Z9C IMO=2017110101 TEU=None status=detail_no_teu
[group 14 165/878] RMS VERITAS -> code=MSV IMO=9138745 TEU=None status=detail_no_teu
[group 14 168/878] ROBIN 2 -> code=R4F IMO=9399739 TEU=None status=detail_no_teu
[group 14 169/878] ROBIN 4 -> code=S2H IMO=9399741 TEU=None status=detail_no_teu
[group 14 170/878] ROBIN 5 -> code=QGM IMO=9399777 TEU=2872 status=ok
[group 14 171/878] ROME EXPRESS -> code=NQF IMO=9447861 TEU=None status=detail_no_teu
[group 14 172/878] ROMINA -> code=Q4V IMO=9137571 TEU=None status=detail_no_teu
[group 14 173/878] ROMY TRADER -> code=UCY IMO=9150080 TEU=None status=detail_no_teu
[group 14 174/878] RONG AN 666 -> code=XOA IMO=20150074 TEU=None status=detail_no_teu
[group 14 175/878] RONG DA -> code=ZB6 IMO=99999996 TEU=None status=detail_no_teu
[group 14 176/878] RONG DA 383 -> code=ZU5 IMO=9999996 TEU=None status=detail_no_teu
[group 14 178/878] RONG GUANG SHUN 10 -> code=XAO IMO=9999996 TEU=None status=detail_no_teu
[group 14 179/878] RONG GUANG SHUN 116 -> code=XLJ IMO=99999996 TEU=None status=detail_no_teu
[group 14 180/878] RONG GUANG SHUN 2 -> code=XGP IMO=9999996 TEU=None status=detail_no_teu
[group 14 181/878] RONG GUANG SHUN 3 -> code=ZNZ IMO=9999996 TEU=None status=detail_no_teu
[group 14 184/878] RONG GUANG SHUN 928 -> code=WYN IMO=9999996 TEU=None status=detail_no_teu
[group 14 185/878] RONG HAI DA -> code=QY9 IMO=None TEU=None status=detail_no_teu
[group 14 186/878] RONG HANG 108 -> code=LL3 IMO=9999996 TEU=None status=detail_no_teu
[group 14 187/878] RONG HANG 18 -> code=XHE IMO=99999996 TEU=None status=detail_no_teu
[group 14 189/878] RONG HANG 218 -> code=LL1 IMO=9999996 TEU=None status=detail_no_teu
[group 14 190/878] RONG HANG 23 -> code=O22 IMO=9999996 TEU=None status=detail_no_teu
[group 14 191/878] RONG HANG 238 -> code=LW4 IMO=9999996 TEU=None status=detail_no_teu
[group 14 193/878] RONG HANG 388 -> code=OFK IMO=9999996 TEU=None status=detail_no_teu
[group 14 194/878] RONG HANG 518 -> code=O20 IMO=9999996 TEU=None status=detail_no_teu
[group 14 195/878] RONG HANG 528 -> code=OEU IMO=9999996 TEU=None status=detail_no_teu
[group 14 196/878] RONG HANG 558 -> code=LL7 IMO=9999996 TEU=None status=detail_no_teu
[group 14 197/878] RONG HANG 568 -> code=OB4 IMO=9999996 TEU=None status=detail_no_teu
[group 14 198/878] RONG HANG 618 -> code=O71 IMO=9999996 TEU=None status=detail_no_teu
[group 14 200/878] RONG HANG 918 -> code=WUF IMO=99999996 TEU=None status=detail_no_teu
[group 14 201/878] RONG JIE -> code=ZOZ IMO=9999996 TEU=None status=detail_no_teu
[group 14 203/878] RONG JING 02 -> code=XU3 IMO=9999996 TEU=None status=detail_no_teu
[group 14 205/878] RONG JING 05 -> code=XM1 IMO=9999996 TEU=None status=detail_no_teu
[group 14 206/878] RONG JING 06 -> code=LKN IMO=20160727 TEU=None status=detail_no_teu
[group 14 209/878] RONG JING 11 -> code=XV0 IMO=9999996 TEU=None status=detail_no_teu
[group 14 210/878] RONG JING 12 -> code=XW3 IMO=9999996 TEU=None status=detail_no_teu
[group 14 211/878] RONG JING 18 -> code=XQ5 IMO=9999996 TEU=None status=detail_no_teu
[group 14 212/878] RONG JING 22 -> code=WM8 IMO=9999996 TEU=None status=detail_no_teu
[group 14 214/878] RONG JING 228 -> code=LSI IMO=9999996 TEU=None status=detail_no_teu
[group 14 215/878] RONG JING 23 -> code=WM2 IMO=9999996 TEU=None status=detail_no_teu
[group 14 217/878] RONG JING 26 -> code=WM1 IMO=99999996 TEU=None status=detail_no_teu
[group 14 218/878] RONG JING 28 -> code=WA3 IMO=9999996 TEU=None status=detail_no_teu
[group 14 219/878] RONG JING 288 -> code=XJ4 IMO=9999996 TEU=None status=detail_no_teu
[group 14 220/878] RONG JING 333 -> code=WLY IMO=5200550434 TEU=220 status=ok
[group 14 221/878] RONG JING 38 -> code=XSY IMO=9999996 TEU=None status=detail_no_teu
[group 14 222/878] RONG JING 39 -> code=ZK7 IMO=99999996 TEU=None status=detail_no_teu
[group 14 224/878] RONG JING 555 -> code=XK0 IMO=9999996 TEU=None status=detail_no_teu
[group 14 225/878] RONG JING 588 -> code=XK1 IMO=99999996 TEU=None status=detail_no_teu
[group 14 226/878] RONG JING 618 -> code=XD5 IMO=9999996 TEU=None status=detail_no_teu
[group 14 227/878] RONG JING 628 -> code=W99 IMO=9999996 TEU=None status=detail_no_teu
[group 14 228/878] RONG JING 658 -> code=LCM IMO=9999996 TEU=None status=detail_no_teu
[group 14 229/878] RONG JING 68 -> code=XFT IMO=9999996 TEU=None status=detail_no_teu
[group 14 230/878] RONG JING 688 -> code=XD2 IMO=99999996 TEU=None status=detail_no_teu
[group 14 231/878] RONG JING 818 -> code=LO2 IMO=9999996 TEU=None status=detail_no_teu
[group 14 232/878] RONG JING 828 -> code=O11 IMO=9999996 TEU=None status=detail_no_teu
[group 14 233/878] RONG JING 88 -> code=XS7 IMO=9999996 TEU=None status=detail_no_teu
[group 14 234/878] RONG JING 883 -> code=LSN IMO=9999996 TEU=None status=detail_no_teu
[group 14 235/878] RONG JING 98 -> code=XEM IMO=9999996 TEU=None status=detail_no_teu
[group 14 236/878] RONG JING 999 -> code=Z9L IMO=9999996 TEU=None status=detail_no_teu
[group 14 238/878] RONG MAO 3 -> code=FS9 IMO=9999996 TEU=None status=detail_no_teu
[group 14 239/878] RONG XIAN 397 -> code=XQG IMO=20150170 TEU=None status=detail_no_teu
[group 14 240/878] RONG XIAN 398 -> code=XDA IMO=9999996 TEU=None status=detail_no_teu
[group 14 241/878] RONG XIAN 399 -> code=ZWT IMO=99999996 TEU=None status=detail_no_teu
[group 14 242/878] RONG XIAN 528 -> code=XFG IMO=9999996 TEU=None status=detail_no_teu
[group 14 246/878] RONG YI 25 -> code=OUA IMO=9999996 TEU=None status=detail_no_teu
[group 14 248/878] RONGHAICHANGHONG -> code=VZB IMO=963852 TEU=None status=detail_no_teu
[group 14 249/878] RONGHANG1 -> code=VS9 IMO=9999996 TEU=None status=detail_no_teu
[group 14 250/878] RONGJIANG005 -> code=VD9 IMO=99999996 TEU=350 status=ok
[group 14 252/878] RONGJIANG010 -> code=NYH IMO=9999996 TEU=None status=detail_no_teu
[group 14 256/878] RONGSHUN1 -> code=YFX IMO=99999996 TEU=None status=detail_no_teu
[group 14 259/878] ROTTERDAM -> code=RPY IMO=9398450 TEU=None status=detail_no_teu
[group 14 260/878] ROTTERDAM BRIDGE -> code=Q86 IMO=9224324 TEU=4253 status=ok
[group 14 262/878] ROVINARI 19 -> code=MA3 IMO=4600053 TEU=None status=detail_no_teu
[group 14 267/878] RT DAGR -> code=UAN IMO=9176682 TEU=None status=detail_no_teu
[group 14 269/878] RU YI SONG -> code=MFS IMO=9608934 TEU=None status=detail_no_teu
[group 14 270/878] RUBIN -> code=P23 IMO=9175585 TEU=502 status=ok
[group 14 271/878] RUBINA SCHULTE -> code=A3C IMO=9999996 TEU=None status=detail_no_teu
[group 14 272/878] RUBY -> code=QUR IMO=910778 TEU=None status=detail_no_teu
[group 14 274/878] RUI CHI -> code=LC9 IMO=1 TEU=None status=detail_no_teu
[group 14 275/878] RUI FENG 329 -> code=WNP IMO=99999996 TEU=None status=detail_no_teu
[group 14 276/878] RUI FENG 589 -> code=WG7 IMO=99999996 TEU=None status=detail_no_teu
[group 14 277/878] RUI FENG 898 -> code=WH6 IMO=99999996 TEU=None status=detail_no_teu
[group 14 279/878] RUI HANG 28 -> code=WMB IMO=9999996 TEU=None status=detail_no_teu
[group 14 280/878] RUI HANG 6628 -> code=OWF IMO=9999996 TEU=None status=detail_no_teu
[group 14 282/878] RUIHANG939 -> code=2WU IMO=9999996 TEU=None status=detail_no_teu
[group 14 283/878] RUIHANGTENGFEI -> code=2IT IMO=9999996 TEU=None status=detail_no_teu
[group 14 284/878] RUMBA -> code=MA6 IMO=9264714 TEU=None status=detail_no_teu
[group 14 285/878] RUMBA (DO NOT USE) -> code=UF6 IMO=926471 TEU=None status=detail_no_teu
[group 14 287/878] RUN CHEN 66 -> code=F78 IMO=9999996 TEU=None status=detail_no_teu
[group 14 288/878] RUN FA 818 -> code=YTA IMO=99999996 TEU=None status=detail_no_teu
[group 14 289/878] RUN FA 9 -> code=YOP IMO=9999996 TEU=None status=detail_no_teu
[group 14 290/878] RUN FA 99 -> code=FTR IMO=9999996 TEU=424 status=ok
[group 14 291/878] RUN FA ZHI BAO -> code=FCH IMO=9999996 TEU=None status=detail_no_teu
[group 14 292/878] RUN FU 9168 -> code=Z9K IMO=1 TEU=None status=detail_no_teu
[group 14 293/878] RUN HAI XIANG YANG -> code=D48 IMO=9997048 TEU=None status=detail_no_teu
[group 14 294/878] RUN HENG 3286 -> code=OX4 IMO=9999996 TEU=None status=detail_no_teu
[group 14 298/878] RUN HENG 668 -> code=OWH IMO=9999996 TEU=None status=detail_no_teu
[group 14 299/878] RUN HENG 6889 -> code=LSH IMO=9999996 TEU=None status=detail_no_teu
[group 14 300/878] RUN HENG 6899 -> code=OMU IMO=9999996 TEU=1 status=ok
[group 14 301/878] RUN HENG 8869 -> code=LTF IMO=9999996 TEU=None status=detail_no_teu
[group 14 303/878] RUN HENG 8889 -> code=LPZ IMO=9999996 TEU=None status=detail_no_teu
[group 14 306/878] RUN LONG 638 -> code=B83 IMO=9999996 TEU=None status=detail_no_teu
[group 14 307/878] RUN LONG 932 -> code=B27 IMO=9999996 TEU=None status=detail_no_teu
[group 14 308/878] RUN LONG 933 -> code=B37 IMO=9999996 TEU=None status=detail_no_teu
[group 14 310/878] RUN SHENG 1 -> code=NOK IMO=7978686 TEU=None status=detail_no_teu
[group 14 311/878] RUN XING XU HANG -> code=MGJ IMO=9999996 TEU=None status=detail_no_teu
[group 14 312/878] RUN XUN 1 HAO -> code=ZTJ IMO=99999996 TEU=None status=detail_no_teu
[group 14 313/878] RUN XUN 28 -> code=XE8 IMO=99999996 TEU=None status=detail_no_teu
[group 14 314/878] RUN XUN 38 -> code=ZTY IMO=99999996 TEU=None status=detail_no_teu
[group 14 315/878] RUN YANG JI 007 -> code=M85 IMO=9999996 TEU=None status=detail_no_teu
[group 14 316/878] RUN YANG99 -> code=RLB IMO=99999996 TEU=None status=detail_no_teu
[group 14 318/878] RUNDAHANGHAI -> code=Y3G IMO=99999996 TEU=None status=detail_no_teu
[group 14 319/878] RUNDEJI1 -> code=1B2 IMO=88888889 TEU=None status=detail_no_teu
[group 14 320/878] RUNFA 5 HAO -> code=YYV IMO=99999996 TEU=120 status=ok
[group 14 321/878] RUNFA02 -> code=YOD IMO=9999996 TEU=None status=detail_no_teu
[group 14 322/878] RUNFA03 -> code=YOM IMO=9999996 TEU=None status=detail_no_teu
[group 14 327/878] RUNFACHANGQING -> code=Y3D IMO=99999996 TEU=None status=detail_no_teu
[group 14 328/878] RUNFAPINGAN -> code=VH3 IMO=99999996 TEU=None status=detail_no_teu
[group 14 329/878] RUNFAXIANGYUN -> code=VW8 IMO=9999998 TEU=None status=detail_no_teu
[group 14 330/878] RUNFAXINGFU -> code=VZK IMO=234522134 TEU=None status=detail_no_teu
[group 14 332/878] RUNSHENG222 -> code=2F1 IMO=9999996 TEU=None status=detail_no_teu
[group 14 333/878] RUNTONGJI1HAO -> code=2TB IMO=9999996 TEU=None status=detail_no_teu
[group 14 334/878] RUNXIN999 -> code=2VY IMO=9999996 TEU=None status=detail_no_teu
[group 14 335/878] RUNXINGHAIYANG -> code=V6U IMO=9999996 TEU=None status=detail_no_teu
[group 14 336/878] RUNXINGHAIYUN -> code=V6T IMO=9999996 TEU=None status=detail_no_teu
[group 14 337/878] RUNXINGHUIHUANG -> code=VSR IMO=9999996 TEU=None status=detail_no_teu
[group 14 340/878] RUNXINGJI555 -> code=VG6 IMO=99999996 TEU=None status=detail_no_teu
[group 14 341/878] RUNXINGJI588 -> code=VPC IMO=9999996 TEU=None status=detail_no_teu
[group 14 342/878] RUNXINGJI6 -> code=VKJ IMO=8686969 TEU=None status=detail_no_teu
[group 14 343/878] RUNXINGJI666 -> code=VXJ IMO=999999 TEU=None status=detail_no_teu
[group 14 344/878] RUNXINGJI666666 -> code=VZV IMO=23654789 TEU=None status=detail_no_teu
[group 14 345/878] RUNXINGJI669 -> code=VO9 IMO=88888888 TEU=None status=detail_no_teu
[group 14 347/878] RUNXINGJI6789 -> code=VVG IMO=9999996 TEU=None status=detail_no_teu
[group 14 348/878] RUNXINGJI688 -> code=2H0 IMO=9999996 TEU=None status=detail_no_teu
[group 14 350/878] RUNXINGJI699 -> code=VO6 IMO=9999996 TEU=None status=detail_no_teu
[group 14 351/878] RUNXINGJI88 -> code=VMA IMO=9676868 TEU=None status=detail_no_teu
[group 14 352/878] RUNXINGJI888 -> code=VXO IMO=999999 TEU=None status=detail_no_teu
[group 14 355/878] RUNXINGJI998 -> code=2G9 IMO=9999996 TEU=None status=detail_no_teu
[group 14 357/878] RUNXINGJIYUN -> code=VLW IMO=8684742 TEU=None status=detail_no_teu
[group 14 358/878] RUNXINGXIANGYUN -> code=2I8 IMO=9999996 TEU=None status=detail_no_teu
[group 14 359/878] RUNXINGXIHANG -> code=V4J IMO=9999996 TEU=None status=detail_no_teu
[group 14 360/878] RUNXINHUIHUANG -> code=VQP IMO=9999996 TEU=None status=detail_no_teu
[group 14 361/878] RUNXINJI999 -> code=2TU IMO=9999996 TEU=None status=detail_no_teu
[group 14 362/878] RUNYANG 1 -> code=YLE IMO=9999996 TEU=None status=detail_no_teu
[group 14 363/878] RUNYANG018 -> code=V7I IMO=9999996 TEU=None status=detail_no_teu
[group 14 364/878] RUNYANG56789 -> code=V6Q IMO=9999996 TEU=None status=detail_no_teu
[group 14 365/878] RUNYANG677 -> code=2I2 IMO=9999996 TEU=None status=detail_no_teu
[group 14 366/878] RUNYANG7777 -> code=V6C IMO=9999996 TEU=None status=detail_no_teu
[group 14 367/878] RUNYANG9999 -> code=V5Z IMO=9999996 TEU=None status=detail_no_teu
[group 14 368/878] RUNYANGJI001 -> code=VIT IMO=9999988 TEU=None status=detail_no_teu
[group 14 370/878] RUNYANGJI003 -> code=VLZ IMO=9988667 TEU=None status=detail_no_teu
[group 14 371/878] RUNYANGJI006 -> code=VLX IMO=8866996 TEU=None status=detail_no_teu
[group 14 372/878] RUNYANGJI009 -> code=VVF IMO=9999996 TEU=None status=detail_no_teu
[group 14 373/878] RUNYANGJI111 -> code=V3K IMO=9999996 TEU=None status=detail_no_teu
[group 14 374/878] RUNYANGJI116 -> code=2Q1 IMO=9999996 TEU=None status=detail_no_teu
[group 14 375/878] RUNYANGJI299 -> code=VVB IMO=9999996 TEU=None status=detail_no_teu
[group 14 377/878] RUNYANGJI6666 -> code=VNC IMO=6766779 TEU=None status=detail_no_teu
[group 14 378/878] RUNYANGJI6699 -> code=V6X IMO=9999996 TEU=None status=detail_no_teu
[group 14 379/878] RUNYANGJI6789 -> code=VUI IMO=9999996 TEU=None status=detail_no_teu
[group 14 380/878] RUNYANGJI688 -> code=VND IMO=8866767 TEU=None status=detail_no_teu
[group 14 381/878] RUNYANGJI6969 -> code=2XX IMO=9999996 TEU=None status=detail_no_teu
[group 14 382/878] RUNYANGJI777 -> code=VMZ IMO=4786996 TEU=None status=detail_no_teu
[group 14 383/878] RUNYANGJI7777 -> code=VUN IMO=9999996 TEU=None status=detail_no_teu
[group 14 384/878] RUNYANGJI7799 -> code=VUO IMO=9999996 TEU=None status=detail_no_teu
[group 14 385/878] RUNYANGJI789 -> code=VJD IMO=6688999 TEU=None status=detail_no_teu
[group 14 386/878] RUNYANGJI9999 -> code=VMY IMO=9988867 TEU=None status=detail_no_teu
[group 14 387/878] RUNYANGJIXIANG -> code=VUY IMO=9999996 TEU=None status=detail_no_teu
[group 14 388/878] RUSSIA CHENGDU NUMBER 1 -> code=MC1 IMO=9999996 TEU=None status=detail_no_teu
[group 14 389/878] RUSSIA CHENGDU NUMBER 2 -> code=MC2 IMO=9999996 TEU=None status=detail_no_teu
[group 14 390/878] RUSSIA CHENGDU NUMBER 3 -> code=MC3 IMO=9999996 TEU=None status=detail_no_teu
[group 14 391/878] RUSSIA CHENGDU NUMBER 4 -> code=MC4 IMO=9999996 TEU=None status=detail_no_teu
[group 14 392/878] RUSSIA CHENGDU NUMBER 5 -> code=MC5 IMO=9999996 TEU=None status=detail_no_teu
[group 14 393/878] RUSSIA CHENGDU NUMBER 6 -> code=MC6 IMO=9999996 TEU=None status=detail_no_teu
[group 14 394/878] RUSSIA CHENGDU NUMBER 7 -> code=MC7 IMO=9999996 TEU=None status=detail_no_teu
[group 14 395/878] RUSSIA CHENGDU NUMBER 8 -> code=MC8 IMO=9999996 TEU=None status=detail_no_teu
[group 14 396/878] RUSSIA CHENGDU NUMBER 9 -> code=MC9 IMO=9999996 TEU=None status=detail_no_teu
[group 14 397/878] RUSSIA CHENGDU RETURN NUMBER 1 -> code=MU1 IMO=9999996 TEU=None status=detail_no_teu
[group 14 398/878] RUSSIA CHENGDU RETURN NUMBER 2 -> code=MU2 IMO=9999996 TEU=None status=detail_no_teu
[group 14 399/878] RUSSIA CHENGDU RETURN NUMBER 3 -> code=MU3 IMO=9999996 TEU=None status=detail_no_teu
[group 14 400/878] RUSSIA CHENGDU RETURN NUMBER 4 -> code=MU4 IMO=9999996 TEU=None status=detail_no_teu
[group 14 401/878] RUSSIA CHENGDU RETURN NUMBER 5 -> code=MU5 IMO=9999996 TEU=None status=detail_no_teu
[group 14 405/878] SABIC NANSHA -> code=Z8O IMO=2017091701 TEU=None status=detail_no_teu
[group 14 410/878] SAFEEN PRESTIGE -> code=QQA IMO=9593517 TEU=1815 status=ok
[group 14 416/878] SAFEEN TIGER -> code=RQM IMO=9337262 TEU=None status=detail_no_teu
[group 14 418/878] SAFESEA RAMA -> code=A2G IMO=9364356 TEU=None status=detail_no_teu
[group 14 420/878] SAFMARINE CAMEROUN -> code=SA0 IMO=9289180 TEU=None status=detail_no_teu
[group 14 422/878] SAFMARINE MAFADI -> code=QE7 IMO=9314210 TEU=None status=detail_no_teu
[group 14 424/878] SAFMARINE MULANJE -> code=RSI IMO=9311701 TEU=None status=detail_no_teu
[group 14 425/878] SAFMARINE NILE -> code=PW9 IMO=9356098 TEU=None status=detail_no_teu
[group 14 426/878] SAFMARINE NOKWANDA -> code=Q52 IMO=9294393 TEU=None status=detail_no_teu
[group 14 427/878] SAFMARINE NOLIZWE -> code=STO IMO=99999996 TEU=None status=detail_no_teu
[group 14 428/878] SAFMARINE NOMAZWE -> code=QSB IMO=9294381 TEU=None status=detail_no_teu
[group 14 430/878] SAFMARINE PANTANAL -> code=STP IMO=4054 TEU=None status=detail_no_teu
[group 14 433/878] SAGAING -> code=AFU IMO=99999996 TEU=None status=detail_no_teu
[group 14 435/878] SAGITTARIUS -> code=RYP IMO=9122473 TEU=None status=detail_no_teu
[group 14 436/878] SAINT NIKOLAOS -> code=V7C IMO=9304734 TEU=None status=detail_no_teu
[group 14 440/878] SAJIR -> code=R9A IMO=9708784 TEU=15000 status=ok
[group 14 442/878] SALAM MAJU -> code=BDE IMO=9999996 TEU=None status=detail_no_teu
[group 14 443/878] SALAM MAKMUR -> code=A81 IMO=99999996 TEU=None status=detail_no_teu
[group 14 444/878] SALAM MEGAH -> code=A8U IMO=7525877 TEU=None status=detail_no_teu
[group 14 445/878] SALAM MESRA -> code=AKW IMO=99999996 TEU=None status=detail_no_teu
[group 14 446/878] SALAM MEWAH -> code=BAM IMO=9999996 TEU=None status=detail_no_teu
[group 14 447/878] SALAM MULIA -> code=A7B IMO=9999996 TEU=None status=detail_no_teu
[group 14 448/878] SALAM MURNI -> code=A82 IMO=99999996 TEU=None status=detail_no_teu
[group 14 449/878] SALAM PANJANG -> code=A83 IMO=99999996 TEU=None status=detail_no_teu
[group 14 450/878] SALAMMBO -> code=MU9 IMO=9142461 TEU=None status=detail_no_teu
[group 14 452/878] SAMAL -> code=MOC IMO=9944754 TEU=None status=detail_no_teu
[group 14 454/878] SAMBA -> code=UB1 IMO=9428205 TEU=None status=detail_no_teu
[group 14 455/878] SAMRATULANGI PB 1600 -> code=AIY IMO=99999996 TEU=None status=detail_no_teu
[group 14 456/878] SAMSKIP HOFFELL -> code=PB9 IMO=9196943 TEU=None status=detail_no_teu
[group 14 457/878] SAMSKIP KVITBJORN -> code=PT5 IMO=9642564 TEU=None status=detail_no_teu
[group 14 458/878] SAMSKIP KVITNOS -> code=PY8 IMO=9642576 TEU=None status=detail_no_teu
[group 14 460/878] SAMSKIP SKALAFELL (NIS) -> code=C05 IMO=944059 TEU=None status=detail_no_teu
[group 14 461/878] SAMUDRA BINTAN 88 -> code=MUA IMO=8749406 TEU=None status=detail_no_teu
[group 14 462/878] SAMUDRA III -> code=A9U IMO=9999996 TEU=None status=detail_no_teu
[group 14 463/878] SAN ADRIANO -> code=Q24 IMO=9347279 TEU=None status=detail_no_teu
[group 14 464/878] SAN ALESSIO -> code=QS7 IMO=9347293 TEU=None status=detail_no_teu
[group 14 465/878] SAN ALFONSO -> code=BB4 IMO=9344667 TEU=None status=detail_no_teu
[group 14 466/878] SAN ALVARO -> code=PY2 IMO=9344681 TEU=None status=detail_no_teu
[group 14 468/878] SAN ANTONIO -> code=C09 IMO=9347267 TEU=None status=detail_no_teu
[group 14 469/878] SAN ANTONIO MAERSK -> code=N8G IMO=9622241 TEU=None status=detail_no_teu
[group 14 470/878] SAN AUGUSTIN MAERSK -> code=N9G IMO=9622239 TEU=10589 status=ok
[group 14 472/878] SAN BU 1 -> code=WBT IMO=99999996 TEU=None status=detail_no_teu
[group 14 473/878] SAN BU 2 -> code=WBU IMO=20150025 TEU=None status=detail_no_teu
[group 14 474/878] SAN BU 3 -> code=WBV IMO=99999996 TEU=None status=detail_no_teu
[group 14 475/878] SAN BU 4 -> code=W8U IMO=20160510 TEU=None status=detail_no_teu
[group 14 480/878] SAN FERNANDO -> code=R7B IMO=9698642 TEU=8700 status=ok
[group 14 488/878] SAN LORENZO MAERSK -> code=N7G IMO=9622227 TEU=None status=detail_no_teu
[group 14 489/878] SAN MARCO MAERSK -> code=N7H IMO=9622215 TEU=None status=detail_no_teu
[group 14 490/878] SAN NICOLAS MAERSK -> code=N6H IMO=9622203 TEU=None status=detail_no_teu
[group 14 498/878] SAN YANG 2 -> code=YKI IMO=9999996 TEU=None status=detail_no_teu
[group 14 499/878] SANGANG9 -> code=YKP IMO=9999999996 TEU=None status=detail_no_teu
[group 14 500/878] SANGANG9HAO -> code=VQ4 IMO=99999996 TEU=325 status=ok
[group 14 501/878] SANHANGJI019 -> code=2XT IMO=9999996 TEU=None status=detail_no_teu
[group 14 502/878] SANHANGJI088 -> code=2XS IMO=9999996 TEU=None status=detail_no_teu
[group 14 503/878] SANLI NO.1 -> code=YDD IMO=99999999 TEU=None status=detail_no_teu
[group 14 505/878] SANMA888 -> code=YVE IMO=99999996 TEU=None status=detail_no_teu
[group 14 508/878] SANQING801 -> code=YGQ IMO=99999996 TEU=None status=detail_no_teu
[group 14 509/878] SANQING802 -> code=YBI IMO=99999996 TEU=None status=detail_no_teu
[group 14 510/878] SANSUMG CHANGCHUN MOSCOW 2 -> code=SY2 IMO=9999996 TEU=None status=detail_no_teu
[group 14 511/878] SANSUNG CHANGCHUN MOSCOW 1 -> code=SY1 IMO=9999996 TEU=None status=detail_no_teu
[group 14 512/878] SANSUNG CHANGCHUN MOSCOW 3 -> code=SY4 IMO=9999996 TEU=None status=detail_no_teu
[group 14 513/878] SANSUNG CHANGCHUN MOSCOW 4 -> code=SY3 IMO=9999996 TEU=None status=detail_no_teu
[group 14 514/878] SANSUNG CHANGCHUN MOSCOW 5 -> code=SY5 IMO=9999996 TEU=None status=detail_no_teu
[group 14 515/878] SANSUNG CHANGCHUN MOSCOW 6 -> code=SY6 IMO=9999996 TEU=None status=detail_no_teu
[group 14 516/878] SANSUNG CHANGCHUN MOSCOW 7 -> code=SY7 IMO=9999996 TEU=None status=detail_no_teu
[group 14 517/878] SANTA BALBIN -> code=AWB IMO=99999996 TEU=None status=detail_no_teu
[group 14 519/878] SANTA BRUNELLA -> code=QCH IMO=9341122 TEU=None status=detail_no_teu
[group 14 520/878] SANTA CATARINA -> code=S3B IMO=9444730 TEU=7154 status=ok
[group 14 523/878] SANTA ELENA -> code=S83 IMO=999999 TEU=None status=detail_no_teu
[group 14 530/878] SANTA LOUKIA -> code=NB2 IMO=9634658 TEU=1704 status=ok
[group 14 532/878] SANTA MONICA -> code=QN3 IMO=9999999 TEU=None status=detail_no_teu
[group 14 540/878] SANTIAGO -> code=T04 IMO=9080998 TEU=2000 status=ok
[group 14 541/878] SANTONGJI1 -> code=YAY IMO=99999996 TEU=None status=detail_no_teu
[group 14 542/878] SANTONGJI2 -> code=YCB IMO=99999996 TEU=None status=detail_no_teu
[group 14 543/878] SANTONGJI6 -> code=YIO IMO=99999996 TEU=None status=detail_no_teu
[group 14 544/878] SANTOS -> code=A85 IMO=8411205 TEU=None status=detail_no_teu
[group 14 545/878] SANTOS EXPRESS -> code=NX7 IMO=9777632 TEU=None status=detail_no_teu
[group 14 546/878] SANTUCA_B -> code=UY3 IMO=9287687 TEU=None status=detail_no_teu
[group 14 547/878] SANXIA802 -> code=Y74 IMO=99999996 TEU=None status=detail_no_teu
[group 14 549/878] SANYANGJI1HAO -> code=VP7 IMO=99999996 TEU=None status=detail_no_teu
[group 14 550/878] SAO PAULO -> code=RM9 IMO=9350147 TEU=1805 status=ok
[group 14 553/878] SARAYU -> code=D31 IMO=9187863 TEU=None status=detail_no_teu
[group 14 556/878] SATHA BHUM -> code=AFB IMO=99999996 TEU=None status=detail_no_teu
[group 14 557/878] SATIE -> code=PP6 IMO=9330513 TEU=None status=detail_no_teu
[group 14 559/878] SATURN -> code=A86 IMO=9396634 TEU=None status=detail_no_teu
[group 14 560/878] SAVANNAH -> code=T25 IMO=9999996 TEU=2868 status=ok
[group 14 562/878] SAWASDEE ATLANTIC -> code=MCH IMO=9879375 TEU=None status=detail_no_teu
[group 14 564/878] SAWASDEE CHITTAGONG -> code=MEL IMO=9999996 TEU=None status=detail_no_teu
[group 14 565/878] SAWASDEE XIAMEN -> code=BIX IMO=9940772 TEU=None status=detail_no_teu
[group 14 566/878] SAYLEMOON RICKMERS -> code=AMU IMO=99999996 TEU=None status=detail_no_teu
[group 14 569/878] SC MARA -> code=ND8 IMO=9302578 TEU=None status=detail_no_teu
[group 14 570/878] SC MARIGOT -> code=UI1 IMO=9275115 TEU=1200 status=ok
[group 14 576/878] SC PHILLY -> code=3GQ IMO=9330276 TEU=None status=detail_no_teu
[group 14 580/878] SCAN CARRIER -> code=SIQ IMO=8500678 TEU=None status=detail_no_teu
[group 14 582/878] SCHELDE TRADER -> code=AQG IMO=99999996 TEU=None status=detail_no_teu
[group 14 584/878] SCI CHENNAI -> code=AOM IMO=9418298 TEU=None status=detail_no_teu
[group 14 585/878] SCI JYOTI -> code=APH IMO=9999997 TEU=None status=detail_no_teu
[group 14 587/878] SCI MUMBAI -> code=D12 IMO=9419539 TEU=None status=detail_no_teu
[group 14 589/878] SCIO SKY -> code=AWO IMO=9232773 TEU=None status=detail_no_teu
[group 14 590/878] SCL ANITA -> code=P55 IMO=9359947 TEU=706 status=ok
[group 14 591/878] SCORPIUS -> code=IUS IMO=9307279 TEU=None status=detail_no_teu
[group 14 596/878] SEA BETA -> code=ACV IMO=99999996 TEU=None status=detail_no_teu
[group 14 599/878] SEA ELEGANCE -> code=AKX IMO=99999996 TEU=None status=detail_no_teu
[group 14 600/878] SEA LAND CHAMPION -> code=QXX IMO=9106170 TEU=None status=detail_no_teu
[group 14 602/878] SEA MERCHANT -> code=AE6 IMO=99999996 TEU=None status=detail_no_teu
[group 14 603/878] SEA NAVIGATO -> code=AVO IMO=9999996 TEU=None status=detail_no_teu
[group 14 606/878] SEA SPACE -> code=ACO IMO=99999996 TEU=None status=detail_no_teu
[group 14 608/878] SEABOARD PATRIOT -> code=U98 IMO=9395551 TEU=None status=detail_no_teu
[group 14 609/878] SEABOXER -> code=AQ4 IMO=248632000 TEU=None status=detail_no_teu
[group 14 610/878] SEABRIGHT -> code=AB4 IMO=7636949 TEU=517 status=ok
[group 14 612/878] SEAGATE 2705 -> code=NF1 IMO=99999998 TEU=None status=detail_no_teu
[group 14 618/878] SEALAND RACER -> code=QGH IMO=9116890 TEU=None status=detail_no_teu
[group 14 619/878] SEALLOYD ARC -> code=BHO IMO=8682036 TEU=None status=detail_no_teu
[group 14 620/878] SEAMASTER -> code=MTR IMO=9625920 TEU=1756 status=ok
[group 14 625/878] SEAN RICKMERS -> code=AYU IMO=99999996 TEU=None status=detail_no_teu
[group 14 627/878] SEASPAN ADONIS -> code=MIY IMO=9468293 TEU=None status=detail_no_teu
[group 14 630/878] SEASPAN BREEZE -> code=DAT IMO=9685358 TEU=None status=detail_no_teu
[group 14 640/878] SEASPAN EXCELLENCE -> code=S4G IMO=9251377 TEU=4646 status=ok
[group 14 646/878] SEASPAN GUAYAQUIL -> code=NAQ IMO=9402641 TEU=None status=detail_no_teu
[group 14 650/878] SEASPAN JAKARTA -> code=N6L IMO=9301794 TEU=4253 status=ok
[group 14 652/878] SEASPAN LAHORE -> code=S2Z IMO=9301811 TEU=None status=detail_no_teu
[group 14 654/878] SEASPAN LOGA -> code=MB9 IMO=9320001 TEU=None status=detail_no_teu
[group 14 660/878] SEASPAN NINGBO -> code=Q79 IMO=9227015 TEU=4250 status=ok
[group 14 670/878] SEATRADE BLUE -> code=N1M IMO=9756107 TEU=None status=detail_no_teu
[group 14 671/878] SEATRADE COLOMBIA -> code=KKL IMO=6360933 TEU=None status=detail_no_teu
[group 14 676/878] SEAWAYS PRESTIGE -> code=ALE IMO=99999996 TEU=None status=detail_no_teu
[group 14 678/878] SEJAHTERA DUA -> code=AIR IMO=9999999996 TEU=None status=detail_no_teu
[group 14 679/878] SEJAHTERA SATU -> code=AN7 IMO=99999996 TEU=None status=detail_no_teu
[group 14 680/878] SELATAN DAMAI -> code=AST IMO=9353931 TEU=None status=detail_no_teu
[group 14 682/878] SELATAN MAJU -> code=AIE IMO=99999996 TEU=None status=detail_no_teu
[group 14 683/878] SELATAN MAKMUR -> code=ALK IMO=99999997 TEU=None status=detail_no_teu
[group 14 684/878] SELATAN MEGAH -> code=AO6 IMO=99999996 TEU=None status=detail_no_teu
[group 14 685/878] SELATAN MULIA -> code=AKR IMO=8218512 TEU=None status=detail_no_teu
[group 14 687/878] SELILI BARU -> code=BCQ IMO=9745586 TEU=None status=detail_no_teu
[group 14 689/878] SENTOSA STAR -> code=R7N IMO=9146649 TEU=None status=detail_no_teu
[group 14 690/878] SENTOSA TRADER -> code=A4B IMO=9255529 TEU=1078 status=ok
[group 14 692/878] SEOUL TOWER -> code=AZG IMO=9367839 TEU=None status=detail_no_teu
[group 14 694/878] SER NUMBER ONE -> code=CR1 IMO=9999996 TEU=None status=detail_no_teu
[group 14 695/878] SER NUMBER TWO -> code=CR2 IMO=9999996 TEU=None status=detail_no_teu
[group 14 696/878] SERENADA -> code=PX3 IMO=9201865 TEU=None status=detail_no_teu
[group 14 697/878] SEROJA LIMA -> code=SW8 IMO=9567661 TEU=None status=detail_no_teu
[group 14 700/878] SEVEN SEAS AURORA -> code=AGD IMO=99999996 TEU=None status=detail_no_teu
[group 14 701/878] SEVIL -> code=PP7 IMO=9148518 TEU=None status=detail_no_teu
[group 14 704/878] SFL FALCON -> code=A2Q IMO=9999996 TEU=None status=detail_no_teu
[group 14 706/878] SFL HUNTER -> code=A2V IMO=99999996 TEU=None status=detail_no_teu
[group 14 709/878] SHALAMAR -> code=SQ3 IMO=99999996 TEU=None status=detail_no_teu
[group 14 710/878] SHAMIM -> code=NR4 IMO=9270658 TEU=2500 status=ok
[group 14 712/878] SHAN CHENG 698 -> code=ZNG IMO=99999996 TEU=None status=detail_no_teu
[group 14 713/878] SHAN GANG KUAI XIAN 1 HAO -> code=F7K IMO=8899971 TEU=None status=detail_no_teu
[group 14 720/878] SHAN HE -> code=CDE IMO=9043641 TEU=4221 status=ok
[group 14 721/878] SHAN TOU 1 HAO -> code=WOI IMO=99999996 TEU=None status=detail_no_teu
[group 14 722/878] SHAN TOU 2 HAO -> code=WOJ IMO=99999996 TEU=None status=detail_no_teu
[group 14 726/878] SHANGHAI EXPRESS -> code=AF5 IMO=99999996 TEU=None status=detail_no_teu
[group 14 727/878] SHANGHAI GENOA RAIL NUMBER 3 -> code=HO3 IMO=9999996 TEU=None status=detail_no_teu
[group 14 730/878] SHANGQING02 -> code=YL3 IMO=99999996 TEU=None status=detail_no_teu
[group 14 731/878] SHANGQING03 -> code=YHB IMO=99999996 TEU=None status=detail_no_teu
[group 14 736/878] SHANGQINGHAO -> code=YB2 IMO=99999996 TEU=None status=detail_no_teu
[group 14 737/878] SHANGTAO668 -> code=VQH IMO=9999996 TEU=None status=detail_no_teu
[group 14 738/878] SHANTOU HAINAN -> code=OOY IMO=9999996 TEU=None status=detail_no_teu
[group 14 739/878] SHANTOU NEIWAIMAO -> code=OOK IMO=9999996 TEU=None status=detail_no_teu
[group 14 740/878] SHAOHANGJI168 -> code=2BJ IMO=9999996 TEU=None status=detail_no_teu
[group 14 741/878] SHARK -> code=PD9 IMO=7726990 TEU=None status=detail_no_teu
[group 14 744/878] SHEFFIELD -> code=MDN IMO=9275024 TEU=None status=detail_no_teu
[group 14 745/878] SHEGN SHI FANG ZHOU -> code=F1W IMO=959 TEU=None status=detail_no_teu
[group 14 746/878] SHEN FENG ZHI HUA -> code=FS1 IMO=9999996 TEU=None status=detail_no_teu
[group 14 747/878] SHEN HANG 802 -> code=ZB9 IMO=99999996 TEU=None status=detail_no_teu
[group 14 748/878] SHEN HANG 927 -> code=ZFN IMO=99999996 TEU=None status=detail_no_teu
[group 14 749/878] SHEN HANG 928 -> code=ZFT IMO=99999996 TEU=None status=detail_no_teu
[group 14 750/878] SHEN HANG 930 -> code=ZGD IMO=9999996 TEU=None status=detail_no_teu
[group 14 751/878] SHEN HANG 931 -> code=ZGV IMO=9999996 TEU=None status=detail_no_teu
[group 14 752/878] SHEN HANG 932 -> code=ZKV IMO=99999996 TEU=None status=detail_no_teu
[group 14 754/878] SHEN HANG 936 -> code=ZIY IMO=9999996 TEU=None status=detail_no_teu
[group 14 757/878] SHEN ZHOU 6 HAO -> code=YMP IMO=99999996 TEU=None status=detail_no_teu
[group 14 758/878] SHENFENGZHICHUN -> code=FS4 IMO=9999996 TEU=None status=detail_no_teu
[group 14 760/878] SHENG AN DA 12 -> code=WTZ IMO=99999996 TEU=1 status=ok
[group 14 761/878] SHENG AN HUA -> code=XAQ IMO=99999996 TEU=None status=detail_no_teu
[group 14 765/878] SHENG CHANG HUA -> code=ZIP IMO=9999996 TEU=None status=detail_no_teu
[group 14 766/878] SHENG CHENG -> code=ZMU IMO=9999996 TEU=None status=detail_no_teu
[group 14 770/878] SHENG GANG YUN JI -> code=D2E IMO=9999996 TEU=None status=detail_no_teu
[group 14 772/878] SHENG JIE 16 -> code=DEL IMO=9961386 TEU=None status=detail_no_teu
[group 14 773/878] SHENG JIE PING AN -> code=F6L IMO=9999996 TEU=None status=detail_no_teu
[group 14 774/878] SHENG JING 318 -> code=ZFV IMO=99999996 TEU=None status=detail_no_teu
[group 14 775/878] SHENG PING 019 -> code=LN4 IMO=9999996 TEU=None status=detail_no_teu
[group 14 776/878] SHENG PING 158 -> code=LIV IMO=9999996 TEU=None status=detail_no_teu
[group 14 777/878] SHENG PING 182 -> code=OLH IMO=9999996 TEU=None status=detail_no_teu
[group 14 779/878] SHENG PING 23 -> code=OQ1 IMO=9999996 TEU=None status=detail_no_teu
[group 14 780/878] SHENG PING 328 -> code=OMD IMO=9999996 TEU=None status=detail_no_teu
[group 14 781/878] SHENG PING 888 -> code=LL6 IMO=9999996 TEU=None status=detail_no_teu
[group 14 782/878] SHENG SHI 5 HAO -> code=XJT IMO=5101500013 TEU=None status=detail_no_teu
[group 14 784/878] SHENG SHI 8 HAO -> code=ZON IMO=9999996 TEU=None status=detail_no_teu
[group 14 786/878] SHENG SHI FANG ZHOU -> code=LTM IMO=9999996 TEU=None status=detail_no_teu
[group 14 788/878] SHENG SHUN 72 -> code=DB6 IMO=9999996 TEU=None status=detail_no_teu
[group 14 789/878] SHENG SONG 168 -> code=F65 IMO=9999996 TEU=None status=detail_no_teu
[group 14 790/878] SHENG SONG 3 -> code=S4Z IMO=None TEU=872 status=ok
[group 14 791/878] SHENG SONG 88 -> code=VJS IMO=1232145 TEU=None status=detail_no_teu
[group 14 792/878] SHENG TAO HUA YI -> code=M82 IMO=9999996 TEU=None status=detail_no_teu
[group 14 793/878] SHENG TENG 618 -> code=MIG IMO=9999996 TEU=None status=detail_no_teu
[group 14 794/878] SHENG XING -> code=YT2 IMO=9999996 TEU=None status=detail_no_teu
[group 14 796/878] SHENG YU -> code=ZIF IMO=99999996 TEU=None status=detail_no_teu
[group 14 800/878] SHENGANDA9 -> code=TNG IMO=None TEU=142 status=ok
[group 14 801/878] SHENGCANG 1 -> code=YLZ IMO=99999996 TEU=None status=detail_no_teu
[group 14 802/878] SHENGCHANG1826 -> code=2FG IMO=9999996 TEU=None status=detail_no_teu
[group 14 803/878] SHENGDA 1 -> code=YLW IMO=9999996 TEU=None status=detail_no_teu
[group 14 804/878] SHENGDA 88 -> code=YHM IMO=9999996 TEU=None status=detail_no_teu
[group 14 805/878] SHENGDA01 -> code=VPP IMO=9999996 TEU=None status=detail_no_teu
[group 14 806/878] SHENGDA02 -> code=V4L IMO=9999996 TEU=None status=detail_no_teu
[group 14 807/878] SHENGDA068 -> code=VQG IMO=9999996 TEU=None status=detail_no_teu
[group 14 808/878] SHENGDA19 -> code=YKG IMO=9999996 TEU=None status=detail_no_teu
[group 14 809/878] SHENGDA789 -> code=V6L IMO=9999996 TEU=None status=detail_no_teu
[group 14 810/878] SHENGDAANSHUN -> code=VO8 IMO=12345678 TEU=None status=detail_no_teu
[group 14 811/878] SHENGDAHEXIE -> code=YUO IMO=99999996 TEU=None status=detail_no_teu
[group 14 812/878] SHENGDAKANGPING -> code=VV3 IMO=666666 TEU=None status=detail_no_teu
[group 14 814/878] SHENGGANGJI1HAO -> code=VJ1 IMO=99999996 TEU=None status=detail_no_teu
[group 14 815/878] SHENGHANGJI1 -> code=VG8 IMO=99999996 TEU=None status=detail_no_teu
[group 14 816/878] SHENGHANGJI2 -> code=VK8 IMO=None TEU=None status=detail_no_teu
[group 14 817/878] SHENGHONG2 -> code=20D IMO=9999996 TEU=None status=detail_no_teu
[group 14 818/878] SHENGHONG2HAO -> code=2V8 IMO=9999996 TEU=None status=detail_no_teu
[group 14 820/878] SHENGPING 2 HAO -> code=ZLY IMO=99999996 TEU=None status=detail_no_teu
[group 14 821/878] SHENGRUI1 -> code=BMW IMO=8995575 TEU=None status=detail_no_teu
[group 14 822/878] SHENGSHIDA NO.1 -> code=YP6 IMO=99999996 TEU=None status=detail_no_teu
[group 14 824/878] SHENGSONG 9 HAO -> code=YCH IMO=99999996 TEU=None status=detail_no_teu
[group 14 825/878] SHENGSONG618 -> code=YUY IMO=99999996 TEU=None status=detail_no_teu
[group 14 826/878] SHENGSONG898 -> code=VXF IMO=999999 TEU=None status=detail_no_teu
[group 14 827/878] SHENGSONG988 -> code=Y9E IMO=9999996 TEU=None status=detail_no_teu
[group 14 828/878] SHENGSONG999 -> code=VGZ IMO=9999996 TEU=None status=detail_no_teu
[group 14 829/878] SHENGSONGYUANYANGJI98 -> code=YKR IMO=999999996 TEU=None status=detail_no_teu
[group 14 830/878] SHENGTAO 618 -> code=2BM IMO=9999996 TEU=None status=detail_no_teu
[group 14 831/878] SHENGTAO2268 -> code=2B3 IMO=99999996 TEU=None status=detail_no_teu
[group 14 832/878] SHENGTAO668 -> code=RNL IMO=9999996 TEU=None status=detail_no_teu
[group 14 833/878] SHENGTAO777 -> code=2B7 IMO=99999996 TEU=None status=detail_no_teu
[group 14 834/878] SHENGTAO9HAO -> code=VQW IMO=9999996 TEU=None status=detail_no_teu
[group 14 835/878] SHENGTAOHUIHUANG -> code=2FJ IMO=9999996 TEU=None status=detail_no_teu
[group 14 836/878] SHENGTAOSHUSHAN -> code=2MC IMO=9999996 TEU=None status=detail_no_teu
[group 14 837/878] SHENGTAOYAOHAI -> code=2JK IMO=9999996 TEU=None status=detail_no_teu
[group 14 839/878] SHENGXINDA668 -> code=2YI IMO=9999996 TEU=None status=detail_no_teu
[group 14 840/878] SHENGYUAN8HAO -> code=V1Q IMO=6688945 TEU=None status=detail_no_teu
[group 14 842/878] SHENHUAJI 8 -> code=RHL IMO=9999996 TEU=None status=detail_no_teu
[group 14 843/878] SHENHUAJI 9 -> code=T79 IMO=99999996 TEU=None status=detail_no_teu
[group 14 844/878] SHENTON -> code=AJ7 IMO=99999996 TEU=None status=detail_no_teu
[group 14 845/878] SHENYUDEFA -> code=FS6 IMO=7865680 TEU=None status=detail_no_teu
[group 14 848/878] SHENZHOU77 -> code=Y4C IMO=99999996 TEU=None status=detail_no_teu
[group 14 849/878] SHENZHOU9HAO -> code=YHY IMO=99999996 TEU=None status=detail_no_teu
[group 14 850/878] SHENZHOUHEXIE -> code=Y8B IMO=99999996 TEU=None status=detail_no_teu
[group 14 852/878] SHI GANG 263 -> code=ZFO IMO=99999996 TEU=None status=detail_no_teu
[group 14 853/878] SHI GANG 338 -> code=ZC7 IMO=99999996 TEU=None status=detail_no_teu
[group 14 855/878] SHI GANG 378 -> code=ZC8 IMO=99999996 TEU=None status=detail_no_teu
[group 14 857/878] SHI HANG 1 -> code=ZWK IMO=999999996 TEU=None status=detail_no_teu
[group 14 858/878] SHI HANG 2 -> code=ZCS IMO=99999996 TEU=None status=detail_no_teu
[group 14 859/878] SHI HANG 2 HAO -> code=ZUP IMO=99999996 TEU=None status=detail_no_teu
[group 14 860/878] SHI HE ZHONG HAO -> code=OZS IMO=9999996 TEU=284 status=ok
[group 14 861/878] SHI JI 018 -> code=OYJ IMO=9999996 TEU=None status=detail_no_teu
[group 14 862/878] SHI JI 108 -> code=OXS IMO=9999996 TEU=None status=detail_no_teu
[group 14 864/878] SHI LIAN DA CHANG JIANG 1 -> code=MMJ IMO=9999996 TEU=None status=detail_no_teu
[group 14 868/878] SHI TAI 008 -> code=WQ8 IMO=9999996 TEU=None status=detail_no_teu
[group 14 869/878] SHI TAI 1100 -> code=B63 IMO=20180830 TEU=None status=detail_no_teu
[group 14 870/878] SHI TAI 1888 -> code=X1U IMO=5200550379 TEU=None status=detail_no_teu
[group 14 871/878] SHI TAI 218 -> code=XF7 IMO=9999996 TEU=None status=detail_no_teu
[group 14 872/878] SHI TAI 228 -> code=XHQ IMO=9999996 TEU=None status=detail_no_teu
[group 14 874/878] SHI TAI 328 -> code=W2L IMO=20151223 TEU=None status=detail_no_teu
[group 14 876/878] SHI TAI 338 -> code=W9K IMO=20160520 TEU=None status=detail_no_teu
[group 14 878/878] SHI TAI 368 -> code=B55 IMO=2018081001 TEU=None status=detail_no_teu
group 14: saved xlsx -> D:\Files\demo\capaStudy\vessels\csl_group_results\csl_group_14_result_260312001507.xlsx
group 14: saved json -> D:\Files\demo\capaStudy\vessels\csl_group_results\csl_group_14_result_260312001507.json
