[group 4 2/878] DONG YUN 027 -> code=ZRY IMO=9999996 TEU=None status=detail_no_teu
[group 4 3/878] DONG YUN 029 -> code=ZSN IMO=99999996 TEU=None status=detail_no_teu
[group 4 6/878] DONG YUN 038 -> code=ZLD IMO=99999996 TEU=None status=detail_no_teu
[group 4 7/878] DONG YUN 039 -> code=XS9 IMO=99999996 TEU=None status=detail_no_teu
[group 4 8/878] DONG YUN 066 -> code=WNC IMO=9999996 TEU=None status=detail_no_teu
[group 4 9/878] DONG YUN 082 -> code=ZED IMO=99999996 TEU=None status=detail_no_teu
[group 4 10/878] DONG YUN 088 -> code=XHV IMO=99999996 TEU=None status=detail_no_teu
[group 4 11/878] DONG YUN 099 -> code=XPV IMO=9999996 TEU=None status=detail_no_teu
[group 4 13/878] DONG YUN 128 -> code=WLC IMO=99999996 TEU=None status=detail_no_teu
[group 4 14/878] DONG YUN 129 -> code=WKZ IMO=99999996 TEU=None status=detail_no_teu
[group 4 15/878] DONG YUN 133 -> code=LDE IMO=9999996 TEU=None status=detail_no_teu
[group 4 16/878] DONG YUN 138 -> code=WZV IMO=20150923 TEU=None status=detail_no_teu
[group 4 17/878] DONG YUN 2288 -> code=LCE IMO=1 TEU=None status=detail_no_teu
[group 4 18/878] DONG YUN 238 -> code=WLX IMO=99999996 TEU=None status=detail_no_teu
[group 4 20/878] DONG YUN 338 -> code=LUH IMO=9999996 TEU=None status=detail_no_teu
[group 4 21/878] DONG YUN 339 -> code=WNI IMO=99999996 TEU=None status=detail_no_teu
[group 4 23/878] DONG YUN 399 -> code=WUG IMO=99999996 TEU=None status=detail_no_teu
[group 4 24/878] DONG YUN 438 -> code=XML IMO=9999996 TEU=None status=detail_no_teu
[group 4 25/878] DONG YUN 555 -> code=ZGO IMO=99999996 TEU=None status=detail_no_teu
[group 4 27/878] DONG YUN 678 -> code=WOT IMO=None TEU=None status=detail_no_teu
[group 4 28/878] DONG YUN 708 -> code=ZAE IMO=99999996 TEU=None status=detail_no_teu
[group 4 29/878] DONG YUN 777 -> code=W7P IMO=20160413 TEU=None status=detail_no_teu
[group 4 30/878] DONG YUN 7788 -> code=Z5L IMO=None TEU=None status=detail_no_teu
[group 4 31/878] DONG YUN 808 -> code=ZHB IMO=99999996 TEU=None status=detail_no_teu
[group 4 32/878] DONG YUN 809 -> code=ZCC IMO=None TEU=None status=detail_no_teu
[group 4 33/878] DONG YUN 838 -> code=WC5 IMO=99999996 TEU=None status=detail_no_teu
[group 4 34/878] DONG YUN 869 -> code=WP8 IMO=99999996 TEU=None status=detail_no_teu
[group 4 35/878] DONG YUN 88 -> code=L33 IMO=1 TEU=None status=detail_no_teu
[group 4 37/878] DONG YUN 889 -> code=XGF IMO=9999996 TEU=None status=detail_no_teu
[group 4 38/878] DONG YUN 906 -> code=ZY9 IMO=99999996 TEU=None status=detail_no_teu
[group 4 39/878] DONG YUN 918 -> code=WKU IMO=None TEU=None status=detail_no_teu
[group 4 40/878] DONG YUN 9268 -> code=OQ3 IMO=9999996 TEU=None status=detail_no_teu
[group 4 41/878] DONG YUN 928 -> code=ZLK IMO=99999996 TEU=None status=detail_no_teu
[group 4 42/878] DONG YUN 988 -> code=XMH IMO=20150143 TEU=None status=detail_no_teu
[group 4 43/878] DONG YUN 998 -> code=XHX IMO=99999996 TEU=None status=detail_no_teu
[group 4 44/878] DONG ZHOU 1 HAO -> code=YM6 IMO=99999996 TEU=None status=detail_no_teu
[group 4 47/878] DONGHANHEXIE -> code=VZ6 IMO=123456789 TEU=None status=detail_no_teu
[group 4 48/878] DONGHANHUANQIU698 -> code=VYT IMO=99999996 TEU=None status=detail_no_teu
[group 4 50/878] DONGJIN ENTERPRISE -> code=MIF IMO=9704300 TEU=1003 status=ok
[group 4 51/878] DONGJIN HOPE -> code=SZJ IMO=8827624 TEU=None status=detail_no_teu
[group 4 53/878] DONGPENG66 -> code=N20 IMO=655464989 TEU=None status=detail_no_teu
[group 4 55/878] DONGTANG1 -> code=VT3 IMO=99999996 TEU=None status=detail_no_teu
[group 4 56/878] DONGTANG19 -> code=VR4 IMO=99999996 TEU=None status=detail_no_teu
[group 4 57/878] DONGTANG2 -> code=VW1 IMO=99999996 TEU=None status=detail_no_teu
[group 4 58/878] DONGTANG3 -> code=VT5 IMO=99999996 TEU=None status=detail_no_teu
[group 4 59/878] DONGTANG6 -> code=VYN IMO=99999996 TEU=None status=detail_no_teu
[group 4 60/878] DONGTANG8 -> code=RVL IMO=9999996 TEU=None status=detail_no_teu
[group 4 61/878] DONGTANG96 -> code=VS6 IMO=99999996 TEU=None status=detail_no_teu
[group 4 62/878] DONGTANG99 -> code=VYB IMO=99999996 TEU=None status=detail_no_teu
[group 4 63/878] DONGTANG999 -> code=VYA IMO=99999997 TEU=None status=detail_no_teu
[group 4 64/878] DONGTANGFAZHAN -> code=1A5 IMO=99999996 TEU=None status=detail_no_teu
[group 4 65/878] DONGTANGTIANYI -> code=VP1 IMO=88888888888 TEU=None status=detail_no_teu
[group 4 66/878] DONGYUE118 -> code=RZQ IMO=None TEU=None status=detail_no_teu
[group 4 67/878] DONGYUN 333 -> code=XOU IMO=100808000722 TEU=None status=detail_no_teu
[group 4 68/878] DONGZHOU09 -> code=YP3 IMO=99999996 TEU=None status=detail_no_teu
[group 4 69/878] DOOWOO FAMILY -> code=Q3R IMO=9014121 TEU=None status=detail_no_teu
[group 4 70/878] DORIAN -> code=ABV IMO=99999996 TEU=None status=detail_no_teu
[group 4 71/878] DOUALA EXPRESS -> code=MAL IMO=9403463 TEU=None status=detail_no_teu
[group 4 72/878] DP GENOA -> code=ALV IMO=99999996 TEU=None status=detail_no_teu
[group 4 75/878] DREAM -> code=DRE IMO=9322578 TEU=None status=detail_no_teu
[group 4 76/878] DS ABILITY -> code=DSA IMO=None TEU=None status=detail_no_teu
[group 4 78/878] DSAD -> code=TU7 IMO=78456 TEU=None status=detail_no_teu
[group 4 80/878] DUAN CHENG 1 HAO -> code=LJT IMO=9999996 TEU=None status=detail_no_teu
[group 4 81/878] DUAN CHENG 2 HAO -> code=LJU IMO=9999996 TEU=None status=detail_no_teu
[group 4 82/878] DUAN CHENG 3 HAO -> code=LJV IMO=9999996 TEU=None status=detail_no_teu
[group 4 83/878] DUAN CHENG 8 HAO -> code=LKU IMO=9999996 TEU=None status=detail_no_teu
[group 4 85/878] DUBAI AMBITION -> code=ACN IMO=99999996 TEU=None status=detail_no_teu
[group 4 88/878] DUBAI TRADER -> code=RB6 IMO=9999999 TEU=None status=detail_no_teu
[group 4 89/878] DUBAI WORLD -> code=ABC IMO=99999996 TEU=None status=detail_no_teu
[group 4 90/878] DUBLIN EXPRESS -> code=DUB IMO=9232577 TEU=4121 status=ok
[group 4 92/878] DUC PHONG 01 -> code=BHQ IMO=9999996 TEU=None status=detail_no_teu
[group 4 100/878] DUMMY J -> code=UEJ IMO=9440796 TEU=4255 status=ok
[group 4 101/878] DUMMY XCT FANGCHENG -> code=OYK IMO=9999996 TEU=None status=detail_no_teu
[group 4 104/878] E R DURBAN -> code=AYJ IMO=99999996 TEU=None status=detail_no_teu
[group 4 105/878] E R HOBART -> code=AD0 IMO=99999996 TEU=None status=detail_no_teu
[group 4 106/878] E R STRALSUND -> code=AR1 IMO=99999996 TEU=None status=detail_no_teu
[group 4 107/878] E R SYDNEY -> code=A6D IMO=9999996 TEU=None status=detail_no_teu
[group 4 108/878] E R TURKU -> code=AXZ IMO=9999996 TEU=None status=detail_no_teu
[group 4 109/878] E.R. AMSTERDAM -> code=S6M IMO=9213571 TEU=None status=detail_no_teu
[group 4 110/878] E.R. DURBAN -> code=REO IMO=9999996 TEU=1707 status=ok
[group 4 112/878] E.R. FRANCE -> code=S2M IMO=9214226 TEU=None status=detail_no_teu
[group 4 116/878] E.R. PUSAN -> code=PQ6 IMO=9211169 TEU=None status=detail_no_teu
[group 4 119/878] E.R. TOKYO -> code=QUX IMO=9999996 TEU=None status=detail_no_teu
[group 4 120/878] E.R. YOKOHAMA -> code=NSF IMO=9285665 TEU=None status=detail_no_teu
[group 4 121/878] E.R.KINGSTON -> code=QGR IMO=999999 TEU=None status=detail_no_teu
[group 4 122/878] E.R.SEOUL -> code=PW4 IMO=9208021 TEU=None status=detail_no_teu
[group 4 130/878] EA JERSEY -> code=S1A IMO=9623855 TEU=4896 status=ok
[group 4 136/878] EAGLE PIONEER -> code=ADR IMO=99999996 TEU=None status=detail_no_teu
[group 4 139/878] EAGLE PROGRESS -> code=AEM IMO=99999996 TEU=None status=detail_no_teu
[group 4 140/878] EAGLE STRENGTH -> code=A22 IMO=99999996 TEU=725 status=ok
[group 4 141/878] EAGLES UNION -> code=NUX IMO=9193513 TEU=None status=detail_no_teu
[group 4 144/878] EASLINE KWANGYANG -> code=S91 IMO=9226827 TEU=None status=detail_no_teu
[group 4 148/878] EASTERN EXPRESS -> code=R8Q IMO=9299331 TEU=None status=detail_no_teu
[group 4 149/878] EAX SANCTITY -> code=AP0 IMO=99999996 TEU=None status=detail_no_teu
[group 4 150/878] ECD -> code=ECD IMO=99999996 TEU=None status=detail_no_teu
[group 4 151/878] ECE -> code=ECE IMO=8911413 TEU=None status=detail_no_teu
[group 4 152/878] ECO BORA -> code=EB0 IMO=1020629 TEU=None status=detail_no_teu
[group 4 153/878] ECO KHAMSIN -> code=EKS IMO=1020631 TEU=None status=detail_no_teu
[group 4 156/878] ECO OSTRO -> code=UU4 IMO=9959565 TEU=None status=detail_no_teu
[group 4 157/878] ECO PONENTE -> code=ECP IMO=9985966 TEU=None status=detail_no_teu
[group 4 158/878] EDEN MAS -> code=BKC IMO=1094852 TEU=None status=detail_no_teu
[group 4 160/878] EE ENDEAVOUR -> code=UG7 IMO=9191113 TEU=None status=detail_no_teu
[group 4 161/878] EEEEEEE -> code=5SI IMO=1111111 TEU=None status=detail_no_teu
[group 4 166/878] EF OLIVIA -> code=EFO IMO=9252735 TEU=None status=detail_no_teu
[group 4 168/878] EGY FUTURE -> code=UL9 IMO=9127538 TEU=None status=detail_no_teu
[group 4 170/878] EIBE OLDENDORFF -> code=ABW IMO=99999996 TEU=None status=detail_no_teu
[group 4 172/878] EJINGMENHUO8588 -> code=2HY IMO=9999996 TEU=None status=detail_no_teu
[group 4 173/878] EJINGMENHUO8688 -> code=2VI IMO=9999996 TEU=None status=detail_no_teu
[group 4 174/878] EJINGMENHUO8699 -> code=20R IMO=9999996 TEU=None status=detail_no_teu
[group 4 175/878] EJINGMENHUO8988 -> code=2SQ IMO=9999996 TEU=None status=detail_no_teu
[group 4 176/878] EL FLACO -> code=AMZ IMO=99999996 TEU=None status=detail_no_teu
[group 4 177/878] EL TEMERARIO -> code=AFA IMO=99999996 TEU=None status=detail_no_teu
[group 4 179/878] ELATION -> code=UBV IMO=9083902 TEU=None status=detail_no_teu
[group 4 180/878] ELB WOLF -> code=ELB IMO=9185401 TEU=None status=detail_no_teu
[group 4 182/878] ELBBLUE (NFS) -> code=EB9 IMO=9504051 TEU=None status=detail_no_teu
[group 4 183/878] ELBCARRIER -> code=UL7 IMO=9388510 TEU=None status=detail_no_teu
[group 4 187/878] ELBFEEDER -> code=U95 IMO=9388522 TEU=None status=detail_no_teu
[group 4 189/878] ELBSAILOR (NFS) -> code=PV3 IMO=9448694 TEU=None status=detail_no_teu
[group 4 190/878] ELBSKIPPER.. -> code=IPQ IMO=9234992 TEU=868 status=ok
[group 4 194/878] ELBSTRAND -> code=PV5 IMO=9242560 TEU=None status=detail_no_teu
[group 4 199/878] ELBTOWER -> code=UU7 IMO=9968918 TEU=None status=detail_no_teu
[group 4 200/878] ELBTRADER -> code=UR2 IMO=9388534 TEU=None status=detail_no_teu
[group 4 204/878] ELECTRON -> code=UAG IMO=9186390 TEU=None status=detail_no_teu
[group 4 205/878] ELENA -> code=AEX IMO=9999996 TEU=None status=detail_no_teu
[group 4 207/878] ELISA B -> code=UAW IMO=7718632 TEU=None status=detail_no_teu
[group 4 209/878] ELISABETH -> code=U51 IMO=9219862 TEU=None status=detail_no_teu
[group 4 210/878] ELISABETH.. -> code=SB1 IMO=999949 TEU=2532 status=ok
[group 4 211/878] ELISE -> code=N9W IMO=9999996 TEU=None status=detail_no_teu
[group 4 212/878] ELIZABETH -> code=PB6 IMO=9246346 TEU=None status=detail_no_teu
[group 4 214/878] ELREEDY STAR -> code=PX4 IMO=9161182 TEU=None status=detail_no_teu
[group 4 215/878] ELUSIVE -> code=U83 IMO=999999996 TEU=None status=detail_no_teu
[group 4 216/878] ELYSSA -> code=PA7 IMO=9208007 TEU=None status=detail_no_teu
[group 4 220/878] EM SPETSES -> code=R4I IMO=9403413 TEU=1736 status=ok
[group 4 223/878] EMILY C -> code=AES IMO=99999996 TEU=None status=detail_no_teu
[group 4 226/878] EMMA -> code=U56 IMO=8509014 TEU=None status=detail_no_teu
[group 4 229/878] EMONA -> code=PP9 IMO=9188934 TEU=None status=detail_no_teu
[group 4 230/878] EMOTION -> code=U52 IMO=9359258 TEU=None status=detail_no_teu
[group 4 231/878] EMPIRE -> code=UCD IMO=9387425 TEU=None status=detail_no_teu
[group 4 236/878] EMS BRIDGE -> code=S34 IMO=99999996 TEU=None status=detail_no_teu
[group 4 237/878] EMSTAL -> code=UAE IMO=9073086 TEU=None status=detail_no_teu
[group 4 239/878] EN CHENG -> code=RRF IMO=879668986 TEU=None status=detail_no_teu
[group 4 240/878] EN DA -> code=X80 IMO=99999996 TEU=142 status=ok
[group 4 241/878] EN HONG -> code=ZCU IMO=99999996 TEU=None status=detail_no_teu
[group 4 243/878] EN JI 3 -> code=MJZ IMO=9999996 TEU=None status=detail_no_teu
[group 4 244/878] EN KAI -> code=RQ3 IMO=99999996 TEU=None status=detail_no_teu
[group 4 245/878] EN PENG -> code=ZMG IMO=99999996 TEU=None status=detail_no_teu
[group 4 247/878] EN YUN -> code=XWS IMO=9999996 TEU=None status=detail_no_teu
[group 4 248/878] ENCOUNTER -> code=UF1 IMO=9255775 TEU=None status=detail_no_teu
[group 4 249/878] ENDURANCE -> code=PI5 IMO=9312200 TEU=None status=detail_no_teu
[group 4 250/878] ENFORCER -> code=U47 IMO=9255737 TEU=None status=detail_no_teu
[group 4 251/878] ENGIADINA -> code=R72 IMO=9999999 TEU=None status=detail_no_teu
[group 4 252/878] ENSEMBLE -> code=UCI IMO=9312212 TEU=None status=detail_no_teu
[group 4 255/878] EQIANGJIANGHUO 0158 -> code=YJD IMO=99999996 TEU=None status=detail_no_teu
[group 4 256/878] ER HELGOLAND -> code=ERH IMO=9239898 TEU=None status=detail_no_teu
[group 4 257/878] ER LONDON -> code=N7L IMO=9214202 TEU=None status=detail_no_teu
[group 4 260/878] ERAWAN BRIDGE -> code=AD3 IMO=99999996 TEU=None status=detail_no_teu
[group 4 261/878] ERKAN K -> code=UJ2 IMO=None TEU=None status=detail_no_teu
[group 4 262/878] ESCADA -> code=BTD IMO=9255531 TEU=None status=detail_no_teu
[group 4 270/878] ESL WAFA -> code=NEX IMO=9306160 TEU=6765 status=ok
[group 4 273/878] ESM CREMONA -> code=A5C IMO=9999996 TEU=None status=detail_no_teu
[group 4 280/878] ESTIMA -> code=NRY IMO=9808041 TEU=1096 status=ok
[group 4 282/878] EU ALLOWANCES -> code=EUA IMO=9999996 TEU=None status=detail_no_teu
[group 4 283/878] EURO DISCOVERY -> code=UD3 IMO=360996 TEU=None status=detail_no_teu
[group 4 284/878] EURO SNOW -> code=UCF IMO=966667 TEU=None status=detail_no_teu
[group 4 285/878] EURO SQUALL -> code=UCQ IMO=9244192 TEU=None status=detail_no_teu
[group 4 289/878] EVER -> code=EFL IMO=3 TEU=None status=detail_no_teu
[group 4 290/878] EVER ABLE -> code=S40 IMO=9130609 TEU=1164 status=ok
[group 4 291/878] EVER AEON -> code=D61 IMO=9943279 TEU=None status=detail_no_teu
[group 4 300/878] EVER BEING -> code=NEV IMO=9784142 TEU=2910 status=ok
[group 4 303/878] EVER BLISS -> code=NPS IMO=9786932 TEU=None status=detail_no_teu
[group 4 310/878] EVER CANDID -> code=RCT IMO=9890898 TEU=1984 status=ok
[group 4 320/878] EVER CHEER -> code=NXL IMO=9870006 TEU=None status=detail_no_teu
[group 4 321/878] EVER CLEAR -> code=MTM IMO=9890874 TEU=None status=detail_no_teu
[group 4 324/878] EVER CONCISE -> code=MJJ IMO=9913822 TEU=None status=detail_no_teu
[group 4 328/878] EVER COPE -> code=NUJ IMO=9875068 TEU=None status=detail_no_teu
[group 4 330/878] EVER COZY -> code=EZZ IMO=9904510 TEU=1778 status=ok
[group 4 331/878] EVER CREATE -> code=S73 IMO=9904508 TEU=None status=detail_no_teu
[group 4 340/878] EVER DIVINE -> code=RRH IMO=9134282 TEU=4211 status=ok
[group 4 346/878] EVER ENVOY111 -> code=QLM IMO=9999999 TEU=None status=detail_no_teu
[group 4 350/878] EVER FAITH -> code=NPT IMO=9850525 TEU=12118 status=ok
[group 4 352/878] EVER FAR -> code=NXO IMO=9850862 TEU=None status=detail_no_teu
[group 4 353/878] EVER FASHION -> code=NZR IMO=9850836 TEU=None status=detail_no_teu
[group 4 356/878] EVER FEAT -> code=SA3 IMO=9850898 TEU=None status=detail_no_teu
[group 4 357/878] EVER FINE -> code=NZE IMO=9850812 TEU=None status=detail_no_teu
[group 4 360/878] EVER FOND -> code=M55 IMO=9850848 TEU=None status=detail_no_teu
[group 4 366/878] EVER FRONT -> code=NTH IMO=9850549 TEU=None status=detail_no_teu
[group 4 370/878] EVER GALLANT -> code=S90 IMO=8706105 TEU=None status=detail_no_teu
[group 4 378/878] EVER GLOWING -> code=SB8 IMO=8706129 TEU=None status=detail_no_teu
[group 4 380/878] EVER GROWTH -> code=SO2 IMO=99999996 TEU=2728 status=ok
[group 4 384/878] EVER HARVEST 118 -> code=X2K IMO=9999996 TEU=None status=detail_no_teu
[group 4 390/878] EVER LEADING -> code=QZ8 IMO=9595462 TEU=8452 status=ok
[group 4 400/878] EVER LIVEN -> code=QCB IMO=9595527 TEU=8452 status=ok
[group 4 410/878] EVER LYRIC -> code=Q6K IMO=9629108 TEU=8508 status=ok
[group 4 412/878] EVER MACRO -> code=DC5 IMO=9935351 TEU=None status=detail_no_teu
[group 4 413/878] EVER MAGI -> code=MVJ IMO=9935222 TEU=None status=detail_no_teu
[group 4 414/878] EVER MAGIC -> code=DCM IMO=9935363 TEU=None status=detail_no_teu
[group 4 415/878] EVER MAGNA -> code=DEV IMO=9935399 TEU=None status=detail_no_teu
[group 4 416/878] EVER MAGUS -> code=D3E IMO=9935375 TEU=None status=detail_no_teu
[group 4 418/878] EVER MAST -> code=MYI IMO=9935246 TEU=None status=detail_no_teu
[group 4 419/878] EVER MATCH -> code=D7E IMO=9935387 TEU=None status=detail_no_teu
[group 4 420/878] EVER MAX -> code=MNO IMO=9935208 TEU=15432 status=ok
[group 4 421/878] EVER MEMO -> code=D72 IMO=9935272 TEU=None status=detail_no_teu
[group 4 423/878] EVER META -> code=D1F IMO=9935428 TEU=None status=detail_no_teu
[group 4 424/878] EVER MILD -> code=DA7 IMO=9935284 TEU=None status=detail_no_teu
[group 4 425/878] EVER MODE -> code=DAL IMO=9935296 TEU=None status=detail_no_teu
[group 4 426/878] EVER MODEL -> code=DFZ IMO=9935430 TEU=None status=detail_no_teu
[group 4 427/878] EVER MOST -> code=DAK IMO=9935337 TEU=None status=detail_no_teu
[group 4 430/878] EVER OBEY -> code=MCW IMO=9919462 TEU=2476 status=ok
[group 4 440/878] EVER PEARL -> code=RT7 IMO=9249219 TEU=1618 status=ok
[group 4 441/878] EVER POWER -> code=RQ7 IMO=9249221 TEU=None status=detail_no_teu
[group 4 442/878] EVER PRIDE -> code=RS3 IMO=9249233 TEU=None status=detail_no_teu
[group 4 443/878] EVER PRIMA -> code=PRV IMO=907268 TEU=None status=detail_no_teu
[group 4 450/878] EVER RESULT -> code=RTE IMO=9061112 TEU=4229 status=ok
[group 4 460/878] EVER SUMMIT -> code=R76 IMO=9300453 TEU=7024 status=ok
[group 4 470/878] EVER URANUS -> code=SBW IMO=9168855 TEU=5652 status=ok
[group 4 476/878] EVER VIBE -> code=DGP IMO=9951032 TEU=None status=detail_no_teu
[group 4 480/878] EVER WIN -> code=D34 IMO=9950806 TEU=2373 status=ok
[group 4 485/878] EVIDENCE -> code=US8 IMO=9999996 TEU=None status=detail_no_teu
[group 4 490/878] EXPRESS ROME -> code=NP8 IMO=9484936 TEU=9393 status=ok
[group 4 492/878] EYANGGUANGHUO66 -> code=2HW IMO=9999996 TEU=None status=detail_no_teu
[group 4 493/878] EYANGGUANGHUO77 -> code=2HX IMO=9999996 TEU=None status=detail_no_teu
[group 4 494/878] EYANGGUANGHUO88 -> code=21A IMO=9999996 TEU=None status=detail_no_teu
[group 4 495/878] EYANGGUANGHUO99 -> code=21B IMO=9999996 TEU=None status=detail_no_teu
[group 4 496/878] EYRENE -> code=RL5 IMO=9070644 TEU=None status=detail_no_teu
[group 4 499/878] FAIR WIND 38 -> code=XJ7 IMO=99999996 TEU=None status=detail_no_teu
[group 4 500/878] FAIRWIND 308 -> code=R24 IMO=238956 TEU=560 status=ok
[group 4 510/878] FAN YA TAI CANG -> code=VXA IMO=99999996 TEU=None status=detail_no_teu
[group 4 512/878] FAN YA YANG SHAN -> code=VXB IMO=99999996 TEU=None status=detail_no_teu
[group 4 514/878] FAN YUN 117 -> code=ZXU IMO=99999996 TEU=None status=detail_no_teu
[group 4 515/878] FAN YUN 122 -> code=XOJ IMO=9999996 TEU=None status=detail_no_teu
[group 4 516/878] FAN YUN 123 -> code=W10 IMO=9999996 TEU=None status=detail_no_teu
[group 4 517/878] FAN YUN 126 -> code=XB6 IMO=99999996 TEU=None status=detail_no_teu
[group 4 518/878] FAN YUN 128 -> code=WXU IMO=20150518 TEU=None status=detail_no_teu
[group 4 520/878] FAN YUN 188 -> code=W4R IMO=9999996 TEU=240 status=ok
[group 4 521/878] FAN YUN 198 -> code=LFL IMO=9999996 TEU=None status=detail_no_teu
[group 4 522/878] FANCOURT CONTOR -> code=FKR IMO=None TEU=None status=detail_no_teu
[group 4 523/878] FANCOURT KONTOR -> code=FAK IMO=9929999 TEU=None status=detail_no_teu
[group 4 525/878] FANG GANG 1002 -> code=ZFS IMO=99999996 TEU=None status=detail_no_teu
[group 4 527/878] FANG GANG 401 -> code=Z26 IMO=99999996 TEU=None status=detail_no_teu
[group 4 528/878] FANG GANG 501 -> code=Z27 IMO=99999996 TEU=None status=detail_no_teu
[group 4 530/878] FANG HUA MING LUN -> code=D66 IMO=9999996 TEU=None status=detail_no_teu
[group 4 533/878] FANG ZHOU 12 -> code=WJ3 IMO=3468440 TEU=None status=detail_no_teu
[group 4 535/878] FANG ZHOU 17 -> code=QZV IMO=9548976 TEU=None status=detail_no_teu
[group 4 539/878] FANG ZHOU 21 -> code=F0P IMO=9999996 TEU=None status=detail_no_teu
[group 4 540/878] FANG ZHOU 23 -> code=LRH IMO=9999996 TEU=None status=detail_no_teu
[group 4 541/878] FANG ZHOU 25 -> code=LYT IMO=9999996 TEU=None status=detail_no_teu
[group 4 542/878] FANG ZHOU 27 -> code=LXR IMO=9999996 TEU=None status=detail_no_teu
[group 4 543/878] FANG ZHOU 29 -> code=NAK IMO=99999999 TEU=None status=detail_no_teu
[group 4 544/878] FANG ZHOU 3 -> code=XZY IMO=99999996 TEU=None status=detail_no_teu
[group 4 546/878] FANG ZHOU 33 -> code=LE8 IMO=9999996 TEU=None status=detail_no_teu
[group 4 547/878] FANG ZHOU 35 -> code=V3V IMO=9999996 TEU=None status=detail_no_teu
[group 4 548/878] FANG ZHOU 5 -> code=W01 IMO=5304550111 TEU=None status=detail_no_teu
[group 4 549/878] FANG ZHOU 7 -> code=F5H IMO=5100278 TEU=None status=detail_no_teu
[group 4 550/878] FANG ZHOU 88 -> code=LQO IMO=9999996 TEU=None status=detail_no_teu
[group 4 551/878] FAR COLOMBO -> code=ATR IMO=99999996 TEU=None status=detail_no_teu
[group 4 555/878] FARUK KAAN -> code=PH7 IMO=9165865 TEU=None status=detail_no_teu
[group 4 557/878] FEDERAL -> code=QTQ IMO=9065625 TEU=None status=detail_no_teu
[group 4 558/878] FEI DA HONG YUN -> code=ONA IMO=9999996 TEU=None status=detail_no_teu
[group 4 560/878] FEI HE -> code=CDI IMO=99999996 TEU=4215 status=ok
[group 4 561/878] FEI HONG 6 -> code=LCW IMO=9999996 TEU=None status=detail_no_teu
[group 4 562/878] FEI HONG DA 17 -> code=MRN IMO=9999996 TEU=None status=detail_no_teu
[group 4 564/878] FEI XIONG 1 -> code=YPL IMO=99999996 TEU=None status=detail_no_teu
[group 4 565/878] FEI XIONG 2 -> code=YV7 IMO=99999996 TEU=None status=detail_no_teu
[group 4 566/878] FEI XIONG 3 -> code=YCN IMO=99999996 TEU=None status=detail_no_teu
[group 4 567/878] FEI XIONG JI 7 -> code=YDO IMO=99999996 TEU=None status=detail_no_teu
[group 4 569/878] FEIAN -> code=VXL IMO=999999 TEU=None status=detail_no_teu
[group 4 570/878] FEILIDA1 -> code=2U4 IMO=9999996 TEU=None status=detail_no_teu
[group 4 571/878] FEILIDA2 -> code=2DO IMO=9999996 TEU=None status=detail_no_teu
[group 4 573/878] FEIYANG127 -> code=V6H IMO=9999996 TEU=None status=detail_no_teu
[group 4 574/878] FEIYANG19 -> code=V3L IMO=9999996 TEU=None status=detail_no_teu
[group 4 579/878] FENG DA 007 -> code=B38 IMO=9999996 TEU=None status=detail_no_teu
[group 4 580/878] FENG DA 138 -> code=LXU IMO=9999996 TEU=None status=detail_no_teu
[group 4 581/878] FENG DA 1818 -> code=XSB IMO=99999996 TEU=None status=detail_no_teu
[group 4 582/878] FENG DA 203 -> code=Z28 IMO=99999996 TEU=None status=detail_no_teu
[group 4 583/878] FENG DA 205 -> code=ZLT IMO=99999996 TEU=None status=detail_no_teu
[group 4 584/878] FENG DA 208 -> code=Z29 IMO=99999996 TEU=None status=detail_no_teu
[group 4 585/878] FENG DA 209 -> code=ZIZ IMO=99999996 TEU=None status=detail_no_teu
[group 4 587/878] FENG DA 222 -> code=ZZK IMO=9999996 TEU=None status=detail_no_teu
[group 4 588/878] FENG DA 223 -> code=W5N IMO=9999996 TEU=None status=detail_no_teu
[group 4 589/878] FENG DA 238 -> code=Z30 IMO=9999996 TEU=None status=detail_no_teu
[group 4 590/878] FENG DA 268 -> code=XCB IMO=9999996 TEU=None status=detail_no_teu
[group 4 592/878] FENG DA 3 HAO -> code=XFH IMO=99999996 TEU=None status=detail_no_teu
[group 4 593/878] FENG DA 313 -> code=W8R IMO=9999996 TEU=None status=detail_no_teu
[group 4 595/878] FENG DA 333 -> code=ZU4 IMO=9999996 TEU=None status=detail_no_teu
[group 4 596/878] FENG DA 368 -> code=XCJ IMO=9999996 TEU=None status=detail_no_teu
[group 4 597/878] FENG DA 398 -> code=WA8 IMO=9999996 TEU=None status=detail_no_teu
[group 4 598/878] FENG DA 555 -> code=XC6 IMO=9999996 TEU=None status=detail_no_teu
[group 4 599/878] FENG DA 558 -> code=LEL IMO=9999996 TEU=None status=detail_no_teu
[group 4 600/878] FENG DA 666 -> code=ZTQ IMO=99999996 TEU=None status=detail_no_teu
[group 4 601/878] FENG DA 688 -> code=LUR IMO=9999996 TEU=None status=detail_no_teu
[group 4 602/878] FENG DA 8 -> code=X2B IMO=9999996 TEU=None status=detail_no_teu
[group 4 603/878] FENG DA 868 -> code=WGK IMO=99999996 TEU=None status=detail_no_teu
[group 4 604/878] FENG DA 88 -> code=ZRO IMO=9999996 TEU=None status=detail_no_teu
[group 4 605/878] FENG DA 998 -> code=Z1S IMO=1 TEU=None status=detail_no_teu
[group 4 606/878] FENG DA 999 -> code=WUQ IMO=9999996 TEU=None status=detail_no_teu
[group 4 607/878] FENG DA YI HAO -> code=X81 IMO=99999996 TEU=None status=detail_no_teu
[group 4 608/878] FENG FA 01 -> code=XYL IMO=20150116 TEU=None status=detail_no_teu
[group 4 609/878] FENG FA 18 -> code=XR9 IMO=99999996 TEU=None status=detail_no_teu
[group 4 610/878] FENG FA 228 -> code=ZQY IMO=99999996 TEU=None status=detail_no_teu
[group 4 611/878] FENG FA 268 -> code=XK8 IMO=99999996 TEU=None status=detail_no_teu
[group 4 612/878] FENG FA 388 -> code=XSW IMO=20150111 TEU=None status=detail_no_teu
[group 4 613/878] FENG FA 506 -> code=ZHE IMO=99999996 TEU=None status=detail_no_teu
[group 4 614/878] FENG FA 509 -> code=Z32 IMO=99999996 TEU=None status=detail_no_teu
[group 4 615/878] FENG GUAN 1 -> code=ZMC IMO=99999996 TEU=None status=detail_no_teu
[group 4 618/878] FENG HUANG HUA -> code=WLA IMO=99999996 TEU=None status=detail_no_teu
[group 4 620/878] FENG KAI YUE XING 668 -> code=OGB IMO=9999996 TEU=1 status=ok
[group 4 621/878] FENG NIAN 1 -> code=LRN IMO=9999996 TEU=None status=detail_no_teu
[group 4 624/878] FENG NIAN 258 -> code=ODW IMO=9999996 TEU=None status=detail_no_teu
[group 4 625/878] FENG NIAN 26 -> code=OCR IMO=9999996 TEU=None status=detail_no_teu
[group 4 626/878] FENG NIAN 288 -> code=O43 IMO=9999996 TEU=None status=detail_no_teu
[group 4 627/878] FENG NIAN 3 -> code=O87 IMO=9999996 TEU=None status=detail_no_teu
[group 4 628/878] FENG NIAN 361 -> code=OB3 IMO=9999996 TEU=None status=detail_no_teu
[group 4 629/878] FENG NIAN 362 -> code=OCQ IMO=9999996 TEU=None status=detail_no_teu
[group 4 630/878] FENG NIAN 5 -> code=LX2 IMO=9999996 TEU=None status=detail_no_teu
[group 4 631/878] FENG NIAN 528 -> code=LUF IMO=9999996 TEU=None status=detail_no_teu
[group 4 632/878] FENG NIAN 558 -> code=LWE IMO=9999996 TEU=None status=detail_no_teu
[group 4 634/878] FENG NIAN 598 -> code=LZF IMO=9999996 TEU=None status=detail_no_teu
[group 4 635/878] FENG NIAN 618 -> code=LSW IMO=9999996 TEU=None status=detail_no_teu
[group 4 636/878] FENG NIAN 8 -> code=OF4 IMO=9999996 TEU=None status=detail_no_teu
[group 4 637/878] FENG NIAN 88 -> code=LZD IMO=9999996 TEU=None status=detail_no_teu
[group 4 638/878] FENG NIAN 95 -> code=OVQ IMO=9999996 TEU=None status=detail_no_teu
[group 4 639/878] FENG NIAN 96 -> code=OXL IMO=9999996 TEU=None status=detail_no_teu
[group 4 640/878] FENG NIAN 98 -> code=OG3 IMO=9999996 TEU=None status=detail_no_teu
[group 4 641/878] FENG NIAN 99 -> code=OFE IMO=9999996 TEU=None status=detail_no_teu
[group 4 642/878] FENG SHUN 0188 -> code=Z3S IMO=9999996 TEU=None status=detail_no_teu
[group 4 643/878] FENG SHUN 108 -> code=W1B IMO=2015092801 TEU=None status=detail_no_teu
[group 4 644/878] FENG SHUN 1203 -> code=LA7 IMO=1 TEU=None status=detail_no_teu
[group 4 645/878] FENG SHUN 1203 (OLD2) -> code=LA8 IMO=1 TEU=None status=detail_no_teu
[group 4 646/878] FENG SHUN 1208 -> code=Z6D IMO=1 TEU=None status=detail_no_teu
[group 4 647/878] FENG SHUN 1301 -> code=Z1E IMO=20160819 TEU=None status=detail_no_teu
[group 4 650/878] FENG SHUN 1601 -> code=LDU IMO=9999996 TEU=None status=detail_no_teu
[group 4 651/878] FENG SHUN 1602 -> code=LFM IMO=9999996 TEU=None status=detail_no_teu
[group 4 652/878] FENG SHUN 1603 -> code=LCS IMO=1 TEU=None status=detail_no_teu
[group 4 653/878] FENG SHUN 1608 -> code=LBW IMO=1 TEU=None status=detail_no_teu
[group 4 654/878] FENG SHUN 1688 -> code=W2D IMO=20151201 TEU=None status=detail_no_teu
[group 4 655/878] FENG SHUN 1689 -> code=WLH IMO=99999996 TEU=None status=detail_no_teu
[group 4 657/878] FENG SHUN 208 -> code=WKY IMO=99999996 TEU=None status=detail_no_teu
[group 4 660/878] FENG SHUN 3333 -> code=XBQ IMO=99999996 TEU=None status=detail_no_teu
[group 4 661/878] FENG SHUN 608 -> code=WZQ IMO=20150916 TEU=None status=detail_no_teu
[group 4 667/878] FENG SHUN PENG DA -> code=MOK IMO=9999996 TEU=None status=detail_no_teu
[group 4 668/878] FENG SHUN1 HAO -> code=QW7 IMO=9999996 TEU=None status=detail_no_teu
[group 4 669/878] FENG SHUN23 -> code=RDN IMO=99999996 TEU=None status=detail_no_teu
[group 4 670/878] FENG XIN DA 2 -> code=F7J IMO=9999971 TEU=None status=detail_no_teu
[group 4 671/878] FENG XIN DA 6 -> code=N7B IMO=22222222 TEU=None status=detail_no_teu
[group 4 673/878] FENG XIN DA 9 -> code=NLI IMO=6968685 TEU=None status=detail_no_teu
[group 4 674/878] FENG XINDA1 -> code=RBF IMO=None TEU=None status=detail_no_teu
[group 4 675/878] FENG YUAN 005 -> code=L83 IMO=1 TEU=None status=detail_no_teu
[group 4 676/878] FENG YUAN 008 -> code=L61 IMO=1 TEU=None status=detail_no_teu
[group 4 677/878] FENG YUAN 086 -> code=WQZ IMO=99999996 TEU=None status=detail_no_teu
[group 4 678/878] FENG YUAN 088 -> code=WJ1 IMO=99999996 TEU=None status=detail_no_teu
[group 4 679/878] FENG YUAN 3088 -> code=Z4L IMO=99999996 TEU=None status=detail_no_teu
[group 4 680/878] FENG YUAN 3333 -> code=W57 IMO=None TEU=None status=detail_no_teu
[group 4 681/878] FENG YUAN 6098 -> code=XXH IMO=100809000586 TEU=None status=detail_no_teu
[group 4 684/878] FENG YUAN 668 -> code=WIL IMO=20150079 TEU=None status=detail_no_teu
[group 4 685/878] FENG YUAN 7838 -> code=W67 IMO=99999996 TEU=None status=detail_no_teu
[group 4 686/878] FENG YUAN 813 -> code=WWN IMO=200150324 TEU=None status=detail_no_teu
[group 4 687/878] FENG YUAN 866 -> code=WLJ IMO=99999996 TEU=None status=detail_no_teu
[group 4 688/878] FENG YUAN 889 -> code=WKP IMO=99999996 TEU=None status=detail_no_teu
[group 4 689/878] FENG YUAN 968 -> code=OZE IMO=9999996 TEU=None status=detail_no_teu
[group 4 690/878] FENG YUN 333 -> code=OIL IMO=9999996 TEU=1 status=ok
[group 4 691/878] FENG ZE YUAN -> code=LHD IMO=9999996 TEU=None status=detail_no_teu
[group 4 692/878] FENGDA1HAO -> code=WI5 IMO=20150163 TEU=None status=detail_no_teu
[group 4 695/878] FENGSHUN199 -> code=2B2 IMO=99999996 TEU=None status=detail_no_teu
[group 4 696/878] FENGSHUN699 -> code=2RL IMO=9999996 TEU=None status=detail_no_teu
[group 4 697/878] FENGSHUN89 -> code=FTL IMO=9999996 TEU=None status=detail_no_teu
[group 4 698/878] FENGSHUNXIANGHE -> code=2V9 IMO=9999996 TEU=None status=detail_no_teu
[group 4 700/878] FENGYE26 -> code=SUP IMO=None TEU=500 status=ok
[group 4 702/878] FENGYUAN8998 -> code=WOP IMO=9999996 TEU=None status=detail_no_teu
[group 4 706/878] FENYANGYIHAO -> code=YG6 IMO=9999996 TEU=None status=detail_no_teu
[group 4 709/878] FESCO ASKOLD -> code=UBG IMO=9324942 TEU=None status=detail_no_teu
[group 4 710/878] FESCO DALNEGORSK -> code=N1H IMO=9237486 TEU=3091 status=ok
[group 4 712/878] FIDUCIA -> code=A14 IMO=9999997 TEU=None status=detail_no_teu
[group 4 714/878] FILIPPA -> code=AIL IMO=9999996 TEU=None status=detail_no_teu
[group 4 716/878] FIRGO 1 -> code=AJ4 IMO=99999996 TEU=None status=detail_no_teu
[group 4 718/878] FLEUR N.. -> code=FU9 IMO=9509139 TEU=None status=detail_no_teu
[group 4 720/878] FLINTERCOAST -> code=UI6 IMO=9365972 TEU=809 status=ok
[group 4 721/878] FLOATA NO.1 -> code=ZW3 IMO=9999996 TEU=None status=detail_no_teu
[group 4 722/878] FLOATA NO.92 -> code=X47 IMO=9999996 TEU=None status=detail_no_teu
[group 4 723/878] FLORENTIA -> code=UDL IMO=9117193 TEU=None status=detail_no_teu
[group 4 725/878] FO HANG 1001 -> code=XLY IMO=9999996 TEU=None status=detail_no_teu
[group 4 726/878] FO HANG 1002 -> code=XLD IMO=9999996 TEU=None status=detail_no_teu
[group 4 727/878] FO HANG 1003 -> code=XMB IMO=99999996 TEU=None status=detail_no_teu
[group 4 728/878] FO HANG 1004 -> code=WJP IMO=99999996 TEU=None status=detail_no_teu
[group 4 729/878] FO HANG 13 HAO -> code=WTS IMO=20150220 TEU=None status=detail_no_teu
[group 4 730/878] FO HANG 2008 -> code=XSC IMO=9999996 TEU=None status=detail_no_teu
[group 4 731/878] FO HANG 528 -> code=ZU7 IMO=99999996 TEU=None status=detail_no_teu
[group 4 732/878] FO HANG 838 -> code=Z35 IMO=99999996 TEU=None status=detail_no_teu
[group 4 737/878] FO HANG 908 -> code=XO9 IMO=99999996 TEU=None status=detail_no_teu
[group 4 738/878] FO HANG 923 -> code=XMZ IMO=99999996 TEU=None status=detail_no_teu
[group 4 739/878] FO HANG 926 -> code=XMG IMO=99999996 TEU=None status=detail_no_teu
[group 4 740/878] FO HANG 928 -> code=WTO IMO=9999996 TEU=None status=detail_no_teu
[group 4 741/878] FO HANG 930 -> code=XR3 IMO=99999996 TEU=None status=detail_no_teu
[group 4 742/878] FO HANG 932 -> code=XY3 IMO=99999996 TEU=None status=detail_no_teu
[group 4 743/878] FO HANG 933 -> code=XO2 IMO=99999996 TEU=None status=detail_no_teu
[group 4 744/878] FO SHAN 1 HAO -> code=W0E IMO=20160628 TEU=None status=detail_no_teu
[group 4 745/878] FO SHAN 10 HAO -> code=ZY2 IMO=9999996 TEU=None status=detail_no_teu
[group 4 746/878] FO SHAN 11 HAO -> code=ZPI IMO=99999996 TEU=None status=detail_no_teu
[group 4 747/878] FO SHAN 12 HAO -> code=XT1 IMO=99999996 TEU=None status=detail_no_teu
[group 4 748/878] FO SHAN 13 HAO -> code=XMI IMO=99999996 TEU=None status=detail_no_teu
[group 4 749/878] FO SHAN 5 HAO -> code=LD9 IMO=9999996 TEU=None status=detail_no_teu
[group 4 750/878] FO SHAN 6 HAO -> code=ZOE IMO=99999996 TEU=None status=detail_no_teu
[group 4 751/878] FO SHAN 7 HAO -> code=LGB IMO=9999996 TEU=None status=detail_no_teu
[group 4 752/878] FO SHAN 8 HAO -> code=ZNW IMO=99999996 TEU=None status=detail_no_teu
[group 4 753/878] FO SHAN 9 HAO -> code=ZCP IMO=99999996 TEU=None status=detail_no_teu
[group 4 757/878] FORTUNE -> code=MIA IMO=9547362 TEU=None status=detail_no_teu
[group 4 758/878] FORTUNE FREIGHTER -> code=BBU IMO=9168520 TEU=None status=detail_no_teu
[group 4 759/878] FORTUNE NAVIGATOR -> code=BBX IMO=9181637 TEU=None status=detail_no_teu
[group 4 760/878] FORTUNIA -> code=UJ1 IMO=8913722 TEU=None status=detail_no_teu
[group 4 761/878] FOULK -> code=UN8 IMO=8322040 TEU=None status=detail_no_teu
[group 4 762/878] FOUMA -> code=FMA IMO=9395082 TEU=None status=detail_no_teu
[group 4 765/878] FRANCISCA SCHULTE -> code=AVI IMO=9999997 TEU=None status=detail_no_teu
[group 4 767/878] FRANCOP -> code=RQO IMO=9277412 TEU=None status=detail_no_teu
[group 4 770/878] FREDERIK -> code=UCM IMO=9328637 TEU=1200 status=ok
[group 4 771/878] FREYA -> code=UBZ IMO=9219874 TEU=None status=detail_no_teu
[group 4 772/878] FREYJA W -> code=PR6 IMO=9754422 TEU=None status=detail_no_teu
[group 4 773/878] FRIDA SCHULTE -> code=APM IMO=99999996 TEU=None status=detail_no_teu
[group 4 774/878] FRIGGE W -> code=PQ4 IMO=9754410 TEU=None status=detail_no_teu
[group 4 775/878] FRISIA ALSTER -> code=R75 IMO=9999996 TEU=None status=detail_no_teu
[group 4 776/878] FRISIA GOTEBORG -> code=FGO IMO=236111949 TEU=None status=detail_no_teu
[group 4 780/878] FRISIA NUERNBERG -> code=AXD IMO=9999996 TEU=1970 status=ok
[group 4 781/878] FRISIAN PIONEER -> code=SZP IMO=9259824 TEU=None status=detail_no_teu
[group 4 785/878] FSL SINGAPORE -> code=BAT IMO=9845037 TEU=None status=detail_no_teu
[group 4 787/878] FU AN 0068 -> code=WMJ IMO=99999996 TEU=None status=detail_no_teu
[group 4 788/878] FU AN 228 -> code=XNG IMO=99999996 TEU=None status=detail_no_teu
[group 4 789/878] FU AN 268 -> code=W06 IMO=99999996 TEU=None status=detail_no_teu
[group 4 790/878] FU AN 283 -> code=XZA IMO=99999996 TEU=None status=detail_no_teu
[group 4 791/878] FU AN 383 -> code=XH7 IMO=99999996 TEU=None status=detail_no_teu
[group 4 792/878] FU AN 398 -> code=WA4 IMO=99999996 TEU=None status=detail_no_teu
[group 4 793/878] FU AN 399 -> code=WW5 IMO=100811000496 TEU=None status=detail_no_teu
[group 4 794/878] FU AN 666 -> code=B50 IMO=2018071801 TEU=None status=detail_no_teu
[group 4 795/878] FU AN 688 -> code=XUL IMO=20150090 TEU=None status=detail_no_teu
[group 4 796/878] FU AN 8 -> code=LLV IMO=9999996 TEU=None status=detail_no_teu
[group 4 797/878] FU AN 837 -> code=WVC IMO=20150016 TEU=None status=detail_no_teu
[group 4 798/878] FU AN 866 -> code=XWK IMO=9999996 TEU=None status=detail_no_teu
[group 4 799/878] FU AN 918 -> code=WN6 IMO=100811000183 TEU=None status=detail_no_teu
[group 4 800/878] FU AN 928 -> code=XON IMO=100808000727 TEU=None status=detail_no_teu
[group 4 801/878] FU AN 998 -> code=WK6 IMO=99999996 TEU=None status=detail_no_teu
[group 4 802/878] FU DE 2688 -> code=LQX IMO=9999996 TEU=None status=detail_no_teu
[group 4 804/878] FU DE 6189 -> code=LNL IMO=9999996 TEU=None status=detail_no_teu
[group 4 808/878] FU HANG 2358 -> code=LJ9 IMO=9999996 TEU=None status=detail_no_teu
[group 4 810/878] FU HANG 8868 -> code=LES IMO=9999996 TEU=None status=detail_no_teu
[group 4 813/878] FU JUN RONG XING -> code=DCY IMO=9999996 TEU=None status=detail_no_teu
[group 4 816/878] FU LI 288 -> code=OHK IMO=9999996 TEU=None status=detail_no_teu
[group 4 817/878] FU LI 298 -> code=LEZ IMO=9999996 TEU=None status=detail_no_teu
[group 4 818/878] FU LI 306 -> code=LBM IMO=9999996 TEU=None status=detail_no_teu
[group 4 820/878] FU LI 318 -> code=B71 IMO=9999996 TEU=150 status=ok
[group 4 821/878] FU LI 328 -> code=O98 IMO=9999996 TEU=None status=detail_no_teu
[group 4 822/878] FU LI 329 -> code=LBC IMO=9999996 TEU=None status=detail_no_teu
[group 4 826/878] FU LI 398 -> code=O31 IMO=9999996 TEU=None status=detail_no_teu
[group 4 830/878] FU LI 568 -> code=OG9 IMO=9999996 TEU=240 status=ok
[group 4 831/878] FU LI 588 -> code=OXI IMO=9999996 TEU=None status=detail_no_teu
[group 4 834/878] FU LI 698 -> code=LXW IMO=9999996 TEU=None status=detail_no_teu
[group 4 835/878] FU LI 828 -> code=OKW IMO=9999996 TEU=None status=detail_no_teu
[group 4 836/878] FU LI 838 -> code=ODH IMO=9999996 TEU=None status=detail_no_teu
[group 4 837/878] FU LI 868 -> code=OUZ IMO=9999996 TEU=None status=detail_no_teu
[group 4 838/878] FU LI 888 -> code=LWQ IMO=9999996 TEU=None status=detail_no_teu
[group 4 840/878] FU LI 898 -> code=LDB IMO=9999996 TEU=None status=detail_no_teu
[group 4 846/878] FU SHENG 19 -> code=DFI IMO=8455067 TEU=None status=detail_no_teu
[group 4 847/878] FU SHUN 6818 -> code=OX5 IMO=9999996 TEU=None status=detail_no_teu
[group 4 848/878] FU SHUN 8298 -> code=OWO IMO=9999996 TEU=None status=detail_no_teu
[group 4 849/878] FU SHUN 855 -> code=OUP IMO=9999996 TEU=None status=detail_no_teu
[group 4 850/878] FU TAI -> code=ZJI IMO=99999996 TEU=63 status=ok
[group 4 852/878] FU XIN LAN HAI -> code=MTI IMO=9999996 TEU=None status=detail_no_teu
[group 4 853/878] FU XING DA 1 -> code=WQ6 IMO=20150194 TEU=None status=detail_no_teu
[group 4 854/878] FU XING DA 2 -> code=WQ4 IMO=9999996 TEU=None status=detail_no_teu
[group 4 855/878] FU XING DA 68 -> code=WOV IMO=9999996 TEU=None status=detail_no_teu
[group 4 856/878] FU XING DA 8 -> code=W5B IMO=9999996 TEU=None status=detail_no_teu
[group 4 857/878] FU XING DA 9 -> code=WTB IMO=9999996 TEU=None status=detail_no_teu
[group 4 858/878] FU YE 688 -> code=WZO IMO=20150914 TEU=None status=detail_no_teu
[group 4 860/878] FU YUE 006 -> code=XVU IMO=9999996 TEU=84 status=ok
[group 4 862/878] FU YUE 1 HAO -> code=ZMY IMO=9999996 TEU=None status=detail_no_teu
[group 4 863/878] FU YUE 108 -> code=ZOU IMO=9999996 TEU=None status=detail_no_teu
[group 4 864/878] FU YUE 118 -> code=XDU IMO=9999996 TEU=None status=detail_no_teu
[group 4 865/878] FU YUE 128 -> code=XV7 IMO=9999996 TEU=None status=detail_no_teu
[group 4 867/878] FU YUE 268 -> code=W8Y IMO=9999996 TEU=None status=detail_no_teu
[group 4 868/878] FU YUE 333 -> code=XU9 IMO=9999996 TEU=None status=detail_no_teu
[group 4 869/878] FU YUE 388 -> code=XDI IMO=9999996 TEU=None status=detail_no_teu
[group 4 870/878] FU YUE 398 -> code=XEC IMO=9999996 TEU=None status=detail_no_teu
[group 4 871/878] FU YUE 399 -> code=XN1 IMO=9999996 TEU=None status=detail_no_teu
[group 4 872/878] FU YUE 618 -> code=KKA IMO=9999996 TEU=None status=detail_no_teu
[group 4 873/878] FU YUE 666 -> code=XWJ IMO=99999996 TEU=None status=detail_no_teu
[group 4 874/878] FU YUE 668 -> code=B74 IMO=2018102201 TEU=None status=detail_no_teu
[group 4 875/878] FU YUE 688 -> code=LNE IMO=9999996 TEU=None status=detail_no_teu
[group 4 876/878] FU YUE 888 -> code=WS9 IMO=9999996 TEU=None status=detail_no_teu
[group 4 877/878] FU YUE 999 -> code=X8A IMO=20160902 TEU=None status=detail_no_teu
[group 4 878/878] FUFA666 -> code=FEV IMO=999999996 TEU=None status=detail_no_teu
group 4: saved xlsx -> D:\Files\demo\capaStudy\vessels\csl_group_results\csl_group_04_result_260311233932.xlsx
group 4: saved json -> D:\Files\demo\capaStudy\vessels\csl_group_results\csl_group_04_result_260311233932.json
