[group 6 1/878] GUI GANG WAI YUN 1688 -> code=WT3 IMO=99999996 TEU=None status=detail_no_teu
[group 6 2/878] GUI GANG WAI YUN 2288 -> code=WBS IMO=99999996 TEU=None status=detail_no_teu
[group 6 3/878] GUI GANG WAI YUN 368 -> code=Z7V IMO=1 TEU=None status=detail_no_teu
[group 6 4/878] GUI GANG XI HANG 228 -> code=XNU IMO=20150189 TEU=None status=detail_no_teu
[group 6 5/878] GUI GANG XI JIANG 1238 -> code=XMN IMO=20150146 TEU=None status=detail_no_teu
[group 6 6/878] GUI GANG XI JIANG 1618 -> code=WAB IMO=100811000577 TEU=None status=detail_no_teu
[group 6 7/878] GUI GANG XI JIANG 1668 -> code=W1Y IMO=20151119 TEU=None status=detail_no_teu
[group 6 8/878] GUI GANG XI JIANG 1699 -> code=XFA IMO=999996 TEU=None status=detail_no_teu
[group 6 9/878] GUI GANG XI JIANG 3289 -> code=W7F IMO=20160410 TEU=None status=detail_no_teu
[group 6 10/878] GUI GANG XI JIANG 5858 -> code=XKC IMO=99999996 TEU=None status=detail_no_teu
[group 6 12/878] GUI GANG XIANG SHUN 2017 -> code=Z8G IMO=1 TEU=None status=detail_no_teu
[group 6 13/878] GUI GANG XIANG SHUN 2018 -> code=L59 IMO=1 TEU=None status=detail_no_teu
[group 6 15/878] GUI GANG XIANG SHUN 638 -> code=LKP IMO=9999996 TEU=None status=detail_no_teu
[group 6 16/878] GUI GANG XIANG SHUN 868 -> code=LGJ IMO=9999996 TEU=None status=detail_no_teu
[group 6 20/878] GUI GANG XING TAI 0685 -> code=OIX IMO=9999996 TEU=1 status=ok
[group 6 21/878] GUI GANG XING TAI 2133 -> code=OW6 IMO=9999996 TEU=None status=detail_no_teu
[group 6 23/878] GUI GANG XING TAI 8 -> code=LJ8 IMO=9999996 TEU=None status=detail_no_teu
[group 6 24/878] GUI GANG XING TAI 988 -> code=LP3 IMO=9999996 TEU=None status=detail_no_teu
[group 6 28/878] GUI GANG YU HAI 108 -> code=OVF IMO=9999996 TEU=None status=detail_no_teu
[group 6 30/878] GUI GANG YU HANG 005 -> code=OK4 IMO=9999996 TEU=1 status=ok
[group 6 34/878] GUI GANG YU HANG 6328 -> code=OVR IMO=9999996 TEU=None status=detail_no_teu
[group 6 40/878] GUI GANG YU HANG 923 -> code=O69 IMO=9999996 TEU=1 status=ok
[group 6 41/878] GUI GANG YUAN TONG 08 -> code=LOG IMO=9999996 TEU=None status=detail_no_teu
[group 6 42/878] GUI GANG YUAN TONG 09 -> code=LPC IMO=9999996 TEU=None status=detail_no_teu
[group 6 43/878] GUI GANG YUAN TONG 3608 -> code=W7U IMO=20160414 TEU=None status=detail_no_teu
[group 6 44/878] GUI GANG YUAN TONG 666 -> code=W9X IMO=20160609 TEU=None status=detail_no_teu
[group 6 45/878] GUI GANG YUAN TONG 6666 -> code=W7N IMO=20160413 TEU=None status=detail_no_teu
[group 6 46/878] GUI GANG YUAN TONG 68 -> code=LQ6 IMO=9999996 TEU=None status=detail_no_teu
[group 6 47/878] GUI GANG YUAN TONG 8 -> code=LMC IMO=9999996 TEU=None status=detail_no_teu
[group 6 48/878] GUI GANG YUAN TONG 8008 -> code=LRP IMO=9999996 TEU=None status=detail_no_teu
[group 6 49/878] GUI GANG YUAN TONG 863 -> code=Z2C IMO=1 TEU=None status=detail_no_teu
[group 6 50/878] GUI GANG ZHEN YANG 001 -> code=O99 IMO=9999996 TEU=1 status=ok
[group 6 52/878] GUI GUAN -> code=Z47 IMO=99999996 TEU=None status=detail_no_teu
[group 6 53/878] GUI GUI PING HUO 0239 -> code=WGJ IMO=None TEU=None status=detail_no_teu
[group 6 54/878] GUI GUI PING HUO 0789 -> code=W7R IMO=20160413 TEU=None status=detail_no_teu
[group 6 55/878] GUI GUI PING HUO 0809 -> code=XQ8 IMO=99999996 TEU=None status=detail_no_teu
[group 6 58/878] GUI GUI PING HUO 1360 -> code=XAN IMO=99999996 TEU=None status=detail_no_teu
[group 6 60/878] GUI GUI PING HUO 2088 -> code=XPT IMO=20150022 TEU=None status=detail_no_teu
[group 6 61/878] GUI GUI PING HUO 226 -> code=Z5N IMO=20170331 TEU=None status=detail_no_teu
[group 6 62/878] GUI GUI PING HUO 227 -> code=L66 IMO=1 TEU=None status=detail_no_teu
[group 6 64/878] GUI GUI PING HUO 2928 -> code=XZL IMO=99999996 TEU=None status=detail_no_teu
[group 6 65/878] GUI GUI PING HUO 2958 -> code=XKE IMO=99999996 TEU=None status=detail_no_teu
[group 6 66/878] GUI GUI PING HUO 2978 -> code=XID IMO=100808000236 TEU=None status=detail_no_teu
[group 6 67/878] GUI GUI PING HUO 2983 -> code=WKX IMO=None TEU=None status=detail_no_teu
[group 6 68/878] GUI GUI PING HUO 2988 -> code=XTM IMO=20150037 TEU=None status=detail_no_teu
[group 6 69/878] GUI GUI PING HUO 3002 -> code=XOK IMO=99999996 TEU=None status=detail_no_teu
[group 6 70/878] GUI GUI PING HUO 3008 -> code=W2A IMO=20151121 TEU=None status=detail_no_teu
[group 6 71/878] GUI GUI PING HUO 3068 -> code=X0K IMO=100808000590 TEU=None status=detail_no_teu
[group 6 72/878] GUI GUI PING HUO 3098 -> code=WAY IMO=99999996 TEU=None status=detail_no_teu
[group 6 73/878] GUI GUI PING HUO 3689 -> code=LQD IMO=9999996 TEU=None status=detail_no_teu
[group 6 74/878] GUI GUI PING HUO 3698 -> code=WUY IMO=99999996 TEU=None status=detail_no_teu
[group 6 75/878] GUI GUI PING HUO 3709 -> code=X85 IMO=99999996 TEU=None status=detail_no_teu
[group 6 76/878] GUI GUI PING HUO 3922 -> code=XXV IMO=20150038 TEU=None status=detail_no_teu
[group 6 77/878] GUI GUI PING HUO 5358 -> code=XV6 IMO=99999996 TEU=None status=detail_no_teu
[group 6 78/878] GUI GUI PING HUO 5568 -> code=L56 IMO=1 TEU=None status=detail_no_teu
[group 6 79/878] GUI GUI PING HUO 5623 -> code=ZPY IMO=99999996 TEU=None status=detail_no_teu
[group 6 80/878] GUI GUI PING HUO 5628 -> code=X99 IMO=99999996 TEU=None status=detail_no_teu
[group 6 81/878] GUI GUI PING HUO 5958 -> code=XDK IMO=99999996 TEU=None status=detail_no_teu
[group 6 82/878] GUI GUI PING HUO 608 -> code=LSR IMO=9999996 TEU=None status=detail_no_teu
[group 6 83/878] GUI GUI PING HUO 6366 -> code=LGT IMO=9999996 TEU=None status=detail_no_teu
[group 6 84/878] GUI GUI PING HUO 6628 -> code=LE5 IMO=9999996 TEU=None status=detail_no_teu
[group 6 85/878] GUI GUI PING HUO 6688 -> code=WYV IMO=9999996 TEU=None status=detail_no_teu
[group 6 86/878] GUI GUI PING HUO 6733 -> code=WG9 IMO=100811000001 TEU=None status=detail_no_teu
[group 6 87/878] GUI GUI PING HUO 6788 -> code=XXE IMO=99999996 TEU=None status=detail_no_teu
[group 6 88/878] GUI GUI PING HUO 6789 -> code=WQ5 IMO=20150193 TEU=None status=detail_no_teu
[group 6 89/878] GUI GUI PING HUO 6800 -> code=LC2 IMO=1 TEU=None status=detail_no_teu
[group 6 90/878] GUI GUI PING HUO 6803 -> code=XVK IMO=20150101 TEU=None status=detail_no_teu
[group 6 91/878] GUI GUI PING HUO 6818 -> code=XHH IMO=999996 TEU=None status=detail_no_teu
[group 6 92/878] GUI GUI PING HUO 6863 -> code=OV1 IMO=9999996 TEU=None status=detail_no_teu
[group 6 93/878] GUI GUI PING HUO 6873 -> code=XUX IMO=20150095 TEU=None status=detail_no_teu
[group 6 94/878] GUI GUI PING HUO 6878 -> code=XIK IMO=9999996 TEU=None status=detail_no_teu
[group 6 97/878] GUI GUI PING HUO 6986 -> code=WVL IMO=99999996 TEU=None status=detail_no_teu
[group 6 98/878] GUI GUI PING HUO 6998 -> code=XRI IMO=99999996 TEU=None status=detail_no_teu
[group 6 99/878] GUI GUI PING HUO 7303 -> code=W3Q IMO=20160217 TEU=None status=detail_no_teu
[group 6 100/878] GUI GUI PING HUO 7689 -> code=WYZ IMO=20150805000 TEU=None status=detail_no_teu
[group 6 101/878] GUI GUI PING HUO 7803 -> code=W5S IMO=20160317 TEU=None status=detail_no_teu
[group 6 102/878] GUI GUI PING HUO 7808 -> code=XOF IMO=20150075 TEU=None status=detail_no_teu
[group 6 103/878] GUI GUI PING HUO 7873 -> code=Z2R IMO=1 TEU=None status=detail_no_teu
[group 6 104/878] GUI GUI PING HUO 8008 -> code=W3Z IMO=20160308 TEU=None status=detail_no_teu
[group 6 105/878] GUI GUI PING HUO 8028 -> code=FG0 IMO=99999996 TEU=None status=detail_no_teu
[group 6 107/878] GUI GUI PING HUO 8208 -> code=WTJ IMO=99999996 TEU=None status=detail_no_teu
[group 6 109/878] GUI GUI PING HUO 8305 -> code=WU2 IMO=100811000564 TEU=None status=detail_no_teu
[group 6 110/878] GUI GUI PING HUO 8350 -> code=W4A IMO=20160308 TEU=None status=detail_no_teu
[group 6 111/878] GUI GUI PING HUO 8353 -> code=XZK IMO=99999996 TEU=None status=detail_no_teu
[group 6 112/878] GUI GUI PING HUO 8373 -> code=LE6 IMO=9999996 TEU=None status=detail_no_teu
[group 6 113/878] GUI GUI PING HUO 8602 -> code=XXM IMO=99999996 TEU=None status=detail_no_teu
[group 6 114/878] GUI GUI PING HUO 8639 -> code=XTJ IMO=20150035 TEU=None status=detail_no_teu
[group 6 115/878] GUI GUI PING HUO 8663 -> code=XUF IMO=20150085 TEU=None status=detail_no_teu
[group 6 116/878] GUI GUI PING HUO 8666 -> code=W7B IMO=20160409 TEU=None status=detail_no_teu
[group 6 117/878] GUI GUI PING HUO 8808 -> code=XDF IMO=99999996 TEU=None status=detail_no_teu
[group 6 118/878] GUI GUI PING HUO 8809 -> code=WMN IMO=100808000295 TEU=None status=detail_no_teu
[group 6 119/878] GUI GUI PING HUO 8818 -> code=XXA IMO=20150187 TEU=None status=detail_no_teu
[group 6 120/878] GUI GUI PING HUO 8828 -> code=WO3 IMO=99999996 TEU=54 status=ok
[group 6 121/878] GUI GUI PING HUO 8866 -> code=Z4R IMO=1 TEU=None status=detail_no_teu
[group 6 122/878] GUI GUI PING HUO 8888 -> code=XWU IMO=99999996 TEU=None status=detail_no_teu
[group 6 123/878] GUI GUI PING HUO 8889 -> code=WXV IMO=20150519 TEU=None status=detail_no_teu
[group 6 125/878] GUI GUI PING HUO 8899 -> code=XOY IMO=100808000659 TEU=None status=detail_no_teu
[group 6 126/878] GUI GUI PING HUO 8958 -> code=WE1 IMO=20150056 TEU=None status=detail_no_teu
[group 6 127/878] GUI GUI PING HUO 8988 -> code=WRB IMO=99999996 TEU=None status=detail_no_teu
[group 6 128/878] GUI GUI PING HUO 9009 -> code=W1A IMO=20150929 TEU=None status=detail_no_teu
[group 6 129/878] GUI GUI PING HUO 9068 -> code=ZYQ IMO=99999996 TEU=None status=detail_no_teu
[group 6 130/878] GUI GUI PING HUO 9088 -> code=WHZ IMO=99999996 TEU=None status=detail_no_teu
[group 6 131/878] GUI GUI PING HUO 9098 -> code=W17 IMO=100810000186 TEU=None status=detail_no_teu
[group 6 132/878] GUI GUI PING HUO 928 -> code=LOR IMO=9999996 TEU=None status=detail_no_teu
[group 6 134/878] GUI GUI PING HUO 9315 -> code=LPW IMO=9999996 TEU=None status=detail_no_teu
[group 6 135/878] GUI GUI PING HUO 933 -> code=W0U IMO=20160729 TEU=None status=detail_no_teu
[group 6 137/878] GUI GUI PING HUO 9383 -> code=WZ7 IMO=99999996 TEU=None status=detail_no_teu
[group 6 138/878] GUI GUI PING HUO 9392 -> code=WZS IMO=20150918 TEU=None status=detail_no_teu
[group 6 139/878] GUI GUI PING HUO 9608 -> code=LRD IMO=9999996 TEU=None status=detail_no_teu
[group 6 140/878] GUI GUI PING HUO 9688 -> code=WWG IMO=20141228 TEU=None status=detail_no_teu
[group 6 141/878] GUI GUI PING HUO 9698 -> code=WDW IMO=100812000116 TEU=None status=detail_no_teu
[group 6 143/878] GUI GUI PING HUO 9888 -> code=XZR IMO=99999996 TEU=None status=detail_no_teu
[group 6 144/878] GUI GUI PING HUO 9908 -> code=WC9 IMO=20150013 TEU=None status=detail_no_teu
[group 6 145/878] GUI GUI PING HUO 9988 -> code=XDJ IMO=99999996 TEU=None status=detail_no_teu
[group 6 147/878] GUI HAI 102 -> code=Z48 IMO=99999996 TEU=None status=detail_no_teu
[group 6 148/878] GUI HAI 465 -> code=Z49 IMO=99999996 TEU=None status=detail_no_teu
[group 6 149/878] GUI HAI 601 -> code=ZGA IMO=9999996 TEU=None status=detail_no_teu
[group 6 150/878] GUI HAI XIN 668 -> code=LNP IMO=9999996 TEU=None status=detail_no_teu
[group 6 151/878] GUI HAI XIN 688 -> code=L43 IMO=1 TEU=None status=detail_no_teu
[group 6 152/878] GUI HAI XIN 868 -> code=W7M IMO=20160412 TEU=None status=detail_no_teu
[group 6 153/878] GUI HAI XIN 888 -> code=WKG IMO=99999996 TEU=None status=detail_no_teu
[group 6 155/878] GUI HAI YUN 222 -> code=WLP IMO=None TEU=None status=detail_no_teu
[group 6 156/878] GUI HAI YUN 388 -> code=WVK IMO=99999996 TEU=None status=detail_no_teu
[group 6 157/878] GUI HAI YUN 6889 -> code=WMT IMO=99999996 TEU=None status=detail_no_teu
[group 6 159/878] GUI HAI YUN 988 -> code=LDI IMO=9999996 TEU=None status=detail_no_teu
[group 6 160/878] GUI HANG 218 -> code=WB4 IMO=9999996 TEU=1 status=ok
[group 6 161/878] GUI HANG 228 -> code=XZP IMO=9999996 TEU=None status=detail_no_teu
[group 6 162/878] GUI HANG 333 -> code=WNU IMO=99999996 TEU=None status=detail_no_teu
[group 6 165/878] GUI HUA 308 -> code=XCN IMO=99999996 TEU=None status=detail_no_teu
[group 6 166/878] GUI HUA 339 -> code=XW7 IMO=99999996 TEU=None status=detail_no_teu
[group 6 168/878] GUI JIANG 1 -> code=LH2 IMO=9999996 TEU=None status=detail_no_teu
[group 6 170/878] GUI NAN 028 -> code=XXN IMO=100809000457 TEU=None status=detail_no_teu
[group 6 171/878] GUI NAN 1166 -> code=Z3U IMO=1 TEU=None status=detail_no_teu
[group 6 172/878] GUI NAN 136 -> code=X11 IMO=99999996 TEU=None status=detail_no_teu
[group 6 173/878] GUI NAN 218 -> code=W9O IMO=9999996 TEU=None status=detail_no_teu
[group 6 174/878] GUI NAN 2213 -> code=LBE IMO=1 TEU=None status=detail_no_teu
[group 6 175/878] GUI NAN 323 -> code=WP6 IMO=99999996 TEU=None status=detail_no_teu
[group 6 176/878] GUI NAN 502 -> code=ZSF IMO=99999996 TEU=None status=detail_no_teu
[group 6 177/878] GUI NAN 505 -> code=X29 IMO=99999996 TEU=None status=detail_no_teu
[group 6 178/878] GUI NAN 518 -> code=X33 IMO=99999996 TEU=None status=detail_no_teu
[group 6 179/878] GUI NAN 618 -> code=XBZ IMO=9999996 TEU=None status=detail_no_teu
[group 6 180/878] GUI NAN 636 -> code=LME IMO=9999996 TEU=None status=detail_no_teu
[group 6 181/878] GUI NAN 668 -> code=XE6 IMO=99999996 TEU=None status=detail_no_teu
[group 6 182/878] GUI NAN 6688 -> code=WIG IMO=100810000248 TEU=None status=detail_no_teu
[group 6 183/878] GUI NAN 698 -> code=XTD IMO=20150113 TEU=None status=detail_no_teu
[group 6 185/878] GUI NAN 818 -> code=XQH IMO=9999996 TEU=None status=detail_no_teu
[group 6 186/878] GUI NAN 829 -> code=XKM IMO=9999996 TEU=None status=detail_no_teu
[group 6 187/878] GUI NAN 88 -> code=WZF IMO=20150811 TEU=None status=detail_no_teu
[group 6 188/878] GUI NAN 8868 -> code=LNH IMO=9999996 TEU=None status=detail_no_teu
[group 6 190/878] GUI NAN 988 -> code=XL6 IMO=99999996 TEU=None status=detail_no_teu
[group 6 191/878] GUI PING AN YUN 88 -> code=LRZ IMO=9999996 TEU=None status=detail_no_teu
[group 6 192/878] GUI PING BIN HAI 111 -> code=LAV IMO=1 TEU=None status=detail_no_teu
[group 6 195/878] GUI PING BIN HAI 168 -> code=LAZ IMO=1 TEU=None status=detail_no_teu
[group 6 196/878] GUI PING BIN HAI 1688 -> code=Z3P IMO=1 TEU=None status=detail_no_teu
[group 6 197/878] GUI PING BIN HAI 2 -> code=LCO IMO=1 TEU=None status=detail_no_teu
[group 6 198/878] GUI PING BIN HAI 2088 -> code=LDX IMO=9999996 TEU=None status=detail_no_teu
[group 6 199/878] GUI PING BIN HAI 223 -> code=W0M IMO=20160630 TEU=None status=detail_no_teu
[group 6 200/878] GUI PING BIN HAI 2800 -> code=LP8 IMO=9999996 TEU=1 status=ok
[group 6 201/878] GUI PING BIN HAI 333 -> code=L50 IMO=1 TEU=None status=detail_no_teu
[group 6 202/878] GUI PING BIN HAI 339 -> code=LPK IMO=9999996 TEU=None status=detail_no_teu
[group 6 207/878] GUI PING BIN HAI 630 -> code=LPN IMO=9999996 TEU=None status=detail_no_teu
[group 6 210/878] GUI PING BIN HAI 7 -> code=OQM IMO=9999996 TEU=1 status=ok
[group 6 211/878] GUI PING BIN HAI 777 -> code=LAU IMO=1 TEU=None status=detail_no_teu
[group 6 212/878] GUI PING BIN HAI 8 -> code=LCF IMO=1 TEU=None status=detail_no_teu
[group 6 215/878] GUI PING FEI DA 0168 -> code=WIH IMO=20150165 TEU=None status=detail_no_teu
[group 6 216/878] GUI PING FEI DA 1338 -> code=LOW IMO=9999996 TEU=None status=detail_no_teu
[group 6 217/878] GUI PING FEI DA 1368 -> code=LSZ IMO=9999996 TEU=None status=detail_no_teu
[group 6 220/878] GUI PING FEI DA 3089 -> code=W8B IMO=20160419 TEU=None status=detail_no_teu
[group 6 221/878] GUI PING FEI DA 3288 -> code=Z1A IMO=20160812 TEU=None status=detail_no_teu
[group 6 222/878] GUI PING FEI DA 3698 -> code=L65 IMO=20180722 TEU=None status=detail_no_teu
[group 6 225/878] GUI PING FEI DA 399 -> code=W7I IMO=20160411 TEU=None status=detail_no_teu
[group 6 226/878] GUI PING FEI DA 5068 -> code=LE1 IMO=9999996 TEU=None status=detail_no_teu
[group 6 227/878] GUI PING FEI DA 5168 -> code=Z2J IMO=1 TEU=None status=detail_no_teu
[group 6 228/878] GUI PING FEI DA 5398 -> code=LDT IMO=9999996 TEU=None status=detail_no_teu
[group 6 229/878] GUI PING FEI DA 5678 -> code=WW2 IMO=20150010 TEU=None status=detail_no_teu
[group 6 230/878] GUI PING FEI DA 5688 -> code=WHW IMO=20150202 TEU=None status=detail_no_teu
[group 6 231/878] GUI PING FEI DA 5698 -> code=LCG IMO=1 TEU=None status=detail_no_teu
[group 6 232/878] GUI PING FEI DA 6003 -> code=LPH IMO=9999996 TEU=None status=detail_no_teu
[group 6 233/878] GUI PING FEI DA 618 -> code=WPG IMO=99999996 TEU=None status=detail_no_teu
[group 6 234/878] GUI PING FEI DA 6678 -> code=LTK IMO=9999996 TEU=None status=detail_no_teu
[group 6 235/878] GUI PING FEI DA 6699 -> code=W8I IMO=20160426 TEU=None status=detail_no_teu
[group 6 237/878] GUI PING FEI DA 683 -> code=LLR IMO=9999996 TEU=None status=detail_no_teu
[group 6 239/878] GUI PING FEI DA 7788 -> code=L54 IMO=1 TEU=None status=detail_no_teu
[group 6 240/878] GUI PING FEI DA 780 -> code=Z2U IMO=1 TEU=None status=detail_no_teu
[group 6 241/878] GUI PING FEI DA 7813 -> code=LP2 IMO=9999996 TEU=None status=detail_no_teu
[group 6 243/878] GUI PING FEI DA 8398 -> code=L69 IMO=9999996 TEU=None status=detail_no_teu
[group 6 244/878] GUI PING FEI DA 8758 -> code=L48 IMO=1 TEU=None status=detail_no_teu
[group 6 246/878] GUI PING FEI DA 8888 -> code=W7Q IMO=20160413 TEU=None status=detail_no_teu
[group 6 247/878] GUI PING FEI DA 9668 -> code=W0D IMO=20160625 TEU=None status=detail_no_teu
[group 6 250/878] GUI PING HAI HONG 6886 -> code=LXS IMO=9999996 TEU=1 status=ok
[group 6 253/878] GUI PING HAI HONG 8808 -> code=OUF IMO=9999996 TEU=None status=detail_no_teu
[group 6 255/878] GUI PING HAI HONG 98 -> code=LQQ IMO=9999996 TEU=None status=detail_no_teu
[group 6 258/878] GUI PING HANG JIE 688 -> code=LXX IMO=9999996 TEU=None status=detail_no_teu
[group 6 260/878] GUI PING HANG JIE 998 -> code=LZN IMO=9999996 TEU=1 status=ok
[group 6 261/878] GUI PING HANG KAI 5388 -> code=LRE IMO=9999996 TEU=None status=detail_no_teu
[group 6 266/878] GUI PING HANG KAI 888 -> code=LT9 IMO=9999996 TEU=None status=detail_no_teu
[group 6 269/878] GUI PING HONG DA 8788 -> code=LP5 IMO=9999996 TEU=None status=detail_no_teu
[group 6 270/878] GUI PING HONG TAI 08 -> code=LUB IMO=9999996 TEU=1 status=ok
[group 6 276/878] GUI PING HONG YANG 069 -> code=LPO IMO=9999996 TEU=None status=detail_no_teu
[group 6 279/878] GUI PING HONG YANG 2028 -> code=LA3 IMO=181113 TEU=None status=detail_no_teu
[group 6 280/878] GUI PING HONG YANG 2038 -> code=OQR IMO=9999996 TEU=1 status=ok
[group 6 285/878] GUI PING HONG YANG 2668 -> code=LCL IMO=1 TEU=None status=detail_no_teu
[group 6 287/878] GUI PING HONG YANG 3258 -> code=OWN IMO=9999996 TEU=None status=detail_no_teu
[group 6 290/878] GUI PING HONG YANG 6688 -> code=LJB IMO=9999996 TEU=None status=detail_no_teu
[group 6 292/878] GUI PING HONG YANG 7806 -> code=OZ8 IMO=9999996 TEU=None status=detail_no_teu
[group 6 294/878] GUI PING HONG YANG 8888 -> code=LNW IMO=9999996 TEU=None status=detail_no_teu
[group 6 296/878] GUI PING HONG YUAN 1018 -> code=Z5T IMO=1 TEU=None status=detail_no_teu
[group 6 298/878] GUI PING HONG YUAN 1087 -> code=Z5V IMO=1 TEU=None status=detail_no_teu
[group 6 299/878] GUI PING HONG YUAN 1088 -> code=Z5S IMO=1 TEU=None status=detail_no_teu
[group 6 300/878] GUI PING HONG YUAN 1328 -> code=LPF IMO=9999996 TEU=None status=detail_no_teu
[group 6 301/878] GUI PING HONG YUAN 1368 -> code=LM3 IMO=9999996 TEU=None status=detail_no_teu
[group 6 302/878] GUI PING HONG YUAN 1389 -> code=LPR IMO=9999996 TEU=None status=detail_no_teu
[group 6 303/878] GUI PING HONG YUAN 1589 -> code=LBG IMO=1 TEU=None status=detail_no_teu
[group 6 304/878] GUI PING HONG YUAN 1788 -> code=LQK IMO=9999996 TEU=None status=detail_no_teu
[group 6 305/878] GUI PING HONG YUAN 2088 -> code=LDQ IMO=9999996 TEU=None status=detail_no_teu
[group 6 306/878] GUI PING HONG YUAN 2598 -> code=L62 IMO=1 TEU=None status=detail_no_teu
[group 6 309/878] GUI PING HONG YUAN 3699 -> code=LS0 IMO=9999996 TEU=None status=detail_no_teu
[group 6 310/878] GUI PING HONG YUAN 5188 -> code=LV5 IMO=9999996 TEU=1 status=ok
[group 6 312/878] GUI PING HONG YUAN 6008 -> code=LAD IMO=1 TEU=None status=detail_no_teu
[group 6 313/878] GUI PING HONG YUAN 6168 -> code=LA5 IMO=1 TEU=None status=detail_no_teu
[group 6 314/878] GUI PING HONG YUAN 6328 -> code=LQ5 IMO=9999996 TEU=None status=detail_no_teu
[group 6 315/878] GUI PING HONG YUAN 6598 -> code=LEB IMO=9999996 TEU=None status=detail_no_teu
[group 6 317/878] GUI PING HONG YUAN 6800 -> code=LBP IMO=1 TEU=None status=detail_no_teu
[group 6 318/878] GUI PING HONG YUAN 6978 -> code=LII IMO=9999996 TEU=None status=detail_no_teu
[group 6 319/878] GUI PING HONG YUAN 8758 -> code=L68 IMO=20180727 TEU=None status=detail_no_teu
[group 6 320/878] GUI PING HONG YUAN 8788 -> code=LQ0 IMO=9999996 TEU=None status=detail_no_teu
[group 6 324/878] GUI PING HUA XIANG 388 -> code=WGM IMO=20108635342 TEU=None status=detail_no_teu
[group 6 325/878] GUI PING HUO 5639 -> code=XHY IMO=999996 TEU=None status=detail_no_teu
[group 6 326/878] GUI PING KAI HANG 7168 -> code=LQC IMO=9999996 TEU=None status=detail_no_teu
[group 6 327/878] GUI PING NAN HUO 0253 -> code=XFP IMO=99999996 TEU=None status=detail_no_teu
[group 6 328/878] GUI PING NAN HUO 0282 -> code=XWX IMO=99999996 TEU=None status=detail_no_teu
[group 6 329/878] GUI PING NAN HUO 096 -> code=LCI IMO=1 TEU=None status=detail_no_teu
[group 6 330/878] GUI PING NAN HUO 0983 -> code=XJR IMO=99999996 TEU=None status=detail_no_teu
[group 6 331/878] GUI PING NAN HUO 1210 -> code=XEE IMO=99999996 TEU=None status=detail_no_teu
[group 6 332/878] GUI PING NAN HUO 1221 -> code=XDR IMO=99999996 TEU=None status=detail_no_teu
[group 6 333/878] GUI PING NAN HUO 1618 -> code=W5Z IMO=20151228 TEU=None status=detail_no_teu
[group 6 334/878] GUI PING NAN HUO 168 -> code=LOS IMO=9999996 TEU=None status=detail_no_teu
[group 6 336/878] GUI PING NAN HUO 2080 -> code=WSG IMO=99999996 TEU=None status=detail_no_teu
[group 6 337/878] GUI PING NAN HUO 2219 -> code=XAD IMO=99999996 TEU=None status=detail_no_teu
[group 6 338/878] GUI PING NAN HUO 2277 -> code=LMD IMO=9999996 TEU=None status=detail_no_teu
[group 6 340/878] GUI PING NAN HUO 238 -> code=Z8T IMO=9999996 TEU=1 status=ok
[group 6 341/878] GUI PING NAN HUO 2388 -> code=Z3N IMO=1 TEU=None status=detail_no_teu
[group 6 342/878] GUI PING NAN HUO 2508 -> code=Z9J IMO=1 TEU=None status=detail_no_teu
[group 6 344/878] GUI PING NAN HUO 268 -> code=LJJ IMO=9999996 TEU=None status=detail_no_teu
[group 6 346/878] GUI PING NAN HUO 3023 -> code=XMK IMO=20150144 TEU=None status=detail_no_teu
[group 6 347/878] GUI PING NAN HUO 3033 -> code=XZU IMO=20150047 TEU=None status=detail_no_teu
[group 6 348/878] GUI PING NAN HUO 3210 -> code=XDO IMO=99999996 TEU=None status=detail_no_teu
[group 6 349/878] GUI PING NAN HUO 3238 -> code=XQ1 IMO=99999996 TEU=None status=detail_no_teu
[group 6 350/878] GUI PING NAN HUO 3298 -> code=XDQ IMO=99999996 TEU=None status=detail_no_teu
[group 6 351/878] GUI PING NAN HUO 333 -> code=W1W IMO=20151113 TEU=None status=detail_no_teu
[group 6 352/878] GUI PING NAN HUO 3600 -> code=WH8 IMO=100809000057 TEU=None status=detail_no_teu
[group 6 353/878] GUI PING NAN HUO 3658 -> code=WNF IMO=99999996 TEU=None status=detail_no_teu
[group 6 354/878] GUI PING NAN HUO 3666 -> code=XCQ IMO=9999996 TEU=None status=detail_no_teu
[group 6 355/878] GUI PING NAN HUO 3966 -> code=WL1 IMO=100808000600 TEU=None status=detail_no_teu
[group 6 356/878] GUI PING NAN HUO 3999 -> code=WJ2 IMO=100810000229 TEU=None status=detail_no_teu
[group 6 357/878] GUI PING NAN HUO 5789 -> code=XRM IMO=99999996 TEU=None status=detail_no_teu
[group 6 358/878] GUI PING NAN HUO 6066 -> code=XSD IMO=99999996 TEU=None status=detail_no_teu
[group 6 359/878] GUI PING NAN HUO 6268 -> code=XIX IMO=99999996 TEU=None status=detail_no_teu
[group 6 360/878] GUI PING NAN HUO 6288 -> code=XNC IMO=99999996 TEU=None status=detail_no_teu
[group 6 361/878] GUI PING NAN HUO 638 -> code=LD5 IMO=1 TEU=None status=detail_no_teu
[group 6 362/878] GUI PING NAN HUO 6566 -> code=Z8A IMO=1 TEU=None status=detail_no_teu
[group 6 363/878] GUI PING NAN HUO 663 -> code=LM2 IMO=9999996 TEU=None status=detail_no_teu
[group 6 364/878] GUI PING NAN HUO 666 -> code=Z1U IMO=1 TEU=None status=detail_no_teu
[group 6 365/878] GUI PING NAN HUO 6813 -> code=W09 IMO=100810000194 TEU=None status=detail_no_teu
[group 6 366/878] GUI PING NAN HUO 6858 -> code=WI1 IMO=20150215 TEU=None status=detail_no_teu
[group 6 367/878] GUI PING NAN HUO 688 -> code=Z1Z IMO=1 TEU=None status=detail_no_teu
[group 6 368/878] GUI PING NAN HUO 699 -> code=LHU IMO=9999996 TEU=None status=detail_no_teu
[group 6 370/878] GUI PING NAN HUO 7768 -> code=Z2H IMO=1 TEU=None status=detail_no_teu
[group 6 371/878] GUI PING NAN HUO 7789 -> code=Z2P IMO=1 TEU=None status=detail_no_teu
[group 6 372/878] GUI PING NAN HUO 7989 -> code=Z9Z IMO=1 TEU=None status=detail_no_teu
[group 6 373/878] GUI PING NAN HUO 8028 -> code=LPB IMO=9999996 TEU=None status=detail_no_teu
[group 6 374/878] GUI PING NAN HUO 8098 -> code=XSP IMO=20150027 TEU=None status=detail_no_teu
[group 6 375/878] GUI PING NAN HUO 8208 -> code=WER IMO=99999996 TEU=None status=detail_no_teu
[group 6 376/878] GUI PING NAN HUO 8211 -> code=Z7Z IMO=1 TEU=None status=detail_no_teu
[group 6 377/878] GUI PING NAN HUO 8228 -> code=XQQ IMO=99999996 TEU=None status=detail_no_teu
[group 6 378/878] GUI PING NAN HUO 8238 -> code=LOZ IMO=9999996 TEU=None status=detail_no_teu
[group 6 379/878] GUI PING NAN HUO 8266 -> code=WAC IMO=99999996 TEU=None status=detail_no_teu
[group 6 380/878] GUI PING NAN HUO 8268 -> code=W94 IMO=99999996 TEU=None status=detail_no_teu
[group 6 381/878] GUI PING NAN HUO 8298 -> code=XXC IMO=99999996 TEU=None status=detail_no_teu
[group 6 382/878] GUI PING NAN HUO 8386 -> code=L21 IMO=1 TEU=None status=detail_no_teu
[group 6 383/878] GUI PING NAN HUO 8518 -> code=WBW IMO=99999996 TEU=None status=detail_no_teu
[group 6 384/878] GUI PING NAN HUO 858 -> code=LDJ IMO=9999996 TEU=None status=detail_no_teu
[group 6 385/878] GUI PING NAN HUO 8598 -> code=XMT IMO=20150149 TEU=None status=detail_no_teu
[group 6 386/878] GUI PING NAN HUO 866 -> code=LQG IMO=9999996 TEU=None status=detail_no_teu
[group 6 387/878] GUI PING NAN HUO 8838 -> code=WNW IMO=99999996 TEU=None status=detail_no_teu
[group 6 388/878] GUI PING NAN HUO 889 -> code=LGZ IMO=9999996 TEU=None status=detail_no_teu
[group 6 390/878] GUI PING NAN HUO 8933 -> code=LD6 IMO=1 TEU=None status=detail_no_teu
[group 6 391/878] GUI PING NAN HUO 9288 -> code=WK2 IMO=99999996 TEU=None status=detail_no_teu
[group 6 392/878] GUI PING NAN HUO 9296 -> code=LCB IMO=1 TEU=None status=detail_no_teu
[group 6 395/878] GUI PING NAN HUO 9586 -> code=WEJ IMO=20150230 TEU=None status=detail_no_teu
[group 6 396/878] GUI PING QUAN YUN 777 -> code=LQS IMO=9999996 TEU=None status=detail_no_teu
[group 6 397/878] GUI PING QUAN YUN 818 -> code=LIU IMO=9999996 TEU=None status=detail_no_teu
[group 6 398/878] GUI PING QUAN YUN 918 -> code=LRK IMO=9999996 TEU=None status=detail_no_teu
[group 6 399/878] GUI PING QUAN YUN 9817 -> code=W6W IMO=20160407 TEU=None status=detail_no_teu
[group 6 400/878] GUI PING YONG SHUN 0608 -> code=OEM IMO=9999996 TEU=1 status=ok
[group 6 401/878] GUI PING YONG SHUN 08 -> code=LOC IMO=9999996 TEU=None status=detail_no_teu
[group 6 405/878] GUI PING YONG SHUN 5288 -> code=OWE IMO=9999996 TEU=None status=detail_no_teu
[group 6 406/878] GUI PING YONG SHUN 568 -> code=LP0 IMO=9999996 TEU=None status=detail_no_teu
[group 6 407/878] GUI PING YONG SHUN 6328 -> code=LKQ IMO=9999996 TEU=None status=detail_no_teu
[group 6 408/878] GUI PING YONG SHUN 6368 -> code=LP1 IMO=9999996 TEU=None status=detail_no_teu
[group 6 410/878] GUI PING YONG SHUN 8788 -> code=ODR IMO=9999996 TEU=1 status=ok
[group 6 411/878] GUI PING YONG SHUN 8888 -> code=LJY IMO=9999996 TEU=None status=detail_no_teu
[group 6 412/878] GUI PING YONG SHUN 8899 -> code=LG0 IMO=9999996 TEU=None status=detail_no_teu
[group 6 413/878] GUI PING YONG SHUN 9328 -> code=O93 IMO=9999996 TEU=None status=detail_no_teu
[group 6 417/878] GUI PING YU HAI 816 -> code=LOH IMO=9999996 TEU=None status=detail_no_teu
[group 6 418/878] GUI PING YU HAI 817 -> code=LSS IMO=9999996 TEU=None status=detail_no_teu
[group 6 420/878] GUI QING YUN 8268 -> code=OH3 IMO=9999996 TEU=1 status=ok
[group 6 421/878] GUI SAN SI 868 -> code=XFE IMO=999996 TEU=None status=detail_no_teu
[group 6 422/878] GUI SHUANG HUI 158 -> code=X3B IMO=9999996 TEU=None status=detail_no_teu
[group 6 423/878] GUI SHUANG HUI 168 -> code=X2G IMO=9999996 TEU=None status=detail_no_teu
[group 6 425/878] GUI SHUANG HUI 383 -> code=X3C IMO=9999996 TEU=None status=detail_no_teu
[group 6 426/878] GUI SHUANG HUI 5 -> code=Z7L IMO=9999996 TEU=None status=detail_no_teu
[group 6 427/878] GUI SHUANG HUI 8 -> code=X9A IMO=9999996 TEU=None status=detail_no_teu
[group 6 428/878] GUI SHUN 0663 -> code=W8F IMO=20160421 TEU=None status=detail_no_teu
[group 6 429/878] GUI SHUN 6 -> code=Z2X IMO=1 TEU=None status=detail_no_teu
[group 6 430/878] GUI SHUN 6388 -> code=OC9 IMO=9999996 TEU=1 status=ok
[group 6 431/878] GUI SHUN 663 -> code=XLF IMO=20150175 TEU=None status=detail_no_teu
[group 6 432/878] GUI SHUN 8 -> code=Z1Y IMO=1 TEU=None status=detail_no_teu
[group 6 433/878] GUI SHUN 98 -> code=LBD IMO=1 TEU=None status=detail_no_teu
[group 6 434/878] GUI SHUN 998 -> code=WK3 IMO=100910000082 TEU=None status=detail_no_teu
[group 6 435/878] GUI TENG XIAN HUO 0096 -> code=ZRM IMO=99999996 TEU=None status=detail_no_teu
[group 6 436/878] GUI TENG XIAN HUO 0260 -> code=ZZF IMO=99999996 TEU=None status=detail_no_teu
[group 6 437/878] GUI TENG XIAN HUO 0280 -> code=W74 IMO=99999996 TEU=None status=detail_no_teu
[group 6 438/878] GUI TENG XIAN HUO 0333 -> code=LFB IMO=9999996 TEU=None status=detail_no_teu
[group 6 439/878] GUI TENG XIAN HUO 0606 -> code=XPC IMO=100908000120 TEU=None status=detail_no_teu
[group 6 440/878] GUI TENG XIAN HUO 0638 -> code=XOV IMO=99999996 TEU=None status=detail_no_teu
[group 6 441/878] GUI TENG XIAN HUO 0680 -> code=WPQ IMO=99999996 TEU=None status=detail_no_teu
[group 6 442/878] GUI TENG XIAN HUO 0685 -> code=XXU IMO=99999996 TEU=None status=detail_no_teu
[group 6 443/878] GUI TENG XIAN HUO 0689 -> code=LD2 IMO=99999996 TEU=None status=detail_no_teu
[group 6 444/878] GUI TENG XIAN HUO 0809 -> code=WZ8 IMO=99999996 TEU=None status=detail_no_teu
[group 6 445/878] GUI TENG XIAN HUO 0855 -> code=WSL IMO=99999996 TEU=None status=detail_no_teu
[group 6 446/878] GUI TENG XIAN HUO 0886 -> code=WJ5 IMO=99999996 TEU=None status=detail_no_teu
[group 6 447/878] GUI TENG XIAN HUO 0900 -> code=WBP IMO=99999996 TEU=None status=detail_no_teu
[group 6 448/878] GUI TENG XIAN HUO 0908 -> code=WV3 IMO=9999996 TEU=None status=detail_no_teu
[group 6 449/878] GUI TENG XIAN HUO 0987 -> code=Z1H IMO=1 TEU=None status=detail_no_teu
[group 6 450/878] GUI TENG XIAN HUO 0988 -> code=OR7 IMO=9999996 TEU=1 status=ok
[group 6 451/878] GUI TENG XIAN HUO 0990 -> code=WS7 IMO=99999996 TEU=None status=detail_no_teu
[group 6 452/878] GUI TENG XIAN HUO 1698 -> code=L20 IMO=1 TEU=None status=detail_no_teu
[group 6 453/878] GUI TENG XIAN HUO 8999 -> code=LG1 IMO=9999996 TEU=None status=detail_no_teu
[group 6 454/878] GUI TENG XIAN HUO0223 -> code=XK3 IMO=9999996 TEU=None status=detail_no_teu
[group 6 455/878] GUI TONG 168 -> code=Z3Q IMO=1 TEU=None status=detail_no_teu
[group 6 456/878] GUI TONG 268 -> code=WMO IMO=100812000370 TEU=None status=detail_no_teu
[group 6 457/878] GUI TONG 639 -> code=LPP IMO=9999996 TEU=None status=detail_no_teu
[group 6 458/878] GUI TONG 7686 -> code=LPI IMO=9999996 TEU=None status=detail_no_teu
[group 6 460/878] GUI TONG 889 -> code=Z2I IMO=1 TEU=None status=detail_no_teu
[group 6 461/878] GUI TONG 898 -> code=LHI IMO=9999996 TEU=None status=detail_no_teu
[group 6 462/878] GUI TONG 980 -> code=LA4 IMO=1 TEU=None status=detail_no_teu
[group 6 463/878] GUI TONG 986 -> code=Z7S IMO=1 TEU=None status=detail_no_teu
[group 6 464/878] GUI WAI 3303 -> code=XBI IMO=99999996 TEU=None status=detail_no_teu
[group 6 465/878] GUI WAI 3368 -> code=WUP IMO=99999996 TEU=None status=detail_no_teu
[group 6 466/878] GUI WAI 383 -> code=XDG IMO=99999996 TEU=None status=detail_no_teu
[group 6 467/878] GUI WAI 666 -> code=ZPZ IMO=99999996 TEU=None status=detail_no_teu
[group 6 468/878] GUI WAI 6688 -> code=WS8 IMO=100811000453 TEU=None status=detail_no_teu
[group 6 469/878] GUI WAI 777 -> code=X86 IMO=99999996 TEU=None status=detail_no_teu
[group 6 470/878] GUI WAI 838 -> code=XM8 IMO=99999996 TEU=None status=detail_no_teu
[group 6 471/878] GUI WAI 8668 -> code=XOD IMO=99999996 TEU=None status=detail_no_teu
[group 6 472/878] GUI WU XUAN HUO 1089 -> code=XTH IMO=20150033 TEU=None status=detail_no_teu
[group 6 473/878] GUI WU XUAN HUO 2999 -> code=WV4 IMO=20150051 TEU=None status=detail_no_teu
[group 6 475/878] GUI WU XUAN HUO 5889 -> code=WM6 IMO=20150224 TEU=None status=detail_no_teu
[group 6 476/878] GUI WU XUAN HUO 6676 -> code=XDY IMO=99999996 TEU=None status=detail_no_teu
[group 6 477/878] GUI WU XUAN HUO 6827 -> code=XP4 IMO=99999996 TEU=None status=detail_no_teu
[group 6 478/878] GUI WU XUAN HUO 6828 -> code=XUK IMO=20150089 TEU=None status=detail_no_teu
[group 6 479/878] GUI WU XUAN HUO 6868 -> code=XMO IMO=20150147 TEU=None status=detail_no_teu
[group 6 480/878] GUI WU ZHOU HUO 555 -> code=OWU IMO=9999996 TEU=None status=detail_no_teu
[group 6 488/878] GUI XI JIANG 8008 -> code=LPX IMO=9999996 TEU=None status=detail_no_teu
[group 6 489/878] GUI XI JIANG 838 -> code=LPL IMO=9999996 TEU=None status=detail_no_teu
[group 6 490/878] GUI XI JIANG 868 -> code=OLT IMO=9999996 TEU=1 status=ok
[group 6 491/878] GUI XI JIANG 8808 -> code=LNK IMO=9999996 TEU=None status=detail_no_teu
[group 6 492/878] GUI XI JIANG 8828 -> code=LQP IMO=9999996 TEU=None status=detail_no_teu
[group 6 493/878] GUI XIANG JAING 6633 -> code=WY2 IMO=100811000632 TEU=None status=detail_no_teu
[group 6 494/878] GUI XIANG JIANG 001 -> code=Z2A IMO=1 TEU=None status=detail_no_teu
[group 6 495/878] GUI XIANG JIANG 002 -> code=Z4D IMO=1 TEU=None status=detail_no_teu
[group 6 496/878] GUI XIANG JIANG 003 -> code=Z8X IMO=1 TEU=None status=detail_no_teu
[group 6 498/878] GUI XIANG JIANG 089 -> code=W50 IMO=20150002 TEU=None status=detail_no_teu
[group 6 499/878] GUI XIANG JIANG 1688 -> code=WY6 IMO=99999996 TEU=None status=detail_no_teu
[group 6 500/878] GUI XIANG JIANG 2001 -> code=WQO IMO=99999996 TEU=None status=detail_no_teu
[group 6 501/878] GUI XIANG JIANG 2003 -> code=XTR IMO=99999996 TEU=None status=detail_no_teu
[group 6 503/878] GUI XIANG JIANG 2008 -> code=W2P IMO=20151226 TEU=None status=detail_no_teu
[group 6 504/878] GUI XIANG JIANG 2009 -> code=LDS IMO=9999996 TEU=None status=detail_no_teu
[group 6 505/878] GUI XIANG JIANG 2010 -> code=W80 IMO=99999996 TEU=None status=detail_no_teu
[group 6 506/878] GUI XIANG JIANG 2012 -> code=WJ6 IMO=100811000068 TEU=None status=detail_no_teu
[group 6 507/878] GUI XIANG JIANG 2019 -> code=LQN IMO=9999996 TEU=None status=detail_no_teu
[group 6 508/878] GUI XIANG JIANG 2238 -> code=XLZ IMO=99999996 TEU=None status=detail_no_teu
[group 6 509/878] GUI XIANG JIANG 2266 -> code=XYS IMO=99999996 TEU=None status=detail_no_teu
[group 6 510/878] GUI XIANG JIANG 2268 -> code=ONC IMO=9999996 TEU=1 status=ok
[group 6 511/878] GUI XIANG JIANG 228 -> code=XZV IMO=99999996 TEU=None status=detail_no_teu
[group 6 512/878] GUI XIANG JIANG 2288 -> code=XXK IMO=100809000225 TEU=None status=detail_no_teu
[group 6 514/878] GUI XIANG JIANG 2328 -> code=WMH IMO=99999996 TEU=None status=detail_no_teu
[group 6 515/878] GUI XIANG JIANG 2598 -> code=WR7 IMO=99999996 TEU=None status=detail_no_teu
[group 6 516/878] GUI XIANG JIANG 2638 -> code=XRP IMO=99999996 TEU=None status=detail_no_teu
[group 6 517/878] GUI XIANG JIANG 298 -> code=XZM IMO=100810000173 TEU=None status=detail_no_teu
[group 6 518/878] GUI XIANG JIANG 3008 -> code=W1D IMO=20151016 TEU=None status=detail_no_teu
[group 6 519/878] GUI XIANG JIANG 3009 -> code=WS1 IMO=100811000436 TEU=None status=detail_no_teu
[group 6 520/878] GUI XIANG JIANG 3088 -> code=XUU IMO=99999996 TEU=None status=detail_no_teu
[group 6 522/878] GUI XIANG JIANG 3699 -> code=WLU IMO=99999996 TEU=None status=detail_no_teu
[group 6 523/878] GUI XIANG JIANG 3808 -> code=XUH IMO=100809000475 TEU=None status=detail_no_teu
[group 6 524/878] GUI XIANG JIANG 388 -> code=XTK IMO=100809000446 TEU=None status=detail_no_teu
[group 6 525/878] GUI XIANG JIANG 5633 -> code=WQX IMO=9999996 TEU=None status=detail_no_teu
[group 6 526/878] GUI XIANG JIANG 5678 -> code=WIC IMO=20150052 TEU=None status=detail_no_teu
[group 6 527/878] GUI XIANG JIANG 6633 -> code=LOF IMO=9999996 TEU=None status=detail_no_teu
[group 6 529/878] GUI XIANG JIANG 8828 -> code=WQP IMO=99999996 TEU=None status=detail_no_teu
[group 6 530/878] GUI XIANG JIANG 8868 -> code=WCY IMO=100812000141 TEU=None status=detail_no_teu
[group 6 531/878] GUI XIANG JIANG 8888 -> code=LFX IMO=9999996 TEU=None status=detail_no_teu
[group 6 532/878] GUI XIANG JIANG 8898 -> code=WS2 IMO=100811000427 TEU=None status=detail_no_teu
[group 6 533/878] GUI XIANG JIANG 9088 -> code=WIO IMO=100808000626 TEU=None status=detail_no_teu
[group 6 534/878] GUI YUAN 6 -> code=YA4 IMO=99999996 TEU=None status=detail_no_teu
[group 6 535/878] GUI YUN 203 -> code=ZGJ IMO=99999996 TEU=None status=detail_no_teu
[group 6 536/878] GUI YUN 2506 -> code=Z50 IMO=99999996 TEU=None status=detail_no_teu
[group 6 537/878] GUI YUN 2507 -> code=Z51 IMO=99999996 TEU=None status=detail_no_teu
[group 6 538/878] GUI YUN 2508 -> code=Z52 IMO=99999996 TEU=None status=detail_no_teu
[group 6 539/878] GUI YUN 2509 -> code=Z53 IMO=99999996 TEU=None status=detail_no_teu
[group 6 540/878] GUI YUN 251 -> code=Z54 IMO=99999996 TEU=None status=detail_no_teu
[group 6 541/878] GUI YUN 2510 -> code=Z55 IMO=99999996 TEU=None status=detail_no_teu
[group 6 542/878] GUI YUN 252 -> code=Z56 IMO=99999996 TEU=None status=detail_no_teu
[group 6 543/878] GUI YUN 253 -> code=Z57 IMO=99999996 TEU=None status=detail_no_teu
[group 6 544/878] GUI YUN 254 -> code=Z58 IMO=99999996 TEU=None status=detail_no_teu
[group 6 545/878] GUI YUN 255 -> code=Z59 IMO=99999996 TEU=None status=detail_no_teu
[group 6 546/878] GUI YUN 268 -> code=ZJS IMO=99999996 TEU=None status=detail_no_teu
[group 6 547/878] GUI YUN 269 -> code=ZJZ IMO=99999996 TEU=None status=detail_no_teu
[group 6 548/878] GUI YUN 270 -> code=ZGS IMO=99999996 TEU=None status=detail_no_teu
[group 6 549/878] GUI YUN 303 -> code=ZOG IMO=9999996 TEU=None status=detail_no_teu
[group 6 550/878] GUI YUN 308 -> code=Z60 IMO=99999996 TEU=None status=detail_no_teu
[group 6 551/878] GUI YUN 312 -> code=Z61 IMO=99999996 TEU=None status=detail_no_teu
[group 6 552/878] GUI YUN 313 -> code=ZDM IMO=99999996 TEU=None status=detail_no_teu
[group 6 553/878] GUI YUN 315 -> code=ZMS IMO=99999996 TEU=None status=detail_no_teu
[group 6 554/878] GUI YUN 316 -> code=ZSD IMO=99999996 TEU=None status=detail_no_teu
[group 6 555/878] GUI YUN 318 -> code=ZMV IMO=99999996 TEU=None status=detail_no_teu
[group 6 556/878] GUI YUN 3508 -> code=Z62 IMO=99999996 TEU=None status=detail_no_teu
[group 6 557/878] GUI YUN 3518 -> code=Z63 IMO=99999996 TEU=None status=detail_no_teu
[group 6 558/878] GUI YUN 3528 -> code=Z64 IMO=99999996 TEU=None status=detail_no_teu
[group 6 559/878] GUI YUN 3601 -> code=ZCJ IMO=9999996 TEU=None status=detail_no_teu
[group 6 560/878] GUI YUN 3602 -> code=ZJV IMO=9999996 TEU=None status=detail_no_teu
[group 6 561/878] GUI YUN 3603 -> code=ZGL IMO=9999996 TEU=None status=detail_no_teu
[group 6 562/878] GUI YUN 3604 -> code=ZKO IMO=99999996 TEU=None status=detail_no_teu
[group 6 563/878] GUI YUN 3607 -> code=Z7G IMO=1 TEU=None status=detail_no_teu
[group 6 564/878] GUI YUN 3608 -> code=ZJT IMO=99999996 TEU=None status=detail_no_teu
[group 6 565/878] GUI YUN 3612 -> code=ZIG IMO=99999996 TEU=None status=detail_no_teu
[group 6 566/878] GUI YUN 3616 -> code=ZJL IMO=99999996 TEU=None status=detail_no_teu
[group 6 567/878] GUI YUN 3617 -> code=ZIH IMO=99999996 TEU=None status=detail_no_teu
[group 6 568/878] GUI YUN 3618 -> code=ZIX IMO=99999996 TEU=None status=detail_no_teu
[group 6 569/878] GUI YUN 3619 -> code=ZIJ IMO=99999996 TEU=None status=detail_no_teu
[group 6 570/878] GUI YUN 3620 -> code=ZKN IMO=99999996 TEU=None status=detail_no_teu
[group 6 572/878] GUI YUN 501 -> code=XEL IMO=99999996 TEU=None status=detail_no_teu
[group 6 573/878] GUI YUN 502 -> code=XDW IMO=99999996 TEU=None status=detail_no_teu
[group 6 574/878] GUI YUN 517 -> code=ZDN IMO=99999996 TEU=None status=detail_no_teu
[group 6 575/878] GUI YUN 519 -> code=XCA IMO=99999996 TEU=None status=detail_no_teu
[group 6 576/878] GUI YUN 636 -> code=XJX IMO=999996 TEU=None status=detail_no_teu
[group 6 577/878] GUI YUN 801 -> code=ZNN IMO=99999996 TEU=None status=detail_no_teu
[group 6 578/878] GUI YUN 802 -> code=ZPH IMO=9999996 TEU=None status=detail_no_teu
[group 6 579/878] GUI YUN 908 -> code=X59 IMO=9999996 TEU=None status=detail_no_teu
[group 6 580/878] GUI YUN 909 -> code=XCP IMO=99999996 TEU=None status=detail_no_teu
[group 6 581/878] GUI YUN 910 -> code=XBN IMO=9999996 TEU=None status=detail_no_teu
[group 6 582/878] GUIGANGSANSI 868 -> code=XX7 IMO=99999996 TEU=None status=detail_no_teu
[group 6 583/878] GUIGANGSISI 399 -> code=XX8 IMO=99999996 TEU=None status=detail_no_teu
[group 6 584/878] GUIGUIPINGHUO 0107 -> code=ZVK IMO=99999996 TEU=None status=detail_no_teu
[group 6 585/878] GUIGUIPINGHUO 0167 -> code=ZVU IMO=99999996 TEU=None status=detail_no_teu
[group 6 586/878] GUIGUIPINGHUO 0862 -> code=ZVV IMO=99999996 TEU=None status=detail_no_teu
[group 6 587/878] GUIGUIPINGHUO 3309 -> code=ZVG IMO=99999996 TEU=None status=detail_no_teu
[group 6 589/878] GUIPINGNANHUO 3268 -> code=ZVI IMO=99999996 TEU=None status=detail_no_teu
[group 6 590/878] GUIPINGNANHUO 6863 -> code=WCJ IMO=99999996 TEU=None status=detail_no_teu
[group 6 591/878] GUISHUN628 -> code=ZYJ IMO=99999996 TEU=None status=detail_no_teu
[group 6 592/878] GUIXIANGJIANG 2298 -> code=XOW IMO=100809000177 TEU=None status=detail_no_teu
[group 6 593/878] GULBENIZ A -> code=UV9 IMO=9491850 TEU=None status=detail_no_teu
[group 6 600/878] GUO HAI SAN LONG 7 -> code=MYX IMO=9999996 TEU=1510 status=ok
[group 6 605/878] GUO MAO 108 -> code=XN9 IMO=99999996 TEU=None status=detail_no_teu
[group 6 607/878] GUO PING 1 -> code=YR8 IMO=99999996 TEU=None status=detail_no_teu
[group 6 608/878] GUO PING 2 -> code=YI8 IMO=99999996 TEU=None status=detail_no_teu
[group 6 609/878] GUO PING 3 -> code=YV3 IMO=9999999 TEU=None status=detail_no_teu
[group 6 610/878] GUO PING 4 -> code=YZ7 IMO=99999996 TEU=None status=detail_no_teu
[group 6 611/878] GUO PING 5 -> code=YZ8 IMO=99999996 TEU=None status=detail_no_teu
[group 6 612/878] GUO PING 5 HAO -> code=YID IMO=99999996 TEU=None status=detail_no_teu
[group 6 613/878] GUO PING 6 -> code=YZ9 IMO=99999996 TEU=None status=detail_no_teu
[group 6 614/878] GUO PING 7 -> code=YP7 IMO=99999996 TEU=None status=detail_no_teu
[group 6 615/878] GUO PING 8 -> code=YAA IMO=99999996 TEU=None status=detail_no_teu
[group 6 616/878] GUO PING 9 -> code=YY4 IMO=99999996 TEU=None status=detail_no_teu
[group 6 620/878] GUO SHENG HAI -> code=GSH IMO=1112915 TEU=2949 status=ok
[group 6 625/878] GUO YU HUI HUANG -> code=MWL IMO=9999996 TEU=None status=detail_no_teu
[group 6 629/878] GUODIAN518 -> code=YFS IMO=99999996 TEU=None status=detail_no_teu
[group 6 630/878] GUODIAN601 -> code=YB3 IMO=99999996 TEU=None status=detail_no_teu
[group 6 631/878] GUODIAN602 -> code=YB4 IMO=99999996 TEU=None status=detail_no_teu
[group 6 632/878] GUODIAN603 -> code=YH4 IMO=9999996 TEU=None status=detail_no_teu
[group 6 633/878] GUODIAN605 -> code=YH5 IMO=9999996 TEU=None status=detail_no_teu
[group 6 634/878] GUODONG666 -> code=2GU IMO=9999996 TEU=None status=detail_no_teu
[group 6 635/878] GUOFA1618 -> code=20S IMO=9999996 TEU=None status=detail_no_teu
[group 6 637/878] GUOLIANG58 -> code=YL4 IMO=99999996 TEU=None status=detail_no_teu
[group 6 638/878] GUOLIANG68 -> code=V34 IMO=99999996 TEU=None status=detail_no_teu
[group 6 639/878] GUOSHENG9 -> code=2AQ IMO=9999996 TEU=None status=detail_no_teu
[group 6 640/878] GUOXIANG898 -> code=Y9Z IMO=99999996 TEU=386 status=ok
[group 6 642/878] GUOYANZHIXING2 -> code=NCX IMO=413556760 TEU=None status=detail_no_teu
[group 6 643/878] GUOYUAN RAIL NUMBER ONE -> code=GY1 IMO=9999996 TEU=None status=detail_no_teu
[group 6 644/878] GUOYUNXINZHOU -> code=2DV IMO=9999996 TEU=None status=detail_no_teu
[group 6 646/878] H FYN -> code=A2M IMO=9999996 TEU=None status=detail_no_teu
[group 6 647/878] H LANGELAND -> code=SOH IMO=9999999 TEU=None status=detail_no_teu
[group 6 649/878] H SEAL -> code=BIO IMO=9455595 TEU=None status=detail_no_teu
[group 6 650/878] HADDOCK -> code=BE2 IMO=9306263 TEU=None status=detail_no_teu
[group 6 651/878] HAI AN 203 -> code=WMM IMO=99999996 TEU=None status=detail_no_teu
[group 6 653/878] HAI AN 3608 -> code=XRA IMO=99999996 TEU=None status=detail_no_teu
[group 6 654/878] HAI AN 63 -> code=L12 IMO=20180222 TEU=None status=detail_no_teu
[group 6 655/878] HAI AN 66889 -> code=WF0 IMO=20150061 TEU=None status=detail_no_teu
[group 6 656/878] HAI AN 8668 -> code=XVW IMO=99999996 TEU=None status=detail_no_teu
[group 6 657/878] HAI BANG DA 138 -> code=XKG IMO=99999996 TEU=None status=detail_no_teu
[group 6 658/878] HAI BANG DA 18 -> code=WEQ IMO=9999996 TEU=None status=detail_no_teu
[group 6 659/878] HAI BANG DA 2 -> code=W60 IMO=9999996 TEU=None status=detail_no_teu
[group 6 660/878] HAI BANG DA 218 -> code=LCR IMO=9999996 TEU=None status=detail_no_teu
[group 6 661/878] HAI BANG DA 228 -> code=LVT IMO=9999996 TEU=None status=detail_no_teu
[group 6 662/878] HAI BANG DA 238 -> code=LDP IMO=9999996 TEU=None status=detail_no_teu
[group 6 663/878] HAI BANG DA 268 -> code=OUR IMO=9999996 TEU=None status=detail_no_teu
[group 6 664/878] HAI BANG DA 278 -> code=ORL IMO=9999996 TEU=None status=detail_no_teu
[group 6 667/878] HAI BANG DA 298 -> code=WQ3 IMO=9999996 TEU=None status=detail_no_teu
[group 6 668/878] HAI BANG DA 3 -> code=WG4 IMO=99999996 TEU=None status=detail_no_teu
[group 6 670/878] HAI BANG DA 328 -> code=F0B IMO=9999996 TEU=225 status=ok
[group 6 674/878] HAI BANG DA 398 -> code=W2W IMO=9999996 TEU=None status=detail_no_teu
[group 6 675/878] HAI BANG DA 78 -> code=LWR IMO=9999996 TEU=None status=detail_no_teu
[group 6 676/878] HAI BANG DA 8 -> code=WEU IMO=9999996 TEU=None status=detail_no_teu
[group 6 680/878] HAI BAO 007 -> code=LQE IMO=9999996 TEU=None status=detail_no_teu
[group 6 681/878] HAI BAO 008 -> code=LM6 IMO=9999996 TEU=None status=detail_no_teu
[group 6 682/878] HAI BAO 06 -> code=LM1 IMO=9999996 TEU=None status=detail_no_teu
[group 6 690/878] HAI FENG LIAN FA -> code=SBM IMO=9161443 TEU=358 status=ok
[group 6 694/878] HAI FU HUA 1 HAO -> code=WX6 IMO=99999996 TEU=None status=detail_no_teu
[group 6 695/878] HAI FU HUA 18 -> code=WQ1 IMO=99999996 TEU=None status=detail_no_teu
[group 6 696/878] HAI FU HUA 19 -> code=WW6 IMO=99999996 TEU=None status=detail_no_teu
[group 6 697/878] HAI FU HUA 2 HAO -> code=W2E IMO=20151203 TEU=None status=detail_no_teu
[group 6 698/878] HAI FU HUA 36 -> code=WUW IMO=99999996 TEU=None status=detail_no_teu
[group 6 699/878] HAI FU HUA 38 -> code=WU9 IMO=99999996 TEU=None status=detail_no_teu
[group 6 700/878] HAI FU HUA 701 HAO -> code=LFR IMO=9999996 TEU=None status=detail_no_teu
[group 6 703/878] HAI FU HUA 705 HAO -> code=W3S IMO=20160222 TEU=None status=detail_no_teu
[group 6 704/878] HAI FU HUA 706 HAO -> code=LPM IMO=9999996 TEU=None status=detail_no_teu
[group 6 710/878] HAI FU HUA 712 HAO -> code=LGN IMO=9999996 TEU=None status=detail_no_teu
[group 6 711/878] HAI FU HUA 713 HAO -> code=Z5Z IMO=1 TEU=None status=detail_no_teu
[group 6 713/878] HAI FU HUA 716 HAO -> code=Z4O IMO=1 TEU=None status=detail_no_teu
[group 6 715/878] HAI FU HUA 718 HAO -> code=Z4Q IMO=1 TEU=None status=detail_no_teu
[group 6 716/878] HAI FU HUA 719 HAO -> code=Z6J IMO=1 TEU=None status=detail_no_teu
[group 6 718/878] HAI FU18 -> code=RME IMO=99999996 TEU=None status=detail_no_teu
[group 6 720/878] HAI HANG 096 -> code=XSL IMO=20150026 TEU=None status=detail_no_teu
[group 6 721/878] HAI HANG 18 -> code=Z9G IMO=1 TEU=None status=detail_no_teu
[group 6 722/878] HAI HANG 338 -> code=WBG IMO=100810000266 TEU=None status=detail_no_teu
[group 6 723/878] HAI HANG 368 -> code=WG1 IMO=20150062 TEU=None status=detail_no_teu
[group 6 724/878] HAI HANG 369 -> code=XLC IMO=20150233 TEU=None status=detail_no_teu
[group 6 726/878] HAI HANG 663 -> code=XOO IMO=100808000626 TEU=None status=detail_no_teu
[group 6 727/878] HAI HANG 6666 -> code=WGI IMO=99999996 TEU=None status=detail_no_teu
[group 6 728/878] HAI HANG 777 -> code=XJW IMO=100808000380 TEU=None status=detail_no_teu
[group 6 730/878] HAI HANG 988 -> code=OSU IMO=9999996 TEU=1 status=ok
[group 6 731/878] HAI HANG 998 -> code=WR5 IMO=99999996 TEU=None status=detail_no_teu
[group 6 732/878] HAI HONG 2 -> code=ZPF IMO=99999996 TEU=None status=detail_no_teu
[group 6 733/878] HAI HONG 8 -> code=ZOW IMO=99999997 TEU=None status=detail_no_teu
[group 6 736/878] HAI HUA 1618 -> code=L81 IMO=1 TEU=None status=detail_no_teu
[group 6 738/878] HAI HUA 1988 -> code=LJD IMO=9999996 TEU=None status=detail_no_teu
[group 6 739/878] HAI HUA 2588 -> code=L42 IMO=20180523 TEU=None status=detail_no_teu
[group 6 740/878] HAI HUA 568 -> code=OG6 IMO=9999996 TEU=1 status=ok
[group 6 741/878] HAI HUA 6 -> code=LR8 IMO=9999996 TEU=None status=detail_no_teu
[group 6 743/878] HAI HUA 6658 -> code=OV7 IMO=9999996 TEU=None status=detail_no_teu
[group 6 744/878] HAI HUA 6666 -> code=LJ7 IMO=9999996 TEU=None status=detail_no_teu
[group 6 745/878] HAI HUA 679 -> code=LT7 IMO=9999996 TEU=None status=detail_no_teu
[group 6 749/878] HAI HUA 7989 -> code=LT6 IMO=9999996 TEU=None status=detail_no_teu
[group 6 750/878] HAI HUA 8 -> code=LMH IMO=9999996 TEU=None status=detail_no_teu
[group 6 751/878] HAI HUA 8189 -> code=L10 IMO=1 TEU=None status=detail_no_teu
[group 6 752/878] HAI HUA 869 -> code=OV8 IMO=9999996 TEU=None status=detail_no_teu
[group 6 753/878] HAI HUA 928 -> code=OWC IMO=9999996 TEU=None status=detail_no_teu
[group 6 754/878] HAI HUI 1 -> code=XO6 IMO=99999996 TEU=None status=detail_no_teu
[group 6 755/878] HAI KOU XUNI -> code=O07 IMO=9999996 TEU=None status=detail_no_teu
[group 6 756/878] HAI LAN ZHONG GU 16 -> code=NPK IMO=5589678 TEU=None status=detail_no_teu
[group 6 758/878] HAI LAN ZHONG GU 3 -> code=F1Z IMO=995 TEU=None status=detail_no_teu
[group 6 759/878] HAI LI 2 -> code=F26 IMO=1343166 TEU=None status=detail_no_teu
[group 6 760/878] HAI LONG 318 -> code=XCH IMO=99999996 TEU=None status=detail_no_teu
[group 6 761/878] HAI MEN -> code=NDS IMO=9613771 TEU=None status=detail_no_teu
[group 6 762/878] HAI MENG -> code=ZKX IMO=99999996 TEU=None status=detail_no_teu
[group 6 763/878] HAI NAN XU NI -> code=OO7 IMO=9999996 TEU=None status=detail_no_teu
[group 6 764/878] HAI QING 1861 -> code=V1G IMO=1113111 TEU=None status=detail_no_teu
[group 6 767/878] HAI SHI TONG 558 -> code=HST IMO=2024050 TEU=None status=detail_no_teu
[group 6 768/878] HAI SHU LIN -> code=WNB IMO=99999996 TEU=None status=detail_no_teu
[group 6 769/878] HAI SHUN 1099 -> code=OZ3 IMO=9999996 TEU=None status=detail_no_teu
[group 6 770/878] HAI SHUN 604 -> code=OPY IMO=9999996 TEU=1 status=ok
[group 6 771/878] HAI SHUN 629 -> code=Z9H IMO=1 TEU=None status=detail_no_teu
[group 6 772/878] HAI SHUN FA -> code=RX8 IMO=8080987 TEU=None status=detail_no_teu
[group 6 773/878] HAI SHUN FENG 15 -> code=M86 IMO=9999996 TEU=None status=detail_no_teu
[group 6 776/878] HAI SHUN FENG 7 -> code=F1X IMO=991 TEU=None status=detail_no_teu
[group 6 780/878] HAI SU 6 -> code=U04 IMO=9339026 TEU=698 status=ok
[group 6 782/878] HAI TAI 1967 -> code=WKK IMO=100810000020 TEU=None status=detail_no_teu
[group 6 783/878] HAI TAI 1993 -> code=Z9B IMO=1 TEU=None status=detail_no_teu
[group 6 784/878] HAI TAI 1996 -> code=XYF IMO=20150041 TEU=None status=detail_no_teu
[group 6 785/878] HAI TAI 1998 -> code=W88 IMO=999996 TEU=None status=detail_no_teu
[group 6 786/878] HAI TAI 868 -> code=XEF IMO=9999996 TEU=None status=detail_no_teu
[group 6 787/878] HAI TANG -> code=ZUF IMO=9999999 TEU=None status=detail_no_teu
[group 6 788/878] HAI TIAN LONG 1 -> code=OFS IMO=9999996 TEU=None status=detail_no_teu
[group 6 789/878] HAI TIAN LONG 18 -> code=ORY IMO=9999996 TEU=None status=detail_no_teu
[group 6 790/878] HAI TIAN LONG 26 -> code=OZO IMO=9999996 TEU=1 status=ok
[group 6 791/878] HAI TIAN LONG 8 -> code=LZW IMO=9999996 TEU=None status=detail_no_teu
[group 6 792/878] HAI TIE 89 -> code=LTQ IMO=9999996 TEU=None status=detail_no_teu
[group 6 793/878] HAI TONG 008 -> code=XGI IMO=99999996 TEU=None status=detail_no_teu
[group 6 794/878] HAI TONG 038 -> code=XRR IMO=99999996 TEU=None status=detail_no_teu
[group 6 795/878] HAI TONG 039 -> code=XPE IMO=99999996 TEU=None status=detail_no_teu
[group 6 796/878] HAI TONG 2368 -> code=XQT IMO=99999996 TEU=None status=detail_no_teu
[group 6 797/878] HAI TONG 258 -> code=XDE IMO=99999996 TEU=None status=detail_no_teu
[group 6 798/878] HAI TONG 2589 -> code=XOR IMO=99999996 TEU=None status=detail_no_teu
[group 6 799/878] HAI TONG 3067 -> code=XME IMO=100808000645 TEU=None status=detail_no_teu
[group 6 800/878] HAI TONG 328 -> code=XQO IMO=99999996 TEU=None status=detail_no_teu
[group 6 801/878] HAI TONG 3308 -> code=XPB IMO=99999996 TEU=None status=detail_no_teu
[group 6 802/878] HAI TONG 368 -> code=XAC IMO=99999996 TEU=None status=detail_no_teu
[group 6 803/878] HAI TONG 3868 -> code=XDH IMO=99999996 TEU=None status=detail_no_teu
[group 6 805/878] HAI TONG 6 -> code=XPG IMO=9999996 TEU=None status=detail_no_teu
[group 6 806/878] HAI TONG 6878 -> code=W29 IMO=100808000461 TEU=None status=detail_no_teu
[group 6 807/878] HAI TONG 6889 -> code=XGH IMO=99999996 TEU=None status=detail_no_teu
[group 6 808/878] HAI TONG 693 -> code=XED IMO=99999996 TEU=None status=detail_no_teu
[group 6 809/878] HAI TONG 713 -> code=XUQ IMO=20150091 TEU=None status=detail_no_teu
[group 6 810/878] HAI TONG 8008 -> code=XQU IMO=99999996 TEU=None status=detail_no_teu
[group 6 811/878] HAI TONG 808 -> code=ZN8 IMO=100809000021 TEU=None status=detail_no_teu
[group 6 812/878] HAI TONG 8333 -> code=XKL IMO=999996 TEU=None status=detail_no_teu
[group 6 813/878] HAI TONG 889 -> code=XDC IMO=99999996 TEU=None status=detail_no_teu
[group 6 814/878] HAI TONG 986 -> code=XY4 IMO=99999996 TEU=None status=detail_no_teu
[group 6 815/878] HAI TONG JI 8888 -> code=M53 IMO=9999996 TEU=None status=detail_no_teu
[group 6 816/878] HAI XIA FANG ZHOU -> code=FQ8 IMO=9999996 TEU=None status=detail_no_teu
[group 6 819/878] HAI XIANG FU -> code=ZFW IMO=99999996 TEU=None status=detail_no_teu
[group 6 820/878] HAI XIANG HONG -> code=RZX IMO=412459790 TEU=492 status=ok
[group 6 821/878] HAI XIANG HUI -> code=F3D IMO=9999996 TEU=None status=detail_no_teu
[group 6 822/878] HAI XIANG RONG -> code=NLA IMO=7879676 TEU=None status=detail_no_teu
[group 6 823/878] HAI XIANG TAI -> code=F1K IMO=954 TEU=None status=detail_no_teu
[group 6 824/878] HAI XIANG58 -> code=RAT IMO=99999996 TEU=None status=detail_no_teu
[group 6 825/878] HAI XIN CHENG -> code=F1H IMO=950 TEU=None status=detail_no_teu
[group 6 827/878] HAI YA 001 -> code=LRL IMO=9999996 TEU=None status=detail_no_teu
[group 6 829/878] HAI YA 128 -> code=XPO IMO=99999996 TEU=None status=detail_no_teu
[group 6 830/878] HAI YA 308 -> code=ZPD IMO=99999996 TEU=None status=detail_no_teu
[group 6 831/878] HAI YA 668 -> code=XWH IMO=20150066 TEU=None status=detail_no_teu
[group 6 832/878] HAI YA 855 -> code=XZQ IMO=20150045 TEU=None status=detail_no_teu
[group 6 833/878] HAI YAN 2025 -> code=OZR IMO=9999996 TEU=None status=detail_no_teu
[group 6 834/878] HAI YANG 789 -> code=MIN IMO=9999996 TEU=None status=detail_no_teu
[group 6 835/878] HAI YUN 9988 -> code=OY6 IMO=9999996 TEU=None status=detail_no_teu
[group 6 836/878] HAIAN BELL -> code=HAB IMO=9248942 TEU=None status=detail_no_teu
[group 6 839/878] HAIAN LINK -> code=ATI IMO=9522788 TEU=None status=detail_no_teu
[group 6 840/878] HAIAN MIND -> code=NXE IMO=9503691 TEU=1794 status=ok
[group 6 845/878] HAIBO8HAO -> code=VD2 IMO=99999996 TEU=None status=detail_no_teu
[group 6 846/878] HAIBO9HAO -> code=VD3 IMO=99999996 TEU=None status=detail_no_teu
[group 6 847/878] HAICHUAN11 -> code=VF9 IMO=99999996 TEU=None status=detail_no_teu
[group 6 848/878] HAICHUAN11HAO -> code=VR1 IMO=99999996 TEU=None status=detail_no_teu
[group 6 849/878] HAICHUAN2HAO -> code=Y4Z IMO=99999996 TEU=None status=detail_no_teu
[group 6 850/878] HAICHUAN3HAO -> code=Y4D IMO=99999996 TEU=None status=detail_no_teu
[group 6 851/878] HAICHUAN5HAO -> code=VE4 IMO=99999996 TEU=None status=detail_no_teu
[group 6 852/878] HAICHUAN6 -> code=V85 IMO=99999996 TEU=None status=detail_no_teu
[group 6 853/878] HAICHUAN6HO -> code=VR2 IMO=99999996 TEU=None status=detail_no_teu
[group 6 854/878] HAICHUAN9 -> code=VF8 IMO=99999996 TEU=None status=detail_no_teu
[group 6 855/878] HAIHONGSHUNDA -> code=2M1 IMO=9999996 TEU=None status=detail_no_teu
[group 6 856/878] HAILANZHONGGU6 -> code=QAK IMO=99999996 TEU=None status=detail_no_teu
[group 6 857/878] HAILONG666 -> code=VEU IMO=99999996 TEU=None status=detail_no_teu
[group 6 858/878] HAILONG999 -> code=VEE IMO=99999996 TEU=None status=detail_no_teu
[group 6 859/878] HAILONGYONGSHUN -> code=2JB IMO=9999996 TEU=None status=detail_no_teu
[group 6 860/878] HAIQIAO01 -> code=VM2 IMO=88888888 TEU=None status=detail_no_teu
[group 6 862/878] HAIQIAO588 -> code=VE7 IMO=99999996 TEU=None status=detail_no_teu
[group 6 863/878] HAIQINGHEXIE -> code=20Q IMO=9999996 TEU=None status=detail_no_teu
[group 6 864/878] HAITONG6789 -> code=VPS IMO=9999996 TEU=None status=detail_no_teu
[group 6 865/878] HAITONGJI006 -> code=V7J IMO=9999996 TEU=None status=detail_no_teu
[group 6 866/878] HAITONGJI598 -> code=V8Y IMO=9999996 TEU=None status=detail_no_teu
[group 6 867/878] HAITONGJI7777 -> code=2NE IMO=9999996 TEU=None status=detail_no_teu
[group 6 868/878] HAITONGJI9999 -> code=3CW IMO=9999996 TEU=None status=detail_no_teu
[group 6 869/878] HAITONGJIU -> code=V9V IMO=9999996 TEU=None status=detail_no_teu
[group 6 870/878] HAITONGRONGYAO -> code=V5M IMO=9999996 TEU=None status=detail_no_teu
[group 6 871/878] HAIWANGXING01 -> code=YE2 IMO=9999996 TEU=None status=detail_no_teu
[group 6 872/878] HAIXIANG666 -> code=YYT IMO=9999996 TEU=None status=detail_no_teu
[group 6 873/878] HAIXIANGCHENG -> code=SW6 IMO=9999996 TEU=None status=detail_no_teu
[group 6 874/878] HAIXIN898 -> code=2KQ IMO=9999996 TEU=None status=detail_no_teu
[group 6 875/878] HAIYANGJI006 -> code=2HN IMO=9999996 TEU=None status=detail_no_teu
[group 6 876/878] HAIZHIWEI -> code=FSK IMO=9999996 TEU=None status=detail_no_teu
group 6: saved xlsx -> D:\Files\demo\capaStudy\vessels\csl_group_results\csl_group_06_result_260311234607.xlsx
group 6: saved json -> D:\Files\demo\capaStudy\vessels\csl_group_results\csl_group_06_result_260311234607.json
