[group 9 1/878] JIAHAIHANGYUN003 -> code=VPF IMO=9999996 TEU=None status=detail_no_teu
[group 9 2/878] JIAHAIHANGYUN006 -> code=2QC IMO=9999996 TEU=None status=detail_no_teu
[group 9 3/878] JIAHAIHANGYUN011 -> code=VWR IMO=9999996 TEU=None status=detail_no_teu
[group 9 4/878] JIAHAIHANGYUN036 -> code=V2T IMO=9999996 TEU=None status=detail_no_teu
[group 9 5/878] JIAHAIHANGYUN038 -> code=V7K IMO=9999996 TEU=None status=detail_no_teu
[group 9 6/878] JIAHAIHANGYUN039 -> code=V2H IMO=9999996 TEU=None status=detail_no_teu
[group 9 9/878] JIAHANGJI028 -> code=2BQ IMO=9999996 TEU=None status=detail_no_teu
[group 9 10/878] JIAHAOYONGSHENG -> code=V68 IMO=9999996 TEU=528 status=ok
[group 9 11/878] JIAHUA 6 -> code=QXW IMO=99999912 TEU=None status=detail_no_teu
[group 9 12/878] JIAHUA006 -> code=VNJ IMO=8975585 TEU=None status=detail_no_teu
[group 9 13/878] JIAHUA011 -> code=21S IMO=9999996 TEU=None status=detail_no_teu
[group 9 14/878] JIAHUA11 -> code=VIX IMO=7868967 TEU=None status=detail_no_teu
[group 9 15/878] JIAHUA1668 -> code=VNH IMO=8978569 TEU=None status=detail_no_teu
[group 9 16/878] JIAHUA1678 -> code=VME IMO=9876789 TEU=None status=detail_no_teu
[group 9 17/878] JIAHUA668 -> code=VJC IMO=8899666 TEU=None status=detail_no_teu
[group 9 18/878] JIAHUITONG003 -> code=2UJ IMO=9999996 TEU=None status=detail_no_teu
[group 9 19/878] JIAHUITONG006 -> code=2QF IMO=9999996 TEU=None status=detail_no_teu
[group 9 20/878] JIAHUITONG008 -> code=2JO IMO=9999996 TEU=None status=detail_no_teu
[group 9 21/878] JIAHUITONG016 -> code=2YN IMO=9999996 TEU=None status=detail_no_teu
[group 9 22/878] JIAHUITONG018 -> code=2WD IMO=9999996 TEU=None status=detail_no_teu
[group 9 23/878] JIAJI001 -> code=QFY IMO=57885858 TEU=None status=detail_no_teu
[group 9 24/878] JIAJI002 -> code=2XH IMO=9999996 TEU=None status=detail_no_teu
[group 9 25/878] JIAJI003 -> code=QLP IMO=85675858 TEU=None status=detail_no_teu
[group 9 26/878] JIAJI005 -> code=QJH IMO=5857858 TEU=None status=detail_no_teu
[group 9 27/878] JIAJI006 -> code=QNI IMO=8568858 TEU=None status=detail_no_teu
[group 9 28/878] JIAJI007 -> code=Y2R IMO=99999996 TEU=None status=detail_no_teu
[group 9 29/878] JIAJI008 -> code=QXY IMO=5675783 TEU=None status=detail_no_teu
[group 9 30/878] JIAJI009 -> code=Y7K IMO=99999996 TEU=None status=detail_no_teu
[group 9 31/878] JIAJI010 -> code=Y7O IMO=99999996 TEU=None status=detail_no_teu
[group 9 32/878] JIAJI011 -> code=VB2 IMO=57885858 TEU=None status=detail_no_teu
[group 9 33/878] JIAJI012 -> code=VC6 IMO=99999996 TEU=None status=detail_no_teu
[group 9 34/878] JIAJI015 -> code=2JT IMO=9999996 TEU=None status=detail_no_teu
[group 9 35/878] JIAJI016 -> code=VN0 IMO=9999996 TEU=None status=detail_no_teu
[group 9 36/878] JIAJI018 -> code=Y1T IMO=56758568 TEU=None status=detail_no_teu
[group 9 37/878] JIAJI019 -> code=VL0 IMO=999999998 TEU=None status=detail_no_teu
[group 9 38/878] JIAJI028 -> code=Y8R IMO=99999996 TEU=None status=detail_no_teu
[group 9 39/878] JIAJI301 -> code=QFZ IMO=85685685 TEU=None status=detail_no_teu
[group 9 40/878] JIAJI302 -> code=Y1U IMO=858597567 TEU=None status=detail_no_teu
[group 9 41/878] JIAJI303 -> code=2WF IMO=9999996 TEU=None status=detail_no_teu
[group 9 42/878] JIAJI305 -> code=Y2B IMO=9768666896 TEU=None status=detail_no_teu
[group 9 43/878] JIAJI306 -> code=QJX IMO=5758585 TEU=None status=detail_no_teu
[group 9 44/878] JIAKANG005 -> code=Y8L IMO=9999996 TEU=None status=detail_no_teu
[group 9 45/878] JIAKANG006 -> code=Y8M IMO=9999996 TEU=None status=detail_no_teu
[group 9 46/878] JIAKANG007 -> code=VDZ IMO=9999996 TEU=None status=detail_no_teu
[group 9 47/878] JIAKANG008 -> code=2DA IMO=9999996 TEU=None status=detail_no_teu
[group 9 50/878] JIALUN902 -> code=V43 IMO=99999996 TEU=350 status=ok
[group 9 52/878] JIAN GONG 128 -> code=W6C IMO=9999996 TEU=None status=detail_no_teu
[group 9 53/878] JIAN GONG 168 -> code=WU7 IMO=9999996 TEU=None status=detail_no_teu
[group 9 54/878] JIAN GONG 178 -> code=F3E IMO=9999996 TEU=None status=detail_no_teu
[group 9 55/878] JIAN GONG 188 -> code=XD6 IMO=99999996 TEU=None status=detail_no_teu
[group 9 56/878] JIAN GONG 198 -> code=X61 IMO=99999996 TEU=None status=detail_no_teu
[group 9 58/878] JIAN GONG 218 -> code=XV8 IMO=9999996 TEU=None status=detail_no_teu
[group 9 60/878] JIAN GONG 228 -> code=XBO IMO=9999996 TEU=None status=detail_no_teu
[group 9 61/878] JIAN GONG 238 -> code=XT6 IMO=99999996 TEU=None status=detail_no_teu
[group 9 65/878] JIAN GONG 303 -> code=JG3 IMO=9999996 TEU=None status=detail_no_teu
[group 9 67/878] JIAN GONG 306 -> code=W7O IMO=20160413 TEU=None status=detail_no_teu
[group 9 70/878] JIAN GONG 328 -> code=LVM IMO=9999996 TEU=150 status=ok
[group 9 71/878] JIAN GONG 329 -> code=Z8U IMO=62585456 TEU=None status=detail_no_teu
[group 9 75/878] JIAN GONG 528 -> code=XX4 IMO=9999996 TEU=None status=detail_no_teu
[group 9 76/878] JIAN GONG 538 -> code=W6A IMO=9999996 TEU=None status=detail_no_teu
[group 9 77/878] JIAN GONG 558 -> code=XEV IMO=99999996 TEU=None status=detail_no_teu
[group 9 78/878] JIAN GONG 568 -> code=XCI IMO=9999996 TEU=None status=detail_no_teu
[group 9 79/878] JIAN GONG 58 -> code=XKJ IMO=9999996 TEU=None status=detail_no_teu
[group 9 80/878] JIAN GONG 588 -> code=WUT IMO=99999996 TEU=None status=detail_no_teu
[group 9 81/878] JIAN GONG 598 -> code=X2P IMO=9999996 TEU=None status=detail_no_teu
[group 9 82/878] JIAN GONG 618 -> code=XTG IMO=9999996 TEU=None status=detail_no_teu
[group 9 86/878] JIAN GONG 8 -> code=XQ7 IMO=99999996 TEU=None status=detail_no_teu
[group 9 87/878] JIAN GONG 818 -> code=W9C IMO=9999996 TEU=None status=detail_no_teu
[group 9 88/878] JIAN GONG 82 -> code=X1A IMO=9999996 TEU=None status=detail_no_teu
[group 9 90/878] JIAN GONG 858 -> code=XP0 IMO=9999996 TEU=None status=detail_no_teu
[group 9 92/878] JIAN GONG 88 -> code=X00 IMO=99999996 TEU=None status=detail_no_teu
[group 9 93/878] JIAN GONG 888 -> code=LGE IMO=9999996 TEU=None status=detail_no_teu
[group 9 94/878] JIAN GONG 898 -> code=X4B IMO=20161028 TEU=None status=detail_no_teu
[group 9 95/878] JIAN GONG 918 -> code=XWW IMO=99999996 TEU=None status=detail_no_teu
[group 9 96/878] JIAN GONG 928 -> code=XWV IMO=99999996 TEU=None status=detail_no_teu
[group 9 97/878] JIAN GONG 938 -> code=XXD IMO=99999996 TEU=None status=detail_no_teu
[group 9 98/878] JIAN GONG 968 -> code=W2T IMO=20151230 TEU=None status=detail_no_teu
[group 9 100/878] JIAN HANG 889 -> code=OQV IMO=9999996 TEU=1 status=ok
[group 9 101/878] JIAN LING 198 -> code=WL5 IMO=100511000102 TEU=None status=detail_no_teu
[group 9 102/878] JIAN LING 1998 -> code=WFL IMO=100811000795 TEU=None status=detail_no_teu
[group 9 104/878] JIAN TAI 19 -> code=OCW IMO=9999996 TEU=None status=detail_no_teu
[group 9 105/878] JIAN TAI 99 -> code=OYG IMO=9999996 TEU=None status=detail_no_teu
[group 9 106/878] JIAN XIN 2 -> code=NP3 IMO=99999996 TEU=None status=detail_no_teu
[group 9 108/878] JIANG HAI 77 -> code=NYF IMO=5651584 TEU=None status=detail_no_teu
[group 9 110/878] JIANG HAI RUN QIANG -> code=SZ4 IMO=556650 TEU=934 status=ok
[group 9 112/878] JIANG HAI TONG 189 -> code=MKL IMO=9999996 TEU=None status=detail_no_teu
[group 9 113/878] JIANG HAI TONG 19 -> code=YBB IMO=9999996 TEU=None status=detail_no_teu
[group 9 114/878] JIANG HAI TONG 8 -> code=RLF IMO=9999996 TEU=None status=detail_no_teu
[group 9 115/878] JIANG HAI TONG 9 -> code=YFB IMO=99999996 TEU=None status=detail_no_teu
[group 9 117/878] JIANG HAI ZHI RUI -> code=FS5 IMO=7865689 TEU=None status=detail_no_teu
[group 9 118/878] JIANG HAI ZHI YUE -> code=NR8 IMO=9875476 TEU=None status=detail_no_teu
[group 9 119/878] JIANG HANG 908 -> code=LEA IMO=9999996 TEU=None status=detail_no_teu
[group 9 120/878] JIANG HANG 928 -> code=ZXF IMO=99999996 TEU=None status=detail_no_teu
[group 9 121/878] JIANG HANG 933 -> code=WN4 IMO=9999996 TEU=None status=detail_no_teu
[group 9 122/878] JIANG HANG 938 -> code=X44 IMO=9999996 TEU=None status=detail_no_teu
[group 9 123/878] JIANG HANG 982 -> code=WHR IMO=9999996 TEU=None status=detail_no_teu
[group 9 124/878] JIANG HANG 986 -> code=W2C IMO=9999996 TEU=None status=detail_no_teu
[group 9 125/878] JIANG HANG 988 -> code=XKV IMO=9999996 TEU=None status=detail_no_teu
[group 9 126/878] JIANG HANG 989 -> code=XZE IMO=9999996 TEU=None status=detail_no_teu
[group 9 128/878] JIANG LONG 908 -> code=YJ1 IMO=9999996 TEU=None status=detail_no_teu
[group 9 129/878] JIANG MEN 1 HAO -> code=W0J IMO=20160628 TEU=None status=detail_no_teu
[group 9 130/878] JIANG MEN 130 -> code=ZUG IMO=99999996 TEU=None status=detail_no_teu
[group 9 132/878] JIANG PENG 9 -> code=YIB IMO=9999996 TEU=None status=detail_no_teu
[group 9 133/878] JIANG SU JI 10 -> code=1AA IMO=99999996 TEU=None status=detail_no_teu
[group 9 135/878] JIANG XIN 10 -> code=F9Q IMO=9999996 TEU=None status=detail_no_teu
[group 9 139/878] JIANG XIN 9 -> code=M07 IMO=9999996 TEU=None status=detail_no_teu
[group 9 140/878] JIANG YUAN JI 1 -> code=F6K IMO=9999996 TEU=2076 status=ok
[group 9 141/878] JIANG YUAN JI 6 -> code=MLL IMO=9999996 TEU=None status=detail_no_teu
[group 9 146/878] JIANG ZHOU 368 -> code=W5L IMO=20160311 TEU=None status=detail_no_teu
[group 9 147/878] JIANG ZHOU 517 -> code=W5J IMO=20160311 TEU=None status=detail_no_teu
[group 9 148/878] JIANG ZHOU 535 -> code=W5K IMO=20160311 TEU=None status=detail_no_teu
[group 9 149/878] JIANGHAI777 -> code=V9Y IMO=9999996 TEU=None status=detail_no_teu
[group 9 150/878] JIANGHAI9 -> code=V7R IMO=9999996 TEU=None status=detail_no_teu
[group 9 151/878] JIANGHAIBAISHUN -> code=2FR IMO=9999996 TEU=None status=detail_no_teu
[group 9 153/878] JIANGHAIGONGYING -> code=2HJ IMO=9999996 TEU=None status=detail_no_teu
[group 9 154/878] JIANGHAIHAOYUN -> code=2KM IMO=9999996 TEU=None status=detail_no_teu
[group 9 155/878] JIANGHAIHEXIE -> code=VWJ IMO=9999996 TEU=None status=detail_no_teu
[group 9 156/878] JIANGHAIHONGSHUN -> code=V6K IMO=9999996 TEU=None status=detail_no_teu
[group 9 157/878] JIANGHAIHONGTAI -> code=VPT IMO=9999996 TEU=None status=detail_no_teu
[group 9 158/878] JIANGHAIJI009 -> code=2W0 IMO=9999996 TEU=None status=detail_no_teu
[group 9 159/878] JIANGHAIJI16 -> code=2JX IMO=9999996 TEU=None status=detail_no_teu
[group 9 160/878] JIANGHAIJI6868 -> code=V4M IMO=9999996 TEU=None status=detail_no_teu
[group 9 161/878] JIANGHAIJI6898 -> code=VOU IMO=9999996 TEU=None status=detail_no_teu
[group 9 163/878] JIANGHAIJI99 -> code=20H IMO=9999996 TEU=None status=detail_no_teu
[group 9 164/878] JIANGHAIJI9999 -> code=2HT IMO=9999996 TEU=None status=detail_no_teu
[group 9 165/878] JIANGHAIMINGSHENG -> code=2W1 IMO=9999996 TEU=None status=detail_no_teu
[group 9 166/878] JIANGHAIMINSHUN -> code=2MD IMO=9999996 TEU=None status=detail_no_teu
[group 9 167/878] JIANGHAITENGDA -> code=2NU IMO=9999996 TEU=None status=detail_no_teu
[group 9 168/878] JIANGHAITONG1 -> code=VPR IMO=9999996 TEU=None status=detail_no_teu
[group 9 169/878] JIANGHAITONG1198 -> code=VHS IMO=99999996 TEU=None status=detail_no_teu
[group 9 170/878] JIANGHAITONG16 -> code=V23 IMO=99999996 TEU=250 status=ok
[group 9 171/878] JIANGHAITONG18 -> code=VI0 IMO=99999996 TEU=None status=detail_no_teu
[group 9 172/878] JIANGHAITONG188 -> code=VJI IMO=9999996 TEU=None status=detail_no_teu
[group 9 173/878] JIANGHAITONG199 -> code=2NJ IMO=9999996 TEU=None status=detail_no_teu
[group 9 174/878] JIANGHAITONG69 -> code=VHK IMO=99999996 TEU=None status=detail_no_teu
[group 9 175/878] JIANGHAITONG888 -> code=VHC IMO=99999996 TEU=None status=detail_no_teu
[group 9 176/878] JIANGHAITONGSHENG -> code=2VL IMO=9999996 TEU=None status=detail_no_teu
[group 9 177/878] JIANGHAITONGXINNENG1 -> code=2ZT IMO=9999996 TEU=None status=detail_no_teu
[group 9 178/878] JIANGHAITONGXINNENG2 -> code=2ZY IMO=9999996 TEU=None status=detail_no_teu
[group 9 179/878] JIANGHAITONGXINNENG3 -> code=2ZV IMO=9999996 TEU=None status=detail_no_teu
[group 9 180/878] JIANGHAITONGYI -> code=21J IMO=9999996 TEU=None status=detail_no_teu
[group 9 181/878] JIANGHAIXIANGRUI -> code=JIA IMO=9999996 TEU=None status=detail_no_teu
[group 9 182/878] JIANGHAIXINHAO -> code=V80 IMO=99999996 TEU=None status=detail_no_teu
[group 9 183/878] JIANGHAIYUANRUN -> code=2TF IMO=9999996 TEU=None status=detail_no_teu
[group 9 184/878] JIANGHAIYUNHE -> code=2ND IMO=9999996 TEU=None status=detail_no_teu
[group 9 185/878] JIANGHAIYURONG -> code=2VP IMO=9999996 TEU=None status=detail_no_teu
[group 9 186/878] JIANGHAIZHIDA -> code=YYG IMO=None TEU=None status=detail_no_teu
[group 9 187/878] JIANGHAIZHIFU -> code=VES IMO=99999996 TEU=None status=detail_no_teu
[group 9 188/878] JIANGHAIZHIYUN -> code=V6O IMO=9999996 TEU=None status=detail_no_teu
[group 9 190/878] JIANGHUAIHONGSHENG -> code=2QR IMO=9999996 TEU=None status=detail_no_teu
[group 9 191/878] JIANGHUAISHENGDA -> code=2LR IMO=9999996 TEU=None status=detail_no_teu
[group 9 194/878] JIANGJIYUN1201 -> code=YKQ IMO=99999996 TEU=None status=detail_no_teu
[group 9 197/878] JIANGJIYUN1205HAO -> code=VC0 IMO=99999996 TEU=None status=detail_no_teu
[group 9 198/878] JIANGJIYUN1207 -> code=YRV IMO=99999996 TEU=None status=detail_no_teu
[group 9 200/878] JIANGJIYUN1209 -> code=Y7U IMO=99999996 TEU=None status=detail_no_teu
[group 9 210/878] JIANGJIYUN1220 -> code=YVT IMO=99999996 TEU=344 status=ok
[group 9 215/878] JIANGJIYUN1226 -> code=YVG IMO=99999996 TEU=None status=detail_no_teu
[group 9 220/878] JIANGJIYUN1231 -> code=YYN IMO=99999996 TEU=344 status=ok
[group 9 230/878] JIANGJIYUN1252 -> code=2RQ IMO=9999996 TEU=None status=detail_no_teu
[group 9 231/878] JIANGJIYUN1253 -> code=2W7 IMO=9999996 TEU=None status=detail_no_teu
[group 9 240/878] JIANGJIYUN1263 -> code=Y4H IMO=99999996 TEU=344 status=ok
[group 9 248/878] JIANGJIYUN1272 -> code=Y5R IMO=99999996 TEU=None status=detail_no_teu
[group 9 249/878] JIANGJU007 -> code=2JZ IMO=9999996 TEU=None status=detail_no_teu
[group 9 250/878] JIANGONG 98 -> code=SWV IMO=9023563 TEU=265 status=ok
[group 9 251/878] JIANGONG2 -> code=ZZW IMO=99999996 TEU=None status=detail_no_teu
[group 9 252/878] JIANGPENG 12 -> code=YBC IMO=9999996 TEU=None status=detail_no_teu
[group 9 253/878] JIANGPENG 18 -> code=YBF IMO=9999996 TEU=None status=detail_no_teu
[group 9 254/878] JIANGPENG 4 -> code=YW3 IMO=99999996 TEU=None status=detail_no_teu
[group 9 255/878] JIANGSHUJI008 -> code=VHY IMO=9988886 TEU=None status=detail_no_teu
[group 9 256/878] JIANGSUJI 1 -> code=YAU IMO=9999996 TEU=None status=detail_no_teu
[group 9 257/878] JIANGSUJI 11 -> code=YMU IMO=99999996 TEU=None status=detail_no_teu
[group 9 258/878] JIANGSUJI 2 -> code=YAV IMO=9999996 TEU=None status=detail_no_teu
[group 9 259/878] JIANGSUJI 3 -> code=YAW IMO=9999996 TEU=None status=detail_no_teu
[group 9 260/878] JIANGSUJI 7 -> code=YNL IMO=99999996 TEU=None status=detail_no_teu
[group 9 261/878] JIANGSUJI 8 -> code=YEO IMO=99999996 TEU=None status=detail_no_teu
[group 9 262/878] JIANGSUJI008 -> code=VXI IMO=999999 TEU=None status=detail_no_teu
[group 9 263/878] JIANGSUJI096 -> code=VXK IMO=999999 TEU=None status=detail_no_teu
[group 9 265/878] JIANGSUJI4 -> code=YCD IMO=9999996 TEU=None status=detail_no_teu
[group 9 266/878] JIANGSUJI5 -> code=YCL IMO=99999996 TEU=None status=detail_no_teu
[group 9 267/878] JIANGSUJI555555 -> code=VIQ IMO=9998886 TEU=None status=detail_no_teu
[group 9 268/878] JIANGSUJI6 -> code=YCM IMO=9999996 TEU=None status=detail_no_teu
[group 9 269/878] JIANGSUJI666666 -> code=VZX IMO=999999 TEU=None status=detail_no_teu
[group 9 270/878] JIANGSUJI668 -> code=BBJ IMO=9999996 TEU=150 status=ok
[group 9 271/878] JIANGSUJI777777 -> code=VZJ IMO=999999 TEU=None status=detail_no_teu
[group 9 272/878] JIANGSUJI888888 -> code=VXP IMO=999999 TEU=None status=detail_no_teu
[group 9 273/878] JIANGSUJI9 -> code=YIE IMO=99999996 TEU=None status=detail_no_teu
[group 9 274/878] JIANGSUJI999 -> code=VXN IMO=999999 TEU=None status=detail_no_teu
[group 9 275/878] JIANGSUJI999999 -> code=1AC IMO=99999998 TEU=None status=detail_no_teu
[group 9 276/878] JIANGXI MOSCOW RAIL 8 -> code=JR8 IMO=9999996 TEU=None status=detail_no_teu
[group 9 277/878] JIANGXIAXING -> code=YYH IMO=99999996 TEU=None status=detail_no_teu
[group 9 278/878] JIANGXIN6 -> code=RKQ IMO=92280 TEU=None status=detail_no_teu
[group 9 279/878] JIANGYUANBAIHE -> code=2C0 IMO=9999996 TEU=None status=detail_no_teu
[group 9 280/878] JIANGYUANHUISHAN -> code=2YT IMO=9999996 TEU=None status=detail_no_teu
[group 9 281/878] JIANGYUANJINLING -> code=2XB IMO=9999996 TEU=None status=detail_no_teu
[group 9 282/878] JIANGYUANPENGCHENG -> code=2ZK IMO=9999996 TEU=None status=detail_no_teu
[group 9 283/878] JIANGYUANSHUNFENG -> code=2MN IMO=9999996 TEU=None status=detail_no_teu
[group 9 284/878] JIANGYUN 6 -> code=1A2 IMO=99999996 TEU=None status=detail_no_teu
[group 9 285/878] JIANG\xa0HAI\xa07668 -> code=D3F IMO=9999996 TEU=None status=detail_no_teu
[group 9 286/878] JIAOFAHAICHUAN -> code=VIE IMO=9999996 TEU=None status=detail_no_teu
[group 9 287/878] JIAOFATIANLONG -> code=V2L IMO=9999996 TEU=None status=detail_no_teu
[group 9 288/878] JIAOHANGJINYI -> code=2NA IMO=9999996 TEU=None status=detail_no_teu
[group 9 289/878] JIAOHANGXIANGYUN -> code=2MV IMO=9999996 TEU=None status=detail_no_teu
[group 9 290/878] JIAOZHOU MOSCOW 1 -> code=CD1 IMO=9999996 TEU=None status=detail_no_teu
[group 9 291/878] JIAOZHOU MOSCOW 2 -> code=CD2 IMO=9999996 TEU=None status=detail_no_teu
[group 9 292/878] JIAOZHOU MOSCOW 3 -> code=CD3 IMO=9999996 TEU=None status=detail_no_teu
[group 9 293/878] JIAXIANG1668 -> code=VGO IMO=888888 TEU=None status=detail_no_teu
[group 9 294/878] JIAXIANG1678 -> code=VGR IMO=99998888 TEU=None status=detail_no_teu
[group 9 295/878] JIAXIANG6 -> code=VGU IMO=99998188 TEU=None status=detail_no_teu
[group 9 296/878] JIAXING02 -> code=YGD IMO=99999996 TEU=None status=detail_no_teu
[group 9 297/878] JIAXING18 -> code=YE3 IMO=9999996 TEU=None status=detail_no_teu
[group 9 298/878] JIAXING22 -> code=VXW IMO=99999996 TEU=None status=detail_no_teu
[group 9 300/878] JIAXING69 -> code=Y8A IMO=99999996 TEU=None status=detail_no_teu
[group 9 301/878] JIAXUNRONGYAO -> code=2XM IMO=9999996 TEU=None status=detail_no_teu
[group 9 302/878] JIAXUNXIANGHE -> code=2UW IMO=9999996 TEU=None status=detail_no_teu
[group 9 304/878] JIAYONG -> code=160 IMO=7867668 TEU=None status=detail_no_teu
[group 9 305/878] JIAYONG1 -> code=161 IMO=8678768 TEU=None status=detail_no_teu
[group 9 306/878] JIA\xa0XUN\xa0CHANG\xa0DA -> code=DJ3 IMO=9999996 TEU=None status=detail_no_teu
[group 9 307/878] JICHANG -> code=YD7 IMO=9999996 TEU=None status=detail_no_teu
[group 9 308/878] JICHENGMAOTONG -> code=2P8 IMO=9999996 TEU=None status=detail_no_teu
[group 9 309/878] JICHENGMAOTONG003 -> code=V2K IMO=9999996 TEU=None status=detail_no_teu
[group 9 310/878] JICHENGMAOTONG99 -> code=2XF IMO=9999996 TEU=None status=detail_no_teu
[group 9 311/878] JICHENGMAOTONG999 -> code=2TA IMO=9999996 TEU=None status=detail_no_teu
[group 9 312/878] JIDA -> code=YE0 IMO=9999996 TEU=None status=detail_no_teu
[group 9 313/878] JIE NENG 2508 -> code=Z7P IMO=1 TEU=None status=detail_no_teu
[group 9 314/878] JIE NENG 2509 -> code=WUD IMO=20150118 TEU=None status=detail_no_teu
[group 9 315/878] JIEAN 1 -> code=YDN IMO=9999999 TEU=None status=detail_no_teu
[group 9 317/878] JIEAN NO.5 -> code=YHF IMO=9999999 TEU=None status=detail_no_teu
[group 9 318/878] JIEAN NO.6 -> code=YHW IMO=9999996 TEU=None status=detail_no_teu
[group 9 320/878] JIEAN NO.8 -> code=YGV IMO=9999999 TEU=93 status=ok
[group 9 321/878] JIEAN NO.9 -> code=YEY IMO=9999996 TEU=None status=detail_no_teu
[group 9 322/878] JIEAN16HAO -> code=VL4 IMO=999999 TEU=None status=detail_no_teu
[group 9 323/878] JIEHAI 666 -> code=VJM IMO=132412 TEU=None status=detail_no_teu
[group 9 324/878] JIEHAI01 -> code=1AB IMO=99999996 TEU=None status=detail_no_teu
[group 9 325/878] JIEHAI668 -> code=VIS IMO=None TEU=None status=detail_no_teu
[group 9 326/878] JIEHAI888 -> code=2BL IMO=9999996 TEU=None status=detail_no_teu
[group 9 328/878] JIFA BEIHAI -> code=N7V IMO=413205520 TEU=None status=detail_no_teu
[group 9 330/878] JIFA DONGHAI -> code=F96 IMO=9999996 TEU=None status=detail_no_teu
[group 9 332/878] JIGANGHUO0001 -> code=2F4 IMO=9999996 TEU=None status=detail_no_teu
[group 9 333/878] JIGANGHUO0002 -> code=2E1 IMO=9999996 TEU=None status=detail_no_teu
[group 9 336/878] JIHAI 18 -> code=QX7 IMO=85559568 TEU=None status=detail_no_teu
[group 9 337/878] JIHAI006 -> code=Y6E IMO=9999996 TEU=None status=detail_no_teu
[group 9 338/878] JIHAI01 -> code=Z11 IMO=999999998 TEU=None status=detail_no_teu
[group 9 340/878] JIHAI116 -> code=VC4 IMO=99999996 TEU=None status=detail_no_teu
[group 9 341/878] JIHAI166 -> code=VUP IMO=9999996 TEU=None status=detail_no_teu
[group 9 342/878] JIHAIBO 1009 -> code=YX9 IMO=9999996 TEU=None status=detail_no_teu
[group 9 343/878] JIHAIBO1001 -> code=YE6 IMO=9999996 TEU=None status=detail_no_teu
[group 9 344/878] JIHAIBO1007 -> code=YB5 IMO=99999996 TEU=None status=detail_no_teu
[group 9 345/878] JIHAIBO1010 -> code=YU6 IMO=99999996 TEU=None status=detail_no_teu
[group 9 346/878] JIHAICHANG1 -> code=Y2K IMO=99999996 TEU=None status=detail_no_teu
[group 9 347/878] JIHAICHANG2 -> code=YYK IMO=99999996 TEU=None status=detail_no_teu
[group 9 348/878] JIHAICHANG5HAO -> code=2MZ IMO=9999996 TEU=None status=detail_no_teu
[group 9 349/878] JIHAICHANGJIANG -> code=2YD IMO=9999996 TEU=None status=detail_no_teu
[group 9 350/878] JIHAICHANGXING -> code=YTH IMO=99999996 TEU=None status=detail_no_teu
[group 9 351/878] JIHAIDA -> code=YC7 IMO=9999996 TEU=None status=detail_no_teu
[group 9 352/878] JIHAIFENFA -> code=YVR IMO=9999997 TEU=None status=detail_no_teu
[group 9 353/878] JIHAIHONG -> code=YK8 IMO=9999996 TEU=None status=detail_no_teu
[group 9 354/878] JIHAIJIANG -> code=YM4 IMO=9999996 TEU=None status=detail_no_teu
[group 9 355/878] JIHAILUN 1018 -> code=YOS IMO=99999996 TEU=None status=detail_no_teu
[group 9 356/878] JIHAIRUNYANG -> code=2AZ IMO=9999996 TEU=None status=detail_no_teu
[group 9 357/878] JIHAISHUN -> code=YM2 IMO=9999996 TEU=None status=detail_no_teu
[group 9 360/878] JIHAIYONGHANG -> code=YO1 IMO=99999996 TEU=None status=detail_no_teu
[group 9 361/878] JIHAIYONGQIANG -> code=YO0 IMO=99999996 TEU=None status=detail_no_teu
[group 9 362/878] JIHAIYONGXIANG -> code=YBY IMO=99999996 TEU=None status=detail_no_teu
[group 9 365/878] JIHAIYUAN -> code=QX9 IMO=597976669 TEU=None status=detail_no_teu
[group 9 366/878] JIHAIYUN -> code=YK7 IMO=9999996 TEU=None status=detail_no_teu
[group 9 368/878] JIHAIZHIJIE -> code=YBT IMO=9999996 TEU=None status=detail_no_teu
[group 9 369/878] JIHAIZHIJUN -> code=VFH IMO=99999996 TEU=None status=detail_no_teu
[group 9 370/878] JIHAIZHIKUN -> code=RI2 IMO=797970 TEU=None status=detail_no_teu
[group 9 371/878] JIHAIZHIPENG -> code=RCE IMO=987097 TEU=None status=detail_no_teu
[group 9 372/878] JIHAIZHIQUAN -> code=YII IMO=9999996 TEU=None status=detail_no_teu
[group 9 373/878] JIHAIZHONGSHAN -> code=ZQS IMO=99999996 TEU=None status=detail_no_teu
[group 9 374/878] JIHAIZHOU -> code=YKY IMO=9999996 TEU=None status=detail_no_teu
[group 9 375/878] JIHAIZIYUAN -> code=RDU IMO=9999996 TEU=None status=detail_no_teu
[group 9 376/878] JIJING -> code=YD8 IMO=9999996 TEU=None status=detail_no_teu
[group 9 379/878] JIN CHANG HAI -> code=W16 IMO=20150126 TEU=None status=detail_no_teu
[group 9 380/878] JIN CHUAN FA ZHAN -> code=MEW IMO=9999996 TEU=None status=detail_no_teu
[group 9 383/878] JIN FUXING11 -> code=RHJ IMO=99999996 TEU=None status=detail_no_teu
[group 9 389/878] JIN HANG 007 -> code=OFT IMO=9999996 TEU=None status=detail_no_teu
[group 9 390/878] JIN HANG 8288 -> code=NTM IMO=3933631 TEU=None status=detail_no_teu
[group 9 391/878] JIN HONG 82 -> code=LBR IMO=None TEU=None status=detail_no_teu
[group 9 392/878] JIN HUI 128 -> code=HIT IMO=20160110 TEU=None status=detail_no_teu
[group 9 393/878] JIN HUI 139 -> code=LEK IMO=9999996 TEU=None status=detail_no_teu
[group 9 394/878] JIN HUI 168 -> code=F4H IMO=9999996 TEU=None status=detail_no_teu
[group 9 395/878] JIN HUI 188 -> code=LNN IMO=9999996 TEU=None status=detail_no_teu
[group 9 396/878] JIN HUI 218 -> code=W8T IMO=20160509 TEU=None status=detail_no_teu
[group 9 397/878] JIN HUI 22 -> code=LDL IMO=9999996 TEU=None status=detail_no_teu
[group 9 399/878] JIN HUI 26 -> code=LGF IMO=9999996 TEU=None status=detail_no_teu
[group 9 400/878] JIN HUI 288 -> code=WTP IMO=9999996 TEU=1 status=ok
[group 9 401/878] JIN HUI 298 -> code=WMU IMO=9999996 TEU=None status=detail_no_teu
[group 9 402/878] JIN HUI 308 -> code=LYR IMO=9999996 TEU=None status=detail_no_teu
[group 9 403/878] JIN HUI 318 -> code=WTI IMO=9999996 TEU=None status=detail_no_teu
[group 9 405/878] JIN HUI 338 -> code=WSC IMO=99999996 TEU=None status=detail_no_teu
[group 9 406/878] JIN HUI 358 -> code=WSB IMO=99999996 TEU=None status=detail_no_teu
[group 9 407/878] JIN HUI 399 -> code=LFC IMO=9999996 TEU=None status=detail_no_teu
[group 9 408/878] JIN HUI 518 -> code=XHI IMO=99999996 TEU=None status=detail_no_teu
[group 9 410/878] JIN HUI 538 -> code=XBA IMO=99999996 TEU=None status=detail_no_teu
[group 9 411/878] JIN HUI 558 -> code=XBV IMO=9999996 TEU=None status=detail_no_teu
[group 9 413/878] JIN HUI 58 -> code=JH5 IMO=9999996 TEU=None status=detail_no_teu
[group 9 414/878] JIN HUI 588 -> code=XZ1 IMO=9999996 TEU=None status=detail_no_teu
[group 9 415/878] JIN HUI 598 -> code=WTD IMO=99999996 TEU=None status=detail_no_teu
[group 9 417/878] JIN JIANG 888 -> code=YXK IMO=99999996 TEU=None status=detail_no_teu
[group 9 418/878] JIN JIE -> code=ZT5 IMO=99999996 TEU=None status=detail_no_teu
[group 9 420/878] JIN LONG 088 -> code=LAX IMO=9999996 TEU=200 status=ok
[group 9 421/878] JIN LONG 118 -> code=WB8 IMO=99999996 TEU=None status=detail_no_teu
[group 9 422/878] JIN LONG 128 -> code=WC8 IMO=99999996 TEU=None status=detail_no_teu
[group 9 423/878] JIN LONG 135 -> code=WJK IMO=9999996 TEU=None status=detail_no_teu
[group 9 425/878] JIN LONG 138 -> code=B79 IMO=9999996 TEU=None status=detail_no_teu
[group 9 426/878] JIN LONG 139 -> code=W3B IMO=5200550679 TEU=None status=detail_no_teu
[group 9 427/878] JIN LONG 168 -> code=WJ0 IMO=99999996 TEU=None status=detail_no_teu
[group 9 428/878] JIN LONG 22 -> code=WK9 IMO=99999996 TEU=None status=detail_no_teu
[group 9 429/878] JIN LONG 222 -> code=WYO IMO=5200550627 TEU=None status=detail_no_teu
[group 9 430/878] JIN LONG 23 -> code=LG4 IMO=9999996 TEU=None status=detail_no_teu
[group 9 431/878] JIN LONG 26 -> code=XRB IMO=99999996 TEU=None status=detail_no_teu
[group 9 432/878] JIN LONG 301 -> code=XAZ IMO=9999996 TEU=None status=detail_no_teu
[group 9 433/878] JIN LONG 308 -> code=XY8 IMO=99999996 TEU=None status=detail_no_teu
[group 9 435/878] JIN LONG 311 -> code=XIZ IMO=99999996 TEU=None status=detail_no_teu
[group 9 436/878] JIN LONG 312 -> code=XIV IMO=99999996 TEU=None status=detail_no_teu
[group 9 437/878] JIN LONG 318 -> code=XBR IMO=99999996 TEU=None status=detail_no_teu
[group 9 439/878] JIN LONG 32 -> code=WA5 IMO=99999996 TEU=None status=detail_no_teu
[group 9 440/878] JIN LONG 323 -> code=XIW IMO=9999996 TEU=None status=detail_no_teu
[group 9 441/878] JIN LONG 328 -> code=XK7 IMO=99999996 TEU=None status=detail_no_teu
[group 9 444/878] JIN LONG 338 -> code=XG8 IMO=9999996 TEU=None status=detail_no_teu
[group 9 446/878] JIN LONG 358 -> code=XZ0 IMO=99999996 TEU=None status=detail_no_teu
[group 9 447/878] JIN LONG 36 -> code=XRZ IMO=9999996 TEU=None status=detail_no_teu
[group 9 448/878] JIN LONG 363 -> code=XJ2 IMO=99999996 TEU=None status=detail_no_teu
[group 9 449/878] JIN LONG 368 -> code=XKH IMO=9999996 TEU=None status=detail_no_teu
[group 9 450/878] JIN LONG 38 -> code=WM4 IMO=9999996 TEU=None status=detail_no_teu
[group 9 452/878] JIN LONG 382 -> code=XY2 IMO=99999996 TEU=None status=detail_no_teu
[group 9 453/878] JIN LONG 383 -> code=XHC IMO=99999996 TEU=None status=detail_no_teu
[group 9 454/878] JIN LONG 388 -> code=WIV IMO=20150234 TEU=None status=detail_no_teu
[group 9 455/878] JIN LONG 389 -> code=LJK IMO=9999996 TEU=None status=detail_no_teu
[group 9 456/878] JIN LONG 390 -> code=WFJ IMO=99999996 TEU=None status=detail_no_teu
[group 9 457/878] JIN LONG 391 -> code=XUO IMO=9999996 TEU=None status=detail_no_teu
[group 9 458/878] JIN LONG 392 -> code=LFG IMO=9999996 TEU=None status=detail_no_teu
[group 9 459/878] JIN LONG 393 -> code=XI3 IMO=99999996 TEU=None status=detail_no_teu
[group 9 460/878] JIN LONG 398 -> code=X65 IMO=9999996 TEU=None status=detail_no_teu
[group 9 461/878] JIN LONG 399 -> code=XHW IMO=99999996 TEU=None status=detail_no_teu
[group 9 463/878] JIN LONG 518 -> code=W91 IMO=99999996 TEU=None status=detail_no_teu
[group 9 464/878] JIN LONG 528 -> code=XZI IMO=9999996 TEU=None status=detail_no_teu
[group 9 466/878] JIN LONG 65 -> code=WU6 IMO=20150238 TEU=None status=detail_no_teu
[group 9 467/878] JIN LONG 68 -> code=XRT IMO=9999996 TEU=None status=detail_no_teu
[group 9 469/878] JIN LONG 689 -> code=W96 IMO=9999996 TEU=None status=detail_no_teu
[group 9 470/878] JIN LONG 7 -> code=RQN IMO=9797967 TEU=None status=detail_no_teu
[group 9 471/878] JIN LONG 81 -> code=XYX IMO=99999996 TEU=None status=detail_no_teu
[group 9 472/878] JIN LONG 82 -> code=XYT IMO=99999996 TEU=None status=detail_no_teu
[group 9 473/878] JIN LONG 83 -> code=XZB IMO=99999996 TEU=None status=detail_no_teu
[group 9 474/878] JIN LONG 85 -> code=WU3 IMO=99999996 TEU=None status=detail_no_teu
[group 9 475/878] JIN LONG 855 -> code=W35 IMO=99999996 TEU=None status=detail_no_teu
[group 9 477/878] JIN LONG 918 -> code=WFG IMO=5200550417 TEU=None status=detail_no_teu
[group 9 478/878] JIN LONG 928 -> code=WFS IMO=5200550419 TEU=None status=detail_no_teu
[group 9 480/878] JIN LONG HAI -> code=ZLP IMO=99999996 TEU=None status=detail_no_teu
[group 9 482/878] JIN LONG313 -> code=RZP IMO=99999996 TEU=None status=detail_no_teu
[group 9 483/878] JIN LUN 1 HAO -> code=ZHG IMO=99999996 TEU=None status=detail_no_teu
[group 9 484/878] JIN LUN 2 -> code=LJO IMO=9999996 TEU=None status=detail_no_teu
[group 9 486/878] JIN LUN 3 HAO -> code=RRL IMO=99999996 TEU=None status=detail_no_teu
[group 9 490/878] JIN MAN HU -> code=RND IMO=412630030 TEU=332 status=ok
[group 9 496/878] JIN RONG 01 -> code=OBD IMO=9999996 TEU=None status=detail_no_teu
[group 9 497/878] JIN RONG 02 -> code=OBP IMO=9999996 TEU=None status=detail_no_teu
[group 9 499/878] JIN RONG 07 -> code=LHA IMO=9999996 TEU=None status=detail_no_teu
[group 9 500/878] JIN RUI 22 -> code=WDG IMO=9999996 TEU=1 status=ok
[group 9 501/878] JIN RUI 66 -> code=XUV IMO=9999996 TEU=None status=detail_no_teu
[group 9 502/878] JIN SAN JIAO 801 -> code=Z86 IMO=99999996 TEU=None status=detail_no_teu
[group 9 503/878] JIN SHAN HAO -> code=Y75 IMO=99999996 TEU=None status=detail_no_teu
[group 9 507/878] JIN SHUI DAO 289 -> code=WUV IMO=20150014 TEU=None status=detail_no_teu
[group 9 508/878] JIN SHUI DAO 298 -> code=WQU IMO=999996 TEU=None status=detail_no_teu
[group 9 509/878] JIN SHUI DAO 398 -> code=WUO IMO=99999996 TEU=None status=detail_no_teu
[group 9 510/878] JIN SHUI DAO 608 -> code=WSA IMO=99999996 TEU=None status=detail_no_teu
[group 9 511/878] JIN SHUI DAO 628 -> code=WIE IMO=99999996 TEU=None status=detail_no_teu
[group 9 512/878] JIN SHUI DAO 666 -> code=W1Q IMO=20151104 TEU=None status=detail_no_teu
[group 9 513/878] JIN SHUI DAO 778 -> code=WSQ IMO=99999996 TEU=None status=detail_no_teu
[group 9 514/878] JIN SHUI DAO 838 -> code=WNH IMO=99999996 TEU=None status=detail_no_teu
[group 9 516/878] JIN SHUI DAO 868 -> code=Z4A IMO=1 TEU=None status=detail_no_teu
[group 9 517/878] JIN SHUI DAO 888 -> code=WMC IMO=99999996 TEU=None status=detail_no_teu
[group 9 518/878] JIN SHUI DAO 928 -> code=WQS IMO=99999996 TEU=None status=detail_no_teu
[group 9 519/878] JIN SHUI DAO 988 -> code=WDJ IMO=99999996 TEU=None status=detail_no_teu
[group 9 520/878] JIN XING 9 -> code=MOA IMO=9999996 TEU=None status=detail_no_teu
[group 9 523/878] JIN YINDA2 -> code=RHK IMO=99999996 TEU=None status=detail_no_teu
[group 9 525/878] JIN YUAN LUN 8 HAO -> code=W3F IMO=9999996 TEU=None status=detail_no_teu
[group 9 526/878] JIN YUAN RONG HE -> code=D2A IMO=9999996 TEU=None status=detail_no_teu
[group 9 527/878] JIN ZHOU -> code=Z88 IMO=99999996 TEU=None status=detail_no_teu
[group 9 528/878] JINAN MINSK RAIL 2 -> code=JJ2 IMO=9999996 TEU=None status=detail_no_teu
[group 9 529/878] JINAN MINSK RAIL NUMBER 1 -> code=JJ1 IMO=9999996 TEU=None status=detail_no_teu
[group 9 530/878] JINAN MOSCOW NUMBER ONE -> code=JM1 IMO=9999996 TEU=None status=detail_no_teu
[group 9 531/878] JINAN MOSCOW NUMBER TWO -> code=JM2 IMO=9999996 TEU=None status=detail_no_teu
[group 9 532/878] JINAN MOSCOW RAIL NOMBER 4 -> code=JM4 IMO=9999996 TEU=None status=detail_no_teu
[group 9 533/878] JINAN MOSCOW RAIL NUMBER 09 -> code=JM9 IMO=9999996 TEU=None status=detail_no_teu
[group 9 534/878] JINAN MOSCOW RAIL NUMBER 3 -> code=JM3 IMO=9999996 TEU=None status=detail_no_teu
[group 9 535/878] JINAN MOSCOW RAIL NUMBER 5 -> code=JM5 IMO=9999996 TEU=None status=detail_no_teu
[group 9 536/878] JINAN MOSCOW RAIL NUMBER 6 -> code=JM6 IMO=9999996 TEU=None status=detail_no_teu
[group 9 537/878] JINAN MOSCOW RAIL NUMBER 7 -> code=JM7 IMO=9999996 TEU=None status=detail_no_teu
[group 9 538/878] JINAN MOSCOW RAIL NUMBER 8 -> code=JM8 IMO=9999996 TEU=None status=detail_no_teu
[group 9 539/878] JINAN99 -> code=2SX IMO=9999996 TEU=None status=detail_no_teu
[group 9 540/878] JINCHENGHE -> code=T97 IMO=8108810 TEU=1234 status=ok
[group 9 541/878] JINDUOQIHANG -> code=2GT IMO=9999996 TEU=None status=detail_no_teu
[group 9 542/878] JINDUOQIRUI -> code=2GA IMO=9999996 TEU=None status=detail_no_teu
[group 9 544/878] JINFENGJI1 -> code=VPZ IMO=9999996 TEU=None status=detail_no_teu
[group 9 545/878] JINFUYUAN -> code=2HO IMO=9999996 TEU=None status=detail_no_teu
[group 9 546/878] JING AN -> code=ZNF IMO=99999996 TEU=None status=detail_no_teu
[group 9 547/878] JING CHANG HAI -> code=XLL IMO=99999996 TEU=None status=detail_no_teu
[group 9 548/878] JING HANG 002 -> code=2Y0 IMO=9999996 TEU=None status=detail_no_teu
[group 9 550/878] JING SHENG -> code=XC8 IMO=99999996 TEU=None status=detail_no_teu
[group 9 552/878] JINGE006 -> code=2S0 IMO=9999996 TEU=None status=detail_no_teu
[group 9 553/878] JINGE008 -> code=2S1 IMO=9999996 TEU=None status=detail_no_teu
[group 9 554/878] JINGHANG016 -> code=2GB IMO=9999996 TEU=None status=detail_no_teu
[group 9 555/878] JINGHANG027 -> code=2MJ IMO=9999996 TEU=None status=detail_no_teu
[group 9 556/878] JINGHANG028 -> code=2C9 IMO=9999996 TEU=None status=detail_no_teu
[group 9 557/878] JINGHANG033 -> code=2I4 IMO=9999996 TEU=None status=detail_no_teu
[group 9 558/878] JINGHANG069 -> code=2K5 IMO=9999996 TEU=None status=detail_no_teu
[group 9 559/878] JINGHANG081 -> code=2NN IMO=9999996 TEU=None status=detail_no_teu
[group 9 560/878] JINGHANG082 -> code=2NO IMO=9999996 TEU=None status=detail_no_teu
[group 9 561/878] JINGHANG083 -> code=2OB IMO=9999996 TEU=None status=detail_no_teu
[group 9 562/878] JINGHANG085 -> code=2OY IMO=9999996 TEU=None status=detail_no_teu
[group 9 563/878] JINGHANG086 -> code=2AO IMO=9999996 TEU=None status=detail_no_teu
[group 9 564/878] JINGHANG092 -> code=2OZ IMO=9999996 TEU=None status=detail_no_teu
[group 9 565/878] JINGHANG128 -> code=2T8 IMO=9999996 TEU=None status=detail_no_teu
[group 9 566/878] JINGHANG188 -> code=2X5 IMO=9999996 TEU=None status=detail_no_teu
[group 9 567/878] JINGHANG258 -> code=2CT IMO=9999996 TEU=None status=detail_no_teu
[group 9 568/878] JINGHANGJI007 -> code=VQN IMO=9999996 TEU=None status=detail_no_teu
[group 9 569/878] JINGHANGJI568 -> code=2YJ IMO=9999996 TEU=None status=detail_no_teu
[group 9 570/878] JINGHANGZHIXING -> code=VUB IMO=9999996 TEU=None status=detail_no_teu
[group 9 576/878] JINGHUAI009 -> code=VM3 IMO=88888888 TEU=None status=detail_no_teu
[group 9 578/878] JINGHUAI1098 -> code=V50 IMO=9999996 TEU=None status=detail_no_teu
[group 9 579/878] JINGHUAI1HAO -> code=2PE IMO=9999996 TEU=None status=detail_no_teu
[group 9 580/878] JINGHUAI2 -> code=VYI IMO=99999996 TEU=None status=detail_no_teu
[group 9 582/878] JINGHUAI2188 -> code=Y3M IMO=9999996 TEU=None status=detail_no_teu
[group 9 583/878] JINGHUAI288 -> code=VZH IMO=99999999 TEU=None status=detail_no_teu
[group 9 584/878] JINGHUAI2HAO -> code=2Z7 IMO=9999996 TEU=None status=detail_no_teu
[group 9 585/878] JINGHUAI3 -> code=VYM IMO=99999996 TEU=None status=detail_no_teu
[group 9 586/878] JINGHUAI5 -> code=2DW IMO=9999996 TEU=None status=detail_no_teu
[group 9 587/878] JINGHUAI5HAO -> code=VH4 IMO=9999996 TEU=None status=detail_no_teu
[group 9 589/878] JINGHUAI618 -> code=V12 IMO=999996 TEU=None status=detail_no_teu
[group 9 590/878] JINGHUAI6666 -> code=Y1J IMO=9999996 TEU=None status=detail_no_teu
[group 9 591/878] JINGHUAI8 -> code=2WA IMO=9999996 TEU=None status=detail_no_teu
[group 9 592/878] JINGHUAI8HAO -> code=VZG IMO=999999 TEU=None status=detail_no_teu
[group 9 597/878] JINGHUAICHANGJIU -> code=VEP IMO=9999996 TEU=None status=detail_no_teu
[group 9 598/878] JINGHUAIJI888 -> code=VI3 IMO=99999996 TEU=None status=detail_no_teu
[group 9 600/878] JINGSHAN1 -> code=RZ9 IMO=9807097 TEU=None status=detail_no_teu
[group 9 601/878] JINGSHAN966 -> code=VL5 IMO=99999999 TEU=None status=detail_no_teu
[group 9 602/878] JINGSHAN999 -> code=V02 IMO=99999996 TEU=None status=detail_no_teu
[group 9 604/878] JINHAI86 -> code=2KY IMO=9999996 TEU=None status=detail_no_teu
[group 9 605/878] JINHANG019 -> code=2BP IMO=9999996 TEU=None status=detail_no_teu
[group 9 606/878] JINHANG1168 -> code=VLT IMO=9999996 TEU=None status=detail_no_teu
[group 9 607/878] JINHANG1188 -> code=1B9 IMO=9999996 TEU=None status=detail_no_teu
[group 9 608/878] JINHANG1618 -> code=2G8 IMO=9999996 TEU=None status=detail_no_teu
[group 9 609/878] JINHANG166 -> code=2HG IMO=9999996 TEU=None status=detail_no_teu
[group 9 610/878] JINHANG1888 -> code=VYQ IMO=99999996 TEU=None status=detail_no_teu
[group 9 611/878] JINHANG199 -> code=V6Y IMO=9999996 TEU=None status=detail_no_teu
[group 9 612/878] JINHANG6888 -> code=2C3 IMO=9999996 TEU=None status=detail_no_teu
[group 9 613/878] JINHANG777 -> code=2HZ IMO=9999996 TEU=None status=detail_no_teu
[group 9 614/878] JINHANG909 -> code=1A7 IMO=99999996 TEU=None status=detail_no_teu
[group 9 615/878] JINHANG9888 -> code=2IA IMO=9999996 TEU=None status=detail_no_teu
[group 9 616/878] JINHANG999 -> code=VV7 IMO=99999996 TEU=None status=detail_no_teu
[group 9 617/878] JINHANGHONGYUN -> code=2E9 IMO=9999996 TEU=None status=detail_no_teu
[group 9 618/878] JINHANGSHUNDA -> code=V9J IMO=9999996 TEU=None status=detail_no_teu
[group 9 620/878] JINHUAI5188 -> code=VGC IMO=56858895 TEU=None status=detail_no_teu
[group 9 621/878] JININGGANGHANG5001 -> code=2JU IMO=9999996 TEU=None status=detail_no_teu
[group 9 622/878] JININGGANGHANG6001 -> code=2JH IMO=9999996 TEU=None status=detail_no_teu
[group 9 623/878] JININGGANGHANG6002 -> code=2MP IMO=9999996 TEU=None status=detail_no_teu
[group 9 624/878] JININGGANGHANG6003 -> code=2LP IMO=9999996 TEU=None status=detail_no_teu
[group 9 625/878] JININGGANGHANG6005 -> code=2LB IMO=9999996 TEU=None status=detail_no_teu
[group 9 626/878] JININGGANGHANG6006 -> code=2NW IMO=9999996 TEU=None status=detail_no_teu
[group 9 627/878] JININGGANGHANG6008 -> code=2PZ IMO=9999996 TEU=None status=detail_no_teu
[group 9 628/878] JININGGANGHANG6012 -> code=2ZQ IMO=9999996 TEU=None status=detail_no_teu
[group 9 629/878] JININGGANGHANG6016 -> code=2XI IMO=9999996 TEU=None status=detail_no_teu
[group 9 630/878] JININGGANGHANG6017 -> code=2K7 IMO=9999996 TEU=None status=detail_no_teu
[group 9 631/878] JININGGANGHANG7008 -> code=21N IMO=9999996 TEU=None status=detail_no_teu
[group 9 632/878] JININGGANGHANG7010 -> code=2ZS IMO=9999996 TEU=None status=detail_no_teu
[group 9 633/878] JININGGANGHANG7011 -> code=2XU IMO=9999996 TEU=None status=detail_no_teu
[group 9 634/878] JININGGANGHANG9001 -> code=2ZC IMO=9999996 TEU=None status=detail_no_teu
[group 9 635/878] JININGGANGHANG9002 -> code=2XC IMO=9999996 TEU=None status=detail_no_teu
[group 9 636/878] JININGHANGGANG7007 -> code=20W IMO=9999996 TEU=None status=detail_no_teu
[group 9 637/878] JINJI -> code=RC3 IMO=None TEU=None status=detail_no_teu
[group 9 639/878] JINKE006 -> code=2WO IMO=9999996 TEU=None status=detail_no_teu
[group 9 640/878] JINKE008 -> code=2VN IMO=9999996 TEU=None status=detail_no_teu
[group 9 641/878] JINKOUDU1 -> code=VBA IMO=99999996 TEU=None status=detail_no_teu
[group 9 642/878] JINKOUDU10 -> code=VBB IMO=99999996 TEU=None status=detail_no_teu
[group 9 643/878] JINKOUDU11 -> code=VBC IMO=99999996 TEU=None status=detail_no_teu
[group 9 644/878] JINKOUDU16 -> code=VBD IMO=99999996 TEU=None status=detail_no_teu
[group 9 645/878] JINKOUDU18 -> code=VBE IMO=99999996 TEU=None status=detail_no_teu
[group 9 646/878] JINKOUDU20 -> code=VBF IMO=99999996 TEU=None status=detail_no_teu
[group 9 647/878] JINKOUDU21 -> code=VBG IMO=99999996 TEU=None status=detail_no_teu
[group 9 648/878] JINKOUDU22 -> code=VBH IMO=99999996 TEU=None status=detail_no_teu
[group 9 649/878] JINKOUDU23 -> code=VBI IMO=99999996 TEU=None status=detail_no_teu
[group 9 650/878] JINKOUDU24 -> code=VBJ IMO=99999996 TEU=None status=detail_no_teu
[group 9 651/878] JINKOUDU25 -> code=VBK IMO=99999996 TEU=None status=detail_no_teu
[group 9 652/878] JINKOUDU26 -> code=VBL IMO=99999996 TEU=None status=detail_no_teu
[group 9 653/878] JINKOUDU27 -> code=VBM IMO=99999996 TEU=None status=detail_no_teu
[group 9 654/878] JINKOUDU28 -> code=VBN IMO=99999996 TEU=None status=detail_no_teu
[group 9 655/878] JINKOUDU29 -> code=VBO IMO=99999996 TEU=None status=detail_no_teu
[group 9 656/878] JINKOUDU31 -> code=VBP IMO=99999996 TEU=None status=detail_no_teu
[group 9 657/878] JINKOUDU32 -> code=VBQ IMO=99999996 TEU=None status=detail_no_teu
[group 9 658/878] JINKOUDU33 -> code=VBR IMO=99999996 TEU=None status=detail_no_teu
[group 9 659/878] JINKOUDU34 -> code=VBS IMO=99999996 TEU=None status=detail_no_teu
[group 9 660/878] JINKOUDU35 -> code=VBT IMO=99999996 TEU=None status=detail_no_teu
[group 9 661/878] JINKOUDU36 -> code=VBU IMO=99999996 TEU=None status=detail_no_teu
[group 9 662/878] JINKOUDU37 -> code=VBV IMO=99999996 TEU=None status=detail_no_teu
[group 9 663/878] JINKOUDU38 -> code=VBW IMO=99999996 TEU=None status=detail_no_teu
[group 9 664/878] JINKOUDU39 -> code=VCC IMO=99999996 TEU=None status=detail_no_teu
[group 9 665/878] JINKOUDU40 -> code=VCD IMO=99999996 TEU=None status=detail_no_teu
[group 9 666/878] JINKOUDU5 -> code=VBX IMO=99999996 TEU=None status=detail_no_teu
[group 9 667/878] JINKOUDU6 -> code=VBY IMO=99999996 TEU=None status=detail_no_teu
[group 9 668/878] JINKOUDU7 -> code=VBZ IMO=99999996 TEU=None status=detail_no_teu
[group 9 669/878] JINKOUDU8 -> code=VCA IMO=99999996 TEU=None status=detail_no_teu
[group 9 670/878] JINKOUDU9 -> code=VCB IMO=99999996 TEU=None status=detail_no_teu
[group 9 671/878] JINLONG28 -> code=RAE IMO=9790707 TEU=None status=detail_no_teu
[group 9 672/878] JINLONGHONGYUN -> code=2FW IMO=9999996 TEU=None status=detail_no_teu
[group 9 673/878] JINSHENGHE -> code=JH0 IMO=8541277 TEU=None status=detail_no_teu
[group 9 674/878] JINSHUN88 -> code=2BR IMO=9999996 TEU=None status=detail_no_teu
[group 9 675/878] JINTUOJI99999 -> code=2EH IMO=9999996 TEU=None status=detail_no_teu
[group 9 676/878] JINXIANG808 -> code=YDJ IMO=99999996 TEU=None status=detail_no_teu
[group 9 677/878] JINXIANG809 -> code=YDH IMO=99999996 TEU=None status=detail_no_teu
[group 9 678/878] JINXIANG868 -> code=YFP IMO=99999996 TEU=None status=detail_no_teu
[group 9 679/878] JINXIANGYUAN -> code=2HQ IMO=9999996 TEU=None status=detail_no_teu
[group 9 680/878] JINXIUYUNHE -> code=VJA IMO=9999888 TEU=None status=detail_no_teu
[group 9 681/878] JINYU18 -> code=VAU IMO=88888889 TEU=None status=detail_no_teu
[group 9 683/878] JINYU99 -> code=V56 IMO=99999996 TEU=None status=detail_no_teu
[group 9 685/878] JINYUANHUIHUANG -> code=2YZ IMO=9999996 TEU=None status=detail_no_teu
[group 9 686/878] JINYUANNIUYUE -> code=VDH IMO=99999996 TEU=None status=detail_no_teu
[group 9 687/878] JINYUHUIHUANG -> code=V2X IMO=9999996 TEU=None status=detail_no_teu
[group 9 689/878] JINYUSHANGHAI -> code=FTD IMO=9999996 TEU=None status=detail_no_teu
[group 9 690/878] JINYUTAICANG -> code=VF1 IMO=99999996 TEU=None status=detail_no_teu
[group 9 691/878] JINYUWUHAN -> code=VF0 IMO=9999996 TEU=None status=detail_no_teu
[group 9 693/878] JIPING -> code=YD5 IMO=9999996 TEU=None status=detail_no_teu
[group 9 694/878] JIQING -> code=YD9 IMO=9999996 TEU=None status=detail_no_teu
[group 9 696/878] JIRONG -> code=Y37 IMO=99999996 TEU=None status=detail_no_teu
[group 9 697/878] JISHENG -> code=Y36 IMO=99999996 TEU=None status=detail_no_teu
[group 9 700/878] JIUHANGFA -> code=2T3 IMO=9999996 TEU=None status=detail_no_teu
[group 9 701/878] JIUZHOUTONG001 -> code=NED IMO=9999969 TEU=None status=detail_no_teu
[group 9 702/878] JIUZHOUTONG002 -> code=NEE IMO=999999999 TEU=None status=detail_no_teu
[group 9 704/878] JIUZHOUTONG008 -> code=VGB IMO=9999996 TEU=None status=detail_no_teu
[group 9 705/878] JIUZHOUTONG018 -> code=20J IMO=9999996 TEU=None status=detail_no_teu
[group 9 706/878] JIUZHOUTONG666 -> code=2TN IMO=9999996 TEU=None status=detail_no_teu
[group 9 707/878] JIUZHOUTONG888 -> code=2YK IMO=9999996 TEU=None status=detail_no_teu
[group 9 708/878] JIWEI -> code=YD6 IMO=9999996 TEU=None status=detail_no_teu
[group 9 709/878] JIXIN -> code=VNR IMO=1456743 TEU=None status=detail_no_teu
[group 9 710/878] JIXING -> code=YHR IMO=99999996 TEU=None status=detail_no_teu
[group 9 711/878] JIXING8 -> code=VLE IMO=8955867 TEU=None status=detail_no_teu
[group 9 712/878] JIYUNXIANGHE -> code=VKN IMO=6968699 TEU=None status=detail_no_teu
[group 9 713/878] JIZHOU006 -> code=2VF IMO=9999996 TEU=None status=detail_no_teu
[group 9 714/878] JIZHOU888 -> code=2PQ IMO=9999996 TEU=None status=detail_no_teu
[group 9 720/878] JJ TOKYO -> code=SXN IMO=9102526 TEU=None status=detail_no_teu
[group 9 722/878] JML ABADI -> code=BCV IMO=9200196 TEU=None status=detail_no_teu
[group 9 723/878] JML FORTUNE -> code=BG9 IMO=8598132 TEU=None status=detail_no_teu
[group 9 725/878] JOCK RICKMERS -> code=AH8 IMO=99999996 TEU=None status=detail_no_teu
[group 9 730/878] JOHANNES S -> code=R22 IMO=9376141 TEU=2546 status=ok
[group 9 731/878] JOLLY -> code=ACY IMO=8907943 TEU=None status=detail_no_teu
[group 9 732/878] JOLLY ARGENTO -> code=RO6 IMO=7900077 TEU=None status=detail_no_teu
[group 9 733/878] JOLLY BIANCO -> code=QGW IMO=7931765 TEU=None status=detail_no_teu
[group 9 735/878] JONATHAN P -> code=CA5 IMO=9357872 TEU=None status=detail_no_teu
[group 9 737/878] JORDANIA -> code=PB2 IMO=9123805 TEU=None status=detail_no_teu
[group 9 740/878] JOSCO ALMA -> code=MFH IMO=9931501 TEU=1091 status=ok
[group 9 750/878] JOSEPH SCHULTE -> code=S2E IMO=9605243 TEU=9403 status=ok
[group 9 752/878] JPO ARIES -> code=RO7 IMO=9220328 TEU=None status=detail_no_teu
[group 9 754/878] JRS ALSTER -> code=UD1 IMO=934196 TEU=None status=detail_no_teu
[group 9 757/878] JRS PEGASUS -> code=AVX IMO=99999996 TEU=None status=detail_no_teu
[group 9 759/878] JSP ANNA.. -> code=JSA IMO=9354455 TEU=None status=detail_no_teu
[group 9 760/878] JSP LEVANTE -> code=T64 IMO=9330264 TEU=1118 status=ok
[group 9 762/878] JSP RIDER -> code=PN2 IMO=9322566 TEU=None status=detail_no_teu
[group 9 763/878] JSP RIDER (NOT IN USE) -> code=UBC IMO=3676434 TEU=None status=detail_no_teu
[group 9 764/878] JSP ROVER -> code=None IMO=None TEU=None status=search_no_match
[group 9 767/878] JTBN4 -> code=QUN IMO=99999999 TEU=None status=detail_no_teu
[group 9 768/878] JTS SENTOSA -> code=ADL IMO=99999996 TEU=None status=detail_no_teu
[group 9 769/878] JU DE 6666 -> code=OVP IMO=9999996 TEU=None status=detail_no_teu
[group 9 770/878] JU FENG 1089 -> code=OVL IMO=9999996 TEU=None status=detail_no_teu
[group 9 771/878] JU FENG 189 -> code=XFO IMO=100508000083 TEU=None status=detail_no_teu
[group 9 772/878] JU FENG 369 -> code=XKQ IMO=100508000149 TEU=None status=detail_no_teu
[group 9 773/878] JU FENG 559 -> code=W07 IMO=100510000061 TEU=None status=detail_no_teu
[group 9 774/878] JU FENG 619 -> code=XZC IMO=100510000035 TEU=None status=detail_no_teu
[group 9 775/878] JU FENG 689 -> code=XTA IMO=20150030 TEU=None status=detail_no_teu
[group 9 776/878] JU FENG 729 -> code=XXB IMO=100509000212 TEU=None status=detail_no_teu
[group 9 777/878] JU FENG 809 -> code=W49 IMO=100510000134 TEU=None status=detail_no_teu
[group 9 778/878] JU FENG 819 -> code=XRL IMO=100509000098 TEU=None status=detail_no_teu
[group 9 779/878] JU FENG 829 -> code=XSE IMO=100509000108 TEU=None status=detail_no_teu
[group 9 780/878] JU FENG 899 -> code=XKO IMO=9999996 TEU=None status=detail_no_teu
[group 9 782/878] JU FENG 999 -> code=WN1 IMO=1005110 TEU=None status=detail_no_teu
[group 9 783/878] JU HANG 2899 -> code=OYQ IMO=9999996 TEU=None status=detail_no_teu
[group 9 784/878] JU LONG 1089 -> code=WHD IMO=100510000244 TEU=None status=detail_no_teu
[group 9 786/878] JU LONG 189 -> code=XTF IMO=20150032 TEU=None status=detail_no_teu
[group 9 787/878] JU LONG 5589 -> code=L07 IMO=1 TEU=None status=detail_no_teu
[group 9 788/878] JU LONG 5689 -> code=L84 IMO=1 TEU=None status=detail_no_teu
[group 9 789/878] JU LONG 5789 -> code=WOQ IMO=None TEU=None status=detail_no_teu
[group 9 790/878] JU LONG 5889 -> code=WOS IMO=None TEU=None status=detail_no_teu
[group 9 791/878] JU LONG 6889 -> code=LMG IMO=9999996 TEU=None status=detail_no_teu
[group 9 793/878] JU LONG 789 -> code=XTU IMO=20150171 TEU=None status=detail_no_teu
[group 9 794/878] JUBILEE GLORY -> code=ACW IMO=99999996 TEU=None status=detail_no_teu
[group 9 798/878] JUIST TRADER -> code=AYS IMO=9999997 TEU=None status=detail_no_teu
[group 9 800/878] JULIANA -> code=P68 IMO=9477294 TEU=1341 status=ok
[group 9 802/878] JULIUS S -> code=JUL IMO=9294018 TEU=None status=detail_no_teu
[group 9 803/878] JULONG 0098 -> code=YJE IMO=99999996 TEU=None status=detail_no_teu
[group 9 804/878] JULONG1958 -> code=2BH IMO=9999996 TEU=None status=detail_no_teu
[group 9 805/878] JULONG3322 -> code=VMP IMO=1322123 TEU=None status=detail_no_teu
[group 9 806/878] JULONG616 -> code=2ZX IMO=9999996 TEU=None status=detail_no_teu
[group 9 807/878] JULONG698 -> code=VUD IMO=9999996 TEU=None status=detail_no_teu
[group 9 808/878] JULONG7 -> code=2HF IMO=9999996 TEU=None status=detail_no_teu
[group 9 809/878] JULONG9658 -> code=2M8 IMO=9999996 TEU=None status=detail_no_teu
[group 9 810/878] JULONG988 -> code=2T2 IMO=9999996 TEU=None status=detail_no_teu
[group 9 811/878] JULONG9999 -> code=2L7 IMO=9999996 TEU=None status=detail_no_teu
[group 9 812/878] JULONGXIANGRUI -> code=2PK IMO=9999996 TEU=None status=detail_no_teu
[group 9 814/878] JUN FENG 889 -> code=OEQ IMO=9999996 TEU=None status=detail_no_teu
[group 9 815/878] JUN PENG 01 -> code=L44 IMO=20180616 TEU=None status=detail_no_teu
[group 9 816/878] JUN PENG 02 -> code=L49 IMO=1 TEU=None status=detail_no_teu
[group 9 819/878] JUN XING 168 -> code=OXO IMO=9999996 TEU=None status=detail_no_teu
[group 9 820/878] JUN XING 6988 -> code=OXK IMO=9999996 TEU=1 status=ok
[group 9 821/878] JUN XING 8 -> code=LP4 IMO=9999996 TEU=None status=detail_no_teu
[group 9 822/878] JUN ZHENG HE XIE -> code=YXQ IMO=99999996 TEU=None status=detail_no_teu
[group 9 823/878] JUNHAOJI18 -> code=V7E IMO=9999996 TEU=None status=detail_no_teu
[group 9 824/878] JUNHJ8 -> code=Y8H IMO=9999996 TEU=None status=detail_no_teu
[group 9 825/878] JUNSHENG01 -> code=YL0 IMO=99999996 TEU=None status=detail_no_teu
[group 9 828/878] JURONG BALSAM -> code=AK1 IMO=99999996 TEU=None status=detail_no_teu
[group 9 830/878] JURONG BEBARU -> code=AI5 IMO=99999996 TEU=None status=detail_no_teu
[group 9 837/878] KAAN KALKAVAN -> code=PK2 IMO=9365879 TEU=None status=detail_no_teu
[group 9 838/878] KACHIDOKI BRIDGE -> code=S7N IMO=9999996 TEU=None status=detail_no_teu
[group 9 840/878] KAI DA -> code=Y58 IMO=99999996 TEU=None status=detail_no_teu
[group 9 841/878] KAI DA 1388 -> code=Z7H IMO=1 TEU=None status=detail_no_teu
[group 9 842/878] KAI DA 626 -> code=OWR IMO=9999996 TEU=None status=detail_no_teu
[group 9 844/878] KAI HANG 3 -> code=FQH IMO=981 TEU=None status=detail_no_teu
[group 9 846/878] KAI HANG 508 -> code=OV4 IMO=9999996 TEU=None status=detail_no_teu
[group 9 850/878] KAI TONG 158 -> code=OCN IMO=9999996 TEU=None status=detail_no_teu
[group 9 851/878] KAI TONG 16 -> code=NTN IMO=9788586 TEU=None status=detail_no_teu
[group 9 852/878] KAI TONG 66 -> code=FSL IMO=9999996 TEU=None status=detail_no_teu
[group 9 853/878] KAI TONG 69 -> code=2DM IMO=9999996 TEU=None status=detail_no_teu
[group 9 854/878] KAI XUAN 88 -> code=VX4 IMO=None TEU=None status=detail_no_teu
[group 9 856/878] KAI YUAN 5858 -> code=LOM IMO=9999996 TEU=None status=detail_no_teu
[group 9 858/878] KAIANXINGSHENG -> code=2JJ IMO=9999996 TEU=None status=detail_no_teu
[group 9 859/878] KAIBO1989 -> code=3A0 IMO=9999996 TEU=None status=detail_no_teu
[group 9 860/878] KAIBOJI666 -> code=VVO IMO=9999996 TEU=None status=detail_no_teu
[group 9 862/878] KAIFENG -> code=YH3 IMO=9999996 TEU=None status=detail_no_teu
[group 9 863/878] KAIHANG1 -> code=QRX IMO=9999996 TEU=None status=detail_no_teu
[group 9 864/878] KAIHANG166 -> code=VJF IMO=9999996 TEU=None status=detail_no_teu
[group 9 867/878] KAITONG 19 -> code=NDF IMO=413553970 TEU=None status=detail_no_teu
[group 9 870/878] KAITONG 9 -> code=YTF IMO=99999996 TEU=None status=detail_no_teu
[group 9 871/878] KAITONG1 -> code=YVH IMO=99999996 TEU=None status=detail_no_teu
[group 9 872/878] KAITONG88 -> code=QN9 IMO=8676998 TEU=None status=detail_no_teu
[group 9 873/878] KAITONG99 -> code=YZY IMO=99999996 TEU=None status=detail_no_teu
[group 9 874/878] KAIYUAN66 -> code=YGR IMO=99999996 TEU=None status=detail_no_teu
[group 9 878/878] KALINA -> code=U81 IMO=9130444 TEU=None status=detail_no_teu
group 9: saved xlsx -> D:\Files\demo\capaStudy\vessels\csl_group_results\csl_group_09_result_260311235554.xlsx
group 9: saved json -> D:\Files\demo\capaStudy\vessels\csl_group_results\csl_group_09_result_260311235554.json
