[group 15 1/878] SHI TAI 369 -> code=NF9 IMO=9063110 TEU=None status=detail_no_teu
[group 15 2/878] SHI TAI 558 -> code=ZVX IMO=99999996 TEU=None status=detail_no_teu
[group 15 3/878] SHI TAI 568 -> code=Z3C IMO=1 TEU=None status=detail_no_teu
[group 15 4/878] SHI TAI 588 -> code=XG7 IMO=9999996 TEU=None status=detail_no_teu
[group 15 5/878] SHI TAI 598 -> code=F7O IMO=9992212 TEU=None status=detail_no_teu
[group 15 6/878] SHI TAI 6 HAO -> code=XSX IMO=20150112 TEU=None status=detail_no_teu
[group 15 7/878] SHI TAI 618 -> code=W9S IMO=9999996 TEU=None status=detail_no_teu
[group 15 8/878] SHI TAI 68 -> code=ZPL IMO=99999996 TEU=None status=detail_no_teu
[group 15 9/878] SHI TAI 68 HAO -> code=ZXB IMO=99999996 TEU=None status=detail_no_teu
[group 15 10/878] SHI TAI 8 HAO -> code=X23 IMO=99999996 TEU=45 status=ok
[group 15 11/878] SHI TAI 818 -> code=XPQ IMO=9999996 TEU=None status=detail_no_teu
[group 15 12/878] SHI TAI 828 -> code=WSH IMO=9999996 TEU=None status=detail_no_teu
[group 15 13/878] SHI TAI 88 HAO -> code=ZYS IMO=9999996 TEU=None status=detail_no_teu
[group 15 14/878] SHI TAI 888 -> code=XJG IMO=9999996 TEU=None status=detail_no_teu
[group 15 16/878] SHI TONG 883 -> code=XW5 IMO=99999996 TEU=None status=detail_no_teu
[group 15 17/878] SHI YUN 168 -> code=OAV IMO=9999996 TEU=None status=detail_no_teu
[group 15 18/878] SHI YUN 288 -> code=OEG IMO=9999996 TEU=None status=detail_no_teu
[group 15 19/878] SHI YUN 318 -> code=OCH IMO=9999996 TEU=None status=detail_no_teu
[group 15 20/878] SHI YUN 411 -> code=ZGF IMO=99999996 TEU=None status=detail_no_teu
[group 15 21/878] SHI YUN 412 -> code=ZLV IMO=99999996 TEU=None status=detail_no_teu
[group 15 22/878] SHI YUN 501 -> code=XIT IMO=9999996 TEU=None status=detail_no_teu
[group 15 23/878] SHI YUN 502 -> code=ZGT IMO=9999996 TEU=None status=detail_no_teu
[group 15 24/878] SHI YUN 901 -> code=XNV IMO=9999996 TEU=None status=detail_no_teu
[group 15 25/878] SHI YUN 902 -> code=LJQ IMO=9999996 TEU=None status=detail_no_teu
[group 15 26/878] SHIBAO2002 -> code=NXJ IMO=33280 TEU=None status=detail_no_teu
[group 15 28/878] SHIIANGZHUANG MOSCOW TWO -> code=HQ2 IMO=9999996 TEU=None status=detail_no_teu
[group 15 29/878] SHIJIANGZHUANG MOSCOW ONE -> code=HQ1 IMO=9999996 TEU=None status=detail_no_teu
[group 15 30/878] SHIJIAZHUANG MOSCOW 5 -> code=HQ5 IMO=99999996 TEU=None status=detail_no_teu
[group 15 31/878] SHIJIAZHUANG MOSCOW NUMBER 3 -> code=HQ3 IMO=9999996 TEU=None status=detail_no_teu
[group 15 32/878] SHIJIAZHUANG MOSCOW NUMBER 4 -> code=HQ4 IMO=9999996 TEU=None status=detail_no_teu
[group 15 35/878] SHIMANAMI BAY -> code=BH6 IMO=9983425 TEU=None status=detail_no_teu
[group 15 40/878] SHIRIN M -> code=PP1 IMO=9339583 TEU=None status=detail_no_teu
[group 15 41/878] SHU DONG -> code=QUJ IMO=9999996 TEU=None status=detail_no_teu
[group 15 42/878] SHU YUAN 15 -> code=QDA IMO=8585858 TEU=None status=detail_no_teu
[group 15 45/878] SHUI WEI DUN CHUAN -> code=LI8 IMO=9999996 TEU=None status=detail_no_teu
[group 15 46/878] SHUI YUN -> code=BFA IMO=9299513 TEU=None status=detail_no_teu
[group 15 47/878] SHUM HUNG -> code=X25 IMO=9999996 TEU=None status=detail_no_teu
[group 15 49/878] SHUN DA JI 999 -> code=MFF IMO=9999996 TEU=None status=detail_no_teu
[group 15 50/878] SHUN DE 1 HAO -> code=W0F IMO=20160628 TEU=None status=detail_no_teu
[group 15 51/878] SHUN FAT -> code=ZD0 IMO=99999996 TEU=None status=detail_no_teu
[group 15 52/878] SHUN FENG 108 -> code=L34 IMO=9999996 TEU=None status=detail_no_teu
[group 15 53/878] SHUN FENG 128 -> code=LBY IMO=9999996 TEU=None status=detail_no_teu
[group 15 54/878] SHUN FENG 1689 -> code=LG7 IMO=9999996 TEU=None status=detail_no_teu
[group 15 55/878] SHUN FENG 18 -> code=WSU IMO=9999996 TEU=None status=detail_no_teu
[group 15 56/878] SHUN FENG 188 -> code=W1F IMO=20151016 TEU=None status=detail_no_teu
[group 15 57/878] SHUN FENG 19 -> code=WSV IMO=9999996 TEU=None status=detail_no_teu
[group 15 58/878] SHUN FENG 2018 -> code=L55 IMO=9999996 TEU=None status=detail_no_teu
[group 15 59/878] SHUN FENG 218 -> code=LK8 IMO=9999996 TEU=None status=detail_no_teu
[group 15 60/878] SHUN FENG 22 -> code=X6E IMO=20170111 TEU=None status=detail_no_teu
[group 15 61/878] SHUN FENG 228 -> code=W9A IMO=9999996 TEU=None status=detail_no_teu
[group 15 62/878] SHUN FENG 258 -> code=LF6 IMO=9999996 TEU=None status=detail_no_teu
[group 15 63/878] SHUN FENG 26 -> code=LDA IMO=9999996 TEU=None status=detail_no_teu
[group 15 64/878] SHUN FENG 268 -> code=B43 IMO=9999996 TEU=None status=detail_no_teu
[group 15 65/878] SHUN FENG 28 -> code=LG2 IMO=9999996 TEU=None status=detail_no_teu
[group 15 66/878] SHUN FENG 288 -> code=W8X IMO=20160512 TEU=None status=detail_no_teu
[group 15 67/878] SHUN FENG 31 -> code=LJF IMO=9999996 TEU=None status=detail_no_teu
[group 15 68/878] SHUN FENG 33 -> code=B36 IMO=2018050201 TEU=None status=detail_no_teu
[group 15 69/878] SHUN FENG 338 -> code=LLH IMO=9999996 TEU=None status=detail_no_teu
[group 15 70/878] SHUN FENG 368 -> code=B45 IMO=9999996 TEU=None status=detail_no_teu
[group 15 71/878] SHUN FENG 38 -> code=LGH IMO=9999996 TEU=None status=detail_no_teu
[group 15 72/878] SHUN FENG 388 -> code=LVD IMO=9999996 TEU=None status=detail_no_teu
[group 15 73/878] SHUN FENG 520 -> code=X7B IMO=20170113 TEU=None status=detail_no_teu
[group 15 74/878] SHUN FENG 538 -> code=OHT IMO=9999996 TEU=None status=detail_no_teu
[group 15 75/878] SHUN FENG 566 -> code=W6J IMO=9999996 TEU=None status=detail_no_teu
[group 15 76/878] SHUN FENG 638 -> code=ODD IMO=9999996 TEU=None status=detail_no_teu
[group 15 78/878] SHUN FENG 688 -> code=LL5 IMO=9999996 TEU=None status=detail_no_teu
[group 15 79/878] SHUN FENG 788 -> code=O85 IMO=9999996 TEU=None status=detail_no_teu
[group 15 80/878] SHUN FENG 868 -> code=OFC IMO=9999996 TEU=None status=detail_no_teu
[group 15 81/878] SHUN FENG 93 -> code=LKZ IMO=20160905 TEU=None status=detail_no_teu
[group 15 84/878] SHUN FONG 520 -> code=W0R IMO=20160629 TEU=None status=detail_no_teu
[group 15 85/878] SHUN FONG 98 -> code=LKY IMO=20160903 TEU=None status=detail_no_teu
[group 15 86/878] SHUN GANG 1 -> code=ZD1 IMO=99999996 TEU=None status=detail_no_teu
[group 15 87/878] SHUN GANG 12 -> code=ZD2 IMO=99999996 TEU=None status=detail_no_teu
[group 15 89/878] SHUN GANG 2 -> code=ZBZ IMO=99999996 TEU=None status=detail_no_teu
[group 15 90/878] SHUN GANG 8 -> code=ZD6 IMO=99999996 TEU=None status=detail_no_teu
[group 15 91/878] SHUN GANG 9 -> code=VHW IMO=99999996 TEU=None status=detail_no_teu
[group 15 92/878] SHUN GANG 95 -> code=ZD7 IMO=99999996 TEU=None status=detail_no_teu
[group 15 93/878] SHUN GANG CHANG LONG -> code=MVX IMO=9999996 TEU=None status=detail_no_teu
[group 15 94/878] SHUN GANG CHANG RONG -> code=DF5 IMO=9999996 TEU=None status=detail_no_teu
[group 15 95/878] SHUN GANG CHANG YUAN -> code=MMI IMO=9999996 TEU=None status=detail_no_teu
[group 15 96/878] SHUN HAI 13 -> code=WT6 IMO=9999996 TEU=None status=detail_no_teu
[group 15 99/878] SHUN HANG 02 -> code=ZD8 IMO=99999996 TEU=None status=detail_no_teu
[group 15 100/878] SHUN HANG 8 HAO -> code=YBU IMO=9999996 TEU=None status=detail_no_teu
[group 15 101/878] SHUN HONG 007 -> code=LFI IMO=9999996 TEU=None status=detail_no_teu
[group 15 102/878] SHUN HONG HAI 10 -> code=ZU6 IMO=99999996 TEU=None status=detail_no_teu
[group 15 103/878] SHUN HONG HAI 338 -> code=WNE IMO=99999998 TEU=None status=detail_no_teu
[group 15 104/878] SHUN HUNG -> code=ZYZ IMO=99999996 TEU=None status=detail_no_teu
[group 15 105/878] SHUN JIN 188 -> code=YPJ IMO=99999996 TEU=None status=detail_no_teu
[group 15 106/878] SHUN JIN 198 -> code=YI1 IMO=9999996 TEU=None status=detail_no_teu
[group 15 109/878] SHUN JING 308 -> code=ZU3 IMO=99999996 TEU=None status=detail_no_teu
[group 15 110/878] SHUN JING 318 -> code=ZD9 IMO=9999996 TEU=None status=detail_no_teu
[group 15 111/878] SHUN JING 328 -> code=ZE0 IMO=9999996 TEU=None status=detail_no_teu
[group 15 112/878] SHUN JING 3318 -> code=Z6K IMO=9999996 TEU=None status=detail_no_teu
[group 15 113/878] SHUN JING 338 -> code=ZE1 IMO=99999996 TEU=None status=detail_no_teu
[group 15 114/878] SHUN JING 358 -> code=W9Y IMO=9999996 TEU=None status=detail_no_teu
[group 15 115/878] SHUN JING 368 -> code=ZJO IMO=9999996 TEU=None status=detail_no_teu
[group 15 116/878] SHUN JING 388 -> code=XZ4 IMO=9999996 TEU=None status=detail_no_teu
[group 15 117/878] SHUN JING 398 -> code=ZQA IMO=9999996 TEU=None status=detail_no_teu
[group 15 118/878] SHUN JING HANG 818 -> code=ODF IMO=9999996 TEU=None status=detail_no_teu
[group 15 119/878] SHUN KUN1 -> code=RVX IMO=99999996 TEU=None status=detail_no_teu
[group 15 120/878] SHUN LONG -> code=NDX IMO=9159646 TEU=None status=detail_no_teu
[group 15 122/878] SHUN LONG HAI -> code=F91 IMO=9999996 TEU=None status=detail_no_teu
[group 15 123/878] SHUN SHENG -> code=W14 IMO=20150125 TEU=None status=detail_no_teu
[group 15 126/878] SHUN YAN 1101 -> code=B75 IMO=20181031 TEU=None status=detail_no_teu
[group 15 127/878] SHUN YAN 1102 -> code=B76 IMO=20181102 TEU=None status=detail_no_teu
[group 15 128/878] SHUN YI 007 -> code=LQJ IMO=9999996 TEU=None status=detail_no_teu
[group 15 129/878] SHUN YI 313 -> code=W83 IMO=9999996 TEU=None status=detail_no_teu
[group 15 130/878] SHUN YI 328 -> code=XVV IMO=9999996 TEU=None status=detail_no_teu
[group 15 131/878] SHUN YI 333 -> code=XU6 IMO=None TEU=None status=detail_no_teu
[group 15 132/878] SHUN YI 338 -> code=XYN IMO=9999996 TEU=None status=detail_no_teu
[group 15 133/878] SHUN YI 358 -> code=O88 IMO=9999996 TEU=None status=detail_no_teu
[group 15 134/878] SHUN YI 362 -> code=WH4 IMO=9999996 TEU=None status=detail_no_teu
[group 15 135/878] SHUN YI 363 -> code=L16 IMO=9999996 TEU=None status=detail_no_teu
[group 15 137/878] SHUN YI 666 -> code=LQB IMO=9999996 TEU=None status=detail_no_teu
[group 15 138/878] SHUN YI 7 -> code=L15 IMO=9999996 TEU=None status=detail_no_teu
[group 15 139/878] SHUN YI 818 -> code=LG5 IMO=9999996 TEU=None status=detail_no_teu
[group 15 140/878] SHUN YI XING 328 -> code=OVS IMO=9999996 TEU=None status=detail_no_teu
[group 15 141/878] SHUN YU ZHOU 666 -> code=LSB IMO=9999996 TEU=None status=detail_no_teu
[group 15 142/878] SHUN YUAN 15 -> code=QMZ IMO=5675856 TEU=None status=detail_no_teu
[group 15 143/878] SHUN YUE AN YUN 33 -> code=XWC IMO=99999996 TEU=None status=detail_no_teu
[group 15 144/878] SHUN YUE JIANG 001 -> code=XX3 IMO=9999996 TEU=None status=detail_no_teu
[group 15 145/878] SHUN YUE JIANG 002 -> code=XBE IMO=9999996 TEU=None status=detail_no_teu
[group 15 146/878] SHUN YUE JIANG 003 -> code=XU1 IMO=99999998 TEU=None status=detail_no_teu
[group 15 147/878] SHUN YUE JIANG 005 -> code=ZTU IMO=9999996 TEU=None status=detail_no_teu
[group 15 148/878] SHUN YUE JIANG 008 -> code=ZNH IMO=9999996 TEU=None status=detail_no_teu
[group 15 150/878] SHUN YUN ZHI XING -> code=M26 IMO=9999996 TEU=None status=detail_no_teu
[group 15 152/878] SHUN ZE 18 -> code=MHD IMO=9999996 TEU=None status=detail_no_teu
[group 15 153/878] SHUN ZE 19 -> code=SZ7 IMO=9999996 TEU=None status=detail_no_teu
[group 15 154/878] SHUN ZE 26 -> code=DC6 IMO=9999996 TEU=None status=detail_no_teu
[group 15 155/878] SHUN ZE 28 -> code=DE2 IMO=9999996 TEU=None status=detail_no_teu
[group 15 156/878] SHUN ZE 66 -> code=F4B IMO=9999996 TEU=None status=detail_no_teu
[group 15 158/878] SHUN ZHOU 9313 -> code=OAX IMO=9999996 TEU=None status=detail_no_teu
[group 15 159/878] SHUNCHENG01 -> code=YPM IMO=99999996 TEU=None status=detail_no_teu
[group 15 160/878] SHUNCHENG519 -> code=Y6A IMO=99999996 TEU=None status=detail_no_teu
[group 15 161/878] SHUNCHENG998 -> code=V66 IMO=9999996 TEU=None status=detail_no_teu
[group 15 162/878] SHUNCHENG999 -> code=VC1 IMO=99999996 TEU=None status=detail_no_teu
[group 15 163/878] SHUNCHENG999HAO -> code=YPY IMO=99999996 TEU=None status=detail_no_teu
[group 15 164/878] SHUNDAHEXIE -> code=V94 IMO=99999996 TEU=None status=detail_no_teu
[group 15 166/878] SHUNDAJI99 -> code=VQJ IMO=9999996 TEU=None status=detail_no_teu
[group 15 168/878] SHUNDE NEW PORT XUNI -> code=OOE IMO=9999996 TEU=None status=detail_no_teu
[group 15 170/878] SHUNFENG789 -> code=2H1 IMO=9999996 TEU=None status=detail_no_teu
[group 15 171/878] SHUNFENGQIANCHENG -> code=2MH IMO=9999996 TEU=None status=detail_no_teu
[group 15 173/878] SHUNGANG1689 -> code=2DE IMO=9999996 TEU=None status=detail_no_teu
[group 15 174/878] SHUNGANG19 -> code=VJ6 IMO=999999 TEU=None status=detail_no_teu
[group 15 175/878] SHUNGANG216 -> code=VPJ IMO=9999996 TEU=None status=detail_no_teu
[group 15 176/878] SHUNGANG2688 -> code=VUL IMO=9999996 TEU=None status=detail_no_teu
[group 15 177/878] SHUNGANG333 -> code=2JY IMO=9999996 TEU=None status=detail_no_teu
[group 15 178/878] SHUNGANG66 -> code=VV5 IMO=99999996 TEU=None status=detail_no_teu
[group 15 179/878] SHUNGANG666 -> code=2QI IMO=9999996 TEU=None status=detail_no_teu
[group 15 180/878] SHUNGANG868 -> code=VGA IMO=999999998 TEU=None status=detail_no_teu
[group 15 181/878] SHUNGANG88 -> code=VV4 IMO=99999996 TEU=None status=detail_no_teu
[group 15 182/878] SHUNGANG888 -> code=2AK IMO=9999996 TEU=None status=detail_no_teu
[group 15 183/878] SHUNGANG98 -> code=VZD IMO=999999 TEU=None status=detail_no_teu
[group 15 184/878] SHUNGANG99 -> code=V1E IMO=9999996 TEU=None status=detail_no_teu
[group 15 185/878] SHUNGANG999 -> code=2C2 IMO=9999996 TEU=None status=detail_no_teu
[group 15 187/878] SHUNGANGBAO -> code=VB3 IMO=9999996 TEU=None status=detail_no_teu
[group 15 188/878] SHUNGANGCHANGFA -> code=V6F IMO=9999996 TEU=None status=detail_no_teu
[group 15 189/878] SHUNGANGCHANGFU -> code=2II IMO=9999996 TEU=None status=detail_no_teu
[group 15 190/878] SHUNGANGCHANGHONG -> code=V3B IMO=9999996 TEU=None status=detail_no_teu
[group 15 191/878] SHUNGANGCHANGJIE -> code=20F IMO=9999996 TEU=None status=detail_no_teu
[group 15 192/878] SHUNGANGCHANGJIU -> code=1B1 IMO=999999996 TEU=None status=detail_no_teu
[group 15 193/878] SHUNGANGCHANGQING -> code=V9R IMO=9999996 TEU=None status=detail_no_teu
[group 15 195/878] SHUNGANGCHANGWANG -> code=2WE IMO=9999996 TEU=None status=detail_no_teu
[group 15 196/878] SHUNGANGCHANGXIN -> code=2T9 IMO=9999996 TEU=None status=detail_no_teu
[group 15 197/878] SHUNGANGCHANGYUN -> code=2AV IMO=9999996 TEU=None status=detail_no_teu
[group 15 198/878] SHUNGANGHUAMEI -> code=VDG IMO=999999999999 TEU=None status=detail_no_teu
[group 15 199/878] SHUNGANGJIYUN -> code=VY1 IMO=999999 TEU=None status=detail_no_teu
[group 15 200/878] SHUNGANGMINGJIA -> code=VYC IMO=99999996 TEU=None status=detail_no_teu
[group 15 201/878] SHUNGANGTIANYU -> code=2NL IMO=9999996 TEU=None status=detail_no_teu
[group 15 202/878] SHUNGANGTONGYUAN -> code=VYE IMO=999999 TEU=None status=detail_no_teu
[group 15 203/878] SHUNGANGYUNJI -> code=2RE IMO=9999996 TEU=None status=detail_no_teu
[group 15 205/878] SHUNHANG9858 -> code=2HS IMO=9999996 TEU=None status=detail_no_teu
[group 15 207/878] SHUNHANGHUAMEI -> code=VHZ IMO=99999996 TEU=None status=detail_no_teu
[group 15 208/878] SHUNHUI888 -> code=VYR IMO=99999996 TEU=None status=detail_no_teu
[group 15 209/878] SHUNJIANG166 -> code=2JN IMO=9999996 TEU=None status=detail_no_teu
[group 15 210/878] SHUNJIANGJIYUN06 -> code=Y5P IMO=99999996 TEU=120 status=ok
[group 15 212/878] SHUNSHICHUANGXIN -> code=2OS IMO=9999996 TEU=None status=detail_no_teu
[group 15 213/878] SHUNSHIFAZHAN -> code=2PY IMO=9999996 TEU=None status=detail_no_teu
[group 15 216/878] SHUNTONGJI001 -> code=VTC IMO=1111113 TEU=None status=detail_no_teu
[group 15 217/878] SHUNTONGJI002 -> code=VNI IMO=9896898 TEU=None status=detail_no_teu
[group 15 218/878] SHUNXIN87 -> code=21K IMO=9999996 TEU=None status=detail_no_teu
[group 15 220/878] SHUNZE2 -> code=Y5C IMO=99999996 TEU=120 status=ok
[group 15 222/878] SHUNZE5 -> code=1AF IMO=999999 TEU=None status=detail_no_teu
[group 15 224/878] SHUNZE9 -> code=1AG IMO=999999 TEU=None status=detail_no_teu
[group 15 225/878] SHUNZE99 -> code=2ME IMO=9999996 TEU=None status=detail_no_teu
[group 15 226/878] SHUN\xa0FA\xa0HONG\xa0YUN\xa02 -> code=DIX IMO=9999996 TEU=None status=detail_no_teu
[group 15 227/878] SHURONG6 -> code=2IE IMO=9999996 TEU=None status=detail_no_teu
[group 15 228/878] SHURONG8 -> code=2XD IMO=9999996 TEU=None status=detail_no_teu
[group 15 229/878] SI GUAN 698 -> code=X41 IMO=99999996 TEU=None status=detail_no_teu
[group 15 230/878] SI HAI 8866 -> code=WKS IMO=99999996 TEU=None status=detail_no_teu
[group 15 231/878] SI HUI 1 -> code=WFR IMO=99999996 TEU=None status=detail_no_teu
[group 15 235/878] SIAM BRIDGE -> code=AH9 IMO=99999996 TEU=None status=detail_no_teu
[group 15 239/878] SIF W -> code=PX0 IMO=9754434 TEU=None status=detail_no_teu
[group 15 240/878] SIGRID WEHR -> code=AW3 IMO=99999996 TEU=None status=detail_no_teu
[group 15 241/878] SIGYN W -> code=MA8 IMO=9754446 TEU=None status=detail_no_teu
[group 15 242/878] SIHANGJI6986 -> code=2R7 IMO=9999996 TEU=None status=detail_no_teu
[group 15 245/878] SILVER BAY -> code=AWE IMO=9999996 TEU=None status=detail_no_teu
[group 15 246/878] SILVER FERN -> code=VER IMO=9136591 TEU=None status=detail_no_teu
[group 15 248/878] SIMA BRIDGE -> code=ABA IMO=99999996 TEU=None status=detail_no_teu
[group 15 249/878] SIMA EXPRESS -> code=AIJ IMO=9999996 TEU=None status=detail_no_teu
[group 15 250/878] SIMA KAROON -> code=SUZ IMO=8113865 TEU=1182 status=ok
[group 15 251/878] SIMA KIJA -> code=AX7 IMO=99999996 TEU=None status=detail_no_teu
[group 15 253/878] SIMA PRESTIGE -> code=SPT IMO=9999996 TEU=None status=detail_no_teu
[group 15 254/878] SIMA SADAF -> code=A4U IMO=9999996 TEU=None status=detail_no_teu
[group 15 255/878] SIMA SAMAN -> code=ATU IMO=99999996 TEU=None status=detail_no_teu
[group 15 256/878] SIMA SINGAPORE -> code=AUZ IMO=99999996 TEU=None status=detail_no_teu
[group 15 259/878] SINAR AMBON -> code=AOK IMO=99999996 TEU=None status=detail_no_teu
[group 15 260/878] SINAR BAJO -> code=MOF IMO=9942287 TEU=1528 status=ok
[group 15 264/878] SINAR BANTEN -> code=ALH IMO=9999996 TEU=None status=detail_no_teu
[group 15 266/878] SINAR BIAK -> code=AFM IMO=99999996 TEU=None status=detail_no_teu
[group 15 267/878] SINAR BIMA -> code=NJR IMO=9397107 TEU=None status=detail_no_teu
[group 15 270/878] SINAR BORNEO -> code=AS6 IMO=99999996 TEU=None status=detail_no_teu
[group 15 274/878] SINAR DEMAK -> code=AIK IMO=99999996 TEU=None status=detail_no_teu
[group 15 275/878] SINAR JAMBI -> code=AMJ IMO=99999996 TEU=None status=detail_no_teu
[group 15 277/878] SINAR JIMBARAN -> code=A4H IMO=9999996 TEU=None status=detail_no_teu
[group 15 278/878] SINAR LESTARI 302 -> code=MJP IMO=9999996 TEU=None status=detail_no_teu
[group 15 279/878] SINAR LESTARI 318 -> code=BFH IMO=9999996 TEU=None status=detail_no_teu
[group 15 280/878] SINAR LOMBOK -> code=ST5 IMO=8813611 TEU=816 status=ok
[group 15 281/878] SINAR MERAK -> code=AEP IMO=99999996 TEU=None status=detail_no_teu
[group 15 282/878] SINAR NUSA -> code=AW1 IMO=99999996 TEU=None status=detail_no_teu
[group 15 283/878] SINAR PADANG -> code=AY9 IMO=99999996 TEU=None status=detail_no_teu
[group 15 285/878] SINAR PALOPO -> code=A7X IMO=9999996 TEU=None status=detail_no_teu
[group 15 290/878] SINAR POMALAA -> code=A8B IMO=9827956 TEU=609 status=ok
[group 15 291/878] SINAR PRAYA -> code=A4N IMO=99999996 TEU=None status=detail_no_teu
[group 15 292/878] SINAR RIAU -> code=ACE IMO=99999996 TEU=None status=detail_no_teu
[group 15 294/878] SINAR SABANG -> code=AOJ IMO=9435234 TEU=None status=detail_no_teu
[group 15 300/878] SINAR SOLO -> code=ST7 IMO=9202792 TEU=1060 status=ok
[group 15 301/878] SINAR SORON -> code=AEF IMO=9999996 TEU=None status=detail_no_teu
[group 15 306/878] SINAR TANJUNG -> code=A2F IMO=9999996 TEU=None status=detail_no_teu
[group 15 308/878] SINDO FALCON -> code=ADF IMO=99999996 TEU=None status=detail_no_teu
[group 15 309/878] SINDO GARUDA KENCANA -> code=GKA IMO=9999996 TEU=None status=detail_no_teu
[group 15 310/878] SINDO GULL -> code=BA8 IMO=4772802 TEU=None status=detail_no_teu
[group 15 311/878] SINDO HAWK -> code=ADV IMO=99999996 TEU=None status=detail_no_teu
[group 15 320/878] SINOKOR SEOUL -> code=AAN IMO=99999996 TEU=None status=detail_no_teu
[group 15 330/878] SINOTRANS QINGDAO -> code=QMV IMO=9631632 TEU=1106 status=ok
[group 15 336/878] SIRINUN NAVA -> code=ASX IMO=99999996 TEU=None status=detail_no_teu
[group 15 337/878] SIRRAH -> code=U44 IMO=9255402 TEU=None status=detail_no_teu
[group 15 339/878] SITC BATANGAS -> code=MIB IMO=9845738 TEU=None status=detail_no_teu
[group 15 340/878] SITC BUSAN -> code=SWE IMO=9610559 TEU=378 status=ok
[group 15 341/878] SITC CAGAYAN -> code=MID IMO=9845740 TEU=None status=detail_no_teu
[group 15 343/878] SITC CHANGMING -> code=BG5 IMO=9941051 TEU=None status=detail_no_teu
[group 15 345/878] SITC CHULAI -> code=NYL IMO=9305013 TEU=None status=detail_no_teu
[group 15 346/878] SITC CHUNMING -> code=BFR IMO=9932828 TEU=None status=detail_no_teu
[group 15 350/878] SITC EXPRESS -> code=RXM IMO=9999996 TEU=20 status=ok
[group 15 355/878] SITC FUJIAN -> code=NDO IMO=9700938 TEU=None status=detail_no_teu
[group 15 356/878] SITC GENSAN -> code=Q7M IMO=9243239 TEU=None status=detail_no_teu
[group 15 358/878] SITC GUANGXI -> code=NLL IMO=9712395 TEU=None status=detail_no_teu
[group 15 360/878] SITC HAIPHONG -> code=NGO IMO=9261384 TEU=None status=detail_no_teu
[group 15 362/878] SITC HANSHIN -> code=NPD IMO=9727998 TEU=None status=detail_no_teu
[group 15 364/878] SITC HENGDE -> code=DJ2 IMO=9940227 TEU=None status=detail_no_teu
[group 15 367/878] SITC HUIMING -> code=BGN IMO=9941075 TEU=None status=detail_no_teu
[group 15 368/878] SITC INCHON -> code=NGK IMO=9258856 TEU=None status=detail_no_teu
[group 15 369/878] SITC JAKARTA -> code=NA4 IMO=9266126 TEU=None status=detail_no_teu
[group 15 370/878] SITC JIADE -> code=MJN IMO=9918688 TEU=1800 status=ok
[group 15 371/878] SITC KANTO -> code=BBK IMO=9728007 TEU=None status=detail_no_teu
[group 15 376/878] SITC LAEM CHABANG -> code=N1V IMO=9999996 TEU=None status=detail_no_teu
[group 15 380/878] SITC MANILA -> code=QND IMO=9207572 TEU=600 status=ok
[group 15 382/878] SITC MOJI -> code=R6T IMO=9639593 TEU=None status=detail_no_teu
[group 15 390/878] SITC PORT KLANG -> code=NYN IMO=9870836 TEU=2700 status=ok
[group 15 395/878] SITC QIMING -> code=MUX IMO=9932878 TEU=None status=detail_no_teu
[group 15 398/878] SITC QIUMING -> code=BFU IMO=9932830 TEU=None status=detail_no_teu
[group 15 400/878] SITC RENHE -> code=D27 IMO=9943633 TEU=None status=detail_no_teu
[group 15 404/878] SITC SHANDONG -> code=NBI IMO=9691113 TEU=None status=detail_no_teu
[group 15 405/878] SITC SHANGHAI -> code=M28 IMO=9712773 TEU=None status=detail_no_teu
[group 15 407/878] SITC SHENGMING -> code=MUW IMO=9941063 TEU=None status=detail_no_teu
[group 15 410/878] SITC SHIMIZU -> code=QNB IMO=9639658 TEU=None status=detail_no_teu
[group 15 411/878] SITC SHUNHE -> code=DCC IMO=9943669 TEU=None status=detail_no_teu
[group 15 413/878] SITC SURABAYA -> code=S8M IMO=9320025 TEU=None status=detail_no_teu
[group 15 416/878] SITC TOKUYAMA -> code=NGE IMO=9834026 TEU=None status=detail_no_teu
[group 15 420/878] SITC WEIHAI -> code=S8P IMO=9322231 TEU=1043 status=ok
[group 15 427/878] SITC YOKKAICHI -> code=Q84 IMO=9638331 TEU=None status=detail_no_teu
[group 15 430/878] SITC YUANMING -> code=BG1 IMO=9932866 TEU=None status=detail_no_teu
[group 15 433/878] SITC ZHAOMING -> code=BGJ IMO=9932842 TEU=None status=detail_no_teu
[group 15 435/878] SITTWE -> code=AAQ IMO=99999996 TEU=None status=detail_no_teu
[group 15 438/878] SKIATHOS I -> code=KIA IMO=9635688 TEU=None status=detail_no_teu
[group 15 440/878] SKY APOLLO -> code=SKY IMO=8124929 TEU=None status=detail_no_teu
[group 15 450/878] SKY TREASURE -> code=SXO IMO=6587923 TEU=724 status=ok
[group 15 454/878] SKYROS -> code=NE2 IMO=9695016 TEU=None status=detail_no_teu
[group 15 458/878] SM JAKARTA -> code=TA1 IMO=9219240 TEU=None status=detail_no_teu
[group 15 459/878] SM KAVERI -> code=BC3 IMO=9999996 TEU=None status=detail_no_teu
[group 15 460/878] SM KWANGYANG -> code=RD2 IMO=9347425 TEU=6655 status=ok
[group 15 462/878] SM MAHI -> code=UU5 IMO=923651 TEU=None status=detail_no_teu
[group 15 465/878] SM NEYYAR -> code=B07 IMO=9999996 TEU=None status=detail_no_teu
[group 15 470/878] SM TACOMA -> code=NJL IMO=9189366 TEU=5936 status=ok
[group 15 474/878] SMARAGD -> code=UI5 IMO=9267704 TEU=None status=detail_no_teu
[group 15 480/878] SNL NANJING -> code=MUE IMO=9936886 TEU=1182 status=ok
[group 15 485/878] SOFRANA SURVILLE -> code=D28 IMO=9408372 TEU=None status=detail_no_teu
[group 15 486/878] SOGA -> code=AVS IMO=9999997 TEU=None status=detail_no_teu
[group 15 487/878] SOL ALPHA -> code=MCK IMO=9999996 TEU=None status=detail_no_teu
[group 15 490/878] SOL FORTUNE -> code=A9E IMO=9999996 TEU=None status=detail_no_teu
[group 15 492/878] SOL HONGKONG -> code=DFH IMO=9347645 TEU=None status=detail_no_teu
[group 15 500/878] SOL RELIANCE -> code=RFR IMO=9412854 TEU=1708 status=ok
[group 15 502/878] SOL SINGAPORE -> code=BGL IMO=9345910 TEU=None status=detail_no_teu
[group 15 505/878] SOL VALOUR -> code=NWZ IMO=9146285 TEU=None status=detail_no_teu
[group 15 506/878] SOLID 16 -> code=D7C IMO=9999777 TEU=None status=detail_no_teu
[group 15 507/878] SOLID 19 -> code=BK6 IMO=9999778 TEU=None status=detail_no_teu
[group 15 508/878] SOLONG -> code=UAH IMO=9322554 TEU=None status=detail_no_teu
[group 15 510/878] SONDERBORG -> code=UM2 IMO=9454242 TEU=1150 status=ok
[group 15 511/878] SONDERBORG.. -> code=PS5 IMO=9454241 TEU=None status=detail_no_teu
[group 15 519/878] SONGA LEOPARD -> code=MER IMO=9999996 TEU=None status=detail_no_teu
[group 15 520/878] SONGA PANTHER -> code=MLP IMO=9947732 TEU=None status=detail_no_teu
[group 15 526/878] SOON FU -> code=ADS IMO=99999996 TEU=None status=detail_no_teu
[group 15 527/878] SOPHIA -> code=UAO IMO=9433456 TEU=None status=detail_no_teu
[group 15 530/878] SOUNI -> code=N9Y IMO=9371969 TEU=629 status=ok
[group 15 533/878] SOUTHERN LILY -> code=A8W IMO=9999996 TEU=None status=detail_no_teu
[group 15 534/878] SOUTHERN TRADER -> code=AYO IMO=9999997 TEU=None status=detail_no_teu
[group 15 535/878] SPAARNE TRADER -> code=AYQ IMO=9999997 TEU=None status=detail_no_teu
[group 15 539/878] SPICA -> code=AOV IMO=9083043 TEU=None status=detail_no_teu
[group 15 540/878] SPICA J -> code=U27 IMO=9355460 TEU=962 status=ok
[group 15 542/878] SPIL CAYA -> code=MFC IMO=9418640 TEU=None status=detail_no_teu
[group 15 544/878] SPIL HASYA -> code=MDE IMO=9999996 TEU=None status=detail_no_teu
[group 15 550/878] SPIL NISAKA -> code=A4T IMO=9232412 TEU=2470 status=ok
[group 15 552/878] SPIL RAHAYU -> code=BES IMO=9925538 TEU=None status=detail_no_teu
[group 15 553/878] SPIL RATNA -> code=BEP IMO=9886811 TEU=None status=detail_no_teu
[group 15 554/878] SPIL RENATA -> code=BCB IMO=9834533 TEU=None status=detail_no_teu
[group 15 555/878] SPIL RETNO -> code=BEY IMO=9925540 TEU=None status=detail_no_teu
[group 15 556/878] SPIL RUMI -> code=BCX IMO=9889320 TEU=None status=detail_no_teu
[group 15 558/878] SPIRIT OF AUCKLAND -> code=QPV IMO=9360752 TEU=None status=detail_no_teu
[group 15 560/878] SPIRIT OF BERTRAM -> code=Q4Z IMO=9673642 TEU=1730 status=ok
[group 15 562/878] SPIRIT OF DUBAI -> code=PO2 IMO=9366512 TEU=None status=detail_no_teu
[group 15 563/878] SPIRIT OF HAMBURG -> code=N88 IMO=9391660 TEU=None status=detail_no_teu
[group 15 565/878] SPIRIT OF MANILA -> code=A2W IMO=99999996 TEU=None status=detail_no_teu
[group 15 567/878] SPIRIT OF SHANGHAI -> code=QMO IMO=9362401 TEU=None status=detail_no_teu
[group 15 568/878] SPIRIT OF SINGAPORE -> code=QQ1 IMO=9362396 TEU=None status=detail_no_teu
[group 15 569/878] SPIRIT OF SYDNEY -> code=QMP IMO=9391672 TEU=None status=detail_no_teu
[group 15 570/878] SPIRIT. -> code=KB3 IMO=9302254 TEU=750 status=ok
[group 15 572/878] SRICHIANGTHONG -> code=ASC IMO=9999996 TEU=None status=detail_no_teu
[group 15 573/878] SRIMONGKOL -> code=ABP IMO=99999996 TEU=None status=detail_no_teu
[group 15 575/878] SSF DYNAMIC -> code=AXE IMO=9329631 TEU=None status=detail_no_teu
[group 15 576/878] SSF GALENE -> code=GLE IMO=9401063 TEU=None status=detail_no_teu
[group 15 579/878] SSL BHARAT -> code=314 IMO=9141314 TEU=None status=detail_no_teu
[group 15 580/878] SSL BRAHMAPUTRA -> code=QDT IMO=9238806 TEU=4253 status=ok
[group 15 582/878] SSL GANGA -> code=L8S IMO=9256406 TEU=None status=detail_no_teu
[group 15 584/878] SSL GUJARAT -> code=BB8 IMO=9137533 TEU=None status=detail_no_teu
[group 15 586/878] SSL KRISHNA -> code=A9O IMO=9999996 TEU=None status=detail_no_teu
[group 15 587/878] SSL KUTCH -> code=A9H IMO=9157662 TEU=None status=detail_no_teu
[group 15 588/878] SSL MUMBAI -> code=M46 IMO=9137545 TEU=None status=detail_no_teu
[group 15 589/878] SSL SABARIMALAI -> code=BBO IMO=9223899 TEU=None status=detail_no_teu
[group 15 590/878] SSL THAMIRABARANI -> code=QV9 IMO=9312468 TEU=962 status=ok
[group 15 592/878] ST IRENE -> code=AH6 IMO=99999996 TEU=None status=detail_no_teu
[group 15 600/878] ST.JOHN ARK -> code=JFA IMO=9683491 TEU=None status=detail_no_teu
[group 15 601/878] ST.JOHN FAITH -> code=JFH IMO=352924000 TEU=None status=detail_no_teu
[group 15 604/878] STADT COBURG -> code=QHG IMO=9450922 TEU=None status=detail_no_teu
[group 15 605/878] STADT DRESDEN -> code=A3B IMO=9999996 TEU=None status=detail_no_teu
[group 15 608/878] STADT LUEBECK -> code=LUE IMO=9216092 TEU=None status=detail_no_teu
[group 15 609/878] STADT RAVENSBURG -> code=A4K IMO=9999996 TEU=None status=detail_no_teu
[group 15 610/878] STADT ROSTOCK -> code=ASG IMO=9320037 TEU=2741 status=ok
[group 15 613/878] STANLEY A -> code=PG7 IMO=9303807 TEU=None status=detail_no_teu
[group 15 618/878] STAR COMET -> code=UDO IMO=9242596 TEU=None status=detail_no_teu
[group 15 620/878] STAR JUPITER -> code=A3N IMO=9999996 TEU=None status=detail_no_teu
[group 15 621/878] STAR LIGHT NO.1 -> code=OXM IMO=9999996 TEU=None status=detail_no_teu
[group 15 622/878] STAR LITE NO 18 -> code=XZ3 IMO=99999996 TEU=None status=detail_no_teu
[group 15 628/878] STARSHIP MERCURY -> code=BI8 IMO=9981104 TEU=None status=detail_no_teu
[group 15 629/878] STEAMERS FORTUNE -> code=A99 IMO=99999996 TEU=None status=detail_no_teu
[group 15 630/878] STEAMERS POWER -> code=AA0 IMO=99999996 TEU=350 status=ok
[group 15 634/878] STEFAN SIBUM (NFS) -> code=PS0 IMO=9461595 TEU=None status=detail_no_teu
[group 15 636/878] STEINTOR -> code=QPF IMO=9216731 TEU=None status=detail_no_teu
[group 15 639/878] STENA FORECASTER -> code=UV7 IMO=9214678 TEU=None status=detail_no_teu
[group 15 640/878] STENA SHIPPER -> code=A1O IMO=9503639 TEU=None status=detail_no_teu
[group 15 641/878] STEPHANIA K -> code=MZW IMO=9971018 TEU=None status=detail_no_teu
[group 15 643/878] STIDIA -> code=PT1 IMO=9557783 TEU=None status=detail_no_teu
[group 15 648/878] STRAIT MAS -> code=ADJ IMO=99999996 TEU=None status=detail_no_teu
[group 15 650/878] STRIDE -> code=N1D IMO=9149835 TEU=2174 status=ok
[group 15 651/878] STX ASIA -> code=ACF IMO=99999996 TEU=None status=detail_no_teu
[group 15 652/878] STX BUSAN -> code=XF0 IMO=99999999 TEU=None status=detail_no_teu
[group 15 653/878] STX QINGDAO -> code=AUF IMO=9999997 TEU=None status=detail_no_teu
[group 15 654/878] SU BAI WANG 8888 -> code=DF3 IMO=9999996 TEU=None status=detail_no_teu
[group 15 656/878] SU DONG YUE HUO 5188 -> code=2I0 IMO=9999996 TEU=None status=detail_no_teu
[group 15 657/878] SU XIN JI 002 -> code=MFR IMO=9999996 TEU=None status=detail_no_teu
[group 15 658/878] SU XIN JI 003 -> code=MVM IMO=9999996 TEU=None status=detail_no_teu
[group 15 659/878] SU YANG AO JI 1 -> code=YIQ IMO=99999996 TEU=None status=detail_no_teu
[group 15 660/878] SUAPE EXPRESS -> code=NF6 IMO=9332858 TEU=6494 status=ok
[group 15 661/878] SUBAIWANG0001 -> code=2UF IMO=9999996 TEU=None status=detail_no_teu
[group 15 662/878] SUBAIWANG1314 -> code=2IO IMO=9999996 TEU=None status=detail_no_teu
[group 15 663/878] SUBAIWANG6789 -> code=2FX IMO=9999996 TEU=None status=detail_no_teu
[group 15 664/878] SUBAIWANG9999 -> code=2US IMO=9999996 TEU=None status=detail_no_teu
[group 15 665/878] SUCHENGQIHANG -> code=VVE IMO=9999996 TEU=None status=detail_no_teu
[group 15 669/878] SUFADAHUO9898 -> code=VZO IMO=99999999 TEU=None status=detail_no_teu
[group 15 670/878] SUFFOLK TRADER -> code=1AR IMO=9239898 TEU=None status=detail_no_teu
[group 15 671/878] SUHAIJI666 -> code=V6V IMO=9999996 TEU=None status=detail_no_teu
[group 15 672/878] SUHAIJI689 -> code=V5W IMO=9999996 TEU=None status=detail_no_teu
[group 15 673/878] SUHAIJI868 -> code=2BZ IMO=9999996 TEU=None status=detail_no_teu
[group 15 674/878] SUHAITONG1677 -> code=2PP IMO=9999996 TEU=None status=detail_no_teu
[group 15 675/878] SUHAITONG6699 -> code=21T IMO=9999996 TEU=None status=detail_no_teu
[group 15 676/878] SUHAITONG9998 -> code=2TK IMO=9999996 TEU=None status=detail_no_teu
[group 15 677/878] SUHAITONG9999 -> code=V2Y IMO=9999996 TEU=None status=detail_no_teu
[group 15 678/878] SUHUAHANG181 -> code=V03 IMO=9999996 TEU=None status=detail_no_teu
[group 15 679/878] SUHUAIHUO18769 -> code=2TV IMO=9999996 TEU=None status=detail_no_teu
[group 15 680/878] SUHUAIHUO18879 -> code=2J7 IMO=9999996 TEU=None status=detail_no_teu
[group 15 681/878] SUHUAXIJI 1 HAO -> code=RZB IMO=98678969 TEU=None status=detail_no_teu
[group 15 682/878] SUHUAXIJI 2 HAO -> code=RZC IMO=98696967 TEU=None status=detail_no_teu
[group 15 683/878] SUHUAXIJI10HAO -> code=2SA IMO=9999996 TEU=None status=detail_no_teu
[group 15 685/878] SUHUAXIJI5 HAO -> code=Y4N IMO=99999996 TEU=None status=detail_no_teu
[group 15 686/878] SUHUAXIJI6 -> code=QNM IMO=5685858 TEU=None status=detail_no_teu
[group 15 687/878] SUHUAXIJI7 HAO -> code=YZP IMO=99999996 TEU=None status=detail_no_teu
[group 15 688/878] SUHUAXIJI8HAO -> code=V2I IMO=9999996 TEU=None status=detail_no_teu
[group 15 689/878] SUHUAXIJI9 -> code=2CB IMO=9999996 TEU=None status=detail_no_teu
[group 15 690/878] SUI AHGN 805 -> code=ZE4 IMO=99999996 TEU=None status=detail_no_teu
[group 15 692/878] SUI CHI HANG 023 -> code=Z4Y IMO=1 TEU=None status=detail_no_teu
[group 15 694/878] SUI DA 1 -> code=XGN IMO=99999996 TEU=None status=detail_no_teu
[group 15 695/878] SUI DA 2 -> code=XWE IMO=99999996 TEU=None status=detail_no_teu
[group 15 697/878] SUI DA 5 -> code=XUN IMO=99999996 TEU=None status=detail_no_teu
[group 15 698/878] SUI DE YANG 02 -> code=WA6 IMO=20150237 TEU=None status=detail_no_teu
[group 15 699/878] SUI DE YANG 03 -> code=W32 IMO=99999996 TEU=None status=detail_no_teu
[group 15 700/878] SUI DE YANG 05 -> code=W1U IMO=9999996 TEU=None status=detail_no_teu
[group 15 701/878] SUI DE YANG 06 -> code=XO1 IMO=9999996 TEU=None status=detail_no_teu
[group 15 702/878] SUI DE YANG 08 -> code=X52 IMO=9999996 TEU=None status=detail_no_teu
[group 15 703/878] SUI DE YANG 108 -> code=WX7 IMO=9999996 TEU=None status=detail_no_teu
[group 15 704/878] SUI DE YANG 16 -> code=W2Y IMO=9999996 TEU=None status=detail_no_teu
[group 15 705/878] SUI DE YANG 168 -> code=WFK IMO=9999996 TEU=None status=detail_no_teu
[group 15 706/878] SUI DE YANG 17 -> code=LOP IMO=9999996 TEU=None status=detail_no_teu
[group 15 707/878] SUI DE YANG 18 -> code=WQJ IMO=99999996 TEU=None status=detail_no_teu
[group 15 708/878] SUI DE YANG 19 -> code=LON IMO=9999996 TEU=None status=detail_no_teu
[group 15 709/878] SUI DE YANG 198 -> code=OUJ IMO=9999996 TEU=None status=detail_no_teu
[group 15 710/878] SUI DE YANG 20 -> code=W8G IMO=9999996 TEU=None status=detail_no_teu
[group 15 711/878] SUI DE YANG 23 -> code=WLR IMO=99999996 TEU=None status=detail_no_teu
[group 15 712/878] SUI DE YANG 238 -> code=W90 IMO=9999996 TEU=None status=detail_no_teu
[group 15 715/878] SUI DE YANG 28 -> code=WUC IMO=99999996 TEU=None status=detail_no_teu
[group 15 716/878] SUI DE YANG 288 -> code=LJL IMO=9999996 TEU=None status=detail_no_teu
[group 15 718/878] SUI DE YANG 398 -> code=LNJ IMO=9999996 TEU=None status=detail_no_teu
[group 15 719/878] SUI DE YANG 666 -> code=WJA IMO=20150216 TEU=None status=detail_no_teu
[group 15 720/878] SUI DE YANG 668 -> code=O56 IMO=9999996 TEU=1 status=ok
[group 15 721/878] SUI DE YANG 777 -> code=WYH IMO=1506150000 TEU=None status=detail_no_teu
[group 15 722/878] SUI DE YANG 88 -> code=X5E IMO=9999996 TEU=None status=detail_no_teu
[group 15 723/878] SUI DE YANG 888 -> code=XIC IMO=9999996 TEU=None status=detail_no_teu
[group 15 725/878] SUI DONG FANG 3 -> code=W6D IMO=20160327 TEU=None status=detail_no_teu
[group 15 726/878] SUI DONG FANG 301 -> code=XNT IMO=9999996 TEU=None status=detail_no_teu
[group 15 727/878] SUI DONG FANG 308 -> code=XBS IMO=9999996 TEU=None status=detail_no_teu
[group 15 728/878] SUI DONG FANG 313 -> code=WB6 IMO=9999996 TEU=None status=detail_no_teu
[group 15 729/878] SUI DONG FANG 322 -> code=WBZ IMO=9999996 TEU=None status=detail_no_teu
[group 15 730/878] SUI DONG FANG 331 -> code=X73 IMO=9999996 TEU=None status=detail_no_teu
[group 15 731/878] SUI DONG FANG 332 -> code=X18 IMO=9999996 TEU=None status=detail_no_teu
[group 15 732/878] SUI DONG FANG 333 -> code=ZYD IMO=9999996 TEU=None status=detail_no_teu
[group 15 733/878] SUI DONG FANG 335 -> code=XD3 IMO=99999996 TEU=None status=detail_no_teu
[group 15 734/878] SUI DONG FANG 336 -> code=ZQB IMO=9999996 TEU=None status=detail_no_teu
[group 15 735/878] SUI DONG FANG 338 -> code=ZTF IMO=9999996 TEU=None status=detail_no_teu
[group 15 736/878] SUI DONG FANG 339 -> code=XNN IMO=9999996 TEU=None status=detail_no_teu
[group 15 737/878] SUI DONG FANG 366 -> code=ZYT IMO=99999996 TEU=None status=detail_no_teu
[group 15 738/878] SUI DONG FANG 368 -> code=ZLE IMO=9999996 TEU=None status=detail_no_teu
[group 15 739/878] SUI DONG FANG 389 -> code=XY7 IMO=9999996 TEU=None status=detail_no_teu
[group 15 740/878] SUI DONG FANG 391 -> code=X55 IMO=99999996 TEU=None status=detail_no_teu
[group 15 741/878] SUI DONG FANG 393 -> code=XWQ IMO=9999996 TEU=None status=detail_no_teu
[group 15 742/878] SUI DONG FANG 396 -> code=ZRP IMO=99999996 TEU=None status=detail_no_teu
[group 15 743/878] SUI DONG FANG 398 -> code=ZUA IMO=99999996 TEU=None status=detail_no_teu
[group 15 744/878] SUI DONG FANG 558 -> code=XFJ IMO=9999996 TEU=None status=detail_no_teu
[group 15 745/878] SUI DONG FANG 588 -> code=WHP IMO=9999996 TEU=None status=detail_no_teu
[group 15 746/878] SUI DONG FANG 633 -> code=B97 IMO=9999996 TEU=None status=detail_no_teu
[group 15 747/878] SUI DONG FANG 663 -> code=WKC IMO=99999996 TEU=None status=detail_no_teu
[group 15 748/878] SUI DONG FANG 683 -> code=LO1 IMO=9999996 TEU=None status=detail_no_teu
[group 15 749/878] SUI DONG FANG 818 -> code=W7C IMO=20160409 TEU=None status=detail_no_teu
[group 15 750/878] SUI DONG FANG 838 -> code=ZU8 IMO=99999996 TEU=None status=detail_no_teu
[group 15 751/878] SUI DONG FANG 839 -> code=FDS IMO=9999996 TEU=None status=detail_no_teu
[group 15 752/878] SUI DONG FANG 868 -> code=L17 IMO=20180302 TEU=None status=detail_no_teu
[group 15 753/878] SUI DONG FANG 889 -> code=LE9 IMO=9999996 TEU=None status=detail_no_teu
[group 15 754/878] SUI DONG FANG 898 -> code=L37 IMO=1 TEU=None status=detail_no_teu
[group 15 757/878] SUI FU HANG 628 -> code=XZ9 IMO=9999996 TEU=None status=detail_no_teu
[group 15 758/878] SUI FU HANG 68 -> code=H68 IMO=20161109 TEU=None status=detail_no_teu
[group 15 759/878] SUI FU HANG 688 -> code=B39 IMO=20180514 TEU=None status=detail_no_teu
[group 15 760/878] SUI FU HANG 88 -> code=WKT IMO=9999996 TEU=None status=detail_no_teu
[group 15 764/878] SUI FU HANG 988 -> code=LD0 IMO=99999996 TEU=None status=detail_no_teu
[group 15 770/878] SUI GANG 3502 -> code=WLL IMO=99999996 TEU=1 status=ok
[group 15 774/878] SUI GANG 902 -> code=LNI IMO=9999996 TEU=None status=detail_no_teu
[group 15 775/878] SUI GANG 903 -> code=XN7 IMO=99999996 TEU=None status=detail_no_teu
[group 15 777/878] SUI GANG XIN 138 -> code=XNQ IMO=99999996 TEU=None status=detail_no_teu
[group 15 778/878] SUI GANG XIN 201 -> code=XIA IMO=None TEU=None status=detail_no_teu
[group 15 780/878] SUI GANG XIN 203 -> code=ZEX IMO=99999996 TEU=None status=detail_no_teu
[group 15 781/878] SUI GANG XIN 313 -> code=ZFY IMO=99999996 TEU=None status=detail_no_teu
[group 15 782/878] SUI GANG XIN 316 -> code=ZYK IMO=99999996 TEU=None status=detail_no_teu
[group 15 783/878] SUI HAI HONG 33 -> code=WT0 IMO=9999996 TEU=None status=detail_no_teu
[group 15 784/878] SUI HAI HUI 188 -> code=WL8 IMO=99999996 TEU=None status=detail_no_teu
[group 15 785/878] SUI HAI HUI 83 -> code=WZ0 IMO=20150108 TEU=None status=detail_no_teu
[group 15 786/878] SUI HAI YUN 318 -> code=XL3 IMO=9999996 TEU=None status=detail_no_teu
[group 15 787/878] SUI HAI YUN 319 -> code=WCA IMO=9999996 TEU=None status=detail_no_teu
[group 15 788/878] SUI HAI YUN 328 -> code=ZXR IMO=9999996 TEU=None status=detail_no_teu
[group 15 789/878] SUI HAI YUN 331 -> code=X43 IMO=9999996 TEU=None status=detail_no_teu
[group 15 790/878] SUI HAI YUN 332 -> code=XEP IMO=99999996 TEU=None status=detail_no_teu
[group 15 791/878] SUI HAI YUN 333 -> code=X53 IMO=9999996 TEU=None status=detail_no_teu
[group 15 792/878] SUI HAI YUN 336 -> code=W6N IMO=20160310 TEU=None status=detail_no_teu
[group 15 793/878] SUI HAI YUN 338 -> code=XB8 IMO=9999996 TEU=None status=detail_no_teu
[group 15 795/878] SUI HAI YUN 368 -> code=XFI IMO=99999996 TEU=None status=detail_no_teu
[group 15 796/878] SUI HAI YUN 378 -> code=XM4 IMO=9999996 TEU=None status=detail_no_teu
[group 15 797/878] SUI HAI YUN 382 -> code=XJ8 IMO=9999996 TEU=None status=detail_no_teu
[group 15 798/878] SUI HAI YUN 383 -> code=XH6 IMO=9999996 TEU=None status=detail_no_teu
[group 15 799/878] SUI HAI YUN 386 -> code=XGX IMO=9999996 TEU=None status=detail_no_teu
[group 15 800/878] SUI HAI YUN 388 -> code=ZTN IMO=9999996 TEU=None status=detail_no_teu
[group 15 801/878] SUI HAI YUN 389 -> code=XH9 IMO=9999996 TEU=None status=detail_no_teu
[group 15 802/878] SUI HAI YUN 398 -> code=XQV IMO=99999996 TEU=None status=detail_no_teu
[group 15 803/878] SUI HAI YUN 618 -> code=XJ3 IMO=9999996 TEU=None status=detail_no_teu
[group 15 804/878] SUI HAI YUN 628 -> code=XG2 IMO=9999996 TEU=None status=detail_no_teu
[group 15 805/878] SUI HAI YUN 638 -> code=XD8 IMO=9999996 TEU=None status=detail_no_teu
[group 15 806/878] SUI HAI YUN 658 -> code=XXY IMO=9999996 TEU=None status=detail_no_teu
[group 15 807/878] SUI HAI YUN 668 -> code=XXT IMO=9999996 TEU=None status=detail_no_teu
[group 15 808/878] SUI HAI YUN 686 -> code=XXW IMO=9999996 TEU=None status=detail_no_teu
[group 15 809/878] SUI HAI YUN 688 -> code=XWR IMO=9999996 TEU=None status=detail_no_teu
[group 15 810/878] SUI HAI YUN 689 -> code=W7T IMO=20160414 TEU=None status=detail_no_teu
[group 15 811/878] SUI HAI YUN 693 -> code=B56 IMO=9999996 TEU=None status=detail_no_teu
[group 15 812/878] SUI HAI YUN 698 -> code=XYR IMO=9999996 TEU=None status=detail_no_teu
[group 15 813/878] SUI HANG 2301 -> code=ZEC IMO=99999996 TEU=None status=detail_no_teu
[group 15 814/878] SUI HANG 2310 -> code=ZFK IMO=99999996 TEU=None status=detail_no_teu
[group 15 815/878] SUI HANG 581 -> code=ZE2 IMO=99999996 TEU=None status=detail_no_teu
[group 15 816/878] SUI HANG 801 -> code=ZEY IMO=9999996 TEU=None status=detail_no_teu
[group 15 817/878] SUI HANG 802 -> code=W87 IMO=9999996 TEU=None status=detail_no_teu
[group 15 818/878] SUI HANG 803 -> code=ZE3 IMO=99999996 TEU=None status=detail_no_teu
[group 15 820/878] SUI HANG 805 -> code=XZF IMO=99999996 TEU=None status=detail_no_teu
[group 15 821/878] SUI HANG 806 -> code=LDW IMO=9999996 TEU=None status=detail_no_teu
[group 15 822/878] SUI HANG 807 -> code=ZE5 IMO=99999996 TEU=None status=detail_no_teu
[group 15 823/878] SUI HANG 809 -> code=WE7 IMO=9999996 TEU=None status=detail_no_teu
[group 15 824/878] SUI HANG 810 -> code=XGK IMO=9999996 TEU=None status=detail_no_teu
[group 15 825/878] SUI HANG 812 -> code=WGR IMO=99999996 TEU=None status=detail_no_teu
[group 15 827/878] SUI HANG 901 -> code=WEG IMO=9999996 TEU=None status=detail_no_teu
[group 15 828/878] SUI HANG 903 -> code=WL9 IMO=9999996 TEU=None status=detail_no_teu
[group 15 829/878] SUI HANG 906 -> code=WP5 IMO=99999996 TEU=None status=detail_no_teu
[group 15 830/878] SUI HONG HAI 1 -> code=WK7 IMO=5101550224 TEU=1 status=ok
[group 15 831/878] SUI HONG HAI 2 -> code=XKP IMO=51015500225 TEU=None status=detail_no_teu
[group 15 833/878] SUI HONG HAI 5 -> code=XKT IMO=99999996 TEU=None status=detail_no_teu
[group 15 834/878] SUI HONG HAI 6 -> code=XLV IMO=99999996 TEU=None status=detail_no_teu
[group 15 835/878] SUI HONG HAI 8 -> code=XSN IMO=5200550081 TEU=None status=detail_no_teu
[group 15 836/878] SUI HUAN YANG 18 -> code=XP5 IMO=99999996 TEU=None status=detail_no_teu
[group 15 837/878] SUI HUAN YANG 27 -> code=XQJ IMO=99999996 TEU=None status=detail_no_teu
[group 15 838/878] SUI HUAN YANG 28 -> code=WVR IMO=9999996 TEU=None status=detail_no_teu
[group 15 839/878] SUI HUAN YANG 288 -> code=LF0 IMO=9999996 TEU=None status=detail_no_teu
[group 15 840/878] SUI HUAN YANG 688 -> code=Z2L IMO=5200550798 TEU=288 status=ok
[group 15 841/878] SUI HUAN YANG 88 -> code=XAV IMO=99999996 TEU=None status=detail_no_teu
[group 15 842/878] SUI HUO YUN 105 -> code=XUB IMO=99999996 TEU=None status=detail_no_teu
[group 15 843/878] SUI JIAN HANG JI 119 -> code=ZE6 IMO=99999996 TEU=None status=detail_no_teu
[group 15 844/878] SUI JIAN HANG JI 121 -> code=ZE7 IMO=99999996 TEU=None status=detail_no_teu
[group 15 845/878] SUI JIAN HANG JI 126 -> code=XV2 IMO=99999996 TEU=None status=detail_no_teu
[group 15 846/878] SUI JIAN HANG JI 127 -> code=ZDV IMO=99999996 TEU=None status=detail_no_teu
[group 15 847/878] SUI JIAN HANG JI 128 -> code=ZR0 IMO=99999996 TEU=None status=detail_no_teu
[group 15 848/878] SUI JIAN HANG JI 129 -> code=XNE IMO=5101500114 TEU=None status=detail_no_teu
[group 15 849/878] SUI JIAN HANG JI 130 -> code=XN6 IMO=99999996 TEU=None status=detail_no_teu
[group 15 850/878] SUI JIAN HANG JI 131 -> code=ZE9 IMO=99999996 TEU=45 status=ok
[group 15 851/878] SUI JIAN HANG JI 132 -> code=ZOM IMO=99999996 TEU=None status=detail_no_teu
[group 15 853/878] SUI JIANG 319 -> code=ZAB IMO=99999996 TEU=None status=detail_no_teu
[group 15 854/878] SUI JIN YANG 1 -> code=XEG IMO=99999996 TEU=None status=detail_no_teu
[group 15 855/878] SUI JIN YANG 10 -> code=WXW IMO=20150519 TEU=None status=detail_no_teu
[group 15 856/878] SUI JIN YANG 6 -> code=WWI IMO=20150323 TEU=None status=detail_no_teu
[group 15 857/878] SUI JIU 1 -> code=ZBH IMO=5101500034 TEU=None status=detail_no_teu
[group 15 858/878] SUI JIU 2 -> code=ZGN IMO=99999996 TEU=None status=detail_no_teu
[group 15 860/878] SUI JIU 5 -> code=XWL IMO=5101500037 TEU=None status=detail_no_teu
[group 15 862/878] SUI JIU 8 -> code=ZFE IMO=9999996 TEU=None status=detail_no_teu
[group 15 865/878] SUI SHUN DE HUO 0133 -> code=ZYI IMO=99999996 TEU=None status=detail_no_teu
[group 15 866/878] SUI SHUN FENG 883 -> code=B32 IMO=20180411 TEU=None status=detail_no_teu
[group 15 867/878] SUI SHUN FENG 968 -> code=X78 IMO=99999996 TEU=None status=detail_no_teu
[group 15 868/878] SUI SHUN FENG JI 212 -> code=XCD IMO=99999996 TEU=None status=detail_no_teu
[group 15 870/878] SUI SHUN FENG JI 388 -> code=XTW IMO=99999996 TEU=None status=detail_no_teu
[group 15 871/878] SUI SHUN FENG JI 868 -> code=XJ1 IMO=99999996 TEU=None status=detail_no_teu
[group 15 875/878] SUI SHUN FENG JI 988 -> code=XCO IMO=99999996 TEU=None status=detail_no_teu
[group 15 876/878] SUI SHUN GANG 38 -> code=X26 IMO=99999996 TEU=None status=detail_no_teu
[group 15 878/878] SUI SHUN HANG 29 -> code=XIM IMO=9999996 TEU=None status=detail_no_teu
group 15: saved xlsx -> D:\Files\demo\capaStudy\vessels\csl_group_results\csl_group_15_result_260312001927.xlsx
group 15: saved json -> D:\Files\demo\capaStudy\vessels\csl_group_results\csl_group_15_result_260312001927.json
