[group 16 1/878] SUI SHUN HANG 31 -> code=ZJU IMO=99999996 TEU=None status=detail_no_teu
[group 16 3/878] SUI SHUN HANG 35 -> code=X09 IMO=9999996 TEU=None status=detail_no_teu
[group 16 4/878] SUI SHUN HANG 38 -> code=ZXI IMO=9999996 TEU=None status=detail_no_teu
[group 16 5/878] SUI SHUN HANG 39 -> code=XC7 IMO=9999996 TEU=None status=detail_no_teu
[group 16 7/878] SUI WU -> code=SUR IMO=99999996 TEU=None status=detail_no_teu
[group 16 9/878] SUI WU 503 -> code=ZJB IMO=99999996 TEU=None status=detail_no_teu
[group 16 10/878] SUI WU 505 -> code=ZUR IMO=99999996 TEU=None status=detail_no_teu
[group 16 11/878] SUI WU 506 -> code=ZNK IMO=99999996 TEU=None status=detail_no_teu
[group 16 12/878] SUI WU 602 -> code=ZT2 IMO=99999996 TEU=None status=detail_no_teu
[group 16 13/878] SUI WU 605 -> code=ZC6 IMO=99999996 TEU=None status=detail_no_teu
[group 16 14/878] SUI WU 608 -> code=ZJP IMO=99999996 TEU=None status=detail_no_teu
[group 16 15/878] SUI WU 801 -> code=XU4 IMO=99999996 TEU=None status=detail_no_teu
[group 16 17/878] SUI WU 803 -> code=XVB IMO=99999996 TEU=None status=detail_no_teu
[group 16 18/878] SUI WU 805 -> code=ZYM IMO=5101500161 TEU=None status=detail_no_teu
[group 16 19/878] SUI WU 902 -> code=XHF IMO=None TEU=None status=detail_no_teu
[group 16 20/878] SUI WU 903 -> code=XB9 IMO=99999996 TEU=None status=detail_no_teu
[group 16 21/878] SUI XIANG JIANG 668 -> code=WUB IMO=99999996 TEU=None status=detail_no_teu
[group 16 22/878] SUI XIANG JIANG 8 -> code=WKB IMO=90105000092 TEU=None status=detail_no_teu
[group 16 23/878] SUI XIANG JIANG 998 -> code=LER IMO=9999996 TEU=None status=detail_no_teu
[group 16 24/878] SUI XIN JI 368 -> code=XLP IMO=20150243 TEU=None status=detail_no_teu
[group 16 25/878] SUI XING 10 -> code=ZY8 IMO=99999996 TEU=None status=detail_no_teu
[group 16 26/878] SUI XING 11 -> code=ZPA IMO=99999996 TEU=None status=detail_no_teu
[group 16 27/878] SUI XING 12 -> code=ZEV IMO=99999996 TEU=None status=detail_no_teu
[group 16 29/878] SUI YI 196 -> code=ZTD IMO=99999996 TEU=None status=detail_no_teu
[group 16 30/878] SUI YI 197 -> code=ZYF IMO=99999996 TEU=None status=detail_no_teu
[group 16 31/878] SUI YI 501 -> code=XDN IMO=9999996 TEU=None status=detail_no_teu
[group 16 32/878] SUI YI 502 -> code=ZF3 IMO=99999996 TEU=None status=detail_no_teu
[group 16 33/878] SUI YI 503 -> code=XBX IMO=99999996 TEU=None status=detail_no_teu
[group 16 34/878] SUI YI 504 -> code=ZDO IMO=99999996 TEU=None status=detail_no_teu
[group 16 35/878] SUI YI 507 -> code=ZF4 IMO=99999996 TEU=None status=detail_no_teu
[group 16 36/878] SUI YI 508 -> code=ZYW IMO=99999996 TEU=None status=detail_no_teu
[group 16 37/878] SUI YI JI 802 -> code=ZG1 IMO=99999996 TEU=None status=detail_no_teu
[group 16 38/878] SUI YUE 10 -> code=X08 IMO=99999996 TEU=None status=detail_no_teu
[group 16 39/878] SUI YUE 11 -> code=X07 IMO=99999996 TEU=None status=detail_no_teu
[group 16 40/878] SUI YUE 18 HAO -> code=X67 IMO=99999996 TEU=None status=detail_no_teu
[group 16 41/878] SUI YUE 19 HAO -> code=ZFL IMO=99999996 TEU=None status=detail_no_teu
[group 16 43/878] SUI YUE 20 HAO -> code=XFW IMO=99999996 TEU=None status=detail_no_teu
[group 16 44/878] SUI YUE 21 HAO -> code=XFY IMO=9999996 TEU=None status=detail_no_teu
[group 16 45/878] SUI YUE 22 HAO -> code=XFX IMO=9999996 TEU=None status=detail_no_teu
[group 16 46/878] SUI YUE 23 -> code=X01 IMO=99999996 TEU=None status=detail_no_teu
[group 16 47/878] SUI YUE 23 HAO -> code=XA8 IMO=99999996 TEU=None status=detail_no_teu
[group 16 48/878] SUI YUE 25 HAO -> code=X13 IMO=99999996 TEU=None status=detail_no_teu
[group 16 49/878] SUI YUE 26 HAO -> code=X17 IMO=99999996 TEU=None status=detail_no_teu
[group 16 50/878] SUI YUE 27 HAO -> code=XP6 IMO=99999996 TEU=None status=detail_no_teu
[group 16 51/878] SUI YUE 28 HAO -> code=XY9 IMO=99999996 TEU=None status=detail_no_teu
[group 16 53/878] SUI YUE 58 HAO -> code=WI9 IMO=5135550015 TEU=None status=detail_no_teu
[group 16 54/878] SUI YUE 6 HAO -> code=XT8 IMO=99999996 TEU=None status=detail_no_teu
[group 16 55/878] SUI YUE 7 -> code=X14 IMO=99999996 TEU=None status=detail_no_teu
[group 16 56/878] SUI YUE 8 HAO -> code=ZZZ IMO=5101550011 TEU=None status=detail_no_teu
[group 16 58/878] SUI YUN 1 -> code=ZZ9 IMO=99999996 TEU=None status=detail_no_teu
[group 16 59/878] SUIYUE18 -> code=ZRF IMO=99999996 TEU=None status=detail_no_teu
[group 16 60/878] SUJINZHOUJI0001 -> code=2ZJ IMO=9999996 TEU=None status=detail_no_teu
[group 16 61/878] SUJINZHOUJI0002 -> code=2KA IMO=9999996 TEU=None status=detail_no_teu
[group 16 62/878] SULIANYUNGANGHUO1217 -> code=2XO IMO=9999996 TEU=None status=detail_no_teu
[group 16 63/878] SULIANYUNGANGHUO9619 -> code=2LE IMO=9999996 TEU=None status=detail_no_teu
[group 16 64/878] SUMATRA -> code=AM9 IMO=99999996 TEU=None status=detail_no_teu
[group 16 65/878] SUMBA JAYA 8 -> code=ARJ IMO=99999996 TEU=None status=detail_no_teu
[group 16 67/878] SUMBER JAYA 2515 -> code=3GN IMO=14795 TEU=None status=detail_no_teu
[group 16 69/878] SUMBER JAYA 2708 -> code=A8E IMO=9999996 TEU=None status=detail_no_teu
[group 16 70/878] SUMBER JAYA 8 -> code=ATD IMO=9999997 TEU=None status=detail_no_teu
[group 16 74/878] SUN CHOI WAI NO. 8 -> code=XMR IMO=9999996 TEU=None status=detail_no_teu
[group 16 75/878] SUN EXPRESS -> code=A7E IMO=9999996 TEU=None status=detail_no_teu
[group 16 80/878] SUNAID X -> code=U46 IMO=9358539 TEU=866 status=ok
[group 16 83/878] SUNNY COSMOS -> code=Q1S IMO=538005520 TEU=None status=detail_no_teu
[group 16 90/878] SUNSHINE X -> code=QZN IMO=9433949 TEU=None status=detail_no_teu
[group 16 92/878] SUPA BHUM -> code=ANZ IMO=9158757 TEU=None status=detail_no_teu
[group 16 93/878] SUSAN MAERSK -> code=NMO IMO=9120853 TEU=None status=detail_no_teu
[group 16 94/878] SUSHENGHUA6666 -> code=2W5 IMO=9999996 TEU=None status=detail_no_teu
[group 16 95/878] SUSHENGHUA678 -> code=2TR IMO=9999996 TEU=None status=detail_no_teu
[group 16 96/878] SUSHENGHUA6789 -> code=2YG IMO=9999996 TEU=None status=detail_no_teu
[group 16 97/878] SUSHENGHUA988 -> code=2SE IMO=9999996 TEU=None status=detail_no_teu
[group 16 98/878] SUSHUIYUNHUO88888 -> code=VZQ IMO=99999999 TEU=None status=detail_no_teu
[group 16 99/878] SUSHUNFA668 -> code=2Z4 IMO=9999996 TEU=None status=detail_no_teu
[group 16 100/878] SUSHUNFA68 -> code=2FO IMO=9999996 TEU=None status=detail_no_teu
[group 16 101/878] SUSHUNFA9000 -> code=2YA IMO=9999996 TEU=None status=detail_no_teu
[group 16 102/878] SUSHUNFA998 -> code=2J8 IMO=9999996 TEU=None status=detail_no_teu
[group 16 104/878] SUXIANGHUIHUO7888 -> code=2ZB IMO=9999996 TEU=None status=detail_no_teu
[group 16 105/878] SUXINGHUAIJI888 -> code=2A6 IMO=9999996 TEU=None status=detail_no_teu
[group 16 106/878] SUXINHEWANG5888 -> code=2OG IMO=9999996 TEU=None status=detail_no_teu
[group 16 107/878] SUXINHEWANG6666 -> code=2C6 IMO=9999996 TEU=None status=detail_no_teu
[group 16 108/878] SUXINHEWANG888 -> code=2Y1 IMO=9999996 TEU=None status=detail_no_teu
[group 16 109/878] SUXINJI001 -> code=NWM IMO=4138447 TEU=None status=detail_no_teu
[group 16 110/878] SUXINXIANG8888 -> code=2ZE IMO=9999996 TEU=None status=detail_no_teu
[group 16 111/878] SUXUZHOUHUO777 -> code=VZN IMO=99999999 TEU=None status=detail_no_teu
[group 16 112/878] SUXUZHOUHUO99999 -> code=VNX IMO=8776779 TEU=None status=detail_no_teu
[group 16 113/878] SUYANCHENGHU200555 -> code=VWZ IMO=9999996 TEU=None status=detail_no_teu
[group 16 114/878] SUYANCHENGHUO266688 -> code=VVX IMO=9999996 TEU=None status=detail_no_teu
[group 16 115/878] SUYANCHENGHUO268288 -> code=2F3 IMO=9999996 TEU=None status=detail_no_teu
[group 16 116/878] SUYONGSHUN168 -> code=VKM IMO=6969689 TEU=None status=detail_no_teu
[group 16 117/878] SUYUNDAJI6888 -> code=VWA IMO=9999996 TEU=None status=detail_no_teu
[group 16 119/878] SUZHOUALMTYRAILSERVICE -> code=OL1 IMO=9999996 TEU=None status=detail_no_teu
[group 16 120/878] SUZHOUALMTYRAILSERVICE2 -> code=OL2 IMO=9999996 TEU=None status=detail_no_teu
[group 16 121/878] SUZHOUGANG1HAO -> code=2FN IMO=9999996 TEU=None status=detail_no_teu
[group 16 122/878] SUZHOUGANG2HAO -> code=2FL IMO=9999996 TEU=None status=detail_no_teu
[group 16 123/878] SUZHOUGANG3HAO -> code=2QQ IMO=9999996 TEU=None status=detail_no_teu
[group 16 124/878] SUZHOUGANG4HAO -> code=2RH IMO=9999996 TEU=None status=detail_no_teu
[group 16 125/878] SU\xa0SHENG\xa0HUA\xa0008 -> code=DG3 IMO=9999996 TEU=None status=detail_no_teu
[group 16 126/878] SU\xa0SHUN\xa0FA\xa099999 -> code=DF9 IMO=9999996 TEU=None status=detail_no_teu
[group 16 130/878] SVENDBORG -> code=UH2 IMO=9454230 TEU=1008 status=ok
[group 16 131/878] SVENDBORG (NFS) -> code=PV0 IMO=9454231 TEU=None status=detail_no_teu
[group 16 132/878] SVS VEGA -> code=UZ5 IMO=9103788 TEU=None status=detail_no_teu
[group 16 134/878] SWIFT CHINA RUSSIA FOUR -> code=HT4 IMO=9999996 TEU=None status=detail_no_teu
[group 16 135/878] SWIFT CHINA RUSSIA ONE -> code=HT1 IMO=9999996 TEU=None status=detail_no_teu
[group 16 136/878] SWIFT CHINA RUSSIA THREE -> code=HT3 IMO=9999996 TEU=None status=detail_no_teu
[group 16 137/878] SWIFT CHINA RUSSIA TWO -> code=HT2 IMO=9999996 TEU=None status=detail_no_teu
[group 16 140/878] SYDNEY BRIDGE -> code=DE9 IMO=9967304 TEU=None status=detail_no_teu
[group 16 141/878] SYLEVETTE -> code=RM5 IMO=9106766 TEU=None status=detail_no_teu
[group 16 150/878] SYMS TAISHAN -> code=STH IMO=9306249 TEU=1118 status=ok
[group 16 154/878] SYNERGY KEELUNG -> code=RGZ IMO=9450595 TEU=None status=detail_no_teu
[group 16 157/878] SYTY1 -> code=YJN IMO=9999996 TEU=None status=detail_no_teu
[group 16 158/878] SZCZECIN TRADER -> code=AZZ IMO=99999996 TEU=None status=detail_no_teu
[group 16 159/878] T-MOON -> code=TON IMO=8917417 TEU=None status=detail_no_teu
[group 16 160/878] TA CHUNG NO.18 -> code=ZUC IMO=9999996 TEU=None status=detail_no_teu
[group 16 163/878] TAI AN SHENG -> code=ODJ IMO=9999996 TEU=None status=detail_no_teu
[group 16 166/878] TAI CHUANG -> code=AW2 IMO=99999996 TEU=None status=detail_no_teu
[group 16 167/878] TAI DE SHENG -> code=XS2 IMO=99999996 TEU=None status=detail_no_teu
[group 16 170/878] TAI HANG 006 -> code=OY9 IMO=9999996 TEU=1 status=ok
[group 16 171/878] TAI HANG 008 -> code=LQ3 IMO=9999996 TEU=None status=detail_no_teu
[group 16 174/878] TAI HANG 018 -> code=LQH IMO=9999996 TEU=None status=detail_no_teu
[group 16 180/878] TAI HANG 302 -> code=ZG5 IMO=99999996 TEU=42 status=ok
[group 16 181/878] TAI HANG 306 -> code=ZSV IMO=99999996 TEU=None status=detail_no_teu
[group 16 182/878] TAI HANG 308 -> code=ZZ7 IMO=99999996 TEU=None status=detail_no_teu
[group 16 183/878] TAI HANG 309 -> code=ZDP IMO=9999996 TEU=None status=detail_no_teu
[group 16 184/878] TAI HANG 310 -> code=ZCE IMO=99999996 TEU=None status=detail_no_teu
[group 16 185/878] TAI HANG 312 -> code=ZZO IMO=9999996 TEU=None status=detail_no_teu
[group 16 186/878] TAI HANG 368 -> code=ZX0 IMO=99999996 TEU=None status=detail_no_teu
[group 16 187/878] TAI HANG 378 -> code=ZG6 IMO=9999996 TEU=None status=detail_no_teu
[group 16 188/878] TAI HANG 388 -> code=ZHY IMO=99999996 TEU=None status=detail_no_teu
[group 16 189/878] TAI HANG 389 -> code=ZG7 IMO=99999996 TEU=None status=detail_no_teu
[group 16 190/878] TAI HANG 398 -> code=ZG8 IMO=9999996 TEU=None status=detail_no_teu
[group 16 191/878] TAI HANG 508 -> code=ZX1 IMO=99999996 TEU=None status=detail_no_teu
[group 16 193/878] TAI HANG 509 -> code=ZBB IMO=99999996 TEU=None status=detail_no_teu
[group 16 195/878] TAI HANG 638 -> code=ZGU IMO=9999996 TEU=None status=detail_no_teu
[group 16 196/878] TAI HANG 639 -> code=ZFZ IMO=9999996 TEU=None status=detail_no_teu
[group 16 200/878] TAI HANG 9 -> code=ZUT IMO=99999996 TEU=None status=detail_no_teu
[group 16 202/878] TAI HENG 28 -> code=WHE IMO=20150225 TEU=None status=detail_no_teu
[group 16 203/878] TAI HENG 3 -> code=ZFD IMO=99999996 TEU=None status=detail_no_teu
[group 16 204/878] TAI HENG 6 -> code=ZKT IMO=99999996 TEU=None status=detail_no_teu
[group 16 206/878] TAI HENG 9 -> code=ZML IMO=99999996 TEU=None status=detail_no_teu
[group 16 208/878] TAI LEE 2 -> code=X40 IMO=99999996 TEU=None status=detail_no_teu
[group 16 209/878] TAI LI 518 -> code=ZH0 IMO=99999996 TEU=None status=detail_no_teu
[group 16 210/878] TAI LONG 8 -> code=B88 IMO=None TEU=None status=detail_no_teu
[group 16 213/878] TAI SHENG 75 -> code=QUP IMO=99999996 TEU=None status=detail_no_teu
[group 16 215/878] TAI YI -> code=ZMN IMO=99999996 TEU=None status=detail_no_teu
[group 16 216/878] TAI YUAN 881 -> code=D1E IMO=9999996 TEU=None status=detail_no_teu
[group 16 217/878] TAI YUE 218 -> code=ZAV IMO=99999996 TEU=None status=detail_no_teu
[group 16 218/878] TAI YUE 318 -> code=ZJX IMO=99999997 TEU=None status=detail_no_teu
[group 16 219/878] TAI ZUN 168 -> code=O89 IMO=9999996 TEU=None status=detail_no_teu
[group 16 220/878] TAI ZUN 188 -> code=LVY IMO=9999996 TEU=None status=detail_no_teu
[group 16 221/878] TAI ZUN 208 -> code=O19 IMO=9999996 TEU=None status=detail_no_teu
[group 16 223/878] TAI ZUN 228 -> code=ON5 IMO=9999996 TEU=None status=detail_no_teu
[group 16 224/878] TAI ZUN 288 -> code=LX4 IMO=9999996 TEU=None status=detail_no_teu
[group 16 225/878] TAI ZUN 298 -> code=OSL IMO=9999996 TEU=None status=detail_no_teu
[group 16 227/878] TAI ZUN 38 -> code=OEZ IMO=9999996 TEU=None status=detail_no_teu
[group 16 228/878] TAI ZUN 66 -> code=O24 IMO=9999996 TEU=None status=detail_no_teu
[group 16 230/878] TAI ZUN 68 -> code=OA7 IMO=9999996 TEU=None status=detail_no_teu
[group 16 231/878] TAI ZUN 69 -> code=O37 IMO=9999996 TEU=None status=detail_no_teu
[group 16 232/878] TAI ZUN 818 -> code=OCU IMO=9999996 TEU=None status=detail_no_teu
[group 16 233/878] TAI ZUN 88 -> code=OHX IMO=9999996 TEU=None status=detail_no_teu
[group 16 234/878] TAI ZUN 888 -> code=ODO IMO=9999996 TEU=None status=detail_no_teu
[group 16 235/878] TAI ZUN 9 -> code=O92 IMO=9999996 TEU=None status=detail_no_teu
[group 16 238/878] TAIBANG968 -> code=VF6 IMO=99999996 TEU=None status=detail_no_teu
[group 16 240/878] TAIPEI TRIUMPH -> code=NH6 IMO=9737498 TEU=13808 status=ok
[group 16 241/878] TAIPINGYANG01 -> code=Y13 IMO=99999996 TEU=None status=detail_no_teu
[group 16 242/878] TAIPINGYANG02 -> code=Y14 IMO=99999996 TEU=None status=detail_no_teu
[group 16 243/878] TAIPINGYANG03 -> code=Y15 IMO=99999996 TEU=None status=detail_no_teu
[group 16 244/878] TAIPINGYANG05 -> code=YB0 IMO=99999996 TEU=None status=detail_no_teu
[group 16 245/878] TAIPINGYANG06 -> code=Y52 IMO=99999996 TEU=None status=detail_no_teu
[group 16 246/878] TAIPINGYANG07 -> code=YE4 IMO=9999996 TEU=None status=detail_no_teu
[group 16 247/878] TAIPINGYANG08 -> code=YB1 IMO=99999996 TEU=None status=detail_no_teu
[group 16 248/878] TAIPINGYANG09 -> code=YC1 IMO=99999996 TEU=None status=detail_no_teu
[group 16 249/878] TAIPINGYANG11 -> code=YW9 IMO=99999996 TEU=None status=detail_no_teu
[group 16 250/878] TAIPINGYANG12 -> code=YS1 IMO=99999996 TEU=None status=detail_no_teu
[group 16 251/878] TAIPUHANGYUN022 -> code=2V6 IMO=9999996 TEU=None status=detail_no_teu
[group 16 252/878] TAIPUHANGYUN038 -> code=2V5 IMO=9999996 TEU=None status=detail_no_teu
[group 16 253/878] TAIYONG -> code=2J9 IMO=9999996 TEU=None status=detail_no_teu
[group 16 254/878] TAIYUAN MINSK 2 RAIL SERVICE -> code=TM2 IMO=9999996 TEU=None status=detail_no_teu
[group 16 255/878] TAIYUAN MINSK RAIL SERVICE -> code=TM1 IMO=9999996 TEU=None status=detail_no_teu
[group 16 257/878] TAK FAT 128 -> code=ZAI IMO=99999996 TEU=None status=detail_no_teu
[group 16 258/878] TAK LEE FAT 18 -> code=ZW7 IMO=99999996 TEU=None status=detail_no_teu
[group 16 260/878] TAKUTAI CHIEF -> code=R8R IMO=9519327 TEU=None status=detail_no_teu
[group 16 264/878] TAMANRASSET -> code=PZ3 IMO=9760615 TEU=None status=detail_no_teu
[group 16 266/878] TAMPA TRADER -> code=C01 IMO=9675834 TEU=None status=detail_no_teu
[group 16 269/878] TAN CANG 26 -> code=BAR IMO=9999996 TEU=None status=detail_no_teu
[group 16 270/878] TAN CANG 27 -> code=BAN IMO=9999996 TEU=None status=detail_no_teu
[group 16 271/878] TAN CANG 28 -> code=BAI IMO=9999996 TEU=None status=detail_no_teu
[group 16 272/878] TAN CANG 31 -> code=BHF IMO=9999996 TEU=None status=detail_no_teu
[group 16 273/878] TAN CANG 36 -> code=BAL IMO=9999996 TEU=None status=detail_no_teu
[group 16 274/878] TAN CANG 37 -> code=BAV IMO=9999996 TEU=None status=detail_no_teu
[group 16 275/878] TAN CANG 38 -> code=BEE IMO=9999996 TEU=None status=detail_no_teu
[group 16 276/878] TAN CANG 39 -> code=BAP IMO=9999996 TEU=None status=detail_no_teu
[group 16 277/878] TAN CANG 40 -> code=BDT IMO=9999996 TEU=None status=detail_no_teu
[group 16 280/878] TAN CANG VICTORY -> code=A7W IMO=9999996 TEU=None status=detail_no_teu
[group 16 282/878] TANG XIN 6 -> code=F4G IMO=9999996 TEU=None status=detail_no_teu
[group 16 284/878] TANGIER -> code=UH5 IMO=8905543 TEU=None status=detail_no_teu
[group 16 286/878] TANGO -> code=UE6 IMO=9262003 TEU=None status=detail_no_teu
[group 16 290/878] TANTO BERSATU -> code=BE8 IMO=9035515 TEU=None status=detail_no_teu
[group 16 291/878] TANTO CAHAYA -> code=BDZ IMO=8807569 TEU=None status=detail_no_teu
[group 16 292/878] TANTO HEMAT -> code=BCP IMO=9714202 TEU=None status=detail_no_teu
[group 16 294/878] TANTO JAYA -> code=D8A IMO=9179505 TEU=None status=detail_no_teu
[group 16 295/878] TANTO KARUNIA II -> code=BCS IMO=9683506 TEU=None status=detail_no_teu
[group 16 296/878] TANTO KARYA -> code=BEH IMO=9915375 TEU=None status=detail_no_teu
[group 16 297/878] TANTO KASIH -> code=BCA IMO=9852391 TEU=None status=detail_no_teu
[group 16 299/878] TANTO KHARISMA -> code=BEO IMO=9915387 TEU=None status=detail_no_teu
[group 16 300/878] TANTO LANCAR -> code=BC9 IMO=9786592 TEU=None status=detail_no_teu
[group 16 301/878] TANTO LANGGENG -> code=BD3 IMO=9796353 TEU=None status=detail_no_teu
[group 16 302/878] TANTO MANDIRI -> code=BCL IMO=9810109 TEU=None status=detail_no_teu
[group 16 303/878] TANTO MANIS -> code=BCG IMO=9683520 TEU=None status=detail_no_teu
[group 16 304/878] TANTO MITRA -> code=BDC IMO=9810094 TEU=None status=detail_no_teu
[group 16 305/878] TANTO NUSANTARA -> code=PK7 IMO=9259381 TEU=None status=detail_no_teu
[group 16 306/878] TANTO SALAM -> code=D5A IMO=9863883 TEU=None status=detail_no_teu
[group 16 308/878] TANTO SEHAT -> code=BDD IMO=9714197 TEU=None status=detail_no_teu
[group 16 309/878] TANTO SEHATI -> code=BIV IMO=1091850 TEU=None status=detail_no_teu
[group 16 310/878] TANTO SEJAHTERA -> code=BGW IMO=9863895 TEU=932 status=ok
[group 16 311/878] TANTO STAR -> code=AHT IMO=99999996 TEU=None status=detail_no_teu
[group 16 312/878] TANTO SUBUR 1 -> code=BE7 IMO=9055498 TEU=None status=detail_no_teu
[group 16 313/878] TANTO TANGGUH -> code=MJK IMO=9999996 TEU=None status=detail_no_teu
[group 16 315/878] TANTO TERANG -> code=BE1 IMO=9169653 TEU=None status=detail_no_teu
[group 16 316/878] TANTO TERIMA -> code=BBQ IMO=9852389 TEU=None status=detail_no_teu
[group 16 317/878] TAO YUAN -> code=XHP IMO=9108893 TEU=None status=detail_no_teu
[group 16 318/878] TARRAGONA -> code=UL4 IMO=8820212 TEU=None status=detail_no_teu
[group 16 319/878] TASANEE -> code=TSN IMO=9235581 TEU=None status=detail_no_teu
[group 16 320/878] TASMAN -> code=QYO IMO=9189342 TEU=5936 status=ok
[group 16 321/878] TASMAN STRAIT -> code=C03 IMO=9351218 TEU=None status=detail_no_teu
[group 16 322/878] TAT LEE NO.2 -> code=ZW1 IMO=9999996 TEU=None status=detail_no_teu
[group 16 323/878] TAT YAU NO.2 -> code=ZH1 IMO=99999996 TEU=None status=detail_no_teu
[group 16 324/878] TATIANA SCHULTE -> code=RKJ IMO=9999996 TEU=None status=detail_no_teu
[group 16 325/878] TAUNG GYI STAR -> code=A7C IMO=9999996 TEU=None status=detail_no_teu
[group 16 327/878] TAVASTLAND -> code=TVL IMO=9334959 TEU=None status=detail_no_teu
[group 16 330/878] TAY NAM 19 -> code=TN9 IMO=None TEU=128 status=ok
[group 16 333/878] TAY NAM 48 -> code=BHV IMO=9999996 TEU=None status=detail_no_teu
[group 16 339/878] TB.CAPRICORN 106 -> code=D14 IMO=9704336 TEU=None status=detail_no_teu
[group 16 340/878] TBC -> code=130 IMO=999959 TEU=None status=detail_no_teu
[group 16 341/878] TBCTLL -> code=167 IMO=9999996 TEU=None status=detail_no_teu
[group 16 342/878] TBN DK -> code=102 IMO=9999996 TEU=None status=detail_no_teu
[group 16 343/878] TBN10 -> code=120 IMO=2565561 TEU=None status=detail_no_teu
[group 16 344/878] TBN11(RES2) -> code=121 IMO=9999996 TEU=None status=detail_no_teu
[group 16 345/878] TBN12 -> code=122 IMO=9999996 TEU=None status=detail_no_teu
[group 16 346/878] TBN13(MEX4) -> code=123 IMO=9999996 TEU=None status=detail_no_teu
[group 16 347/878] TBN135(EAG) -> code=135 IMO=9999996 TEU=None status=detail_no_teu
[group 16 348/878] TBN136(TAE) -> code=136 IMO=9999996 TEU=None status=detail_no_teu
[group 16 349/878] TBN137(TAX) -> code=137 IMO=9999996 TEU=None status=detail_no_teu
[group 16 350/878] TBN138(GEX1) -> code=138 IMO=9999996 TEU=None status=detail_no_teu
[group 16 351/878] TBN139(GEX2) -> code=139 IMO=9999996 TEU=None status=detail_no_teu
[group 16 352/878] TBN140(EMA) -> code=140 IMO=9999996 TEU=None status=detail_no_teu
[group 16 353/878] TBN141(MENA) -> code=141 IMO=9999996 TEU=None status=detail_no_teu
[group 16 354/878] TBN15(MEX4) -> code=125 IMO=9999996 TEU=None status=detail_no_teu
[group 16 355/878] TBN16(AWE1) -> code=126 IMO=9999996 TEU=None status=detail_no_teu
[group 16 356/878] TBN162 -> code=162 IMO=9999996 TEU=None status=detail_no_teu
[group 16 357/878] TBN163 -> code=163 IMO=9999996 TEU=None status=detail_no_teu
[group 16 358/878] TBN164 -> code=164 IMO=9999996 TEU=None status=detail_no_teu
[group 16 359/878] TBN165 -> code=165 IMO=9999996 TEU=None status=detail_no_teu
[group 16 360/878] TBN166 -> code=166 IMO=9999996 TEU=None status=detail_no_teu
[group 16 361/878] TBN168 -> code=168 IMO=9999996 TEU=None status=detail_no_teu
[group 16 362/878] TBN169 -> code=169 IMO=9999996 TEU=None status=detail_no_teu
[group 16 363/878] TBN18 -> code=128 IMO=None TEU=None status=detail_no_teu
[group 16 364/878] TBN19(AWE4) -> code=129 IMO=9999996 TEU=None status=detail_no_teu
[group 16 365/878] TBN1EPIC3 -> code=111 IMO=9999996 TEU=None status=detail_no_teu
[group 16 366/878] TBN2 -> code=112 IMO=9999996 TEU=None status=detail_no_teu
[group 16 367/878] TBN21 -> code=131 IMO=None TEU=None status=detail_no_teu
[group 16 368/878] TBN22(AWE1) -> code=132 IMO=9999996 TEU=None status=detail_no_teu
[group 16 369/878] TBN23 -> code=133 IMO=None TEU=None status=detail_no_teu
[group 16 370/878] TBN24(MEX4) -> code=134 IMO=9999996 TEU=None status=detail_no_teu
[group 16 371/878] TBN3 -> code=113 IMO=9999996 TEU=None status=detail_no_teu
[group 16 372/878] TBN32 -> code=142 IMO=None TEU=None status=detail_no_teu
[group 16 373/878] TBN33 -> code=143 IMO=None TEU=None status=detail_no_teu
[group 16 374/878] TBN34 -> code=144 IMO=None TEU=None status=detail_no_teu
[group 16 375/878] TBN35 -> code=145 IMO=None TEU=None status=detail_no_teu
[group 16 376/878] TBN36 -> code=146 IMO=None TEU=None status=detail_no_teu
[group 16 377/878] TBN37 -> code=147 IMO=None TEU=None status=detail_no_teu
[group 16 378/878] TBN38 -> code=148 IMO=None TEU=None status=detail_no_teu
[group 16 379/878] TBN39 -> code=149 IMO=None TEU=None status=detail_no_teu
[group 16 380/878] TBN4 -> code=114 IMO=9999996 TEU=None status=detail_no_teu
[group 16 381/878] TBN40 -> code=150 IMO=None TEU=None status=detail_no_teu
[group 16 382/878] TBN5 -> code=115 IMO=9999996 TEU=None status=detail_no_teu
[group 16 383/878] TBN6(RES2) -> code=116 IMO=9999996 TEU=None status=detail_no_teu
[group 16 384/878] TBN7 -> code=117 IMO=9999996 TEU=None status=detail_no_teu
[group 16 385/878] TBN8(RES2) -> code=118 IMO=9999996 TEU=None status=detail_no_teu
[group 16 386/878] TBN9 -> code=119 IMO=9999996 TEU=None status=detail_no_teu
[group 16 389/878] TCI ARJUN -> code=TC5 IMO=9258234 TEU=None status=detail_no_teu
[group 16 390/878] TEERA BHUM -> code=AEB IMO=9300130 TEU=1858 status=ok
[group 16 391/878] TEH TAICHUNG -> code=R17 IMO=9359727 TEU=None status=detail_no_teu
[group 16 392/878] TEHG XIAN HAI TONG 889 -> code=Z7C IMO=1 TEU=None status=detail_no_teu
[group 16 393/878] TELEMANN -> code=NJY IMO=9316373 TEU=None status=detail_no_teu
[group 16 394/878] TELUK BERAU -> code=BDM IMO=9563976 TEU=None status=detail_no_teu
[group 16 395/878] TELUK BINTUNI -> code=BDX IMO=9551076 TEU=None status=detail_no_teu
[group 16 396/878] TELUK FLAMINGGO -> code=BE4 IMO=9551088 TEU=None status=detail_no_teu
[group 16 400/878] TENG HE -> code=CDH IMO=9067570 TEU=4215 status=ok
[group 16 403/878] TENG XIAN CHANG SHUN 1688 -> code=OX3 IMO=9999996 TEU=None status=detail_no_teu
[group 16 404/878] TENG XIAN CHANG SHUN 8888 -> code=OUW IMO=9999996 TEU=None status=detail_no_teu
[group 16 405/878] TENG XIAN FENG SHUN 0800 -> code=XSH IMO=99999996 TEU=None status=detail_no_teu
[group 16 406/878] TENG XIAN FENG SHUN 0801 -> code=LSE IMO=9999996 TEU=None status=detail_no_teu
[group 16 407/878] TENG XIAN FENG SHUN 0802 -> code=L86 IMO=1 TEU=None status=detail_no_teu
[group 16 408/878] TENG XIAN FENG SHUN 0803 -> code=XST IMO=99999996 TEU=None status=detail_no_teu
[group 16 409/878] TENG XIAN FENG SHUN 0806 -> code=WK1 IMO=99999996 TEU=None status=detail_no_teu
[group 16 410/878] TENG XIAN FENG SHUN 0808 -> code=XJJ IMO=100906000090 TEU=None status=detail_no_teu
[group 16 411/878] TENG XIAN FENG SHUN 0901 -> code=W4H IMO=20160309 TEU=None status=detail_no_teu
[group 16 412/878] TENG XIAN FENG SHUN 0908 -> code=WM5 IMO=100910000096 TEU=None status=detail_no_teu
[group 16 413/878] TENG XIAN FENG SHUN 0918 -> code=W02 IMO=20150024 TEU=None status=detail_no_teu
[group 16 414/878] TENG XIAN FENG SHUN 1001 -> code=WC4 IMO=99999996 TEU=None status=detail_no_teu
[group 16 415/878] TENG XIAN FENG SHUN 1002 -> code=LDF IMO=9999996 TEU=None status=detail_no_teu
[group 16 416/878] TENG XIAN FENG SHUN 1003 -> code=WRA IMO=99999996 TEU=None status=detail_no_teu
[group 16 417/878] TENG XIAN FENG SHUN 1005 -> code=W4I IMO=20160309 TEU=None status=detail_no_teu
[group 16 418/878] TENG XIAN FENG SHUN 1006 -> code=WIM IMO=100910000130 TEU=None status=detail_no_teu
[group 16 419/878] TENG XIAN FENG SHUN 1007 -> code=LEQ IMO=9999996 TEU=None status=detail_no_teu
[group 16 420/878] TENG XIAN FENG SHUN 1008 -> code=LHG IMO=9999996 TEU=None status=detail_no_teu
[group 16 421/878] TENG XIAN FENG SHUN 1108 -> code=WT8 IMO=100911000126 TEU=None status=detail_no_teu
[group 16 422/878] TENG XIAN FENG SHUN 1303 -> code=W4J IMO=20160309 TEU=None status=detail_no_teu
[group 16 423/878] TENG XIAN FENG SHUN 1306 -> code=XKI IMO=99999996 TEU=None status=detail_no_teu
[group 16 424/878] TENG XIAN FENG SHUN 1308 -> code=LAB IMO=1 TEU=None status=detail_no_teu
[group 16 425/878] TENG XIAN FENG SHUN 222 -> code=ZWP IMO=99999996 TEU=None status=detail_no_teu
[group 16 426/878] TENG XIAN FENG SHUN 2222 -> code=XU8 IMO=99999996 TEU=None status=detail_no_teu
[group 16 427/878] TENG XIAN FENG SHUN 3008 -> code=W93 IMO=99999996 TEU=None status=detail_no_teu
[group 16 428/878] TENG XIAN FENG SHUN 3030 -> code=LDV IMO=9999996 TEU=None status=detail_no_teu
[group 16 429/878] TENG XIAN FENG SHUN 3066 -> code=ZXS IMO=99999996 TEU=None status=detail_no_teu
[group 16 430/878] TENG XIAN FENG SHUN 3123 -> code=XQX IMO=100905000213 TEU=None status=detail_no_teu
[group 16 431/878] TENG XIAN FENG SHUN 3132 -> code=XPJ IMO=20150019 TEU=None status=detail_no_teu
[group 16 432/878] TENG XIAN FENG SHUN 3133 -> code=WNK IMO=99999996 TEU=None status=detail_no_teu
[group 16 433/878] TENG XIAN FENG SHUN 3166 -> code=XVX IMO=20150107 TEU=None status=detail_no_teu
[group 16 434/878] TENG XIAN FENG SHUN 3208 -> code=XZ2 IMO=99999996 TEU=None status=detail_no_teu
[group 16 435/878] TENG XIAN FENG SHUN 3213 -> code=XMM IMO=20150145 TEU=None status=detail_no_teu
[group 16 436/878] TENG XIAN FENG SHUN 3232 -> code=LI5 IMO=9999996 TEU=None status=detail_no_teu
[group 16 437/878] TENG XIAN FENG SHUN 3238 -> code=ZXL IMO=999999996 TEU=None status=detail_no_teu
[group 16 438/878] TENG XIAN FENG SHUN 3266 -> code=X04 IMO=99999996 TEU=None status=detail_no_teu
[group 16 439/878] TENG XIAN FENG SHUN 3288 -> code=X88 IMO=99999996 TEU=None status=detail_no_teu
[group 16 440/878] TENG XIAN FENG SHUN 3299 -> code=LF2 IMO=9999996 TEU=None status=detail_no_teu
[group 16 441/878] TENG XIAN FENG SHUN 3308 -> code=Z5U IMO=1 TEU=None status=detail_no_teu
[group 16 442/878] TENG XIAN FENG SHUN 3311 -> code=XVC IMO=20150097 TEU=None status=detail_no_teu
[group 16 443/878] TENG XIAN FENG SHUN 3328 -> code=W1E IMO=20151019 TEU=None status=detail_no_teu
[group 16 444/878] TENG XIAN FENG SHUN 3333 -> code=WOC IMO=99999996 TEU=None status=detail_no_teu
[group 16 445/878] TENG XIAN FENG SHUN 3338 -> code=Z6H IMO=1 TEU=None status=detail_no_teu
[group 16 446/878] TENG XIAN FENG SHUN 3366 -> code=ZWQ IMO=99999996 TEU=None status=detail_no_teu
[group 16 447/878] TENG XIAN FENG SHUN 3608 -> code=XV4 IMO=100907000085 TEU=None status=detail_no_teu
[group 16 448/878] TENG XIAN FENG SHUN 3618 -> code=XI4 IMO=99999996 TEU=None status=detail_no_teu
[group 16 449/878] TENG XIAN FENG SHUN 3688 -> code=XTV IMO=20150082 TEU=None status=detail_no_teu
[group 16 450/878] TENG XIAN FENG SHUN 555 -> code=XP1 IMO=99999996 TEU=None status=detail_no_teu
[group 16 452/878] TENG XIAN HAI SHENG 318 -> code=WQK IMO=99999996 TEU=None status=detail_no_teu
[group 16 453/878] TENG XIAN HAI SHENG 368 -> code=LEN IMO=9999996 TEU=None status=detail_no_teu
[group 16 454/878] TENG XIAN HAI SHENG 588 -> code=W9F IMO=20160516 TEU=None status=detail_no_teu
[group 16 455/878] TENG XIAN HAI SHENG 618 -> code=LLQ IMO=9999996 TEU=None status=detail_no_teu
[group 16 456/878] TENG XIAN HAI SHENG 628 -> code=LPE IMO=9999996 TEU=None status=detail_no_teu
[group 16 458/878] TENG XIAN HAI SHUN 001 -> code=LT0 IMO=9999996 TEU=None status=detail_no_teu
[group 16 460/878] TENG XIAN HAI SHUN 003 -> code=WPL IMO=99999996 TEU=None status=detail_no_teu
[group 16 461/878] TENG XIAN HAI SHUN 007 -> code=WXP IMO=9999996 TEU=None status=detail_no_teu
[group 16 462/878] TENG XIAN HAI SHUN 008 -> code=WYE IMO=20150610 TEU=None status=detail_no_teu
[group 16 463/878] TENG XIAN HAI SHUN 009 -> code=B98 IMO=1 TEU=None status=detail_no_teu
[group 16 467/878] TENG XIAN HAI SHUN 222 -> code=WOW IMO=99999996 TEU=None status=detail_no_teu
[group 16 469/878] TENG XIAN HAI SHUN 268 -> code=XZW IMO=100910000055 TEU=None status=detail_no_teu
[group 16 470/878] TENG XIAN HAI SHUN 333 -> code=XQL IMO=100909000056 TEU=None status=detail_no_teu
[group 16 471/878] TENG XIAN HAI SHUN 363 -> code=LLY IMO=9999996 TEU=None status=detail_no_teu
[group 16 472/878] TENG XIAN HAI SHUN 368 -> code=LFQ IMO=9999996 TEU=None status=detail_no_teu
[group 16 473/878] TENG XIAN HAI SHUN 383 -> code=W4K IMO=20160309 TEU=None status=detail_no_teu
[group 16 474/878] TENG XIAN HAI SHUN 398 -> code=WAZ IMO=100912000022 TEU=None status=detail_no_teu
[group 16 475/878] TENG XIAN HAI SHUN 555 -> code=W8A IMO=20160417 TEU=None status=detail_no_teu
[group 16 476/878] TENG XIAN HAI SHUN 688 -> code=WRF IMO=99999996 TEU=None status=detail_no_teu
[group 16 477/878] TENG XIAN HAI SHUN 689 -> code=LJR IMO=9999996 TEU=None status=detail_no_teu
[group 16 478/878] TENG XIAN HAI SHUN 699 -> code=LLX IMO=9999996 TEU=None status=detail_no_teu
[group 16 480/878] TENG XIAN HAI SHUN 869 -> code=LKC IMO=9999996 TEU=None status=detail_no_teu
[group 16 483/878] TENG XIAN HAI SHUN 999 -> code=W8M IMO=20160501 TEU=None status=detail_no_teu
[group 16 484/878] TENG XIAN HAI TONG 008 -> code=LHY IMO=9999996 TEU=None status=detail_no_teu
[group 16 485/878] TENG XIAN HAI TONG 088 -> code=Z5Y IMO=1 TEU=None status=detail_no_teu
[group 16 486/878] TENG XIAN HAI TONG 108 -> code=Z5D IMO=1 TEU=None status=detail_no_teu
[group 16 487/878] TENG XIAN HAI TONG 158 -> code=WYG IMO=20150612 TEU=None status=detail_no_teu
[group 16 488/878] TENG XIAN HAI TONG 168 -> code=WOY IMO=999996 TEU=None status=detail_no_teu
[group 16 489/878] TENG XIAN HAI TONG 188 -> code=W7V IMO=20160415 TEU=None status=detail_no_teu
[group 16 490/878] TENG XIAN HAI TONG 208 -> code=Z8D IMO=1 TEU=None status=detail_no_teu
[group 16 491/878] TENG XIAN HAI TONG 218 -> code=L28 IMO=20180317 TEU=None status=detail_no_teu
[group 16 492/878] TENG XIAN HAI TONG 222 -> code=WXL IMO=20150427 TEU=None status=detail_no_teu
[group 16 493/878] TENG XIAN HAI TONG 228 -> code=L67 IMO=1 TEU=None status=detail_no_teu
[group 16 494/878] TENG XIAN HAI TONG 233 -> code=W6K IMO=99999996 TEU=None status=detail_no_teu
[group 16 495/878] TENG XIAN HAI TONG 258 -> code=LB9 IMO=1 TEU=None status=detail_no_teu
[group 16 496/878] TENG XIAN HAI TONG 268 -> code=LAO IMO=1 TEU=None status=detail_no_teu
[group 16 497/878] TENG XIAN HAI TONG 288 -> code=W7E IMO=20160409 TEU=None status=detail_no_teu
[group 16 498/878] TENG XIAN HAI TONG 308 -> code=Z8C IMO=1 TEU=None status=detail_no_teu
[group 16 499/878] TENG XIAN HAI TONG 333 -> code=WXG IMO=20150422 TEU=None status=detail_no_teu
[group 16 500/878] TENG XIAN HAI TONG 508 -> code=LB7 IMO=1 TEU=None status=detail_no_teu
[group 16 501/878] TENG XIAN HAI TONG 555 -> code=W0W IMO=20160720 TEU=None status=detail_no_teu
[group 16 502/878] TENG XIAN HAI TONG 568 -> code=W7Z IMO=20160415 TEU=None status=detail_no_teu
[group 16 503/878] TENG XIAN HAI TONG 588 -> code=WTM IMO=99999996 TEU=None status=detail_no_teu
[group 16 505/878] TENG XIAN HAI TONG 668 -> code=W6S IMO=20160407 TEU=None status=detail_no_teu
[group 16 506/878] TENG XIAN HAI TONG 818 -> code=W0P IMO=20160629 TEU=None status=detail_no_teu
[group 16 507/878] TENG XIAN HAI TONG 888 -> code=WUE IMO=99999996 TEU=None status=detail_no_teu
[group 16 508/878] TENG XIAN HAI TONG 889 -> code=W3M IMO=20160216 TEU=None status=detail_no_teu
[group 16 509/878] TENG XIAN HAI TONG 898 -> code=W1P IMO=20151103 TEU=None status=detail_no_teu
[group 16 510/878] TENG XIAN HAI TONG 928 -> code=LKD IMO=9999996 TEU=None status=detail_no_teu
[group 16 511/878] TENG XIAN HAI TONG 999 -> code=WYQ IMO=20150704 TEU=None status=detail_no_teu
[group 16 513/878] TENG XIAN HAI XIANG 002 -> code=OYS IMO=9999996 TEU=None status=detail_no_teu
[group 16 514/878] TENG XIAN HAI XIANG 66 -> code=OZG IMO=9999996 TEU=None status=detail_no_teu
[group 16 515/878] TENG XIAN HAI XIANG 77 -> code=OYM IMO=9999996 TEU=None status=detail_no_teu
[group 16 516/878] TENG XIAN HANG SHUN 218 -> code=LJI IMO=9999996 TEU=None status=detail_no_teu
[group 16 519/878] TENG XIAN HANG SHUN 88 -> code=LN0 IMO=9999996 TEU=None status=detail_no_teu
[group 16 520/878] TENG XIAN HUA SHUN 118 -> code=LE4 IMO=9999996 TEU=None status=detail_no_teu
[group 16 521/878] TENG XIAN HUA SHUN 228 -> code=W4L IMO=9999996 TEU=None status=detail_no_teu
[group 16 522/878] TENG XIAN HUA SHUN 268 -> code=W7L IMO=20160412 TEU=None status=detail_no_teu
[group 16 523/878] TENG XIAN HUA SHUN 6889 -> code=Z2T IMO=1 TEU=None status=detail_no_teu
[group 16 524/878] TENG XIAN HUA SHUN 9988 -> code=Z2Q IMO=1 TEU=None status=detail_no_teu
[group 16 525/878] TENG XIAN JIANG SHUN 188 -> code=ONI IMO=9999996 TEU=None status=detail_no_teu
[group 16 527/878] TENG XIAN JIN HAI 0188 -> code=WP9 IMO=100911000075 TEU=None status=detail_no_teu
[group 16 528/878] TENG XIAN JIN HAI 0388 -> code=WPP IMO=99996 TEU=None status=detail_no_teu
[group 16 529/878] TENG XIAN JIN HAI 0668 -> code=LI6 IMO=9999996 TEU=None status=detail_no_teu
[group 16 530/878] TENG XIAN JIN HAI 0678 -> code=WXB IMO=20150413 TEU=None status=detail_no_teu
[group 16 531/878] TENG XIAN JIN HAI 0689 -> code=Z3A IMO=1 TEU=None status=detail_no_teu
[group 16 532/878] TENG XIAN JIN HAI 0888 -> code=WPE IMO=99999996 TEU=None status=detail_no_teu
[group 16 534/878] TENG XIAN JIN HAI 2099 -> code=LFV IMO=9999996 TEU=None status=detail_no_teu
[group 16 535/878] TENG XIAN JIN HAI 222 -> code=WRN IMO=99999996 TEU=None status=detail_no_teu
[group 16 536/878] TENG XIAN JIN HAI 2288 -> code=WPV IMO=None TEU=None status=detail_no_teu
[group 16 537/878] TENG XIAN JIN HAI 3288 -> code=WXJ IMO=20150424 TEU=None status=detail_no_teu
[group 16 538/878] TENG XIAN JIN HAI 3589 -> code=OY7 IMO=9999996 TEU=None status=detail_no_teu
[group 16 539/878] TENG XIAN JIN HAI 3668 -> code=W8E IMO=20160421 TEU=None status=detail_no_teu
[group 16 540/878] TENG XIAN JIN HAI 555 -> code=OKY IMO=9999996 TEU=1 status=ok
[group 16 545/878] TENG XIAN JIN HAI 8018 -> code=L08 IMO=20180508 TEU=None status=detail_no_teu
[group 16 546/878] TENG XIAN JIN HAI 8089 -> code=W8N IMO=20160501 TEU=None status=detail_no_teu
[group 16 547/878] TENG XIAN JIN HAI 8368 -> code=WQY IMO=99999996 TEU=None status=detail_no_teu
[group 16 548/878] TENG XIAN JIN HAI 8688 -> code=WWJ IMO=200150313 TEU=None status=detail_no_teu
[group 16 549/878] TENG XIAN JIN HAI 8808 -> code=Z2G IMO=1 TEU=None status=detail_no_teu
[group 16 550/878] TENG XIAN JIN HAI 8818 -> code=LCK IMO=56245 TEU=None status=detail_no_teu
[group 16 552/878] TENG XIAN JIN HAI 8848 -> code=LCP IMO=1 TEU=None status=detail_no_teu
[group 16 553/878] TENG XIAN JIN HAI 8868 -> code=LCJ IMO=9999996 TEU=None status=detail_no_teu
[group 16 554/878] TENG XIAN JIN HAI 8878 -> code=L51 IMO=1 TEU=None status=detail_no_teu
[group 16 555/878] TENG XIAN JIN HAI 8888 -> code=W4M IMO=20160309 TEU=None status=detail_no_teu
[group 16 559/878] TENG XIAN LI HANG 6888 -> code=OYX IMO=9999996 TEU=None status=detail_no_teu
[group 16 560/878] TENG XIAN MING YANG 6689 -> code=LWJ IMO=9999996 TEU=1 status=ok
[group 16 561/878] TENG XIAN SHUN TONG 0388 -> code=WKI IMO=99999996 TEU=None status=detail_no_teu
[group 16 562/878] TENG XIAN SHUN TONG 0633 -> code=WJF IMO=99999996 TEU=None status=detail_no_teu
[group 16 563/878] TENG XIAN SHUN TONG 0688 -> code=WJH IMO=99999996 TEU=None status=detail_no_teu
[group 16 564/878] TENG XIAN SHUN TONG 0689 -> code=WQN IMO=None TEU=None status=detail_no_teu
[group 16 565/878] TENG XIAN SHUN TONG 0809 -> code=WID IMO=99999996 TEU=None status=detail_no_teu
[group 16 566/878] TENG XIAN SHUN TONG 0900 -> code=WIK IMO=99999996 TEU=None status=detail_no_teu
[group 16 567/878] TENG XIAN SHUN TONG 0998 -> code=WJG IMO=99999996 TEU=None status=detail_no_teu
[group 16 568/878] TENG XIAN TENG CHENG 608 -> code=L58 IMO=1 TEU=None status=detail_no_teu
[group 16 570/878] TENG XIAN WAN DA 8988 -> code=OZ1 IMO=9999996 TEU=None status=detail_no_teu
[group 16 571/878] TENG XIAN YI HANG 0987 -> code=LFE IMO=9999996 TEU=None status=detail_no_teu
[group 16 572/878] TENG XIAN YI HANG 3668 -> code=XR0 IMO=99999996 TEU=None status=detail_no_teu
[group 16 574/878] TENG XIAN YI HANG 6688 -> code=LBZ IMO=1 TEU=None status=detail_no_teu
[group 16 575/878] TENG XIAN YI HANG 6689 -> code=WYB IMO=20150528 TEU=None status=detail_no_teu
[group 16 576/878] TENG XIAN YI HANG 8889 -> code=Z2M IMO=1 TEU=None status=detail_no_teu
[group 16 577/878] TENG XIAN YI HANG 8899 -> code=Z1D IMO=20160816 TEU=None status=detail_no_teu
[group 16 578/878] TENG XIAN YU TONG 008 -> code=LL9 IMO=9999996 TEU=None status=detail_no_teu
[group 16 580/878] TENG XIAN YU TONG 088 -> code=LXP IMO=9999996 TEU=1 status=ok
[group 16 582/878] TENG XIAN YU TONG 208 -> code=LHR IMO=9999996 TEU=None status=detail_no_teu
[group 16 584/878] TENG XIAN YU TONG 899 -> code=LI1 IMO=9999996 TEU=None status=detail_no_teu
[group 16 587/878] TENGHONG828 -> code=YKS IMO=99999996 TEU=None status=detail_no_teu
[group 16 590/878] TENGHONG888 -> code=Y2O IMO=99999996 TEU=343 status=ok
[group 16 591/878] TENGLIANJI001 -> code=2FI IMO=9999996 TEU=None status=detail_no_teu
[group 16 592/878] TENGLIANJI002 -> code=2Q0 IMO=9999996 TEU=None status=detail_no_teu
[group 16 593/878] TENGLIANJI003 -> code=2P3 IMO=9999996 TEU=None status=detail_no_teu
[group 16 594/878] TENGLIANJI006 -> code=2R8 IMO=9999996 TEU=None status=detail_no_teu
[group 16 595/878] TENGLIANJI008 -> code=2EW IMO=9999996 TEU=None status=detail_no_teu
[group 16 596/878] TENGLIANJI009 -> code=2Q4 IMO=9999996 TEU=None status=detail_no_teu
[group 16 597/878] TENGLIANJI011 -> code=2R9 IMO=9999996 TEU=None status=detail_no_teu
[group 16 598/878] TENGLIANJI012 -> code=2VV IMO=9999996 TEU=None status=detail_no_teu
[group 16 599/878] TENGLIANJI015 -> code=2P1 IMO=9999996 TEU=None status=detail_no_teu
[group 16 600/878] TENGXFS 3328 -> code=XYJ IMO=99999996 TEU=None status=detail_no_teu
[group 16 601/878] TENGXIANGJI666 -> code=2LU IMO=9999996 TEU=None status=detail_no_teu
[group 16 602/878] TENGYUN001 -> code=Y9G IMO=9999996 TEU=None status=detail_no_teu
[group 16 603/878] TENGYUN002 -> code=VH6 IMO=9999996 TEU=None status=detail_no_teu
[group 16 604/878] TENGYUN003 -> code=VQ8 IMO=88888888 TEU=None status=detail_no_teu
[group 16 605/878] TENGYUN005 -> code=VS2 IMO=88888888 TEU=None status=detail_no_teu
[group 16 606/878] TENGYUN007 -> code=VAZ IMO=999999999 TEU=None status=detail_no_teu
[group 16 607/878] TENGYUN009 -> code=VAY IMO=999999999 TEU=None status=detail_no_teu
[group 16 608/878] TENGYUN012 -> code=VEA IMO=999999999 TEU=None status=detail_no_teu
[group 16 609/878] TENGYUN016 -> code=VEB IMO=999999999 TEU=None status=detail_no_teu
[group 16 610/878] TENGYUN028 -> code=VDI IMO=999999999 TEU=None status=detail_no_teu
[group 16 611/878] TENGYUN058 -> code=VDV IMO=999999999 TEU=None status=detail_no_teu
[group 16 612/878] TENGYUN066 -> code=VGF IMO=9999996 TEU=None status=detail_no_teu
[group 16 613/878] TENGYUN068 -> code=VFR IMO=9999996 TEU=None status=detail_no_teu
[group 16 614/878] TENGYUN078 -> code=VQK IMO=9999996 TEU=None status=detail_no_teu
[group 16 615/878] TENGYUN088 -> code=VVU IMO=9999996 TEU=None status=detail_no_teu
[group 16 617/878] TEOMAN A -> code=PD2 IMO=9226504 TEU=None status=detail_no_teu
[group 16 618/878] TER NUMBER FIVE -> code=TR5 IMO=9999996 TEU=None status=detail_no_teu
[group 16 619/878] TER NUMBER FOUR -> code=TR4 IMO=9999996 TEU=None status=detail_no_teu
[group 16 620/878] TER NUMBER ONE -> code=TR1 IMO=9999996 TEU=None status=detail_no_teu
[group 16 621/878] TER NUMBER THREE -> code=TR3 IMO=9999996 TEU=None status=detail_no_teu
[group 16 622/878] TER NUMBER TWO -> code=TR2 IMO=9999996 TEU=None status=detail_no_teu
[group 16 624/878] TETAP JAYA -> code=BBN IMO=8323989 TEU=None status=detail_no_teu
[group 16 627/878] TG APHRODITE -> code=TGA IMO=9194878 TEU=None status=detail_no_teu
[group 16 628/878] TG POSEIDON -> code=TGP IMO=9194866 TEU=None status=detail_no_teu
[group 16 630/878] THALASSA AVRA -> code=QPH IMO=9665633 TEU=13806 status=ok
[group 16 633/878] THALASSA ELPIDA -> code=QMW IMO=9665621 TEU=None status=detail_no_teu
[group 16 640/878] THEA II -> code=UET IMO=9107394 TEU=None status=detail_no_teu
[group 16 644/878] THERAPS -> code=RZH IMO=9007518 TEU=None status=detail_no_teu
[group 16 645/878] THERMAIKOS -> code=UDT IMO=9114189 TEU=None status=detail_no_teu
[group 16 649/878] THOMAS MANN -> code=APL IMO=99999996 TEU=None status=detail_no_teu
[group 16 650/878] THOR NECTAR -> code=SJI IMO=9112 TEU=150 status=ok
[group 16 651/878] THOR NEXUS -> code=AX4 IMO=99999996 TEU=None status=detail_no_teu
[group 16 652/878] THORCO ALLIANCE -> code=P72 IMO=9559884 TEU=None status=detail_no_teu
[group 16 654/878] THORSWAVE -> code=RZ5 IMO=9135638 TEU=None status=detail_no_teu
[group 16 659/878] TIAN FU -> code=M24 IMO=9704738 TEU=None status=detail_no_teu
[group 16 660/878] TIAN FU 2 -> code=MJC IMO=8671116 TEU=832 status=ok
[group 16 662/878] TIAN FU(TIANJIN) -> code=S2U IMO=9142265 TEU=None status=detail_no_teu
[group 16 663/878] TIAN HAI 1 HAO -> code=VI6 IMO=12345678 TEU=None status=detail_no_teu
[group 16 664/878] TIAN HAI 2 HAO -> code=VI7 IMO=123454678 TEU=None status=detail_no_teu
[group 16 665/878] TIAN HAI 7 HAO -> code=MPW IMO=9999996 TEU=None status=detail_no_teu
[group 16 666/878] TIAN HUA 403 -> code=YA3 IMO=99999996 TEU=None status=detail_no_teu
[group 16 669/878] TIAN LI -> code=RFT IMO=99999996 TEU=None status=detail_no_teu
[group 16 670/878] TIAN LI 1 -> code=X42 IMO=9999996 TEU=None status=detail_no_teu
[group 16 671/878] TIAN LI 111 -> code=X71 IMO=99999996 TEU=None status=detail_no_teu
[group 16 672/878] TIAN LI 128 -> code=XL4 IMO=99999996 TEU=None status=detail_no_teu
[group 16 673/878] TIAN LI 168 -> code=XW0 IMO=99999996 TEU=None status=detail_no_teu
[group 16 674/878] TIAN LI 2 -> code=ZZG IMO=99999996 TEU=None status=detail_no_teu
[group 16 675/878] TIAN LI 3 -> code=X49 IMO=99999996 TEU=None status=detail_no_teu
[group 16 676/878] TIAN LI 4 -> code=XB5 IMO=99999996 TEU=None status=detail_no_teu
[group 16 677/878] TIAN LI 518 -> code=Z9V IMO=2017112301 TEU=None status=detail_no_teu
[group 16 680/878] TIAN MA -> code=RGG IMO=98907098 TEU=None status=detail_no_teu
[group 16 681/878] TIAN QI -> code=N8B IMO=9722742 TEU=None status=detail_no_teu
[group 16 688/878] TIAN XI -> code=M39 IMO=9704764 TEU=None status=detail_no_teu
[group 16 689/878] TIAN XIANG 13 -> code=QN6 IMO=98987685 TEU=None status=detail_no_teu
[group 16 690/878] TIAN XIANG 62 -> code=RYV IMO=694820 TEU=686 status=ok
[group 16 692/878] TIAN XIANG 69 -> code=FAS IMO=3258508 TEU=None status=detail_no_teu
[group 16 699/878] TIAN XIANG JI -> code=YWX IMO=9999996 TEU=None status=detail_no_teu
[group 16 700/878] TIAN XIANG22 -> code=RKV IMO=99999996 TEU=None status=detail_no_teu
[group 16 701/878] TIAN XIANG23 -> code=RER IMO=99999996 TEU=None status=detail_no_teu
[group 16 702/878] TIAN XIANG27 -> code=RWK IMO=99999996 TEU=None status=detail_no_teu
[group 16 703/878] TIAN XIANG29 -> code=RKW IMO=99999996 TEU=None status=detail_no_teu
[group 16 704/878] TIAN XIANG68 -> code=QE2 IMO=99999996 TEU=None status=detail_no_teu
[group 16 708/878] TIAN YI FA ZHAN -> code=M63 IMO=9999996 TEU=None status=detail_no_teu
[group 16 709/878] TIAN YOU -> code=M08 IMO=9823625 TEU=None status=detail_no_teu
[group 16 710/878] TIAN YOU 012 -> code=XGT IMO=9999996 TEU=None status=detail_no_teu
[group 16 714/878] TIAN ZHEN -> code=DFV IMO=9722728 TEU=None status=detail_no_teu
[group 16 715/878] TIANFU22 -> code=F37 IMO=9999996 TEU=None status=detail_no_teu
[group 16 717/878] TIANJ ULAN 8 -> code=TU9 IMO=7785467 TEU=None status=detail_no_teu
[group 16 718/878] TIANJIN -> code=RUD IMO=9398462 TEU=None status=detail_no_teu
[group 16 719/878] TIANJIN ALMTY RAIL NUMBER 1 -> code=TO1 IMO=9999996 TEU=None status=detail_no_teu
[group 16 720/878] TIANJIN ALMTY RAIL NUMBER 2 -> code=TO2 IMO=9999996 TEU=None status=detail_no_teu
[group 16 721/878] TIANJIN ALMTY RAIL NUMBER3 -> code=TO3 IMO=9999996 TEU=None status=detail_no_teu
[group 16 722/878] TIANJIN ALMTY RAIL NUMBER4 -> code=TO4 IMO=9999996 TEU=None status=detail_no_teu
[group 16 723/878] TIANJIN ALMTY RAIL NUMBER5 -> code=TO5 IMO=9999996 TEU=None status=detail_no_teu
[group 16 724/878] TIANJIN ALMTY RAIL NUMBER6 -> code=TO6 IMO=9999996 TEU=None status=detail_no_teu
[group 16 725/878] TIANJIN ALMTY RAIL NUMBER7 -> code=TO7 IMO=9999996 TEU=None status=detail_no_teu
[group 16 726/878] TIANJIN ALMTY RAIL NUMBER9 -> code=TO9 IMO=9999996 TEU=None status=detail_no_teu
[group 16 728/878] TIANJIN MOSCOW NUMBER FIVE -> code=HT5 IMO=9999996 TEU=None status=detail_no_teu
[group 16 729/878] TIANJIN ULANBAARTO 1 -> code=TW1 IMO=9999996 TEU=None status=detail_no_teu
[group 16 730/878] TIANJIN ULANBAARTO 4 -> code=TW4 IMO=9999996 TEU=None status=detail_no_teu
[group 16 731/878] TIANJIN ULANBAARTO ONE -> code=TU1 IMO=9999996 TEU=None status=detail_no_teu
[group 16 732/878] TIANJIN ULANBAARTO2 -> code=TW2 IMO=9999996 TEU=None status=detail_no_teu
[group 16 733/878] TIANJIN ULANBAARTO3 -> code=TW3 IMO=9999996 TEU=None status=detail_no_teu
[group 16 734/878] TIANJIN ULANBAARTO5 -> code=TW5 IMO=9999996 TEU=None status=detail_no_teu
[group 16 735/878] TIANJIN ULANBAARTO6 -> code=TW6 IMO=9999996 TEU=None status=detail_no_teu
[group 16 736/878] TIANJIN ULANBAARTO7 -> code=TW7 IMO=9999996 TEU=None status=detail_no_teu
[group 16 737/878] TIANJING ULAN RAIL NUMBER 1 -> code=GG2 IMO=9999996 TEU=None status=detail_no_teu
[group 16 738/878] TIANJING ULANBAARTO FOUR -> code=TU4 IMO=9999996 TEU=None status=detail_no_teu
[group 16 739/878] TIANJING ULANBAARTO SIX(COSU) -> code=TU6 IMO=9999996 TEU=None status=detail_no_teu
[group 16 740/878] TIANJING ULANBAARTO THREE -> code=TU3 IMO=9999996 TEU=None status=detail_no_teu
[group 16 741/878] TIANJING ULANBAARTO TWO -> code=TU2 IMO=9999996 TEU=None status=detail_no_teu
[group 16 742/878] TIANLI 79 -> code=FSQ IMO=9999996 TEU=None status=detail_no_teu
[group 16 743/878] TIANQIJI01 -> code=VGE IMO=9999996 TEU=None status=detail_no_teu
[group 16 744/878] TIANQIJI1 -> code=Z91 IMO=1999999 TEU=None status=detail_no_teu
[group 16 745/878] TIANSHUN007 -> code=VO5 IMO=99999999 TEU=None status=detail_no_teu
[group 16 746/878] TIANSHUN010 -> code=VGP IMO=999999999 TEU=None status=detail_no_teu
[group 16 747/878] TIANSHUN038 -> code=2DR IMO=9999996 TEU=None status=detail_no_teu
[group 16 748/878] TIANSHUN039 -> code=2DT IMO=9999996 TEU=None status=detail_no_teu
[group 16 749/878] TIANXIANG17 -> code=RV5 IMO=99999996 TEU=None status=detail_no_teu
[group 16 750/878] TIANXIANG61 -> code=TNL IMO=558000 TEU=686 status=ok
[group 16 751/878] TIANYI006 -> code=VHI IMO=99999996 TEU=None status=detail_no_teu
[group 16 752/878] TIANYI008 -> code=V78 IMO=999999996 TEU=None status=detail_no_teu
[group 16 753/878] TIANYI009 -> code=VV2 IMO=99999996 TEU=None status=detail_no_teu
[group 16 754/878] TIANYI016 -> code=VU8 IMO=99999996 TEU=None status=detail_no_teu
[group 16 755/878] TIANYI08 -> code=V5I IMO=9999996 TEU=None status=detail_no_teu
[group 16 756/878] TIANYI11 -> code=V7T IMO=9999996 TEU=None status=detail_no_teu
[group 16 757/878] TIANYI222 -> code=VMU IMO=8547475 TEU=None status=detail_no_teu
[group 16 758/878] TIANYILINGHANG -> code=2QU IMO=9999996 TEU=None status=detail_no_teu
[group 16 760/878] TIGER -> code=QYP IMO=9307841 TEU=2524 status=ok
[group 16 761/878] TIGER BAY -> code=A3O IMO=9999996 TEU=None status=detail_no_teu
[group 16 762/878] TIGER BRIDGE -> code=AK6 IMO=99999996 TEU=None status=detail_no_teu
[group 16 763/878] TIGER BYRON -> code=AG5 IMO=99999996 TEU=None status=detail_no_teu
[group 16 765/878] TIGER CHENNAI -> code=MSQ IMO=9936989 TEU=None status=detail_no_teu
[group 16 766/878] TIGER CLIFF -> code=AA1 IMO=99999996 TEU=None status=detail_no_teu
[group 16 767/878] TIGER CLOUD -> code=AVL IMO=9999996 TEU=None status=detail_no_teu
[group 16 769/878] TIGER FREDDOM -> code=A5O IMO=9999996 TEU=None status=detail_no_teu
[group 16 770/878] TIGER GOMAN -> code=TGO IMO=636091492 TEU=None status=detail_no_teu
[group 16 771/878] TIGER JADE -> code=ASL IMO=99999997 TEU=None status=detail_no_teu
[group 16 775/878] TIGER PEARL -> code=AV1 IMO=99999996 TEU=None status=detail_no_teu
[group 16 776/878] TIGER RIVER -> code=AS5 IMO=99999996 TEU=None status=detail_no_teu
[group 16 777/878] TIGER RMB -> code=ATA IMO=9999997 TEU=None status=detail_no_teu
[group 16 778/878] TIGER SEA -> code=AJ9 IMO=99999996 TEU=None status=detail_no_teu
[group 16 779/878] TIGER SHARK -> code=AE8 IMO=99999996 TEU=None status=detail_no_teu
[group 16 780/878] TIGER SKY -> code=AJ8 IMO=99999996 TEU=None status=detail_no_teu
[group 16 781/878] TIGER SPEED -> code=TIS IMO=229354000 TEU=None status=detail_no_teu
[group 16 782/878] TIGER SPIRIT -> code=AE5 IMO=99999996 TEU=None status=detail_no_teu
[group 16 783/878] TIGER SPRING -> code=AN6 IMO=99999996 TEU=None status=detail_no_teu
[group 16 785/878] TIGER SUN -> code=AA2 IMO=99999996 TEU=None status=detail_no_teu
[group 16 786/878] TIGER WAVE -> code=AZ4 IMO=99999996 TEU=None status=detail_no_teu
[group 16 787/878] TILLY RUSS -> code=AYR IMO=9999997 TEU=None status=detail_no_teu
[group 16 788/878] TIM -> code=UAK IMO=999999 TEU=None status=detail_no_teu
[group 16 790/878] TIMUCIN A -> code=U78 IMO=9163984 TEU=None status=detail_no_teu
[group 16 791/878] TINA -> code=APD IMO=99999997 TEU=None status=detail_no_teu
[group 16 795/878] TIONG WOON 23 -> code=ABD IMO=99999996 TEU=None status=detail_no_teu
[group 16 798/878] TITANIUM -> code=BE5 IMO=9709300 TEU=None status=detail_no_teu
[group 16 799/878] TITTERI -> code=TT9 IMO=9685085 TEU=None status=detail_no_teu
[group 16 800/878] TK ISM VIII -> code=M95 IMO=9999996 TEU=1 status=ok
[group 16 802/878] TMS GLORY -> code=BC8 IMO=9065431 TEU=None status=detail_no_teu
[group 16 803/878] TO BE ADVISED -> code=288 IMO=28801 TEU=None status=detail_no_teu
[group 16 804/878] TO BE ADVISED (IAT) -> code=191 IMO=9999996 TEU=None status=detail_no_teu
[group 16 805/878] TO BE ADVISED (ME1) -> code=127 IMO=9999996 TEU=None status=detail_no_teu
[group 16 806/878] TO BE ADVISED 1 -> code=TB1 IMO=8888888 TEU=None status=detail_no_teu
[group 16 807/878] TO BE ADVISED 2(AWE1) -> code=TB2 IMO=9999996 TEU=None status=detail_no_teu
[group 16 808/878] TO BE ADVISED 3 -> code=TB3 IMO=8888887 TEU=None status=detail_no_teu
[group 16 809/878] TO BE ADVISED 4 -> code=TB4 IMO=999994 TEU=None status=detail_no_teu
[group 16 810/878] TO BE ADVISED A3S -> code=181 IMO=9999996 TEU=None status=detail_no_teu
[group 16 811/878] TO BE ADVISED AEU2 01 -> code=178 IMO=9999996 TEU=None status=detail_no_teu
[group 16 812/878] TO BE ADVISED AEU2 02 -> code=180 IMO=9999996 TEU=None status=detail_no_teu
[group 16 813/878] TO BE ADVISED AWE3 -> code=182 IMO=9999996 TEU=None status=detail_no_teu
[group 16 814/878] TO BE ADVISED CENX -> code=175 IMO=9999996 TEU=None status=detail_no_teu
[group 16 815/878] TO BE ADVISED MEX4 -> code=192 IMO=9999996 TEU=None status=detail_no_teu
[group 16 816/878] TO BE ADVISED MEX5 -> code=184 IMO=9999996 TEU=None status=detail_no_teu
[group 16 817/878] TO BE ADVISED RES2 -> code=177 IMO=9999996 TEU=None status=detail_no_teu
[group 16 818/878] TO BE ADVISED(GEM) -> code=101 IMO=9999996 TEU=None status=detail_no_teu
[group 16 820/878] TOKYO TOWER -> code=QEY IMO=9384875 TEU=1200 status=ok
[group 16 823/878] TOLL 2308 -> code=ANS IMO=99999996 TEU=None status=detail_no_teu
[group 16 827/878] TONG DA 223 -> code=WSY IMO=9999996 TEU=None status=detail_no_teu
[group 16 828/878] TONG HAI 188 -> code=LIG IMO=9999996 TEU=None status=detail_no_teu
[group 16 829/878] TONG HAI 558 -> code=W0O IMO=9999996 TEU=None status=detail_no_teu
[group 16 830/878] TONG HAI 668 -> code=XGS IMO=9999996 TEU=None status=detail_no_teu
[group 16 831/878] TONG HAI 688 -> code=WB2 IMO=100109000238 TEU=None status=detail_no_teu
[group 16 832/878] TONG HAI 689 -> code=WI3 IMO=100109000273 TEU=None status=detail_no_teu
[group 16 833/878] TONG HAI 698 -> code=W7A IMO=9999996 TEU=None status=detail_no_teu
[group 16 834/878] TONG HAI 88 -> code=ZSO IMO=99999996 TEU=None status=detail_no_teu
[group 16 835/878] TONG HAI 89 -> code=ZST IMO=99999996 TEU=None status=detail_no_teu
[group 16 836/878] TONG HAI 899 -> code=MOY IMO=9999996 TEU=None status=detail_no_teu
[group 16 837/878] TONG HAI 968 -> code=XHD IMO=99999996 TEU=None status=detail_no_teu
[group 16 838/878] TONG HAI 981 -> code=XHR IMO=9999996 TEU=None status=detail_no_teu
[group 16 840/878] TONG HAI 988 -> code=XY6 IMO=9999996 TEU=None status=detail_no_teu
[group 16 841/878] TONG HAI 99 -> code=2N4 IMO=9999996 TEU=None status=detail_no_teu
[group 16 842/878] TONG HAI 999 -> code=W9N IMO=9999996 TEU=None status=detail_no_teu
[group 16 846/878] TONG JIE -> code=W27 IMO=99999996 TEU=None status=detail_no_teu
[group 16 847/878] TONG KIT -> code=ZAZ IMO=99999996 TEU=None status=detail_no_teu
[group 16 849/878] TONG ZHOU 9 -> code=YM5 IMO=9999996 TEU=None status=detail_no_teu
[group 16 850/878] TONGALA -> code=Q8E IMO=9278105 TEU=4253 status=ok
[group 16 851/878] TONGBANG9001 -> code=YT8 IMO=99999996 TEU=None status=detail_no_teu
[group 16 852/878] TONGBANG9002 -> code=YT1 IMO=99999996 TEU=None status=detail_no_teu
[group 16 853/878] TONGBANG9005 -> code=YAM IMO=99999996 TEU=None status=detail_no_teu
[group 16 854/878] TONGBAO2 -> code=NSA IMO=3464747 TEU=None status=detail_no_teu
[group 16 855/878] TONGDAQISHUN -> code=Y5A IMO=99999996 TEU=None status=detail_no_teu
[group 16 856/878] TONGDAXINCHENG -> code=YUN IMO=99999996 TEU=None status=detail_no_teu
[group 16 857/878] TONGDAYONGHENG -> code=YQY IMO=99999996 TEU=None status=detail_no_teu
[group 16 858/878] TONGDAYONGSHUN -> code=Y6C IMO=9999996 TEU=None status=detail_no_teu
[group 16 859/878] TONGFA -> code=AR2 IMO=99999996 TEU=None status=detail_no_teu
[group 16 860/878] TONGHAI8899 -> code=NVM IMO=4134567 TEU=None status=detail_no_teu
[group 16 861/878] TONGHAIJI 18 -> code=YAT IMO=9999996 TEU=None status=detail_no_teu
[group 16 862/878] TONGHAIZHONGSHAN -> code=YRY IMO=99999996 TEU=None status=detail_no_teu
[group 16 863/878] TONGKAI819 -> code=YDB IMO=99999996 TEU=None status=detail_no_teu
[group 16 864/878] TONGLI2 -> code=QRZ IMO=987389367 TEU=None status=detail_no_teu
[group 16 866/878] TONGYI -> code=AJH IMO=99999996 TEU=None status=detail_no_teu
[group 16 868/878] TOPAZ ISHIM -> code=8MZ IMO=9812183 TEU=None status=detail_no_teu
[group 16 870/878] TOPAZ OB -> code=POB IMO=9812274 TEU=204 status=ok
[group 16 872/878] TOR -> code=RP4 IMO=9299551 TEU=None status=detail_no_teu
[group 16 873/878] TORGE S -> code=SBF IMO=111111111111111 TEU=None status=detail_no_teu
[group 16 878/878] TORRES STRAIT -> code=AZL IMO=9357523 TEU=None status=detail_no_teu
group 16: saved xlsx -> D:\Files\demo\capaStudy\vessels\csl_group_results\csl_group_16_result_260312002341.xlsx
group 16: saved json -> D:\Files\demo\capaStudy\vessels\csl_group_results\csl_group_16_result_260312002341.json
