[group 10 1/878] KAM MING NO.38 -> code=X70 IMO=99999996 TEU=None status=detail_no_teu
[group 10 2/878] KAM SANG 28 -> code=ZKG IMO=99999996 TEU=None status=detail_no_teu
[group 10 3/878] KAM SANG NO.33 -> code=ZKB IMO=99999996 TEU=None status=detail_no_teu
[group 10 4/878] KAM WUI -> code=Z89 IMO=99999996 TEU=None status=detail_no_teu
[group 10 5/878] KAM YING 18 -> code=ZJR IMO=99999996 TEU=None status=detail_no_teu
[group 10 7/878] KANG NAI XIN -> code=L89 IMO=1 TEU=None status=detail_no_teu
[group 10 8/878] KANG QI JIA HONG -> code=DAS IMO=1058834 TEU=None status=detail_no_teu
[group 10 9/878] KANG SHUN HUI HUANG -> code=D5H IMO=1019553 TEU=None status=detail_no_teu
[group 10 10/878] KANGYUANSHENG -> code=2I5 IMO=9999996 TEU=None status=detail_no_teu
[group 10 18/878] KAPITAN BYANKIN -> code=APC IMO=99999996 TEU=None status=detail_no_teu
[group 10 20/878] KAPTAN AYTAC A -> code=PD5 IMO=9242302 TEU=None status=detail_no_teu
[group 10 22/878] KARIN S -> code=UJ3 IMO=9327580 TEU=None status=detail_no_teu
[group 10 23/878] KARIN SCHEPERS -> code=UAJ IMO=9404077 TEU=None status=detail_no_teu
[group 10 24/878] KARIN SCHULTE -> code=Q31 IMO=9220433 TEU=None status=detail_no_teu
[group 10 25/878] KARMEN -> code=QRY IMO=8906731 TEU=None status=detail_no_teu
[group 10 27/878] KASIF KALKAVAN -> code=UBN IMO=100000000000000000000 TEU=None status=detail_no_teu
[group 10 30/878] KATHARINA SCHEPERS -> code=UDX IMO=9584865 TEU=1050 status=ok
[group 10 34/878] KATSINA -> code=AT2 IMO=99999996 TEU=None status=detail_no_teu
[group 10 40/878] KEA TRADER -> code=NE8 IMO=9701281 TEU=2194 status=ok
[group 10 43/878] KEREMCAN -> code=KRC IMO=9118288 TEU=None status=detail_no_teu
[group 10 48/878] KHANH HUY 99 -> code=BGD IMO=9999996 TEU=None status=detail_no_teu
[group 10 50/878] KHOLMOGORY -> code=UM1 IMO=9109081 TEU=None status=detail_no_teu
[group 10 52/878] KI KEE -> code=ZEG IMO=9999996 TEU=None status=detail_no_teu
[group 10 57/878] KIMTRANS 1810 -> code=AOD IMO=99999996 TEU=None status=detail_no_teu
[group 10 58/878] KIN WING NO.2 -> code=ZZJ IMO=99999996 TEU=None status=detail_no_teu
[group 10 59/878] KING ADAM -> code=NQ6 IMO=111111 TEU=None status=detail_no_teu
[group 10 60/878] KING ALFRED -> code=AXH IMO=9360269 TEU=2741 status=ok
[group 10 62/878] KING BYRON -> code=UM5 IMO=9999996 TEU=None status=detail_no_teu
[group 10 66/878] KIRSTEN -> code=UBJ IMO=9141041 TEU=None status=detail_no_teu
[group 10 68/878] KISSAMA -> code=AHY IMO=99999996 TEU=None status=detail_no_teu
[group 10 69/878] KITANO -> code=RPQ IMO=8914001 TEU=None status=detail_no_teu
[group 10 70/878] KITI BHUM -> code=AH0 IMO=99999996 TEU=420 status=ok
[group 10 71/878] KLARA -> code=A2J IMO=9999996 TEU=None status=detail_no_teu
[group 10 73/878] KLENODEN -> code=UAA IMO=8917730 TEU=None status=detail_no_teu
[group 10 78/878] KMTC DALIAN -> code=NXS IMO=9882229 TEU=None status=detail_no_teu
[group 10 80/878] KMTC DUBAI -> code=S2K IMO=9723928 TEU=5466 status=ok
[group 10 87/878] KMTC KEELUNG -> code=QQB IMO=9157741 TEU=None status=detail_no_teu
[group 10 90/878] KMTC MUMBAI -> code=Q9K IMO=9665695 TEU=5466 status=ok
[group 10 92/878] KMTC NAGOYA -> code=DGI IMO=9859894 TEU=None status=detail_no_teu
[group 10 97/878] KMTC QINGDAO -> code=ROL IMO=9235593 TEU=None status=detail_no_teu
[group 10 98/878] KMTC SEOUL -> code=MLK IMO=9882205 TEU=None status=detail_no_teu
[group 10 99/878] KMTC SHANGHAI -> code=AJF IMO=9274202 TEU=None status=detail_no_teu
[group 10 100/878] KMTC SHENZHEN -> code=QEK IMO=9626417 TEU=2778 status=ok
[group 10 101/878] KMTC SHIMIZU -> code=NXT IMO=9893591 TEU=None status=detail_no_teu
[group 10 102/878] KMTC SURABAYA -> code=NUZ IMO=9821081 TEU=None status=detail_no_teu
[group 10 103/878] KMTC TIANJIN -> code=A6B IMO=9315848 TEU=None status=detail_no_teu
[group 10 105/878] KMTC XIAMEN -> code=NZK IMO=9893589 TEU=None status=detail_no_teu
[group 10 106/878] KMTC YOKOHAMA -> code=NVL IMO=9882217 TEU=None status=detail_no_teu
[group 10 109/878] KOLLMAR -> code=R47 IMO=9056284 TEU=None status=detail_no_teu
[group 10 110/878] KOMET III -> code=PX6 IMO=8919831 TEU=1000 status=ok
[group 10 111/878] KONG QUE SONG -> code=Q9S IMO=9416769 TEU=None status=detail_no_teu
[group 10 112/878] KONRAD -> code=UP4 IMO=9292125 TEU=None status=detail_no_teu
[group 10 113/878] KONSTANTINA -> code=Q35 IMO=8906755 TEU=None status=detail_no_teu
[group 10 114/878] KORNETT -> code=PB4 IMO=9354428 TEU=None status=detail_no_teu
[group 10 117/878] KOSOVAK -> code=KOS IMO=9211157 TEU=None status=detail_no_teu
[group 10 118/878] KOTA ABADI -> code=AVY IMO=9999996 TEU=None status=detail_no_teu
[group 10 120/878] KOTA ALAM -> code=AS3 IMO=99999996 TEU=None status=detail_no_teu
[group 10 127/878] KOTA BERANI -> code=ABR IMO=99999996 TEU=None status=detail_no_teu
[group 10 128/878] KOTA BERJAYA -> code=AU8 IMO=99999996 TEU=None status=detail_no_teu
[group 10 129/878] KOTA BERLIAN -> code=AK9 IMO=99999996 TEU=None status=detail_no_teu
[group 10 130/878] KOTA BINTANG -> code=AB2 IMO=9638616 TEU=1391 status=ok
[group 10 140/878] KOTA CEPAT -> code=S4J IMO=9638977 TEU=6600 status=ok
[group 10 143/878] KOTA DAYA -> code=AJD IMO=99999996 TEU=None status=detail_no_teu
[group 10 144/878] KOTA DELIMA -> code=ANK IMO=9408451 TEU=None status=detail_no_teu
[group 10 145/878] KOTA DUTA -> code=AUW IMO=9483487 TEU=None status=detail_no_teu
[group 10 146/878] KOTA EAGLE -> code=D4A IMO=9963700 TEU=None status=detail_no_teu
[group 10 147/878] KOTA EBONY -> code=DCB IMO=9968853 TEU=None status=detail_no_teu
[group 10 150/878] KOTA GABUNG -> code=A3I IMO=9616852 TEU=None status=detail_no_teu
[group 10 151/878] KOTA GADANG -> code=A3F IMO=9626429 TEU=None status=detail_no_teu
[group 10 154/878] KOTA GEMAR -> code=ROW IMO=9252357 TEU=None status=detail_no_teu
[group 10 155/878] KOTA GEMBIRA -> code=AL2 IMO=9252369 TEU=None status=detail_no_teu
[group 10 156/878] KOTA GUNAWAN -> code=AOS IMO=9259408 TEU=None status=detail_no_teu
[group 10 160/878] KOTA HAPAS -> code=ADQ IMO=9238624 TEU=1080 status=ok
[group 10 161/878] KOTA HARMUNI -> code=AJG IMO=9151319 TEU=None status=detail_no_teu
[group 10 164/878] KOTA HASIL -> code=ANU IMO=99999996 TEU=None status=detail_no_teu
[group 10 166/878] KOTA HORMAT -> code=AUV IMO=9245225 TEU=None status=detail_no_teu
[group 10 170/878] KOTA JUTA -> code=S98 IMO=9226839 TEU=None status=detail_no_teu
[group 10 173/878] KOTA KAYA -> code=QZL IMO=9307401 TEU=None status=detail_no_teu
[group 10 180/878] KOTA LEKAS -> code=QVL IMO=9625401 TEU=4800 status=ok
[group 10 190/878] KOTA MANIS -> code=N90 IMO=9632741 TEU=3560 status=ok
[group 10 194/878] KOTA MESRA -> code=AYW IMO=99999996 TEU=None status=detail_no_teu
[group 10 195/878] KOTA MEWAH -> code=A50 IMO=99999996 TEU=None status=detail_no_teu
[group 10 196/878] KOTA MOLEK -> code=AFS IMO=99999996 TEU=None status=detail_no_teu
[group 10 197/878] KOTA MULIA -> code=AL8 IMO=99999996 TEU=None status=detail_no_teu
[group 10 198/878] KOTA MUTIARA -> code=AN3 IMO=99999996 TEU=None status=detail_no_teu
[group 10 200/878] KOTA NAGA -> code=AL5 IMO=9362293 TEU=None status=detail_no_teu
[group 10 201/878] KOTA NALURI -> code=ARG IMO=99999996 TEU=None status=detail_no_teu
[group 10 203/878] KOTA NASRAT -> code=APN IMO=99999996 TEU=None status=detail_no_teu
[group 10 204/878] KOTA NAZAR -> code=ASW IMO=9362310 TEU=None status=detail_no_teu
[group 10 209/878] KOTA ODYSSEY -> code=DI8 IMO=9977878 TEU=None status=detail_no_teu
[group 10 210/878] KOTA PAHLAWAN -> code=AKE IMO=99999996 TEU=999 status=ok
[group 10 212/878] KOTA PELANGI -> code=RVV IMO=9786748 TEU=None status=detail_no_teu
[group 10 214/878] KOTA PERDANA -> code=AOT IMO=99999996 TEU=None status=detail_no_teu
[group 10 215/878] KOTA PERMATA -> code=A3U IMO=9999996 TEU=None status=detail_no_teu
[group 10 216/878] KOTA PERWIRA -> code=AL6 IMO=9999996 TEU=None status=detail_no_teu
[group 10 220/878] KOTA PURI -> code=ARQ IMO=9793959 TEU=11923 status=ok
[group 10 222/878] KOTA RAHMAT -> code=ARO IMO=99999996 TEU=None status=detail_no_teu
[group 10 227/878] KOTA RATNA -> code=AE2 IMO=9167447 TEU=None status=detail_no_teu
[group 10 228/878] KOTA RATU -> code=AAO IMO=9167435 TEU=None status=detail_no_teu
[group 10 229/878] KOTA RESTU -> code=ASM IMO=99999996 TEU=None status=detail_no_teu
[group 10 230/878] KOTA RIA -> code=ADN IMO=9296339 TEU=851 status=ok
[group 10 234/878] KOTA SALAM -> code=S7E IMO=9645475 TEU=None status=detail_no_teu
[group 10 240/878] KOTA SEMPENA -> code=S8E IMO=9681273 TEU=None status=detail_no_teu
[group 10 244/878] KOTA SURIA2 -> code=AF8 IMO=99999996 TEU=None status=detail_no_teu
[group 10 246/878] KOTA TABAH -> code=ABK IMO=9281358 TEU=None status=detail_no_teu
[group 10 247/878] KOTA TEGAP -> code=A53 IMO=99999996 TEU=None status=detail_no_teu
[group 10 250/878] KOTA TENAGA -> code=AVC IMO=9251157 TEU=None status=detail_no_teu
[group 10 254/878] KOTA WIJAYA -> code=AFP IMO=99999996 TEU=None status=detail_no_teu
[group 10 255/878] KOTA WIRAWAN -> code=AO9 IMO=99999996 TEU=None status=detail_no_teu
[group 10 257/878] KOTA XXXX -> code=A48 IMO=99999996 TEU=None status=detail_no_teu
[group 10 258/878] KPO NUMBER FOUR -> code=MP4 IMO=9999996 TEU=None status=detail_no_teu
[group 10 259/878] KPO NUMBER ONE -> code=MP1 IMO=9999996 TEU=None status=detail_no_teu
[group 10 260/878] KPO NUMBER THREE -> code=MP3 IMO=9999996 TEU=None status=detail_no_teu
[group 10 261/878] KPO NUMBER TWO -> code=MP2 IMO=9999996 TEU=None status=detail_no_teu
[group 10 267/878] KT 1 -> code=AU5 IMO=99999996 TEU=None status=detail_no_teu
[group 10 268/878] KUALA SIAK 6 -> code=AH1 IMO=99999996 TEU=None status=detail_no_teu
[group 10 269/878] KUIXIA819 -> code=YEC IMO=99999996 TEU=None status=detail_no_teu
[group 10 270/878] KUIXIA938 -> code=YED IMO=99999996 TEU=None status=detail_no_teu
[group 10 277/878] KUNHANGHEXIE -> code=2BE IMO=9999996 TEU=None status=detail_no_teu
[group 10 278/878] KUNMINGMENGSAIRAILSERVICE1 -> code=KS2 IMO=9999996 TEU=None status=detail_no_teu
[group 10 279/878] KUNMINGMENGSAIRAILSERVICE3 -> code=KS3 IMO=9999996 TEU=None status=detail_no_teu
[group 10 280/878] KUNMINGMENGSAIRAILSERVICE4 -> code=KS4 IMO=9999996 TEU=None status=detail_no_teu
[group 10 281/878] KUNMINGYANGGUANGRAILSERVICE1 -> code=KR1 IMO=9999996 TEU=None status=detail_no_teu
[group 10 285/878] KUO HUNG -> code=KHO IMO=None TEU=None status=detail_no_teu
[group 10 287/878] KUO LONG -> code=NW8 IMO=9796509 TEU=None status=detail_no_teu
[group 10 289/878] KUO WEI -> code=AX0 IMO=99999996 TEU=None status=detail_no_teu
[group 10 290/878] KUO YU -> code=RGA IMO=99999 TEU=1169 status=ok
[group 10 291/878] KUOCHIA -> code=ADC IMO=9999996 TEU=None status=detail_no_teu
[group 10 293/878] KWAI SING NO.2 -> code=ZYP IMO=99999996 TEU=None status=detail_no_teu
[group 10 297/878] KYOWA ROSE -> code=NEW IMO=9464132 TEU=None status=detail_no_teu
[group 10 298/878] L AMANDA -> code=AVE IMO=9999996 TEU=None status=detail_no_teu
[group 10 300/878] LA-07172 -> code=BHG IMO=9999996 TEU=128 status=ok
[group 10 301/878] LABROY 213 -> code=AZ5 IMO=99999996 TEU=None status=detail_no_teu
[group 10 302/878] LADY CARINA -> code=U54 IMO=9201827 TEU=None status=detail_no_teu
[group 10 303/878] LADY CLARISSA -> code=U55 IMO=9201803 TEU=None status=detail_no_teu
[group 10 306/878] LADY MASSA -> code=PE3 IMO=8215780 TEU=None status=detail_no_teu
[group 10 307/878] LADY OF LUCK -> code=AYP IMO=9160401 TEU=None status=detail_no_teu
[group 10 308/878] LAE CHIEF -> code=NTA IMO=9868431 TEU=None status=detail_no_teu
[group 10 310/878] LAGARFOSS -> code=UQ4 IMO=9641314 TEU=None status=detail_no_teu
[group 10 312/878] LAI DE 5 -> code=F7U IMO=9999996 TEU=None status=detail_no_teu
[group 10 315/878] LAL BAHADUR SHASTRI -> code=AF6 IMO=99999996 TEU=None status=detail_no_teu
[group 10 317/878] LAMMA 33 -> code=ZW5 IMO=99999996 TEU=None status=detail_no_teu
[group 10 319/878] LAN HAI -> code=WLQ IMO=99999996 TEU=None status=detail_no_teu
[group 10 320/878] LAN HAI QI HANG -> code=M40 IMO=9999996 TEU=1126 status=ok
[group 10 323/878] LAN SHI 4 -> code=Z93 IMO=99999996 TEU=None status=detail_no_teu
[group 10 324/878] LAN SHI 5 -> code=ZDH IMO=99999996 TEU=None status=detail_no_teu
[group 10 325/878] LAN SHI 6 -> code=ZCQ IMO=99999996 TEU=None status=detail_no_teu
[group 10 326/878] LAN SHI 7 -> code=ZY7 IMO=99999996 TEU=None status=detail_no_teu
[group 10 327/878] LAN SHI 8 -> code=ZX8 IMO=99999996 TEU=None status=detail_no_teu
[group 10 328/878] LAN SHI 9 -> code=ZDG IMO=99999996 TEU=None status=detail_no_teu
[group 10 330/878] LANCER -> code=UL3 IMO=9148506 TEU=369 status=ok
[group 10 331/878] LANGENESS (DUMMY) -> code=PU8 IMO=9301133 TEU=None status=detail_no_teu
[group 10 332/878] LANHAIFANGZHOU -> code=2E0 IMO=9999996 TEU=None status=detail_no_teu
[group 10 338/878] LARSD -> code=US7 IMO=9252797 TEU=None status=detail_no_teu
[group 10 339/878] LAS PALMAS -> code=UCK IMO=9216834 TEU=None status=detail_no_teu
[group 10 340/878] LAS VEGAS -> code=NFM IMO=9348699 TEU=None status=detail_no_teu
[group 10 341/878] LAURA ANN -> code=UCE IMO=9242558 TEU=None status=detail_no_teu
[group 10 343/878] LAXFOSS -> code=SX7 IMO=9086801 TEU=None status=detail_no_teu
[group 10 344/878] LCCM 1 -> code=AAY IMO=99999996 TEU=None status=detail_no_teu
[group 10 345/878] LCCM II -> code=AY4 IMO=9999996 TEU=None status=detail_no_teu
[group 10 350/878] LE SHAN -> code=Y06 IMO=99999996 TEU=None status=detail_no_teu
[group 10 351/878] LE WEN -> code=XJK IMO=99999996 TEU=None status=detail_no_teu
[group 10 352/878] LE WEN 8 -> code=XOL IMO=5200550144 TEU=None status=detail_no_teu
[group 10 355/878] LEEVSTEN -> code=UX1 IMO=9869954 TEU=None status=detail_no_teu
[group 10 356/878] LEGEND 2510 -> code=BF9 IMO=9999996 TEU=None status=detail_no_teu
[group 10 357/878] LEI HANG -> code=ZCF IMO=99999996 TEU=None status=detail_no_teu
[group 10 358/878] LENA -> code=L2N IMO=9347750 TEU=None status=detail_no_teu
[group 10 360/878] LEO AUTHORITY -> code=AIP IMO=915987 TEU=1436 status=ok
[group 10 361/878] LEO MONO -> code=AZE IMO=9999996 TEU=None status=detail_no_teu
[group 10 364/878] LEONIE P -> code=UF2 IMO=9162667 TEU=None status=detail_no_teu
[group 10 366/878] LEOPARD (PLEASE DELETE) -> code=LPD IMO=99999997 TEU=None status=detail_no_teu
[group 10 368/878] LETO -> code=PP4 IMO=9311880 TEU=None status=detail_no_teu
[group 10 370/878] LI CHENG 3 -> code=F10 IMO=5758578 TEU=None status=detail_no_teu
[group 10 373/878] LI HANG 009 -> code=LHH IMO=9999996 TEU=None status=detail_no_teu
[group 10 374/878] LI HANG 089 -> code=Z4S IMO=20170224 TEU=None status=detail_no_teu
[group 10 375/878] LI HANG 16888 -> code=OZL IMO=9999996 TEU=None status=detail_no_teu
[group 10 380/878] LI HANG 869 -> code=OIY IMO=9999996 TEU=1 status=ok
[group 10 382/878] LI HANG 89 -> code=OYN IMO=9999996 TEU=None status=detail_no_teu
[group 10 384/878] LI HANG 899 -> code=OVA IMO=9999996 TEU=None status=detail_no_teu
[group 10 385/878] LI HANG 9368 -> code=OYW IMO=9999996 TEU=None status=detail_no_teu
[group 10 388/878] LI JING 2 -> code=LJ2 IMO=9999996 TEU=None status=detail_no_teu
[group 10 389/878] LI JING 3 -> code=W8W IMO=9999996 TEU=None status=detail_no_teu
[group 10 390/878] LI JING 5 -> code=W3H IMO=9999996 TEU=None status=detail_no_teu
[group 10 391/878] LI PENG 7 -> code=X91 IMO=99999996 TEU=None status=detail_no_teu
[group 10 392/878] LI WEI 36 -> code=LAS IMO=1 TEU=None status=detail_no_teu
[group 10 393/878] LI WEI 5398 -> code=Z8E IMO=1 TEU=None status=detail_no_teu
[group 10 394/878] LI WEI 6008 -> code=LRO IMO=9999996 TEU=None status=detail_no_teu
[group 10 396/878] LI WEI 6398 -> code=LBQ IMO=1 TEU=None status=detail_no_teu
[group 10 397/878] LI WEI 76 -> code=LAP IMO=None TEU=None status=detail_no_teu
[group 10 398/878] LI WEI 8328 -> code=LQV IMO=9999996 TEU=None status=detail_no_teu
[group 10 399/878] LI WEI 8688 -> code=XRQ IMO=99999996 TEU=None status=detail_no_teu
[group 10 400/878] LI WEI 903 -> code=WC1 IMO=99999996 TEU=None status=detail_no_teu
[group 10 402/878] LI XIN 0088 -> code=LQ4 IMO=9999996 TEU=None status=detail_no_teu
[group 10 403/878] LI XIN 0588 -> code=LIK IMO=9999996 TEU=None status=detail_no_teu
[group 10 404/878] LI XIN 0768 -> code=OWI IMO=9999996 TEU=None status=detail_no_teu
[group 10 405/878] LI XIN 0808 -> code=LTL IMO=9999996 TEU=None status=detail_no_teu
[group 10 407/878] LI XIN 3913 -> code=OZH IMO=9999996 TEU=None status=detail_no_teu
[group 10 410/878] LI XIN 6683 -> code=OOH IMO=9999996 TEU=1 status=ok
[group 10 413/878] LI YUAN 168 -> code=LTH IMO=9999996 TEU=None status=detail_no_teu
[group 10 414/878] LI YUAN 201 -> code=LM8 IMO=9999996 TEU=None status=detail_no_teu
[group 10 415/878] LI YUAN 333 -> code=LM4 IMO=9999996 TEU=None status=detail_no_teu
[group 10 416/878] LI ZHOU 18 -> code=OUT IMO=9999996 TEU=None status=detail_no_teu
[group 10 418/878] LI ZHOU 318 -> code=LYE IMO=9999996 TEU=None status=detail_no_teu
[group 10 419/878] LI ZHOU 328 -> code=LVL IMO=9999996 TEU=None status=detail_no_teu
[group 10 420/878] LI ZHOU BANG HAN -> code=MUO IMO=9999996 TEU=1659 status=ok
[group 10 427/878] LIAN FENG -> code=SGN IMO=1 TEU=None status=detail_no_teu
[group 10 428/878] LIAN GANG 23 -> code=ZR4 IMO=99999996 TEU=None status=detail_no_teu
[group 10 429/878] LIAN GANG 28 -> code=ZR5 IMO=99999996 TEU=None status=detail_no_teu
[group 10 430/878] LIAN HE FANG ZHOU -> code=LMQ IMO=9999996 TEU=None status=detail_no_teu
[group 10 431/878] LIAN HUA SONG -> code=LHS IMO=9608829 TEU=None status=detail_no_teu
[group 10 433/878] LIAN SHENG 301 -> code=ZOY IMO=99999996 TEU=None status=detail_no_teu
[group 10 434/878] LIAN SHENG 302 -> code=ZOH IMO=99999996 TEU=None status=detail_no_teu
[group 10 435/878] LIAN SHENG 333 -> code=W64 IMO=20150004 TEU=None status=detail_no_teu
[group 10 436/878] LIAN SHENG 358 -> code=XBM IMO=99999996 TEU=None status=detail_no_teu
[group 10 437/878] LIAN SHENG 588 -> code=WL2 IMO=100110000063 TEU=None status=detail_no_teu
[group 10 440/878] LIAN SHENG 688 -> code=W2B IMO=20151202 TEU=None status=detail_no_teu
[group 10 441/878] LIAN SHENG 698 -> code=XCF IMO=9999996 TEU=None status=detail_no_teu
[group 10 442/878] LIAN SHENG 868 -> code=WRC IMO=99999996 TEU=None status=detail_no_teu
[group 10 444/878] LIAN SHENG 898 -> code=WGP IMO=99999996 TEU=None status=detail_no_teu
[group 10 445/878] LIAN SHENG 968 -> code=Z1G IMO=20160822 TEU=None status=detail_no_teu
[group 10 446/878] LIAN SHENG 988 -> code=Z3H IMO=65252220 TEU=None status=detail_no_teu
[group 10 447/878] LIAN SHENG 998 -> code=W9Z IMO=20160617 TEU=None status=detail_no_teu
[group 10 449/878] LIAN XING 3001 -> code=L09 IMO=20180508 TEU=None status=detail_no_teu
[group 10 450/878] LIANG HUI 228 -> code=OBO IMO=9999996 TEU=None status=detail_no_teu
[group 10 451/878] LIANG HUI 258 -> code=ODX IMO=9999996 TEU=None status=detail_no_teu
[group 10 452/878] LIANG HUI 268 -> code=OFH IMO=9999996 TEU=None status=detail_no_teu
[group 10 454/878] LIANG HUI 688 -> code=O30 IMO=9999996 TEU=None status=detail_no_teu
[group 10 455/878] LIANG SHAN -> code=Y04 IMO=99999996 TEU=None status=detail_no_teu
[group 10 456/878] LIANG XIANG 5 -> code=QD8 IMO=99999996 TEU=None status=detail_no_teu
[group 10 460/878] LIANG XIANG 85 -> code=GG8 IMO=1043504 TEU=45150 status=ok
[group 10 464/878] LIANGANYIHAO -> code=2HU IMO=9999996 TEU=None status=detail_no_teu
[group 10 465/878] LIANHE 23 -> code=F34 IMO=9999996 TEU=None status=detail_no_teu
[group 10 466/878] LIANHE10 -> code=F46 IMO=9999996 TEU=None status=detail_no_teu
[group 10 467/878] LIANHE12 -> code=F43 IMO=9999996 TEU=None status=detail_no_teu
[group 10 468/878] LIANHE16 -> code=Q4L IMO=675686858 TEU=None status=detail_no_teu
[group 10 469/878] LIANHE18 -> code=REN IMO=978089 TEU=None status=detail_no_teu
[group 10 470/878] LIANHE20 -> code=F59 IMO=9999996 TEU=None status=detail_no_teu
[group 10 471/878] LIANHE21 -> code=RMH IMO=9789797 TEU=None status=detail_no_teu
[group 10 472/878] LIANHE22 -> code=RJJ IMO=976898 TEU=None status=detail_no_teu
[group 10 473/878] LIANHE25 -> code=F42 IMO=9999996 TEU=None status=detail_no_teu
[group 10 474/878] LIANHE28 -> code=FST IMO=9999996 TEU=None status=detail_no_teu
[group 10 475/878] LIANHE30 -> code=QV7 IMO=978349667 TEU=None status=detail_no_teu
[group 10 476/878] LIANHE50 -> code=F39 IMO=9999996 TEU=None status=detail_no_teu
[group 10 477/878] LIANHE52 -> code=RQA IMO=6282 TEU=None status=detail_no_teu
[group 10 478/878] LIANMENG001HAO -> code=VWW IMO=9999996 TEU=None status=detail_no_teu
[group 10 479/878] LIANMENG002 -> code=V8L IMO=9999996 TEU=None status=detail_no_teu
[group 10 480/878] LIANMENG5368 -> code=2ZZ IMO=9999996 TEU=None status=detail_no_teu
[group 10 482/878] LIANSHUN916 -> code=Y1D IMO=99999996 TEU=None status=detail_no_teu
[group 10 483/878] LIANYUNGANG BAKU RAIL NUMBER 3 -> code=LR3 IMO=9999996 TEU=None status=detail_no_teu
[group 10 484/878] LIANYUNGANG BAKU RAIL NUMBER O -> code=LR1 IMO=9999996 TEU=None status=detail_no_teu
[group 10 485/878] LIANYUNGANG BAKU RAIL NUMBER T -> code=LR2 IMO=9999996 TEU=None status=detail_no_teu
[group 10 486/878] LIANYUNGANG IZIMIT NUMBER 2 -> code=LT2 IMO=9999996 TEU=None status=detail_no_teu
[group 10 487/878] LIANYUNGANG IZIMIT NUMBER 3 -> code=LT3 IMO=9999996 TEU=None status=detail_no_teu
[group 10 488/878] LIANYUNGANG IZMIT NUMBER 4 -> code=LT4 IMO=9999996 TEU=None status=detail_no_teu
[group 10 489/878] LIANYUNGANG IZMIT NUMBER ONE -> code=LT1 IMO=9999996 TEU=None status=detail_no_teu
[group 10 490/878] LIANYUNGANG ZAM UDD RAIL 1 -> code=ZU0 IMO=9999996 TEU=None status=detail_no_teu
[group 10 491/878] LIANZHOU01 -> code=2UN IMO=9999996 TEU=None status=detail_no_teu
[group 10 492/878] LIANZHOU03 -> code=2UO IMO=9999996 TEU=None status=detail_no_teu
[group 10 494/878] LIAO YUAN 1 -> code=AEL IMO=9999996 TEU=None status=detail_no_teu
[group 10 496/878] LIBERTAS H (IMS) -> code=UFL IMO=9388389 TEU=None status=detail_no_teu
[group 10 497/878] LIBRA -> code=PAD IMO=9137571 TEU=None status=detail_no_teu
[group 10 498/878] LIDA003 -> code=2YL IMO=9999996 TEU=None status=detail_no_teu
[group 10 499/878] LIDA108 -> code=2ZA IMO=9999996 TEU=None status=detail_no_teu
[group 10 500/878] LIDA15319 -> code=2YW IMO=9999996 TEU=None status=detail_no_teu
[group 10 501/878] LIDA168 -> code=2ZR IMO=9999996 TEU=None status=detail_no_teu
[group 10 502/878] LIDA6076 -> code=2VD IMO=9999996 TEU=None status=detail_no_teu
[group 10 503/878] LIDER HALIL -> code=L1H IMO=9462275 TEU=None status=detail_no_teu
[group 10 507/878] LIHE 1 -> code=DEW IMO=1079163 TEU=None status=detail_no_teu
[group 10 510/878] LILA CANADA -> code=N93 IMO=9332717 TEU=1118 status=ok
[group 10 516/878] LILY QUEEN -> code=A6Y IMO=9111462 TEU=None status=detail_no_teu
[group 10 517/878] LILY STAR -> code=NKF IMO=9111474 TEU=None status=detail_no_teu
[group 10 520/878] LIMARKO BREEZE -> code=QTB IMO=9516753 TEU=1738 status=ok
[group 10 523/878] LIN HAI 108 -> code=XYP IMO=9999996 TEU=None status=detail_no_teu
[group 10 525/878] LIN HAI 228 -> code=WO9 IMO=20150063 TEU=None status=detail_no_teu
[group 10 526/878] LIN HAI 288 -> code=W18 IMO=99999996 TEU=None status=detail_no_teu
[group 10 530/878] LINAU 6 -> code=BJO IMO=8671001 TEU=None status=detail_no_teu
[group 10 531/878] LINDAUNIS -> code=PU6 IMO=9483333 TEU=None status=detail_no_teu
[group 10 534/878] LING HAI 868 -> code=WRZ IMO=966666 TEU=None status=detail_no_teu
[group 10 539/878] LING HANG 179 -> code=OXZ IMO=9999996 TEU=None status=detail_no_teu
[group 10 540/878] LING HANG 222 -> code=OCK IMO=9999996 TEU=None status=detail_no_teu
[group 10 544/878] LING HANG 555 -> code=OYF IMO=9999996 TEU=None status=detail_no_teu
[group 10 545/878] LING HANG 65 -> code=OXT IMO=9999996 TEU=None status=detail_no_teu
[group 10 546/878] LING HANG 658 -> code=ODZ IMO=9999996 TEU=None status=detail_no_teu
[group 10 547/878] LING HANG 9 -> code=LBJ IMO=2019022701 TEU=None status=detail_no_teu
[group 10 548/878] LING HANG 988 -> code=OY5 IMO=9999996 TEU=None status=detail_no_teu
[group 10 550/878] LING QUAN HE -> code=CMU IMO=8110564 TEU=672 status=ok
[group 10 551/878] LING TONG 888 -> code=XVS IMO=20150218 TEU=None status=detail_no_teu
[group 10 553/878] LING ZHENG -> code=DD3 IMO=9999996 TEU=None status=detail_no_teu
[group 10 554/878] LING ZHENG 16 -> code=V8V IMO=9999996 TEU=None status=detail_no_teu
[group 10 557/878] LINTAS BENGKULU -> code=B08 IMO=9674579 TEU=None status=detail_no_teu
[group 10 560/878] LION -> code=SKW IMO=9208356 TEU=1716 status=ok
[group 10 562/878] LIPENG11 -> code=QD2 IMO=568558 TEU=None status=detail_no_teu
[group 10 563/878] LIPENG15 -> code=QV3 IMO=99999996 TEU=None status=detail_no_teu
[group 10 565/878] LISBON EXPRESS -> code=PK6 IMO=9108128 TEU=None status=detail_no_teu
[group 10 566/878] LISHUIJI 18 -> code=YW1 IMO=99999996 TEU=None status=detail_no_teu
[group 10 567/878] LISSY SCHULTE -> code=LIS IMO=566911000 TEU=None status=detail_no_teu
[group 10 569/878] LITTLE EMMA -> code=U82 IMO=9980356 TEU=None status=detail_no_teu
[group 10 570/878] LITTLE SYMPHONY -> code=DOR IMO=9944730 TEU=1800 status=ok
[group 10 571/878] LITTLE WARRIOR -> code=DEH IMO=9555242 TEU=None status=detail_no_teu
[group 10 572/878] LIU CHENG 653 -> code=Z6U IMO=1 TEU=None status=detail_no_teu
[group 10 573/878] LIU CHENG 655 -> code=Z6R IMO=1 TEU=None status=detail_no_teu
[group 10 574/878] LIU CHENG 6686 -> code=L71 IMO=1 TEU=None status=detail_no_teu
[group 10 575/878] LIU CHENG 708 -> code=L23 IMO=1 TEU=None status=detail_no_teu
[group 10 576/878] LIU CHENG 727 -> code=Z6W IMO=1 TEU=None status=detail_no_teu
[group 10 577/878] LIU CHENG 7699 -> code=L31 IMO=1 TEU=None status=detail_no_teu
[group 10 578/878] LIU CHENG 816 -> code=Z8B IMO=20170812 TEU=None status=detail_no_teu
[group 10 579/878] LIU CHENG 822 -> code=Z8Z IMO=1 TEU=None status=detail_no_teu
[group 10 580/878] LIU CHENG 826 -> code=L32 IMO=1 TEU=None status=detail_no_teu
[group 10 581/878] LIU CHENG 886 -> code=Z9Q IMO=1 TEU=None status=detail_no_teu
[group 10 582/878] LIU CHENG 9869 -> code=L30 IMO=1 TEU=None status=detail_no_teu
[group 10 583/878] LIU CHENG 989 -> code=Z7J IMO=1 TEU=None status=detail_no_teu
[group 10 584/878] LIU CHENG 998 -> code=Z4K IMO=1 TEU=None status=detail_no_teu
[group 10 585/878] LIU GANG WU LIU 888 -> code=W2Q IMO=None TEU=None status=detail_no_teu
[group 10 586/878] LIU ZHONG ZHONG CHENG 5999 -> code=OW8 IMO=9999996 TEU=None status=detail_no_teu
[group 10 587/878] LIU ZHOU 1698 -> code=Z9R IMO=1 TEU=None status=detail_no_teu
[group 10 588/878] LIU ZHOU 608 -> code=OUM IMO=9999996 TEU=None status=detail_no_teu
[group 10 589/878] LIU ZHOU 678 -> code=XNH IMO=20150153 TEU=None status=detail_no_teu
[group 10 590/878] LIU ZHOU 689 -> code=Z6M IMO=1 TEU=None status=detail_no_teu
[group 10 591/878] LIU ZHOU GANG JIA 189 -> code=XNJ IMO=20150155 TEU=None status=detail_no_teu
[group 10 592/878] LIU ZHOU HAI TANG 189 -> code=XUS IMO=20150093 TEU=None status=detail_no_teu
[group 10 593/878] LIU ZHOU HENG CHANG 289 -> code=W1X IMO=20151113 TEU=None status=detail_no_teu
[group 10 594/878] LIU ZHOU HENG CHANG 555 -> code=WLS IMO=None TEU=None status=detail_no_teu
[group 10 595/878] LIU ZHOU HENG CHANG 567 -> code=WUM IMO=20150009 TEU=None status=detail_no_teu
[group 10 596/878] LIU ZHOU HENG CHANG 666 -> code=WWM IMO=200150312 TEU=None status=detail_no_teu
[group 10 597/878] LIU ZHOU HENG CHANG 686 -> code=WJN IMO=20112188984 TEU=None status=detail_no_teu
[group 10 598/878] LIU ZHOU HENG CHANG 999 -> code=WWW IMO=200150312 TEU=None status=detail_no_teu
[group 10 599/878] LIU ZHOU HENG CHANG258 -> code=Z1V IMO=1 TEU=None status=detail_no_teu
[group 10 600/878] LIU ZHOU HENG YUN 288 -> code=Z7F IMO=1 TEU=None status=detail_no_teu
[group 10 601/878] LIU ZHOU HONG YUN 218 -> code=Z72 IMO=99999996 TEU=None status=detail_no_teu
[group 10 602/878] LIU ZHOU HONG YUN 228 -> code=Z73 IMO=99999996 TEU=None status=detail_no_teu
[group 10 603/878] LIU ZHOU HONG YUN 238 -> code=Z74 IMO=99999996 TEU=None status=detail_no_teu
[group 10 604/878] LIU ZHOU HONG YUN 268 -> code=XAG IMO=999999996 TEU=None status=detail_no_teu
[group 10 605/878] LIU ZHOU HONG YUN 288 -> code=ZIA IMO=99999996 TEU=None status=detail_no_teu
[group 10 606/878] LIU ZHOU HONG YUN 289 -> code=ZIB IMO=99999996 TEU=None status=detail_no_teu
[group 10 607/878] LIU ZHOU HONG YUN 612 -> code=XHT IMO=99999996 TEU=None status=detail_no_teu
[group 10 608/878] LIU ZHOU HONG YUN 618 -> code=XMD IMO=20150011 TEU=None status=detail_no_teu
[group 10 609/878] LIU ZHOU ZHONG CHENG 689 -> code=XKA IMO=9999996 TEU=None status=detail_no_teu
[group 10 610/878] LIVERPOOL EXPRESS -> code=UEG IMO=9232565 TEU=4115 status=ok
[group 10 612/878] LIYUN27 -> code=V7Y IMO=9999996 TEU=None status=detail_no_teu
[group 10 613/878] LIZHIYUANHAI -> code=VPH IMO=9999996 TEU=None status=detail_no_teu
[group 10 615/878] LIZHOUGUOHANG -> code=V31 IMO=9999996 TEU=None status=detail_no_teu
[group 10 616/878] LIZHOUGUOYUN -> code=Y9V IMO=9999996 TEU=None status=detail_no_teu
[group 10 617/878] LIZHOUHUIHUANG -> code=VW9 IMO=9999996 TEU=None status=detail_no_teu
[group 10 618/878] LKK NUMBER FIVE -> code=LK5 IMO=9999996 TEU=None status=detail_no_teu
[group 10 619/878] LKK NUMBER FOUR -> code=LK4 IMO=9999996 TEU=None status=detail_no_teu
[group 10 620/878] LKK NUMBER ONE -> code=LK1 IMO=9999996 TEU=None status=detail_no_teu
[group 10 621/878] LKK NUMBER THREE -> code=LK3 IMO=9999996 TEU=None status=detail_no_teu
[group 10 622/878] LKK NUMBER TWO -> code=LK2 IMO=9999996 TEU=None status=detail_no_teu
[group 10 623/878] LKU NUMBER ONE -> code=LU1 IMO=9999996 TEU=None status=detail_no_teu
[group 10 624/878] LKU NUMBER TWO -> code=LU2 IMO=9999996 TEU=None status=detail_no_teu
[group 10 625/878] LL 2502 -> code=BGK IMO=9999996 TEU=None status=detail_no_teu
[group 10 626/878] LL 2528 -> code=DCE IMO=9992528 TEU=None status=detail_no_teu
[group 10 627/878] LL LEXXUS -> code=BA0 IMO=9712072 TEU=None status=detail_no_teu
[group 10 628/878] LL MACAN TUTUL 02 -> code=LMT IMO=9808390 TEU=None status=detail_no_teu
[group 10 630/878] LOA GLORY -> code=NIP IMO=9159878 TEU=None status=detail_no_teu
[group 10 632/878] LOBIVIA -> code=A5M IMO=9228564 TEU=None status=detail_no_teu
[group 10 633/878] LOH31-QZH -> code=TP3 IMO=9999996 TEU=None status=detail_no_teu
[group 10 634/878] LOLA B -> code=UCX IMO=9353723 TEU=None status=detail_no_teu
[group 10 637/878] LONG HE 66 -> code=D09 IMO=9999996 TEU=None status=detail_no_teu
[group 10 640/878] LONG SHENG 27 -> code=DIM IMO=9999996 TEU=2068 status=ok
[group 10 641/878] LONG SON 01 -> code=M97 IMO=9999996 TEU=None status=detail_no_teu
[group 10 643/878] LONG XUAN QI HANG -> code=DAO IMO=9999996 TEU=None status=detail_no_teu
[group 10 645/878] LONG YUN 901 -> code=ZEZ IMO=99999996 TEU=None status=detail_no_teu
[group 10 646/878] LONGFATENGFEI -> code=V1J IMO=9989996 TEU=None status=detail_no_teu
[group 10 647/878] LONGHAO698 -> code=VQB IMO=9999996 TEU=None status=detail_no_teu
[group 10 648/878] LONGHEWULIU10HAO -> code=2K4 IMO=9999996 TEU=None status=detail_no_teu
[group 10 649/878] LONGHEWULIU11HAO -> code=VAM IMO=9999996 TEU=None status=detail_no_teu
[group 10 650/878] LONGHEWULIU12HAO -> code=VAN IMO=9999996 TEU=None status=detail_no_teu
[group 10 651/878] LONGHEWULIU13HAO -> code=VEY IMO=9999996 TEU=None status=detail_no_teu
[group 10 653/878] LONGHEWULIU18HAO -> code=V5P IMO=9999996 TEU=None status=detail_no_teu
[group 10 654/878] LONGHEWULIU19HAO -> code=V7O IMO=9999996 TEU=None status=detail_no_teu
[group 10 655/878] LONGHEWULIU2HAO -> code=VDF IMO=9999996 TEU=None status=detail_no_teu
[group 10 656/878] LONGHEWULIU3HAO -> code=VDE IMO=9999996 TEU=None status=detail_no_teu
[group 10 657/878] LONGHEWULIU7HAO -> code=VDW IMO=9999996 TEU=None status=detail_no_teu
[group 10 658/878] LONGHEWULIU8HAO -> code=VDX IMO=99999996 TEU=None status=detail_no_teu
[group 10 659/878] LONGHEWULIU9HAO -> code=VAL IMO=99999996 TEU=None status=detail_no_teu
[group 10 660/878] LONGXIANGJI6869 -> code=VAT IMO=9999996 TEU=None status=detail_no_teu
[group 10 662/878] LORRAINE -> code=MDK IMO=9311763 TEU=None status=detail_no_teu
[group 10 664/878] LOTUS -> code=PF4 IMO=9193525 TEU=None status=detail_no_teu
[group 10 669/878] LOW KIM CHUAN 138 -> code=A9Z IMO=9999996 TEU=None status=detail_no_teu
[group 10 670/878] LOW KIM CHUAN 28 -> code=BA3 IMO=9999996 TEU=None status=detail_no_teu
[group 10 671/878] LOW KIM CHUAN NO.1 -> code=A9T IMO=9999996 TEU=None status=detail_no_teu
[group 10 672/878] LS CHENGDU RETURN NUMBER 1 -> code=LS1 IMO=9999996 TEU=None status=detail_no_teu
[group 10 673/878] LS CHENGDU RETURN NUMBER 2 -> code=LS2 IMO=9999996 TEU=None status=detail_no_teu
[group 10 680/878] LT LLOYDIANA -> code=SBO IMO=8618437 TEU=2511 status=ok
[group 10 690/878] LT USODIMARE -> code=SDB IMO=11111111 TEU=4948 status=ok
[group 10 693/878] LU JI NING HUO 3683 -> code=VFI IMO=689688686 TEU=None status=detail_no_teu
[group 10 694/878] LU NUMBER EIGHT -> code=LU8 IMO=9999996 TEU=None status=detail_no_teu
[group 10 695/878] LU NUMBER FIVE -> code=LU5 IMO=9999996 TEU=None status=detail_no_teu
[group 10 696/878] LU NUMBER FOUR -> code=LU4 IMO=9999996 TEU=None status=detail_no_teu
[group 10 697/878] LU NUMBER SEVEN -> code=LU7 IMO=9999996 TEU=None status=detail_no_teu
[group 10 698/878] LU NUMBER SIX -> code=LU6 IMO=9999996 TEU=None status=detail_no_teu
[group 10 699/878] LU NUMBER THREE -> code=LU3 IMO=9999996 TEU=None status=detail_no_teu
[group 10 700/878] LU SHENG -> code=ZCZ IMO=99999996 TEU=127 status=ok
[group 10 702/878] LUCIEN G A -> code=AIF IMO=99999996 TEU=None status=detail_no_teu
[group 10 705/878] LUEN HING 628 -> code=ZEL IMO=99999996 TEU=None status=detail_no_teu
[group 10 706/878] LUEN SHING -> code=Z98 IMO=99999996 TEU=None status=detail_no_teu
[group 10 709/878] LUJININGJI0008 -> code=VH2 IMO=99999996 TEU=None status=detail_no_teu
[group 10 710/878] LUMOSO EXPRESS -> code=AC3 IMO=99999996 TEU=138 status=ok
[group 10 711/878] LUNA CAHAYA -> code=A9J IMO=7429451 TEU=None status=detail_no_teu
[group 10 713/878] LUNAR STAR -> code=RH0 IMO=8015582 TEU=None status=detail_no_teu
[group 10 715/878] LUNG TANG 18 -> code=Z99 IMO=99999996 TEU=None status=detail_no_teu
[group 10 716/878] LUNG TANG 28 -> code=ZSQ IMO=99999996 TEU=None status=detail_no_teu
[group 10 717/878] LUO HANG 109 -> code=YA0 IMO=9999996 TEU=None status=detail_no_teu
[group 10 720/878] LUO SHENG -> code=RAU IMO=8319756 TEU=680 status=ok
[group 10 723/878] LVDONGYOULIBO0413 -> code=VZ4 IMO=999999 TEU=None status=detail_no_teu
[group 10 724/878] LVDONGYOULIBO1129 -> code=VZ5 IMO=999999 TEU=None status=detail_no_teu
[group 10 726/878] LVZHOUJIXIANG -> code=V2A IMO=9999996 TEU=None status=detail_no_teu
[group 10 730/878] LYKES INNOVATOR -> code=SP8 IMO=9155107 TEU=2808 status=ok
[group 10 733/878] LYRA -> code=RYA IMO=9090905 TEU=None status=detail_no_teu
[group 10 734/878] MAAS TRADER -> code=RV1 IMO=9999996 TEU=None status=detail_no_teu
[group 10 736/878] MACAO STRAIT -> code=C06 IMO=9362724 TEU=None status=detail_no_teu
[group 10 738/878] MACARO -> code=AZ0 IMO=99999996 TEU=None status=detail_no_teu
[group 10 740/878] MACTAN BRIDGE -> code=RJ6 IMO=None TEU=26 status=ok
[group 10 741/878] MADRID BRIDGE -> code=NZF IMO=9805453 TEU=None status=detail_no_teu
[group 10 742/878] MAENAM 1 -> code=RPL IMO=9699999 TEU=None status=detail_no_teu
[group 10 743/878] MAENAM BRIDGE -> code=AI4 IMO=99999996 TEU=None status=detail_no_teu
[group 10 744/878] MAERSK ABERDEEN -> code=A8N IMO=9999996 TEU=None status=detail_no_teu
[group 10 746/878] MAERSK AHRAM (IMS) -> code=MAM IMO=9164226 TEU=None status=detail_no_teu
[group 10 747/878] MAERSK ALABAMA -> code=MEB IMO=366873000 TEU=None status=detail_no_teu
[group 10 748/878] MAERSK ANDAMAN -> code=A5S IMO=9999996 TEU=None status=detail_no_teu
[group 10 749/878] MAERSK ARIZONA -> code=PE5 IMO=9164249 TEU=None status=detail_no_teu
[group 10 750/878] MAERSK ASIA DECIMO -> code=SSL IMO=11119 TEU=None status=detail_no_teu
[group 10 751/878] MAERSK ATLANTIC -> code=AZD IMO=99999996 TEU=None status=detail_no_teu
[group 10 752/878] MAERSK BENTONVILLE -> code=MBM IMO=9313929 TEU=None status=detail_no_teu
[group 10 756/878] MAERSK DAKAR -> code=MKD IMO=9302449 TEU=None status=detail_no_teu
[group 10 757/878] MAERSK DANANG -> code=R8M IMO=9999996 TEU=None status=detail_no_teu
[group 10 758/878] MAERSK DAUPHIN -> code=RRV IMO=9080613 TEU=None status=detail_no_teu
[group 10 760/878] MAERSK DIADEMA -> code=QD9 IMO=9999999 TEU=4546 status=ok
[group 10 765/878] MAERSK ENFIELD -> code=NAF IMO=9463047 TEU=None status=detail_no_teu
[group 10 766/878] MAERSK EUPHRATES -> code=NWT IMO=9694567 TEU=None status=detail_no_teu
[group 10 767/878] MAERSK FELIXSTOWE -> code=D18 IMO=9969041 TEU=None status=detail_no_teu
[group 10 768/878] MAERSK FRANKFURT -> code=D19 IMO=9969065 TEU=None status=detail_no_teu
[group 10 769/878] MAERSK HAI PHONG -> code=BB1 IMO=985873 TEU=None status=detail_no_teu
[group 10 770/878] MAERSK IDAHO -> code=AQQ IMO=9193264 TEU=4658 status=ok
[group 10 775/878] MAERSK JACKSON -> code=RLU IMO=9330513 TEU=None status=detail_no_teu
[group 10 776/878] MAERSK JAIPUR -> code=S3U IMO=9343974 TEU=None status=detail_no_teu
[group 10 777/878] MAERSK JAKARTA -> code=BD2 IMO=9865881 TEU=None status=detail_no_teu
[group 10 779/878] MAERSK JAUN -> code=RKH IMO=9999996 TEU=None status=detail_no_teu
[group 10 780/878] MAERSK JENAZ -> code=RKI IMO=9311737 TEU=None status=detail_no_teu
[group 10 781/878] MAERSK JURONG -> code=JRG IMO=343089 TEU=None status=detail_no_teu
[group 10 790/878] MAERSK LABERINTO -> code=QS4 IMO=9526978 TEU=8700 status=ok
[group 10 800/878] MAERSK LIMA -> code=QFC IMO=9526875 TEU=8850 status=ok
[group 10 806/878] MAERSK MONGLA -> code=BA5 IMO=9999996 TEU=None status=detail_no_teu
[group 10 808/878] MAERSK NAIROBI -> code=MN9 IMO=9356165 TEU=None status=detail_no_teu
[group 10 810/878] MAERSK NARVIK -> code=BEK IMO=9894648 TEU=None status=detail_no_teu
[group 10 811/878] MAERSK NASSJO -> code=BEZ IMO=9893876 TEU=None status=detail_no_teu
[group 10 812/878] MAERSK NESNA -> code=BF2 IMO=9894650 TEU=None status=detail_no_teu
[group 10 816/878] MAERSK NEWPORT -> code=UP8 IMO=9356127 TEU=None status=detail_no_teu
[group 10 817/878] MAERSK NIAGARA -> code=PF9 IMO=434906 TEU=None status=detail_no_teu
[group 10 818/878] MAERSK NIENBURG -> code=PH9 IMO=9446104 TEU=None status=detail_no_teu
[group 10 820/878] MAERSK NILE -> code=QY8 IMO=9385972 TEU=2546 status=ok
[group 10 822/878] MAERSK NITEROI -> code=PH8 IMO=9434943 TEU=None status=detail_no_teu
[group 10 824/878] MAERSK NORDDAL -> code=BEG IMO=9894674 TEU=None status=detail_no_teu
[group 10 829/878] MAERSK PECEM -> code=SYG IMO=1234 TEU=None status=detail_no_teu
[group 10 830/878] MAERSK PEMBROKE -> code=QLZ IMO=9168180 TEU=2905 status=ok
[group 10 833/878] MAERSK PORT KLANG -> code=BHL IMO=9966130 TEU=None status=detail_no_teu
[group 10 835/878] MAERSK RADFORD -> code=A2P IMO=9999996 TEU=None status=detail_no_teu
[group 10 836/878] MAERSK RIO BLANCO -> code=MZY IMO=9348089 TEU=None status=detail_no_teu
[group 10 838/878] MAERSK ROUBAIX -> code=PK4 IMO=9332688 TEU=None status=detail_no_teu
[group 10 840/878] MAERSK SALALAH -> code=N7Y IMO=9352016 TEU=8379 status=ok
[group 10 844/878] MAERSK SANTANA -> code=NOS IMO=9289934 TEU=None status=detail_no_teu
[group 10 845/878] MAERSK SARAT -> code=NIZ IMO=9732591 TEU=None status=detail_no_teu
[group 10 847/878] MAERSK SAVANNAH -> code=N1Z IMO=9352028 TEU=None status=detail_no_teu
[group 10 850/878] MAERSK SEMAKAU -> code=MWW IMO=9315252 TEU=None status=detail_no_teu
[group 10 855/878] MAERSK SEVILLE -> code=NDH IMO=9299927 TEU=None status=detail_no_teu
[group 10 856/878] MAERSK SHAMS -> code=NVB IMO=9726669 TEU=None status=detail_no_teu
[group 10 859/878] MAERSK SHIVLING -> code=PK1 IMO=9728253 TEU=None status=detail_no_teu
[group 10 860/878] MAERSK SIHANOUKVILLE -> code=NME IMO=9840714 TEU=2806 status=ok
[group 10 862/878] MAERSK SKARSTIND -> code=NF7 IMO=9740457 TEU=None status=detail_no_teu
[group 10 863/878] MAERSK SOFIA -> code=N24 IMO=9308637 TEU=None status=detail_no_teu
[group 10 864/878] MAERSK SONGKHLA -> code=A9C IMO=9840726 TEU=None status=detail_no_teu
[group 10 865/878] MAERSK STADELHORN -> code=NVF IMO=9726671 TEU=None status=detail_no_teu
[group 10 866/878] MAERSK STOCKHOLM -> code=N4P IMO=9352042 TEU=None status=detail_no_teu
[group 10 868/878] MAERSK SYDNEY -> code=DJ5 IMO=9289958 TEU=None status=detail_no_teu
[group 10 869/878] MAERSK TAIKUNG -> code=PK5 IMO=9334662 TEU=None status=detail_no_teu
[group 10 870/878] MAERSK TANJONG -> code=NIH IMO=9332511 TEU=None status=detail_no_teu
[group 10 872/878] MAERSK TAURUS -> code=N3R IMO=9334674 TEU=None status=detail_no_teu
[group 10 874/878] MAERSK TUKANG -> code=PK3 IMO=9334686 TEU=None status=detail_no_teu
[group 10 875/878] MAERSK UTAH -> code=AQS IMO=9305300 TEU=None status=detail_no_teu
[group 10 877/878] MAERSK VARNA -> code=BGM IMO=9411379 TEU=None status=detail_no_teu
group 10: saved xlsx -> D:\Files\demo\capaStudy\vessels\csl_group_results\csl_group_10_result_260311235907.xlsx
group 10: saved json -> D:\Files\demo\capaStudy\vessels\csl_group_results\csl_group_10_result_260311235907.json
